#
# There is insufficient memory for the Java Runtime Environment to continue.
# Native memory allocation (mmap) failed to map 159383552 bytes for G1 virtual space
# Possible reasons:
#   The system is out of physical RAM or swap space
#   The process is running with CompressedOops enabled, and the Java Heap may be blocking the growth of the native heap
# Possible solutions:
#   Reduce memory load on the system
#   Increase physical memory or swap space
#   Check if swap backing store is full
#   Decrease Java heap size (-Xmx/-Xms)
#   Decrease number of Java threads
#   Decrease Java thread stack sizes (-Xss)
#   Set larger code cache with -XX:ReservedCodeCacheSize=
#   JVM is running with Unscaled Compressed Oops mode in which the Java heap is
#     placed in the first 4GB address space. The Java Heap base address is the
#     maximum limit for the native heap growth. Please use -XX:HeapBaseMinAddress
#     to set the Java Heap base and to place the Java Heap above 4GB virtual address.
# This output file may be truncated or incomplete.
#
#  Out of Memory Error (os_windows.cpp:3769), pid=2836, tid=3852
#
# JRE version: OpenJDK Runtime Environment (17.0.6) (build 17.0.6+0-b2043.56-10027231)
# Java VM: OpenJDK 64-Bit Server VM (17.0.6+0-b2043.56-10027231, mixed mode, tiered, compressed oops, compressed class ptrs, g1 gc, windows-amd64)
# No core dump will be written. Minidumps are not enabled by default on client versions of Windows
#

---------------  S U M M A R Y ------------

Command Line: org.jetbrains.kotlin.cli.jvm.K2JVMCompiler @D:\AndroidStudioProject\nemuiin_test\app\build\20231128_16309478055901717449.compiler.options

Host: Intel(R) Core(TM) i3-7020U CPU @ 2.30GHz, 4 cores, 7G,  Windows 11 , 64 bit Build 22000 (10.0.22000.434)
Time: Tue Nov 28 07:10:25 2023 SE Asia Standard Time elapsed time: 15.525231 seconds (0d 0h 0m 15s)

---------------  T H R E A D  ---------------

Current thread (0x000001db7e6a34f0):  VMThread "VM Thread" [stack: 0x0000006822b00000,0x0000006822c00000] [id=3852]

Stack: [0x0000006822b00000,0x0000006822c00000]
Native frames: (J=compiled Java code, j=interpreted, Vv=VM code, C=native code)
V  [jvm.dll+0x683c9a]
V  [jvm.dll+0x8427a4]
V  [jvm.dll+0x843f9e]
V  [jvm.dll+0x844603]
V  [jvm.dll+0x249b75]
V  [jvm.dll+0x680b69]
V  [jvm.dll+0x67505a]
V  [jvm.dll+0x309acb]
V  [jvm.dll+0x310f86]
V  [jvm.dll+0x3608ee]
V  [jvm.dll+0x360b1f]
V  [jvm.dll+0x2dfbf8]
V  [jvm.dll+0x2ddec4]
V  [jvm.dll+0x2dd4cc]
V  [jvm.dll+0x321f3b]
V  [jvm.dll+0x848ccb]
V  [jvm.dll+0x849a04]
V  [jvm.dll+0x849f1d]
V  [jvm.dll+0x84a2f4]
V  [jvm.dll+0x84a3c0]
V  [jvm.dll+0x7f274a]
V  [jvm.dll+0x682ad5]
C  [ucrtbase.dll+0x26c0c]
C  [KERNEL32.DLL+0x154e0]
C  [ntdll.dll+0x485b]

VM_Operation (0x00000068225faf90): G1CollectForAllocation, mode: safepoint, requested by thread 0x000001db67239c90


---------------  P R O C E S S  ---------------

Threads class SMR info:
_java_thread_list=0x000001db0593eb50, length=13, elements={
0x000001db67239c90, 0x000001db7e720260, 0x000001db7e7210d0, 0x000001db7e730e40,
0x000001db7e7317f0, 0x000001db7e7321a0, 0x000001db7e732b50, 0x000001db7e733830,
0x000001db7f1278f0, 0x000001db7f1281f0, 0x000001db7f22d750, 0x000001db7f28b1c0,
0x000001db0542ee00
}

Java Threads: ( => current thread )
  0x000001db67239c90 JavaThread "main" [_thread_blocked, id=3572, stack(0x0000006822500000,0x0000006822600000)]
  0x000001db7e720260 JavaThread "Reference Handler" daemon [_thread_blocked, id=3368, stack(0x0000006822c00000,0x0000006822d00000)]
  0x000001db7e7210d0 JavaThread "Finalizer" daemon [_thread_blocked, id=5060, stack(0x0000006822d00000,0x0000006822e00000)]
  0x000001db7e730e40 JavaThread "Signal Dispatcher" daemon [_thread_blocked, id=7292, stack(0x0000006822e00000,0x0000006822f00000)]
  0x000001db7e7317f0 JavaThread "Attach Listener" daemon [_thread_blocked, id=972, stack(0x0000006822f00000,0x0000006823000000)]
  0x000001db7e7321a0 JavaThread "Service Thread" daemon [_thread_blocked, id=6932, stack(0x0000006823000000,0x0000006823100000)]
  0x000001db7e732b50 JavaThread "Monitor Deflation Thread" daemon [_thread_blocked, id=1092, stack(0x0000006823100000,0x0000006823200000)]
  0x000001db7e733830 JavaThread "C2 CompilerThread0" daemon [_thread_in_native, id=5736, stack(0x0000006823200000,0x0000006823300000)]
  0x000001db7f1278f0 JavaThread "C1 CompilerThread0" daemon [_thread_blocked, id=5652, stack(0x0000006823300000,0x0000006823400000)]
  0x000001db7f1281f0 JavaThread "Sweeper thread" daemon [_thread_blocked, id=4128, stack(0x0000006823400000,0x0000006823500000)]
  0x000001db7f22d750 JavaThread "Notification Thread" daemon [_thread_blocked, id=2508, stack(0x0000006823500000,0x0000006823600000)]
  0x000001db7f28b1c0 JavaThread "Common-Cleaner" daemon [_thread_blocked, id=6800, stack(0x0000006823700000,0x0000006823800000)]
  0x000001db0542ee00 JavaThread "C2 CompilerThread1" daemon [_thread_in_native, id=4124, stack(0x0000006823b00000,0x0000006823c00000)]

Other Threads:
=>0x000001db7e6a34f0 VMThread "VM Thread" [stack: 0x0000006822b00000,0x0000006822c00000] [id=3852]
  0x000001db672af7f0 WatcherThread [stack: 0x0000006823600000,0x0000006823700000] [id=7288]
  0x000001db67296500 GCTaskThread "GC Thread#0" [stack: 0x0000006822600000,0x0000006822700000] [id=6544]
  0x000001db7f6bd9f0 GCTaskThread "GC Thread#1" [stack: 0x0000006823800000,0x0000006823900000] [id=6208]
  0x000001db7f67a910 GCTaskThread "GC Thread#2" [stack: 0x0000006823900000,0x0000006823a00000] [id=7760]
  0x000001db7f6b9640 GCTaskThread "GC Thread#3" [stack: 0x0000006823a00000,0x0000006823b00000] [id=4592]
  0x000001db672a70c0 ConcurrentGCThread "G1 Main Marker" [stack: 0x0000006822700000,0x0000006822800000] [id=8024]
  0x000001db672a9280 ConcurrentGCThread "G1 Conc#0" [stack: 0x0000006822800000,0x0000006822900000] [id=8032]
  0x000001db6730d0b0 ConcurrentGCThread "G1 Refine#0" [stack: 0x0000006822900000,0x0000006822a00000] [id=6660]
  0x000001db05c101a0 ConcurrentGCThread "G1 Refine#1" [stack: 0x0000006823c00000,0x0000006823d00000] [id=3756]
  0x000001db05c0f060 ConcurrentGCThread "G1 Refine#2" [stack: 0x0000006823d00000,0x0000006823e00000] [id=1084]
  0x000001db077a8c40 ConcurrentGCThread "G1 Refine#3" [stack: 0x0000006823e00000,0x0000006823f00000] [id=7564]
  0x000001db6730dad0 ConcurrentGCThread "G1 Service" [stack: 0x0000006822a00000,0x0000006822b00000] [id=7852]

Threads with active compile tasks:
C2 CompilerThread0    15540 11984   !   4       org.jetbrains.kotlin.metadata.ProtoBuf$Type::<init> (875 bytes)
C1 CompilerThread0    15540 12248   !   2       androidx.compose.compiler.plugins.kotlin.lower.ComposableFunctionBodyTransformer::visitField (89 bytes)
C2 CompilerThread1    15540 11985   !   4       jdk.internal.loader.BuiltinClassLoader::loadClassOrNull (143 bytes)

VM state: at safepoint (normal execution)

VM Mutex/Monitor currently owned by a thread:  ([mutex/lock_event])
[0x000001db67234d10] Threads_lock - owner thread: 0x000001db7e6a34f0
[0x000001db67235f10] Heap_lock - owner thread: 0x000001db67239c90

Heap address: 0x0000000081c00000, size: 2020 MB, Compressed Oops mode: 32-bit

CDS archive(s) not mapped
Compressed class space mapped at: 0x0000000100000000-0x0000000140000000, reserved size: 1073741824
Narrow klass base: 0x0000000000000000, Narrow klass shift: 3, Narrow klass range: 0x140000000

GC Precious Log:
 CPUs: 4 total, 4 available
 Memory: 8076M
 Large Page Support: Disabled
 NUMA Support: Disabled
 Compressed Oops: Enabled (32-bit)
 Heap Region Size: 1M
 Heap Min Capacity: 8M
 Heap Initial Capacity: 128M
 Heap Max Capacity: 2020M
 Pre-touch: Disabled
 Parallel Workers: 4
 Concurrent Workers: 1
 Concurrent Refinement Workers: 4
 Periodic GC: Disabled

Heap:
 garbage-first heap   total 131072K, used 74240K [0x0000000081c00000, 0x0000000100000000)
  region size 1024K, 3 young (3072K), 3 survivors (3072K)
 Metaspace       used 71703K, committed 72064K, reserved 1114112K
  class space    used 7961K, committed 8128K, reserved 1048576K

Heap Regions: E=young(eden), S=young(survivor), O=old, HS=humongous(starts), HC=humongous(continues), CS=collection set, F=free, OA=open archive, CA=closed archive, TAMS=top-at-mark-start (previous, next)
|   0|0x0000000081c00000, 0x0000000081d00000, 0x0000000081d00000|100%|HS|  |TAMS 0x0000000081d00000, 0x0000000081d00000| Complete 
|   1|0x0000000081d00000, 0x0000000081e00000, 0x0000000081e00000|100%|HC|  |TAMS 0x0000000081e00000, 0x0000000081e00000| Complete 
|   2|0x0000000081e00000, 0x0000000081f00000, 0x0000000081f00000|100%|HC|  |TAMS 0x0000000081f00000, 0x0000000081f00000| Complete 
|   3|0x0000000081f00000, 0x0000000082000000, 0x0000000082000000|100%|HC|  |TAMS 0x0000000082000000, 0x0000000082000000| Complete 
|   4|0x0000000082000000, 0x0000000082100000, 0x0000000082100000|100%| O|  |TAMS 0x0000000082100000, 0x0000000082100000| Untracked 
|   5|0x0000000082100000, 0x0000000082200000, 0x0000000082200000|100%| O|  |TAMS 0x0000000082200000, 0x0000000082200000| Untracked 
|   6|0x0000000082200000, 0x0000000082300000, 0x0000000082300000|100%| O|  |TAMS 0x0000000082300000, 0x0000000082300000| Untracked 
|   7|0x0000000082300000, 0x0000000082400000, 0x0000000082400000|100%|HS|  |TAMS 0x0000000082400000, 0x0000000082400000| Complete 
|   8|0x0000000082400000, 0x0000000082500000, 0x0000000082500000|100%|HC|  |TAMS 0x0000000082500000, 0x0000000082500000| Complete 
|   9|0x0000000082500000, 0x0000000082600000, 0x0000000082600000|100%|HC|  |TAMS 0x0000000082600000, 0x0000000082600000| Complete 
|  10|0x0000000082600000, 0x0000000082700000, 0x0000000082700000|100%|HC|  |TAMS 0x0000000082700000, 0x0000000082700000| Complete 
|  11|0x0000000082700000, 0x0000000082800000, 0x0000000082800000|100%| O|  |TAMS 0x0000000082800000, 0x0000000082800000| Untracked 
|  12|0x0000000082800000, 0x0000000082900000, 0x0000000082900000|100%| O|  |TAMS 0x0000000082900000, 0x0000000082900000| Untracked 
|  13|0x0000000082900000, 0x0000000082a00000, 0x0000000082a00000|100%| O|  |TAMS 0x0000000082a00000, 0x0000000082a00000| Untracked 
|  14|0x0000000082a00000, 0x0000000082b00000, 0x0000000082b00000|100%| O|  |TAMS 0x0000000082b00000, 0x0000000082b00000| Untracked 
|  15|0x0000000082b00000, 0x0000000082c00000, 0x0000000082c00000|100%| O|  |TAMS 0x0000000082c00000, 0x0000000082c00000| Untracked 
|  16|0x0000000082c00000, 0x0000000082d00000, 0x0000000082d00000|100%| O|  |TAMS 0x0000000082d00000, 0x0000000082d00000| Untracked 
|  17|0x0000000082d00000, 0x0000000082e00000, 0x0000000082e00000|100%| O|  |TAMS 0x0000000082e00000, 0x0000000082e00000| Untracked 
|  18|0x0000000082e00000, 0x0000000082f00000, 0x0000000082f00000|100%| O|  |TAMS 0x0000000082f00000, 0x0000000082f00000| Untracked 
|  19|0x0000000082f00000, 0x0000000083000000, 0x0000000083000000|100%| O|  |TAMS 0x0000000083000000, 0x0000000083000000| Untracked 
|  20|0x0000000083000000, 0x0000000083100000, 0x0000000083100000|100%| O|  |TAMS 0x0000000083100000, 0x0000000083100000| Untracked 
|  21|0x0000000083100000, 0x0000000083200000, 0x0000000083200000|100%| O|  |TAMS 0x0000000083200000, 0x0000000083200000| Untracked 
|  22|0x0000000083200000, 0x0000000083300000, 0x0000000083300000|100%| O|  |TAMS 0x0000000083300000, 0x0000000083300000| Untracked 
|  23|0x0000000083300000, 0x0000000083400000, 0x0000000083400000|100%| O|  |TAMS 0x0000000083300000, 0x0000000083400000| Untracked 
|  24|0x0000000083400000, 0x0000000083500000, 0x0000000083500000|100%| O|  |TAMS 0x0000000083500000, 0x0000000083500000| Untracked 
|  25|0x0000000083500000, 0x0000000083600000, 0x0000000083600000|100%| O|  |TAMS 0x0000000083600000, 0x0000000083600000| Untracked 
|  26|0x0000000083600000, 0x0000000083700000, 0x0000000083700000|100%| O|  |TAMS 0x0000000083700000, 0x0000000083700000| Untracked 
|  27|0x0000000083700000, 0x0000000083800000, 0x0000000083800000|100%|HS|  |TAMS 0x0000000083800000, 0x0000000083800000| Complete 
|  28|0x0000000083800000, 0x0000000083900000, 0x0000000083900000|100%|HC|  |TAMS 0x0000000083900000, 0x0000000083900000| Complete 
|  29|0x0000000083900000, 0x0000000083a00000, 0x0000000083a00000|100%| O|  |TAMS 0x0000000083a00000, 0x0000000083a00000| Untracked 
|  30|0x0000000083a00000, 0x0000000083b00000, 0x0000000083b00000|100%| O|  |TAMS 0x0000000083b00000, 0x0000000083b00000| Untracked 
|  31|0x0000000083b00000, 0x0000000083c00000, 0x0000000083c00000|100%| O|  |TAMS 0x0000000083c00000, 0x0000000083c00000| Untracked 
|  32|0x0000000083c00000, 0x0000000083d00000, 0x0000000083d00000|100%| O|  |TAMS 0x0000000083d00000, 0x0000000083d00000| Untracked 
|  33|0x0000000083d00000, 0x0000000083e00000, 0x0000000083e00000|100%| O|  |TAMS 0x0000000083e00000, 0x0000000083e00000| Untracked 
|  34|0x0000000083e00000, 0x0000000083f00000, 0x0000000083f00000|100%| O|  |TAMS 0x0000000083f00000, 0x0000000083f00000| Untracked 
|  35|0x0000000083f00000, 0x0000000084000000, 0x0000000084000000|100%| O|  |TAMS 0x0000000084000000, 0x0000000084000000| Untracked 
|  36|0x0000000084000000, 0x0000000084100000, 0x0000000084100000|100%| O|  |TAMS 0x0000000084100000, 0x0000000084100000| Untracked 
|  37|0x0000000084100000, 0x0000000084200000, 0x0000000084200000|100%| O|  |TAMS 0x0000000084200000, 0x0000000084200000| Untracked 
|  38|0x0000000084200000, 0x0000000084300000, 0x0000000084300000|100%| O|  |TAMS 0x0000000084300000, 0x0000000084300000| Untracked 
|  39|0x0000000084300000, 0x0000000084400000, 0x0000000084400000|100%| O|  |TAMS 0x0000000084400000, 0x0000000084400000| Untracked 
|  40|0x0000000084400000, 0x0000000084500000, 0x0000000084500000|100%| O|  |TAMS 0x0000000084500000, 0x0000000084500000| Untracked 
|  41|0x0000000084500000, 0x0000000084600000, 0x0000000084600000|100%| O|  |TAMS 0x0000000084600000, 0x0000000084600000| Untracked 
|  42|0x0000000084600000, 0x0000000084700000, 0x0000000084700000|100%| O|  |TAMS 0x0000000084700000, 0x0000000084700000| Untracked 
|  43|0x0000000084700000, 0x0000000084800000, 0x0000000084800000|100%| O|  |TAMS 0x0000000084800000, 0x0000000084800000| Untracked 
|  44|0x0000000084800000, 0x0000000084900000, 0x0000000084900000|100%| O|  |TAMS 0x0000000084900000, 0x0000000084900000| Untracked 
|  45|0x0000000084900000, 0x0000000084a00000, 0x0000000084a00000|100%| O|  |TAMS 0x0000000084a00000, 0x0000000084a00000| Untracked 
|  46|0x0000000084a00000, 0x0000000084b00000, 0x0000000084b00000|100%| O|  |TAMS 0x0000000084b00000, 0x0000000084b00000| Untracked 
|  47|0x0000000084b00000, 0x0000000084c00000, 0x0000000084c00000|100%| O|  |TAMS 0x0000000084c00000, 0x0000000084c00000| Untracked 
|  48|0x0000000084c00000, 0x0000000084d00000, 0x0000000084d00000|100%| O|  |TAMS 0x0000000084d00000, 0x0000000084d00000| Untracked 
|  49|0x0000000084d00000, 0x0000000084d80000, 0x0000000084e00000| 50%| O|  |TAMS 0x0000000084d00000, 0x0000000084d00000| Untracked 
|  50|0x0000000084e00000, 0x0000000084f00000, 0x0000000084f00000|100%| O|  |TAMS 0x0000000084f00000, 0x0000000084f00000| Untracked 
|  51|0x0000000084f00000, 0x0000000085000000, 0x0000000085000000|100%| O|  |TAMS 0x0000000085000000, 0x0000000085000000| Untracked 
|  52|0x0000000085000000, 0x0000000085100000, 0x0000000085100000|100%| O|  |TAMS 0x0000000085100000, 0x0000000085100000| Untracked 
|  53|0x0000000085100000, 0x0000000085200000, 0x0000000085200000|100%| O|  |TAMS 0x0000000085200000, 0x0000000085200000| Untracked 
|  54|0x0000000085200000, 0x0000000085300000, 0x0000000085300000|100%| O|  |TAMS 0x0000000085300000, 0x0000000085300000| Untracked 
|  55|0x0000000085300000, 0x0000000085400000, 0x0000000085400000|100%| O|  |TAMS 0x0000000085400000, 0x0000000085400000| Untracked 
|  56|0x0000000085400000, 0x0000000085500000, 0x0000000085500000|100%| O|  |TAMS 0x0000000085500000, 0x0000000085500000| Untracked 
|  57|0x0000000085500000, 0x0000000085600000, 0x0000000085600000|100%| O|  |TAMS 0x0000000085553a00, 0x0000000085600000| Untracked 
|  58|0x0000000085600000, 0x0000000085700000, 0x0000000085700000|100%| O|  |TAMS 0x0000000085600000, 0x0000000085700000| Untracked 
|  59|0x0000000085700000, 0x0000000085800000, 0x0000000085800000|100%| O|  |TAMS 0x0000000085700000, 0x0000000085800000| Untracked 
|  60|0x0000000085800000, 0x0000000085900000, 0x0000000085900000|100%| O|  |TAMS 0x0000000085800000, 0x0000000085900000| Untracked 
|  61|0x0000000085900000, 0x0000000085a00000, 0x0000000085a00000|100%| O|  |TAMS 0x0000000085900000, 0x0000000085a00000| Untracked 
|  62|0x0000000085a00000, 0x0000000085b00000, 0x0000000085b00000|100%| O|  |TAMS 0x0000000085a00000, 0x0000000085b00000| Untracked 
|  63|0x0000000085b00000, 0x0000000085c00000, 0x0000000085c00000|100%| O|  |TAMS 0x0000000085b00000, 0x0000000085c00000| Untracked 
|  64|0x0000000085c00000, 0x0000000085d00000, 0x0000000085d00000|100%| O|  |TAMS 0x0000000085c00000, 0x0000000085d00000| Untracked 
|  65|0x0000000085d00000, 0x0000000085e00000, 0x0000000085e00000|100%| O|  |TAMS 0x0000000085d00000, 0x0000000085e00000| Untracked 
|  66|0x0000000085e00000, 0x0000000085f00000, 0x0000000085f00000|100%| O|  |TAMS 0x0000000085e00000, 0x0000000085f00000| Untracked 
|  67|0x0000000085f00000, 0x0000000086000000, 0x0000000086000000|100%| O|  |TAMS 0x0000000085f00000, 0x0000000086000000| Untracked 
|  68|0x0000000086000000, 0x0000000086100000, 0x0000000086100000|100%| O|  |TAMS 0x0000000086000000, 0x0000000086100000| Untracked 
|  69|0x0000000086100000, 0x0000000086200000, 0x0000000086200000|100%| O|  |TAMS 0x0000000086100000, 0x0000000086180000| Untracked 
|  70|0x0000000086200000, 0x0000000086200000, 0x0000000086300000|  0%| F|  |TAMS 0x0000000086200000, 0x0000000086200000| Untracked 
|  71|0x0000000086300000, 0x0000000086300000, 0x0000000086400000|  0%| F|  |TAMS 0x0000000086300000, 0x0000000086300000| Untracked 
|  72|0x0000000086400000, 0x0000000086400000, 0x0000000086500000|  0%| F|  |TAMS 0x0000000086400000, 0x0000000086400000| Untracked 
|  73|0x0000000086500000, 0x0000000086500000, 0x0000000086600000|  0%| F|  |TAMS 0x0000000086500000, 0x0000000086500000| Untracked 
|  74|0x0000000086600000, 0x0000000086600000, 0x0000000086700000|  0%| F|  |TAMS 0x0000000086600000, 0x0000000086600000| Untracked 
|  75|0x0000000086700000, 0x0000000086700000, 0x0000000086800000|  0%| F|  |TAMS 0x0000000086700000, 0x0000000086700000| Untracked 
|  76|0x0000000086800000, 0x0000000086800000, 0x0000000086900000|  0%| F|  |TAMS 0x0000000086800000, 0x0000000086800000| Untracked 
|  77|0x0000000086900000, 0x0000000086900000, 0x0000000086a00000|  0%| F|  |TAMS 0x0000000086900000, 0x0000000086900000| Untracked 
|  78|0x0000000086a00000, 0x0000000086a00000, 0x0000000086b00000|  0%| F|  |TAMS 0x0000000086a00000, 0x0000000086a00000| Untracked 
|  79|0x0000000086b00000, 0x0000000086b00000, 0x0000000086c00000|  0%| F|  |TAMS 0x0000000086b00000, 0x0000000086b00000| Untracked 
|  80|0x0000000086c00000, 0x0000000086c00000, 0x0000000086d00000|  0%| F|  |TAMS 0x0000000086c00000, 0x0000000086c00000| Untracked 
|  81|0x0000000086d00000, 0x0000000086d00000, 0x0000000086e00000|  0%| F|  |TAMS 0x0000000086d00000, 0x0000000086d00000| Untracked 
|  82|0x0000000086e00000, 0x0000000086e00000, 0x0000000086f00000|  0%| F|  |TAMS 0x0000000086e00000, 0x0000000086e00000| Untracked 
|  83|0x0000000086f00000, 0x0000000086f00000, 0x0000000087000000|  0%| F|  |TAMS 0x0000000086f00000, 0x0000000086f00000| Untracked 
|  84|0x0000000087000000, 0x0000000087000000, 0x0000000087100000|  0%| F|  |TAMS 0x0000000087000000, 0x0000000087000000| Untracked 
|  85|0x0000000087100000, 0x0000000087100000, 0x0000000087200000|  0%| F|  |TAMS 0x0000000087100000, 0x0000000087100000| Untracked 
|  86|0x0000000087200000, 0x0000000087200000, 0x0000000087300000|  0%| F|  |TAMS 0x0000000087200000, 0x0000000087200000| Untracked 
|  87|0x0000000087300000, 0x0000000087300000, 0x0000000087400000|  0%| F|  |TAMS 0x0000000087300000, 0x0000000087300000| Untracked 
|  88|0x0000000087400000, 0x0000000087400000, 0x0000000087500000|  0%| F|  |TAMS 0x0000000087400000, 0x0000000087400000| Untracked 
|  89|0x0000000087500000, 0x0000000087500000, 0x0000000087600000|  0%| F|  |TAMS 0x0000000087500000, 0x0000000087500000| Untracked 
|  90|0x0000000087600000, 0x0000000087700000, 0x0000000087700000|100%| S|CS|TAMS 0x0000000087600000, 0x0000000087600000| Complete 
|  91|0x0000000087700000, 0x0000000087800000, 0x0000000087800000|100%| S|CS|TAMS 0x0000000087700000, 0x0000000087700000| Complete 
|  92|0x0000000087800000, 0x0000000087900000, 0x0000000087900000|100%| S|CS|TAMS 0x0000000087800000, 0x0000000087800000| Complete 
|  93|0x0000000087900000, 0x0000000087900000, 0x0000000087a00000|  0%| F|  |TAMS 0x0000000087900000, 0x0000000087900000| Untracked 
|  94|0x0000000087a00000, 0x0000000087a00000, 0x0000000087b00000|  0%| F|  |TAMS 0x0000000087a00000, 0x0000000087a00000| Untracked 
|  95|0x0000000087b00000, 0x0000000087b00000, 0x0000000087c00000|  0%| F|  |TAMS 0x0000000087b00000, 0x0000000087b00000| Untracked 
|  96|0x0000000087c00000, 0x0000000087c00000, 0x0000000087d00000|  0%| F|  |TAMS 0x0000000087c00000, 0x0000000087c00000| Untracked 
|  97|0x0000000087d00000, 0x0000000087d00000, 0x0000000087e00000|  0%| F|  |TAMS 0x0000000087d00000, 0x0000000087d00000| Untracked 
|  98|0x0000000087e00000, 0x0000000087e00000, 0x0000000087f00000|  0%| F|  |TAMS 0x0000000087e00000, 0x0000000087e00000| Untracked 
|  99|0x0000000087f00000, 0x0000000087f00000, 0x0000000088000000|  0%| F|  |TAMS 0x0000000087f00000, 0x0000000087f00000| Untracked 
| 100|0x0000000088000000, 0x0000000088000000, 0x0000000088100000|  0%| F|  |TAMS 0x0000000088000000, 0x0000000088000000| Untracked 
| 101|0x0000000088100000, 0x0000000088100000, 0x0000000088200000|  0%| F|  |TAMS 0x0000000088100000, 0x0000000088100000| Untracked 
| 102|0x0000000088200000, 0x0000000088200000, 0x0000000088300000|  0%| F|  |TAMS 0x0000000088200000, 0x0000000088200000| Untracked 
| 103|0x0000000088300000, 0x0000000088300000, 0x0000000088400000|  0%| F|  |TAMS 0x0000000088300000, 0x0000000088300000| Untracked 
| 104|0x0000000088400000, 0x0000000088400000, 0x0000000088500000|  0%| F|  |TAMS 0x0000000088400000, 0x0000000088400000| Untracked 
| 105|0x0000000088500000, 0x0000000088500000, 0x0000000088600000|  0%| F|  |TAMS 0x0000000088500000, 0x0000000088500000| Untracked 
| 106|0x0000000088600000, 0x0000000088600000, 0x0000000088700000|  0%| F|  |TAMS 0x0000000088600000, 0x0000000088600000| Untracked 
| 107|0x0000000088700000, 0x0000000088700000, 0x0000000088800000|  0%| F|  |TAMS 0x0000000088700000, 0x0000000088700000| Untracked 
| 108|0x0000000088800000, 0x0000000088800000, 0x0000000088900000|  0%| F|  |TAMS 0x0000000088800000, 0x0000000088800000| Untracked 
| 109|0x0000000088900000, 0x0000000088900000, 0x0000000088a00000|  0%| F|  |TAMS 0x0000000088900000, 0x0000000088900000| Untracked 
| 110|0x0000000088a00000, 0x0000000088a00000, 0x0000000088b00000|  0%| F|  |TAMS 0x0000000088a00000, 0x0000000088a00000| Untracked 
| 111|0x0000000088b00000, 0x0000000088b00000, 0x0000000088c00000|  0%| F|  |TAMS 0x0000000088b00000, 0x0000000088b00000| Untracked 
| 112|0x0000000088c00000, 0x0000000088c00000, 0x0000000088d00000|  0%| F|  |TAMS 0x0000000088c00000, 0x0000000088c00000| Untracked 
| 113|0x0000000088d00000, 0x0000000088d00000, 0x0000000088e00000|  0%| F|  |TAMS 0x0000000088d00000, 0x0000000088d00000| Untracked 
| 114|0x0000000088e00000, 0x0000000088e00000, 0x0000000088f00000|  0%| F|  |TAMS 0x0000000088e00000, 0x0000000088e00000| Untracked 
| 115|0x0000000088f00000, 0x0000000088f00000, 0x0000000089000000|  0%| F|  |TAMS 0x0000000088f00000, 0x0000000088f00000| Untracked 
| 116|0x0000000089000000, 0x0000000089000000, 0x0000000089100000|  0%| F|  |TAMS 0x0000000089000000, 0x0000000089000000| Untracked 
| 117|0x0000000089100000, 0x0000000089100000, 0x0000000089200000|  0%| F|  |TAMS 0x0000000089100000, 0x0000000089100000| Untracked 
| 118|0x0000000089200000, 0x0000000089200000, 0x0000000089300000|  0%| F|  |TAMS 0x0000000089200000, 0x0000000089200000| Untracked 
| 119|0x0000000089300000, 0x0000000089300000, 0x0000000089400000|  0%| F|  |TAMS 0x0000000089300000, 0x0000000089300000| Untracked 
| 120|0x0000000089400000, 0x0000000089400000, 0x0000000089500000|  0%| F|  |TAMS 0x0000000089400000, 0x0000000089400000| Untracked 
| 121|0x0000000089500000, 0x0000000089500000, 0x0000000089600000|  0%| F|  |TAMS 0x0000000089500000, 0x0000000089500000| Untracked 
| 122|0x0000000089600000, 0x0000000089600000, 0x0000000089700000|  0%| F|  |TAMS 0x0000000089600000, 0x0000000089600000| Untracked 
| 123|0x0000000089700000, 0x0000000089700000, 0x0000000089800000|  0%| F|  |TAMS 0x0000000089700000, 0x0000000089700000| Untracked 
| 124|0x0000000089800000, 0x0000000089800000, 0x0000000089900000|  0%| F|  |TAMS 0x0000000089800000, 0x0000000089800000| Untracked 
| 125|0x0000000089900000, 0x0000000089900000, 0x0000000089a00000|  0%| F|  |TAMS 0x0000000089900000, 0x0000000089900000| Untracked 
| 126|0x0000000089a00000, 0x0000000089a00000, 0x0000000089b00000|  0%| F|  |TAMS 0x0000000089a00000, 0x0000000089a00000| Untracked 
| 127|0x0000000089b00000, 0x0000000089b00000, 0x0000000089c00000|  0%| F|  |TAMS 0x0000000089b00000, 0x0000000089b00000| Untracked 

Card table byte_map: [0x000001db7b920000,0x000001db7bd20000] _byte_map_base: 0x000001db7b512000

Marking Bits (Prev, Next): (CMBitMap*) 0x000001db67296b50, (CMBitMap*) 0x000001db67296b10
 Prev Bits: [0x000001db00000000, 0x000001db01f90000)
 Next Bits: [0x000001db7c120000, 0x000001db7e0b0000)

Polling page: 0x000001db67020000

Metaspace:

Usage:
  Non-class:     62.25 MB used.
      Class:      7.78 MB used.
       Both:     70.02 MB used.

Virtual space:
  Non-class space:       64.00 MB reserved,      62.44 MB ( 98%) committed,  8 nodes.
      Class space:        1.00 GB reserved,       7.94 MB ( <1%) committed,  1 nodes.
             Both:        1.06 GB reserved,      70.38 MB (  6%) committed. 

Chunk freelists:
   Non-Class:  1.09 MB
       Class:  25.00 KB
        Both:  1.12 MB

MaxMetaspaceSize: unlimited
CompressedClassSpaceSize: 1.00 GB
Initial GC threshold: 21.00 MB
Current GC threshold: 112.94 MB
CDS: off
MetaspaceReclaimPolicy: balanced
 - commit_granule_bytes: 65536.
 - commit_granule_words: 8192.
 - virtual_space_node_default_size: 1048576.
 - enlarge_chunks_in_place: 1.
 - new_chunks_are_fully_committed: 0.
 - uncommit_free_chunks: 1.
 - use_allocation_guard: 0.
 - handle_deallocations: 1.


Internal statistics:

num_allocs_failed_limit: 3.
num_arena_births: 380.
num_arena_deaths: 0.
num_vsnodes_births: 9.
num_vsnodes_deaths: 0.
num_space_committed: 1124.
num_space_uncommitted: 0.
num_chunks_returned_to_freelist: 3.
num_chunks_taken_from_freelist: 2659.
num_chunk_merges: 3.
num_chunk_splits: 2105.
num_chunks_enlarged: 1801.
num_purges: 0.
num_inconsistent_stats: 0.

CodeHeap 'non-profiled nmethods': size=120000Kb used=5020Kb max_used=5020Kb free=114980Kb
 bounds [0x000001db739d0000, 0x000001db73ec0000, 0x000001db7af00000]
CodeHeap 'profiled nmethods': size=120000Kb used=29953Kb max_used=29953Kb free=90046Kb
 bounds [0x000001db6bf00000, 0x000001db6dc50000, 0x000001db73430000]
CodeHeap 'non-nmethods': size=5760Kb used=1389Kb max_used=1464Kb free=4370Kb
 bounds [0x000001db73430000, 0x000001db736a0000, 0x000001db739d0000]
 total_blobs=11151 nmethods=10434 adapters=626
 compilation: enabled
              stopped_count=0, restarted_count=0
 full_count=0

Compilation events (20 events):
Event: 15.489 Thread 0x000001db7f1278f0 nmethod 12238 0x000001db6dc3df90 code [0x000001db6dc3e160, 0x000001db6dc3e428]
Event: 15.489 Thread 0x000001db7f1278f0 12239       2       org.jetbrains.kotlin.types.DefinitelyNotNullType$Companion::makesSenseToBeDefinitelyNotNull (118 bytes)
Event: 15.490 Thread 0x000001db7f1278f0 nmethod 12239 0x000001db6dc3e590 code [0x000001db6dc3e7c0, 0x000001db6dc3ecf8]
Event: 15.490 Thread 0x000001db7f1278f0 12241       2       androidx.compose.compiler.plugins.kotlin.lower.ParamState::bitsForSlot (9 bytes)
Event: 15.490 Thread 0x000001db7f1278f0 nmethod 12241 0x000001db6dc3ef10 code [0x000001db6dc3f0a0, 0x000001db6dc3f1d8]
Event: 15.490 Thread 0x000001db7f1278f0 12240       2       androidx.compose.compiler.plugins.kotlin.analysis.KnownStableConstructs::getStableFunctions (4 bytes)
Event: 15.490 Thread 0x000001db7f1278f0 nmethod 12240 0x000001db6dc3f290 code [0x000001db6dc3f420, 0x000001db6dc3f538]
Event: 15.490 Thread 0x000001db7f1278f0 12242       2       androidx.compose.compiler.plugins.kotlin.lower.StabilityBits::bitsForSlot (11 bytes)
Event: 15.490 Thread 0x000001db7f1278f0 nmethod 12242 0x000001db6dc3f610 code [0x000001db6dc3f7a0, 0x000001db6dc3f8b8]
Event: 15.490 Thread 0x000001db7f1278f0 12243       2       java.util.ArrayList::listIterator (15 bytes)
Event: 15.491 Thread 0x000001db7f1278f0 nmethod 12243 0x000001db6dc3f990 code [0x000001db6dc3fb40, 0x000001db6dc3fe78]
Event: 15.492 Thread 0x000001db7f1278f0 12244       2       androidx.compose.compiler.plugins.kotlin.lower.AbstractComposeLowering::irCall (182 bytes)
Event: 15.493 Thread 0x000001db7f1278f0 nmethod 12244 0x000001db6dc3ff90 code [0x000001db6dc40280, 0x000001db6dc40cf8]
Event: 15.494 Thread 0x000001db7f1278f0 12245       2       androidx.compose.compiler.plugins.kotlin.lower.ComposableFunctionBodyTransformer::isInComposableScope (8 bytes)
Event: 15.494 Thread 0x000001db7f1278f0 nmethod 12245 0x000001db6dc41410 code [0x000001db6dc415a0, 0x000001db6dc416c8]
Event: 15.494 Thread 0x000001db7f1278f0 12246       2       androidx.compose.compiler.plugins.kotlin.lower.ComposableFunctionBodyTransformer$Scope$FunctionScope::isInComposable (58 bytes)
Event: 15.495 Thread 0x000001db7f1278f0 nmethod 12246 0x000001db6dc41790 code [0x000001db6dc41940, 0x000001db6dc41b18]
Event: 15.495 Thread 0x000001db7f1278f0 12247       2       androidx.compose.compiler.plugins.kotlin.lower.ComposableFunctionBodyTransformer::visitReturn (199 bytes)
Event: 15.499 Thread 0x000001db7f1278f0 nmethod 12247 0x000001db6dc41c10 code [0x000001db6dc421c0, 0x000001db6dc43cd8]
Event: 15.499 Thread 0x000001db7f1278f0 12248   !   2       androidx.compose.compiler.plugins.kotlin.lower.ComposableFunctionBodyTransformer::visitField (89 bytes)

GC Heap History (20 events):
Event: 6.229 GC heap after
{Heap after GC invocations=15 (full 0):
 garbage-first heap   total 92160K, used 41100K [0x0000000081c00000, 0x0000000100000000)
  region size 1024K, 5 young (5120K), 5 survivors (5120K)
 Metaspace       used 54506K, committed 54784K, reserved 1097728K
  class space    used 6490K, committed 6592K, reserved 1048576K
}
Event: 7.393 GC heap before
{Heap before GC invocations=15 (full 0):
 garbage-first heap   total 92160K, used 71820K [0x0000000081c00000, 0x0000000100000000)
  region size 1024K, 35 young (35840K), 5 survivors (5120K)
 Metaspace       used 55686K, committed 55936K, reserved 1105920K
  class space    used 6530K, committed 6656K, reserved 1048576K
}
Event: 7.422 GC heap after
{Heap after GC invocations=16 (full 0):
 garbage-first heap   total 92160K, used 46640K [0x0000000081c00000, 0x0000000100000000)
  region size 1024K, 5 young (5120K), 5 survivors (5120K)
 Metaspace       used 55686K, committed 55936K, reserved 1105920K
  class space    used 6530K, committed 6656K, reserved 1048576K
}
Event: 8.135 GC heap before
{Heap before GC invocations=16 (full 0):
 garbage-first heap   total 92160K, used 71216K [0x0000000081c00000, 0x0000000100000000)
  region size 1024K, 29 young (29696K), 5 survivors (5120K)
 Metaspace       used 57436K, committed 57664K, reserved 1105920K
  class space    used 6728K, committed 6848K, reserved 1048576K
}
Event: 8.153 GC heap after
{Heap after GC invocations=17 (full 0):
 garbage-first heap   total 92160K, used 50354K [0x0000000081c00000, 0x0000000100000000)
  region size 1024K, 4 young (4096K), 4 survivors (4096K)
 Metaspace       used 57436K, committed 57664K, reserved 1105920K
  class space    used 6728K, committed 6848K, reserved 1048576K
}
Event: 9.219 GC heap before
{Heap before GC invocations=18 (full 0):
 garbage-first heap   total 92160K, used 72882K [0x0000000081c00000, 0x0000000100000000)
  region size 1024K, 26 young (26624K), 4 survivors (4096K)
 Metaspace       used 58995K, committed 59264K, reserved 1105920K
  class space    used 6853K, committed 6976K, reserved 1048576K
}
Event: 9.234 GC heap after
{Heap after GC invocations=19 (full 0):
 garbage-first heap   total 92160K, used 53722K [0x0000000081c00000, 0x0000000100000000)
  region size 1024K, 3 young (3072K), 3 survivors (3072K)
 Metaspace       used 58995K, committed 59264K, reserved 1105920K
  class space    used 6853K, committed 6976K, reserved 1048576K
}
Event: 10.576 GC heap before
{Heap before GC invocations=19 (full 0):
 garbage-first heap   total 92160K, used 74202K [0x0000000081c00000, 0x0000000100000000)
  region size 1024K, 23 young (23552K), 3 survivors (3072K)
 Metaspace       used 60219K, committed 60480K, reserved 1105920K
  class space    used 6857K, committed 6976K, reserved 1048576K
}
Event: 10.591 GC heap after
{Heap after GC invocations=20 (full 0):
 garbage-first heap   total 119808K, used 54845K [0x0000000081c00000, 0x0000000100000000)
  region size 1024K, 2 young (2048K), 2 survivors (2048K)
 Metaspace       used 60219K, committed 60480K, reserved 1105920K
  class space    used 6857K, committed 6976K, reserved 1048576K
}
Event: 12.260 GC heap before
{Heap before GC invocations=21 (full 0):
 garbage-first heap   total 119808K, used 94781K [0x0000000081c00000, 0x0000000100000000)
  region size 1024K, 41 young (41984K), 2 survivors (2048K)
 Metaspace       used 62408K, committed 62720K, reserved 1105920K
  class space    used 7024K, committed 7168K, reserved 1048576K
}
Event: 12.278 GC heap after
{Heap after GC invocations=22 (full 0):
 garbage-first heap   total 119808K, used 58224K [0x0000000081c00000, 0x0000000100000000)
  region size 1024K, 5 young (5120K), 5 survivors (5120K)
 Metaspace       used 62408K, committed 62720K, reserved 1105920K
  class space    used 7024K, committed 7168K, reserved 1048576K
}
Event: 12.315 GC heap before
{Heap before GC invocations=22 (full 0):
 garbage-first heap   total 119808K, used 59248K [0x0000000081c00000, 0x0000000100000000)
  region size 1024K, 6 young (6144K), 5 survivors (5120K)
 Metaspace       used 62549K, committed 62848K, reserved 1105920K
  class space    used 7042K, committed 7168K, reserved 1048576K
}
Event: 12.332 GC heap after
{Heap after GC invocations=23 (full 0):
 garbage-first heap   total 119808K, used 58492K [0x0000000081c00000, 0x0000000100000000)
  region size 1024K, 1 young (1024K), 1 survivors (1024K)
 Metaspace       used 62549K, committed 62848K, reserved 1105920K
  class space    used 7042K, committed 7168K, reserved 1048576K
}
Event: 13.599 GC heap before
{Heap before GC invocations=23 (full 0):
 garbage-first heap   total 119808K, used 94332K [0x0000000081c00000, 0x0000000100000000)
  region size 1024K, 36 young (36864K), 1 survivors (1024K)
 Metaspace       used 68392K, committed 68736K, reserved 1114112K
  class space    used 7639K, committed 7808K, reserved 1048576K
}
Event: 13.615 GC heap after
{Heap after GC invocations=24 (full 0):
 garbage-first heap   total 119808K, used 61989K [0x0000000081c00000, 0x0000000100000000)
  region size 1024K, 5 young (5120K), 5 survivors (5120K)
 Metaspace       used 68392K, committed 68736K, reserved 1114112K
  class space    used 7639K, committed 7808K, reserved 1048576K
}
Event: 14.730 GC heap before
{Heap before GC invocations=25 (full 0):
 garbage-first heap   total 119808K, used 94757K [0x0000000081c00000, 0x0000000100000000)
  region size 1024K, 37 young (37888K), 5 survivors (5120K)
 Metaspace       used 70707K, committed 71040K, reserved 1114112K
  class space    used 7886K, committed 8064K, reserved 1048576K
}
Event: 14.765 GC heap after
{Heap after GC invocations=26 (full 0):
 garbage-first heap   total 119808K, used 70156K [0x0000000081c00000, 0x0000000100000000)
  region size 1024K, 5 young (5120K), 5 survivors (5120K)
 Metaspace       used 70707K, committed 71040K, reserved 1114112K
  class space    used 7886K, committed 8064K, reserved 1048576K
}
Event: 14.799 GC heap before
{Heap before GC invocations=26 (full 0):
 garbage-first heap   total 119808K, used 71180K [0x0000000081c00000, 0x0000000100000000)
  region size 1024K, 6 young (6144K), 5 survivors (5120K)
 Metaspace       used 70707K, committed 71040K, reserved 1114112K
  class space    used 7886K, committed 8064K, reserved 1048576K
}
Event: 14.819 GC heap after
{Heap after GC invocations=27 (full 0):
 garbage-first heap   total 119808K, used 71073K [0x0000000081c00000, 0x0000000100000000)
  region size 1024K, 1 young (1024K), 1 survivors (1024K)
 Metaspace       used 70707K, committed 71040K, reserved 1114112K
  class space    used 7886K, committed 8064K, reserved 1048576K
}
Event: 15.501 GC heap before
{Heap before GC invocations=27 (full 0):
 garbage-first heap   total 119808K, used 94625K [0x0000000081c00000, 0x0000000100000000)
  region size 1024K, 24 young (24576K), 1 survivors (1024K)
 Metaspace       used 71703K, committed 72064K, reserved 1114112K
  class space    used 7961K, committed 8128K, reserved 1048576K
}

Dll operation events (2 events):
Event: 0.006 Loaded shared library D:\Android\jbr\bin\java.dll
Event: 1.924 Loaded shared library D:\Android\jbr\bin\verify.dll

Deoptimization events (20 events):
Event: 15.309 Thread 0x000001db67239c90 Uncommon trap: trap_request=0xffffffde fr.pc=0x000001db73e5cf6c relative=0x000000000000096c
Event: 15.309 Thread 0x000001db67239c90 Uncommon trap: reason=class_check action=maybe_recompile pc=0x000001db73e5cf6c method=androidx.compose.compiler.plugins.kotlin.lower.ComposeInlineLambdaLocator$scan$1.visitFunctionAccess(Lorg/jetbrains/kotlin/ir/expressions/IrFunctionAccessExpression;)V @
Event: 15.309 Thread 0x000001db67239c90 DEOPT PACKING pc=0x000001db73e5cf6c sp=0x00000068225fc470
Event: 15.309 Thread 0x000001db67239c90 DEOPT UNPACKING pc=0x000001db734869a3 sp=0x00000068225fc408 mode 2
Event: 15.309 Thread 0x000001db67239c90 Uncommon trap: trap_request=0xffffffde fr.pc=0x000001db73e5cf6c relative=0x000000000000096c
Event: 15.309 Thread 0x000001db67239c90 Uncommon trap: reason=class_check action=maybe_recompile pc=0x000001db73e5cf6c method=androidx.compose.compiler.plugins.kotlin.lower.ComposeInlineLambdaLocator$scan$1.visitFunctionAccess(Lorg/jetbrains/kotlin/ir/expressions/IrFunctionAccessExpression;)V @
Event: 15.309 Thread 0x000001db67239c90 DEOPT PACKING pc=0x000001db73e5cf6c sp=0x00000068225fc760
Event: 15.309 Thread 0x000001db67239c90 DEOPT UNPACKING pc=0x000001db734869a3 sp=0x00000068225fc6f8 mode 2
Event: 15.309 Thread 0x000001db67239c90 Uncommon trap: trap_request=0xffffffde fr.pc=0x000001db73e5cf6c relative=0x000000000000096c
Event: 15.309 Thread 0x000001db67239c90 Uncommon trap: reason=class_check action=maybe_recompile pc=0x000001db73e5cf6c method=androidx.compose.compiler.plugins.kotlin.lower.ComposeInlineLambdaLocator$scan$1.visitFunctionAccess(Lorg/jetbrains/kotlin/ir/expressions/IrFunctionAccessExpression;)V @
Event: 15.309 Thread 0x000001db67239c90 DEOPT PACKING pc=0x000001db73e5cf6c sp=0x00000068225fc470
Event: 15.309 Thread 0x000001db67239c90 DEOPT UNPACKING pc=0x000001db734869a3 sp=0x00000068225fc408 mode 2
Event: 15.310 Thread 0x000001db67239c90 Uncommon trap: trap_request=0xffffffde fr.pc=0x000001db73e5cf6c relative=0x000000000000096c
Event: 15.310 Thread 0x000001db67239c90 Uncommon trap: reason=class_check action=maybe_recompile pc=0x000001db73e5cf6c method=androidx.compose.compiler.plugins.kotlin.lower.ComposeInlineLambdaLocator$scan$1.visitFunctionAccess(Lorg/jetbrains/kotlin/ir/expressions/IrFunctionAccessExpression;)V @
Event: 15.310 Thread 0x000001db67239c90 DEOPT PACKING pc=0x000001db73e5cf6c sp=0x00000068225fd460
Event: 15.310 Thread 0x000001db67239c90 DEOPT UNPACKING pc=0x000001db734869a3 sp=0x00000068225fd3f8 mode 2
Event: 15.471 Thread 0x000001db67239c90 Uncommon trap: trap_request=0xffffff45 fr.pc=0x000001db73a375d0 relative=0x00000000000002b0
Event: 15.471 Thread 0x000001db67239c90 Uncommon trap: reason=unstable_if action=reinterpret pc=0x000001db73a375d0 method=java.util.HashMap.hash(Ljava/lang/Object;)I @ 1 c2
Event: 15.471 Thread 0x000001db67239c90 DEOPT PACKING pc=0x000001db73a375d0 sp=0x00000068225fd6d0
Event: 15.471 Thread 0x000001db67239c90 DEOPT UNPACKING pc=0x000001db734869a3 sp=0x00000068225fd568 mode 2

Classes unloaded (0 events):
No events

Classes redefined (0 events):
No events

Internal exceptions (20 events):
Event: 7.276 Thread 0x000001db67239c90 Exception <a 'java/lang/NoSuchMethodError'{0x0000000085c3c248}: 'int java.lang.invoke.DirectMethodHandle$Holder.invokeInterface(java.lang.Object, java.lang.Object)'> (0x0000000085c3c248) 
thrown [s\src\hotspot\share\interpreter\linkResolver.cpp, line 771]
Event: 7.295 Thread 0x000001db67239c90 Implicit null exception at 0x000001db73a24cef to 0x000001db73a24ed4
Event: 7.295 Thread 0x000001db67239c90 Implicit null exception at 0x000001db73a2bc8f to 0x000001db73a2bd09
Event: 7.513 Thread 0x000001db67239c90 Exception <a 'java/lang/NoSuchMethodError'{0x0000000087d69548}: 'int java.lang.invoke.DirectMethodHandle$Holder.invokeStaticInit(java.lang.Object, int)'> (0x0000000087d69548) 
thrown [s\src\hotspot\share\interpreter\linkResolver.cpp, line 771]
Event: 7.759 Thread 0x000001db67239c90 Implicit null exception at 0x000001db73c56111 to 0x000001db73c5642c
Event: 7.766 Thread 0x000001db67239c90 Implicit null exception at 0x000001db73c56a6f to 0x000001db73c56c44
Event: 8.044 Thread 0x000001db67239c90 Implicit null exception at 0x000001db73ad8a20 to 0x000001db73ad8ba4
Event: 8.044 Thread 0x000001db67239c90 Implicit null exception at 0x000001db73a31760 to 0x000001db73a317fa
Event: 9.741 Thread 0x000001db67239c90 Implicit null exception at 0x000001db73ccc22f to 0x000001db73ccc300
Event: 11.876 Thread 0x000001db67239c90 Exception <a 'java/lang/NoSuchMethodError'{0x00000000875d3600}: 'java.lang.Object java.lang.invoke.DirectMethodHandle$Holder.newInvokeSpecial(java.lang.Object, java.lang.Object, java.lang.Object, java.lang.Object, java.lang.Object, java.lang.Object, java.lang.Object)'> (0x00000000875d3600) 
thrown [s\src\hotspot\share\interpreter\linkResolver.cpp, line 771]
Event: 11.877 Thread 0x000001db67239c90 Exception <a 'java/lang/NoSuchMethodError'{0x00000000875d81b8}: 'java.lang.Object java.lang.invoke.Invokers$Holder.linkToTargetMethod(java.lang.Object, java.lang.Object, java.lang.Object, java.lang.Object, java.lang.Object, java.lang.Object, java.lang.Object)'> (0x00000000875d81b8) 
thrown [s\src\hotspot\share\interpreter\linkResolver.cpp, line 771]
Event: 11.956 Thread 0x000001db67239c90 Exception <a 'java/lang/NoSuchMethodError'{0x0000000087379388}: 'java.lang.Object java.lang.invoke.DirectMethodHandle$Holder.invokeInterface(java.lang.Object, java.lang.Object, java.lang.Object)'> (0x0000000087379388) 
thrown [s\src\hotspot\share\interpreter\linkResolver.cpp, line 771]
Event: 11.958 Thread 0x000001db67239c90 Exception <a 'java/lang/IncompatibleClassChangeError'{0x000000008737d4f0}: Found class java.lang.Object, but interface was expected> (0x000000008737d4f0) 
thrown [s\src\hotspot\share\interpreter\linkResolver.cpp, line 838]
Event: 12.083 Thread 0x000001db67239c90 Implicit null exception at 0x000001db73a6356f to 0x000001db73a63754
Event: 12.290 Thread 0x000001db67239c90 Implicit null exception at 0x000001db73d4ede0 to 0x000001db73d4f0b8
Event: 12.472 Thread 0x000001db67239c90 Exception <a 'java/lang/NoSuchMethodError'{0x0000000088bd2ac0}: 'java.lang.Object java.lang.invoke.DirectMethodHandle$Holder.invokeStaticInit(java.lang.Object, java.lang.Object, java.lang.Object, java.lang.Object)'> (0x0000000088bd2ac0) 
thrown [s\src\hotspot\share\interpreter\linkResolver.cpp, line 771]
Event: 13.042 Thread 0x000001db67239c90 Exception <a 'java/lang/NoSuchMethodError'{0x00000000878d49d8}: 'java.lang.Object java.lang.invoke.DirectMethodHandle$Holder.invokeSpecial(java.lang.Object, java.lang.Object, int, int, java.lang.Object, java.lang.Object, java.lang.Object, java.lang.Object, java.lang.Object)'> (0x00000000878d49d8) 
thrown [s\src\hotspot\share\interpreter\linkResolver.cpp, line 771]
Event: 13.470 Thread 0x000001db67239c90 Exception <a 'java/lang/NoSuchMethodError'{0x00000000871fd570}: 'java.lang.Object java.lang.invoke.DirectMethodHandle$Holder.invokeStatic(java.lang.Object, int, java.lang.Object)'> (0x00000000871fd570) 
thrown [s\src\hotspot\share\interpreter\linkResolver.cpp, line 771]
Event: 13.479 Thread 0x000001db67239c90 Exception <a 'java/lang/NoSuchMethodError'{0x0000000087025830}: 'java.lang.Object java.lang.invoke.DirectMethodHandle$Holder.newInvokeSpecial(java.lang.Object, int, java.lang.Object, java.lang.Object)'> (0x0000000087025830) 
thrown [s\src\hotspot\share\interpreter\linkResolver.cpp, line 771]
Event: 15.471 Thread 0x000001db67239c90 Implicit null exception at 0x000001db73a3736f to 0x000001db73a375b0

VM Operations (20 events):
Event: 14.463 Executing VM operation: HandshakeAllThreads done
Event: 14.502 Executing VM operation: HandshakeAllThreads
Event: 14.502 Executing VM operation: HandshakeAllThreads done
Event: 14.541 Executing VM operation: ICBufferFull
Event: 14.541 Executing VM operation: ICBufferFull done
Event: 14.730 Executing VM operation: G1CollectForAllocation
Event: 14.765 Executing VM operation: G1CollectForAllocation done
Event: 14.799 Executing VM operation: G1CollectForAllocation
Event: 14.819 Executing VM operation: G1CollectForAllocation done
Event: 14.924 Executing VM operation: ICBufferFull
Event: 14.924 Executing VM operation: ICBufferFull done
Event: 15.015 Executing VM operation: ICBufferFull
Event: 15.015 Executing VM operation: ICBufferFull done
Event: 15.250 Executing VM operation: ICBufferFull
Event: 15.250 Executing VM operation: ICBufferFull done
Event: 15.444 Executing VM operation: HandshakeAllThreads
Event: 15.445 Executing VM operation: HandshakeAllThreads done
Event: 15.446 Executing VM operation: HandshakeAllThreads
Event: 15.446 Executing VM operation: HandshakeAllThreads done
Event: 15.500 Executing VM operation: G1CollectForAllocation

Events (20 events):
Event: 14.471 Thread 0x000001db7f1281f0 flushing nmethod 0x000001db6d8b2110
Event: 14.471 Thread 0x000001db7f1281f0 flushing nmethod 0x000001db6d8b3b90
Event: 14.471 Thread 0x000001db7f1281f0 flushing nmethod 0x000001db6d8b5f90
Event: 14.471 Thread 0x000001db7f1281f0 flushing nmethod 0x000001db6d8b8710
Event: 14.471 Thread 0x000001db7f1281f0 flushing nmethod 0x000001db6d8ba810
Event: 14.471 Thread 0x000001db7f1281f0 flushing nmethod 0x000001db6d8bdd10
Event: 14.471 Thread 0x000001db7f1281f0 flushing nmethod 0x000001db6d8c7e90
Event: 14.471 Thread 0x000001db7f1281f0 flushing nmethod 0x000001db6d8d5110
Event: 14.471 Thread 0x000001db7f1281f0 flushing nmethod 0x000001db6d8d7390
Event: 14.471 Thread 0x000001db7f1281f0 flushing nmethod 0x000001db6d8d9590
Event: 14.471 Thread 0x000001db7f1281f0 flushing nmethod 0x000001db6d8f5b90
Event: 14.472 Thread 0x000001db7f1281f0 flushing nmethod 0x000001db6d949b10
Event: 14.472 Thread 0x000001db7f1281f0 flushing nmethod 0x000001db6d94bb90
Event: 14.472 Thread 0x000001db7f1281f0 flushing nmethod 0x000001db6d94e090
Event: 14.472 Thread 0x000001db7f1281f0 flushing nmethod 0x000001db6d977090
Event: 14.472 Thread 0x000001db7f1281f0 flushing nmethod 0x000001db6d97f710
Event: 14.472 Thread 0x000001db7f1281f0 flushing nmethod 0x000001db6d980790
Event: 14.472 Thread 0x000001db7f1281f0 flushing nmethod 0x000001db6d9afa90
Event: 14.472 Thread 0x000001db7f1281f0 flushing nmethod 0x000001db6da22190
Event: 14.472 Thread 0x000001db7f1281f0 flushing nmethod 0x000001db6da24010


Dynamic libraries:
0x00007ff67b6a0000 - 0x00007ff67b6aa000 	D:\Android\jbr\bin\java.exe
0x00007ff818da0000 - 0x00007ff818fa9000 	C:\Windows\SYSTEM32\ntdll.dll
0x00007ff817bd0000 - 0x00007ff817c8d000 	C:\Windows\System32\KERNEL32.DLL
0x00007ff8168c0000 - 0x00007ff816c34000 	C:\Windows\System32\KERNELBASE.dll
0x00007ff8163e0000 - 0x00007ff8164f1000 	C:\Windows\System32\ucrtbase.dll
0x00007ff80dd30000 - 0x00007ff80dd4b000 	D:\Android\jbr\bin\VCRUNTIME140.dll
0x00007ff8063f0000 - 0x00007ff806407000 	D:\Android\jbr\bin\jli.dll
0x00007ff818130000 - 0x00007ff8182dc000 	C:\Windows\System32\USER32.dll
0x00007ffffe0f0000 - 0x00007ffffe395000 	C:\Windows\WinSxS\amd64_microsoft.windows.common-controls_6595b64144ccf1df_6.0.22000.120_none_9d947278b86cc467\COMCTL32.dll
0x00007ff8163b0000 - 0x00007ff8163d6000 	C:\Windows\System32\win32u.dll
0x00007ff817f20000 - 0x00007ff817fc3000 	C:\Windows\System32\msvcrt.dll
0x00007ff817ee0000 - 0x00007ff817f09000 	C:\Windows\System32\GDI32.dll
0x00007ff8166e0000 - 0x00007ff8167f2000 	C:\Windows\System32\gdi32full.dll
0x00007ff816290000 - 0x00007ff81632d000 	C:\Windows\System32\msvcp_win.dll
0x00007ff817cb0000 - 0x00007ff817ce1000 	C:\Windows\System32\IMM32.DLL
0x00007ff80b210000 - 0x00007ff80b21c000 	D:\Android\jbr\bin\vcruntime140_1.dll
0x00007ffffdc20000 - 0x00007ffffdcad000 	D:\Android\jbr\bin\msvcp140.dll
0x00007fffdfd00000 - 0x00007fffe096e000 	D:\Android\jbr\bin\server\jvm.dll
0x00007ff818360000 - 0x00007ff81840e000 	C:\Windows\System32\ADVAPI32.dll
0x00007ff818590000 - 0x00007ff81862e000 	C:\Windows\System32\sechost.dll
0x00007ff818410000 - 0x00007ff818530000 	C:\Windows\System32\RPCRT4.dll
0x00007ff80dcc0000 - 0x00007ff80dcf3000 	C:\Windows\SYSTEM32\WINMM.dll
0x00007ff80a420000 - 0x00007ff80a429000 	C:\Windows\SYSTEM32\WSOCK32.dll
0x00007ff8187f0000 - 0x00007ff81885f000 	C:\Windows\System32\WS2_32.dll
0x00007ff809f60000 - 0x00007ff809f6a000 	C:\Windows\SYSTEM32\VERSION.dll
0x00007ff8144e0000 - 0x00007ff8144f8000 	C:\Windows\SYSTEM32\kernel.appcore.dll
0x00007ff80e9b0000 - 0x00007ff80e9ba000 	D:\Android\jbr\bin\jimage.dll
0x00007ff813ea0000 - 0x00007ff8140c1000 	C:\Windows\SYSTEM32\DBGHELP.DLL
0x00007fffff150000 - 0x00007fffff181000 	C:\Windows\SYSTEM32\dbgcore.DLL
0x00007ff816330000 - 0x00007ff8163af000 	C:\Windows\System32\bcryptPrimitives.dll
0x00007ff80aef0000 - 0x00007ff80af15000 	D:\Android\jbr\bin\java.dll
0x00007ff80b7f0000 - 0x00007ff80b808000 	D:\Android\jbr\bin\zip.dll
0x00007ff817330000 - 0x00007ff817ade000 	C:\Windows\System32\SHELL32.dll
0x00007ff814500000 - 0x00007ff814d67000 	C:\Windows\SYSTEM32\windows.storage.dll
0x00007ff8189e0000 - 0x00007ff818d58000 	C:\Windows\System32\combase.dll
0x00007ff814370000 - 0x00007ff8144d6000 	C:\Windows\SYSTEM32\wintypes.dll
0x00007ff817ae0000 - 0x00007ff817bca000 	C:\Windows\System32\SHCORE.dll
0x00007ff817110000 - 0x00007ff81716d000 	C:\Windows\System32\shlwapi.dll
0x00007ff8161c0000 - 0x00007ff8161e1000 	C:\Windows\SYSTEM32\profapi.dll
0x00007ff80ae50000 - 0x00007ff80ae69000 	D:\Android\jbr\bin\net.dll
0x00007ff80e8a0000 - 0x00007ff80e9ac000 	C:\Windows\SYSTEM32\WINHTTP.dll
0x00007ff8157a0000 - 0x00007ff815807000 	C:\Windows\system32\mswsock.dll
0x00007ff808d10000 - 0x00007ff808d26000 	D:\Android\jbr\bin\nio.dll
0x00007ff80dd20000 - 0x00007ff80dd30000 	D:\Android\jbr\bin\verify.dll

dbghelp: loaded successfully - version: 4.0.5 - missing functions: none
symbol engine: initialized successfully - sym options: 0x614 - pdb path: .;D:\Android\jbr\bin;C:\Windows\SYSTEM32;C:\Windows\WinSxS\amd64_microsoft.windows.common-controls_6595b64144ccf1df_6.0.22000.120_none_9d947278b86cc467;D:\Android\jbr\bin\server

VM Arguments:
java_command: org.jetbrains.kotlin.cli.jvm.K2JVMCompiler @D:\AndroidStudioProject\nemuiin_test\app\build\20231128_16309478055901717449.compiler.options
java_class_path (initial): C:\Users\Admin\.gradle\caches\modules-2\files-2.1\org.jetbrains.kotlin\kotlin-compiler-embeddable\1.8.10\b0757fd774344d54ce93f5ad6c30ba1c1731c8ff\kotlin-compiler-embeddable-1.8.10.jar;C:\Users\Admin\.gradle\caches\modules-2\files-2.1\org.jetbrains.kotlin\kotlin-stdlib\1.8.10\6d5560a229477df9406943d5feda5618e98eb64c\kotlin-stdlib-1.8.10.jar;C:\Users\Admin\.gradle\caches\modules-2\files-2.1\org.jetbrains.kotlin\kotlin-script-runtime\1.8.10\b13ea9c7e46d589139e56086a878763290e20bd5\kotlin-script-runtime-1.8.10.jar;C:\Users\Admin\.gradle\caches\modules-2\files-2.1\org.jetbrains.kotlin\kotlin-reflect\1.6.10\1cbe9c92c12a94eea200d23c2bbaedaf3daf5132\kotlin-reflect-1.6.10.jar;C:\Users\Admin\.gradle\caches\modules-2\files-2.1\org.jetbrains.kotlin\kotlin-daemon-embeddable\1.8.10\ad8541d9bc1cf9e52c3204161247910c2cf601d4\kotlin-daemon-embeddable-1.8.10.jar;C:\Users\Admin\.gradle\caches\modules-2\files-2.1\org.jetbrains.intellij.deps\trove4j\1.0.20200330\3afb14d5f9ceb459d724e907a21145e8ff394f02\trove4j-1.0.20200330.jar;C:\Users\Admin\.gradle\caches\modules-2\files-2.1\net.java.dev.jna\jna\5.6.0\330f2244e9030119ab3030fc3fededc86713d9cc\jna-5.6.0.jar;C:\Users\Admin\.gradle\caches\modules-2\files-2.1\org.jetbrains.kotlin\kotlin-stdlib-common\1.8.10\a61b182458550492c12aee66157d7b524a63a5ec\kotlin-stdlib-common-1.8.10.jar;C:\Users\Admin\.gradle\caches\modules-2\files-2.1\org.jetbrains\annotations\13.0\919f0dfe192fb4e063e7dacadee7f8bb9a2672a9\annotations-13.0.jar
Launcher Type: SUN_STANDARD

[Global flags]
     intx CICompilerCount                          = 3                                         {product} {ergonomic}
     uint ConcGCThreads                            = 1                                         {product} {ergonomic}
     uint G1ConcRefinementThreads                  = 4                                         {product} {ergonomic}
   size_t G1HeapRegionSize                         = 1048576                                   {product} {ergonomic}
    uintx GCDrainStackTargetSize                   = 64                                        {product} {ergonomic}
   size_t InitialHeapSize                          = 134217728                                 {product} {ergonomic}
   size_t MarkStackSize                            = 4194304                                   {product} {ergonomic}
   size_t MaxHeapSize                              = 2118123520                                {product} {ergonomic}
   size_t MaxNewSize                               = 1270874112                                {product} {ergonomic}
   size_t MinHeapDeltaBytes                        = 1048576                                   {product} {ergonomic}
   size_t MinHeapSize                              = 8388608                                   {product} {ergonomic}
    uintx NonNMethodCodeHeapSize                   = 5832780                                {pd product} {ergonomic}
    uintx NonProfiledCodeHeapSize                  = 122912730                              {pd product} {ergonomic}
    uintx ProfiledCodeHeapSize                     = 122912730                              {pd product} {ergonomic}
    uintx ReservedCodeCacheSize                    = 251658240                              {pd product} {ergonomic}
     bool SegmentedCodeCache                       = true                                      {product} {ergonomic}
   size_t SoftMaxHeapSize                          = 2118123520                             {manageable} {ergonomic}
     bool UseCompressedClassPointers               = true                           {product lp64_product} {ergonomic}
     bool UseCompressedOops                        = true                           {product lp64_product} {ergonomic}
     bool UseG1GC                                  = true                                      {product} {ergonomic}
     bool UseLargePagesIndividualAllocation        = false                                  {pd product} {ergonomic}

Logging:
Log output configuration:
 #0: stdout all=warning uptime,level,tags
 #1: stderr all=off uptime,level,tags

Environment Variables:
PATH=C:\Program Files\Common Files\Oracle\Java\javapath;C:\Windows\system32;C:\Windows;C:\Windows\System32\Wbem;C:\Windows\System32\WindowsPowerShell\v1.0\;C:\Windows\System32\OpenSSH\;C:\Program Files (x86)\NVIDIA Corporation\PhysX\Common;C:\Users\Admin\AppData\Local\Microsoft\WindowsApps;;D:\JetBrains\IntelliJ IDEA 2023.2.3\bin;;D:\JetBrains\IntelliJ IDEA Community Edition 2023.2.4\bin;
USERNAME=Admin
OS=Windows_NT
PROCESSOR_IDENTIFIER=Intel64 Family 6 Model 142 Stepping 10, GenuineIntel
TMP=C:\Users\Admin\AppData\Local\Temp
TEMP=C:\Users\Admin\AppData\Local\Temp


JNI global refs:
JNI global refs: 10, weak refs: 14

JNI global refs memory usage: 843, weak refs: 841


---------------  S Y S T E M  ---------------

OS:
 Windows 11 , 64 bit Build 22000 (10.0.22000.434)
OS uptime: 0 days 0:54 hours

CPU: total 4 (initial active 4) (2 cores per cpu, 2 threads per core) family 6 model 142 stepping 10 microcode 0xe0, cx8, cmov, fxsr, ht, mmx, 3dnowpref, sse, sse2, sse3, ssse3, sse4.1, sse4.2, popcnt, lzcnt, tsc, tscinvbit, avx, avx2, aes, erms, clmul, bmi1, bmi2, adx, fma, vzeroupper, clflush, clflushopt

Memory: 4k page, system-wide physical 8076M (1034M free)
TotalPageFile size 8076M (AvailPageFile size 153M)
current process WorkingSet (physical memory assigned to process): 320M, peak: 325M
current process commit charge ("private bytes"): 361M, peak: 513M

vm_info: OpenJDK 64-Bit Server VM (17.0.6+0-b2043.56-10027231) for windows-amd64 JRE (17.0.6+0-b2043.56-10027231), built on Apr 28 2023 00:43:19 by "androidbuild" with MS VC++ 16.10 / 16.11 (VS2019)

END.
