#
# There is insufficient memory for the Java Runtime Environment to continue.
# Native memory allocation (malloc) failed to allocate 1667616 bytes for Chunk::new
# Possible reasons:
#   The system is out of physical RAM or swap space
#   The process is running with CompressedOops enabled, and the Java Heap may be blocking the growth of the native heap
# Possible solutions:
#   Reduce memory load on the system
#   Increase physical memory or swap space
#   Check if swap backing store is full
#   Decrease Java heap size (-Xmx/-Xms)
#   Decrease number of Java threads
#   Decrease Java thread stack sizes (-Xss)
#   Set larger code cache with -XX:ReservedCodeCacheSize=
#   JVM is running with Unscaled Compressed Oops mode in which the Java heap is
#     placed in the first 4GB address space. The Java Heap base address is the
#     maximum limit for the native heap growth. Please use -XX:HeapBaseMinAddress
#     to set the Java Heap base and to place the Java Heap above 4GB virtual address.
# This output file may be truncated or incomplete.
#
#  Out of Memory Error (arena.cpp:189), pid=1800, tid=716
#
# JRE version: OpenJDK Runtime Environment (17.0.6) (build 17.0.6+0-b2043.56-10027231)
# Java VM: OpenJDK 64-Bit Server VM (17.0.6+0-b2043.56-10027231, mixed mode, tiered, compressed oops, compressed class ptrs, g1 gc, windows-amd64)
# No core dump will be written. Minidumps are not enabled by default on client versions of Windows
#

---------------  S U M M A R Y ------------

Command Line: --add-opens=java.base/java.util=ALL-UNNAMED --add-opens=java.base/java.lang=ALL-UNNAMED --add-opens=java.base/java.lang.invoke=ALL-UNNAMED --add-opens=java.prefs/java.util.prefs=ALL-UNNAMED --add-opens=java.base/java.nio.charset=ALL-UNNAMED --add-opens=java.base/java.net=ALL-UNNAMED --add-opens=java.base/java.util.concurrent.atomic=ALL-UNNAMED -Xmx2048m -Dfile.encoding=UTF-8 -Duser.country=US -Duser.language=en -Duser.variant org.gradle.launcher.daemon.bootstrap.GradleDaemon 8.0

Host: Intel(R) Core(TM) i3-7020U CPU @ 2.30GHz, 4 cores, 7G,  Windows 11 , 64 bit Build 22000 (10.0.22000.434)
Time: Mon Nov 27 16:17:38 2023 SE Asia Standard Time elapsed time: 16.442352 seconds (0d 0h 0m 16s)

---------------  T H R E A D  ---------------

Current thread (0x000002a178814460):  JavaThread "C2 CompilerThread0" daemon [_thread_in_native, id=716, stack(0x000000e25f700000,0x000000e25f800000)]


Current CompileTask:
C2:  16442 8196       4       org.gradle.internal.instantiation.generator.AbstractClassGenerator::inspectType (560 bytes)

Stack: [0x000000e25f700000,0x000000e25f800000]
Native frames: (J=compiled Java code, j=interpreted, Vv=VM code, C=native code)
V  [jvm.dll+0x683c9a]
V  [jvm.dll+0x8427a4]
V  [jvm.dll+0x843f9e]
V  [jvm.dll+0x844603]
V  [jvm.dll+0x249b75]
V  [jvm.dll+0xabcac]
V  [jvm.dll+0xac27c]
V  [jvm.dll+0x368857]
V  [jvm.dll+0x1bced2]
V  [jvm.dll+0x21c359]
V  [jvm.dll+0x21b621]
V  [jvm.dll+0x1a4fdd]
V  [jvm.dll+0x22b098]
V  [jvm.dll+0x229159]
V  [jvm.dll+0x7f81ec]
V  [jvm.dll+0x7f274a]
V  [jvm.dll+0x682ad5]
C  [ucrtbase.dll+0x26c0c]
C  [KERNEL32.DLL+0x154e0]
C  [ntdll.dll+0x485b]


---------------  P R O C E S S  ---------------

Threads class SMR info:
_java_thread_list=0x000002a17ad86fd0, length=83, elements={
0x000002a15c73dff0, 0x000002a177ecd260, 0x000002a177ecf0e0, 0x000002a177eb9b00,
0x000002a177eed310, 0x000002a17880c0e0, 0x000002a17880ddc0, 0x000002a178814460,
0x000002a178815d50, 0x000002a178819e10, 0x000002a17880ca80, 0x000002a17880f100,
0x000002a17880cf50, 0x000002a17880d420, 0x000002a17880c5b0, 0x000002a17880d8f0,
0x000002a17880e290, 0x000002a17880e760, 0x000002a17880ec30, 0x000002a17880f5d0,
0x000002a179645e40, 0x000002a179641fb0, 0x000002a1796432f0, 0x000002a179647ff0,
0x000002a179644b00, 0x000002a179640c70, 0x000002a179642e20, 0x000002a179642480,
0x000002a1796484c0, 0x000002a179644fd0, 0x000002a179641140, 0x000002a179642950,
0x000002a179644160, 0x000002a179647180, 0x000002a1796437c0, 0x000002a179644630,
0x000002a1796467e0, 0x000002a179647b20, 0x000002a179641ae0, 0x000002a17a0503d0,
0x000002a17a049520, 0x000002a17a050d70, 0x000002a17a04d3b0, 0x000002a17a04ebc0,
0x000002a17a04e6f0, 0x000002a17a04b200, 0x000002a17a04c070, 0x000002a17a04e220,
0x000002a17a049ec0, 0x000002a17a04a390, 0x000002a17a04d880, 0x000002a17a04a860,
0x000002a17a04f090, 0x000002a17a04fa30, 0x000002a17a0508a0, 0x000002a17a04ca10,
0x000002a17a04ad30, 0x000002a17a0499f0, 0x000002a17a04b6d0, 0x000002a17a04c540,
0x000002a17a04cee0, 0x000002a17a04bba0, 0x000002a17a04dd50, 0x000002a17a04f560,
0x000002a17a04ff00, 0x000002a178e79b40, 0x000002a178e76b20, 0x000002a178e75310,
0x000002a178e76180, 0x000002a178e757e0, 0x000002a178e74e40, 0x000002a178e75cb0,
0x000002a178e73160, 0x000002a178e78800, 0x000002a178e76650, 0x000002a178e77990,
0x000002a178e774c0, 0x000002a178e7a4e0, 0x000002a178e73fd0, 0x000002a178e73630,
0x000002a178e78cd0, 0x000002a178e7a9b0, 0x000002a17b932790
}

Java Threads: ( => current thread )
  0x000002a15c73dff0 JavaThread "main" [_thread_blocked, id=3520, stack(0x000000e25ea00000,0x000000e25eb00000)]
  0x000002a177ecd260 JavaThread "Reference Handler" daemon [_thread_blocked, id=7796, stack(0x000000e25f100000,0x000000e25f200000)]
  0x000002a177ecf0e0 JavaThread "Finalizer" daemon [_thread_blocked, id=8140, stack(0x000000e25f200000,0x000000e25f300000)]
  0x000002a177eb9b00 JavaThread "Signal Dispatcher" daemon [_thread_blocked, id=7716, stack(0x000000e25f300000,0x000000e25f400000)]
  0x000002a177eed310 JavaThread "Attach Listener" daemon [_thread_blocked, id=4556, stack(0x000000e25f400000,0x000000e25f500000)]
  0x000002a17880c0e0 JavaThread "Service Thread" daemon [_thread_blocked, id=5984, stack(0x000000e25f500000,0x000000e25f600000)]
  0x000002a17880ddc0 JavaThread "Monitor Deflation Thread" daemon [_thread_blocked, id=3420, stack(0x000000e25f600000,0x000000e25f700000)]
=>0x000002a178814460 JavaThread "C2 CompilerThread0" daemon [_thread_in_native, id=716, stack(0x000000e25f700000,0x000000e25f800000)]
  0x000002a178815d50 JavaThread "C1 CompilerThread0" daemon [_thread_blocked, id=6648, stack(0x000000e25f800000,0x000000e25f900000)]
  0x000002a178819e10 JavaThread "Sweeper thread" daemon [_thread_blocked, id=2712, stack(0x000000e25f900000,0x000000e25fa00000)]
  0x000002a17880ca80 JavaThread "Common-Cleaner" daemon [_thread_blocked, id=2120, stack(0x000000e25fa00000,0x000000e25fb00000)]
  0x000002a17880f100 JavaThread "Notification Thread" daemon [_thread_blocked, id=6684, stack(0x000000e25fb00000,0x000000e25fc00000)]
  0x000002a17880cf50 JavaThread "Daemon health stats" [_thread_blocked, id=1588, stack(0x000000e260100000,0x000000e260200000)]
  0x000002a17880d420 JavaThread "Incoming local TCP Connector on port 49934" [_thread_in_native, id=1356, stack(0x000000e260200000,0x000000e260300000)]
  0x000002a17880c5b0 JavaThread "Daemon periodic checks" [_thread_blocked, id=2456, stack(0x000000e260300000,0x000000e260400000)]
  0x000002a17880d8f0 JavaThread "Daemon" [_thread_blocked, id=7080, stack(0x000000e260400000,0x000000e260500000)]
  0x000002a17880e290 JavaThread "Handler for socket connection from /127.0.0.1:49934 to /127.0.0.1:49935" [_thread_in_native, id=1736, stack(0x000000e260500000,0x000000e260600000)]
  0x000002a17880e760 JavaThread "Cancel handler" [_thread_blocked, id=5436, stack(0x000000e260600000,0x000000e260700000)]
  0x000002a17880ec30 JavaThread "Daemon worker" [_thread_in_vm, id=3876, stack(0x000000e260700000,0x000000e260800000)]
  0x000002a17880f5d0 JavaThread "Asynchronous log dispatcher for DefaultDaemonConnection: socket connection from /127.0.0.1:49934 to /127.0.0.1:49935" [_thread_blocked, id=1288, stack(0x000000e260800000,0x000000e260900000)]
  0x000002a179645e40 JavaThread "Stdin handler" [_thread_blocked, id=7824, stack(0x000000e260900000,0x000000e260a00000)]
  0x000002a179641fb0 JavaThread "Daemon client event forwarder" [_thread_blocked, id=7212, stack(0x000000e260a00000,0x000000e260b00000)]
  0x000002a1796432f0 JavaThread "Cache worker for journal cache (C:\Users\Admin\.gradle\caches\journal-1)" [_thread_blocked, id=3288, stack(0x000000e260b00000,0x000000e260c00000)]
  0x000002a179647ff0 JavaThread "File lock request listener" [_thread_in_native, id=512, stack(0x000000e260c00000,0x000000e260d00000)]
  0x000002a179644b00 JavaThread "Cache worker for file hash cache (C:\Users\Admin\.gradle\caches\8.0\fileHashes)" [_thread_blocked, id=7820, stack(0x000000e260d00000,0x000000e260e00000)]
  0x000002a179640c70 JavaThread "File watcher server" daemon [_thread_in_native, id=3864, stack(0x000000e260e00000,0x000000e260f00000)]
  0x000002a179642e20 JavaThread "File watcher consumer" daemon [_thread_blocked, id=3744, stack(0x000000e260f00000,0x000000e261000000)]
  0x000002a179642480 JavaThread "Cache worker for checksums cache (D:\AndroidStudioProject\nemuiin_test\.gradle\8.0\checksums)" [_thread_blocked, id=452, stack(0x000000e261000000,0x000000e261100000)]
  0x000002a1796484c0 JavaThread "Cache worker for cache directory md-rule (C:\Users\Admin\.gradle\caches\8.0\md-rule)" [_thread_blocked, id=1868, stack(0x000000e261100000,0x000000e261200000)]
  0x000002a179644fd0 JavaThread "Cache worker for file content cache (C:\Users\Admin\.gradle\caches\8.0\fileContent)" [_thread_blocked, id=7580, stack(0x000000e261200000,0x000000e261300000)]
  0x000002a179641140 JavaThread "Cache worker for file hash cache (D:\AndroidStudioProject\nemuiin_test\.gradle\8.0\fileHashes)" [_thread_blocked, id=508, stack(0x000000e261300000,0x000000e261400000)]
  0x000002a179642950 JavaThread "Cache worker for cache directory md-supplier (C:\Users\Admin\.gradle\caches\8.0\md-supplier)" [_thread_blocked, id=592, stack(0x000000e261400000,0x000000e261500000)]
  0x000002a179644160 JavaThread "Cache worker for execution history cache (C:\Users\Admin\.gradle\caches\8.0\executionHistory)" [_thread_blocked, id=7384, stack(0x000000e261500000,0x000000e261600000)]
  0x000002a179647180 JavaThread "jar transforms" [_thread_blocked, id=5640, stack(0x000000e25fd00000,0x000000e25fe00000)]
  0x000002a1796437c0 JavaThread "jar transforms Thread 2" [_thread_blocked, id=4628, stack(0x000000e261600000,0x000000e261700000)]
  0x000002a179644630 JavaThread "Cache worker for kotlin-dsl (C:\Users\Admin\.gradle\caches\8.0\kotlin-dsl)" [_thread_blocked, id=2720, stack(0x000000e261800000,0x000000e261900000)]
  0x000002a1796467e0 JavaThread "jar transforms Thread 3" [_thread_blocked, id=5304, stack(0x000000e261900000,0x000000e261a00000)]
  0x000002a179647b20 JavaThread "jar transforms Thread 4" [_thread_blocked, id=3480, stack(0x000000e261a00000,0x000000e261b00000)]
  0x000002a179641ae0 JavaThread "Cache worker for dependencies-accessors (D:\AndroidStudioProject\nemuiin_test\.gradle\8.0\dependencies-accessors)" [_thread_blocked, id=2260, stack(0x000000e261b00000,0x000000e261c00000)]
  0x000002a17a0503d0 JavaThread "Cache worker for Build Output Cleanup Cache (D:\AndroidStudioProject\nemuiin_test\.gradle\buildOutputCleanup)" [_thread_blocked, id=5388, stack(0x000000e261c00000,0x000000e261d00000)]
  0x000002a17a049520 JavaThread "Unconstrained build operations" [_thread_blocked, id=2212, stack(0x000000e261d00000,0x000000e261e00000)]
  0x000002a17a050d70 JavaThread "Unconstrained build operations Thread 2" [_thread_blocked, id=4516, stack(0x000000e261e00000,0x000000e261f00000)]
  0x000002a17a04d3b0 JavaThread "Unconstrained build operations Thread 3" [_thread_blocked, id=4620, stack(0x000000e261f00000,0x000000e262000000)]
  0x000002a17a04ebc0 JavaThread "Unconstrained build operations Thread 4" [_thread_blocked, id=7696, stack(0x000000e262000000,0x000000e262100000)]
  0x000002a17a04e6f0 JavaThread "Unconstrained build operations Thread 5" [_thread_blocked, id=1176, stack(0x000000e262100000,0x000000e262200000)]
  0x000002a17a04b200 JavaThread "Unconstrained build operations Thread 6" [_thread_blocked, id=7460, stack(0x000000e262200000,0x000000e262300000)]
  0x000002a17a04c070 JavaThread "Unconstrained build operations Thread 7" [_thread_blocked, id=2184, stack(0x000000e262300000,0x000000e262400000)]
  0x000002a17a04e220 JavaThread "Unconstrained build operations Thread 8" [_thread_blocked, id=1768, stack(0x000000e262400000,0x000000e262500000)]
  0x000002a17a049ec0 JavaThread "Unconstrained build operations Thread 9" [_thread_blocked, id=5996, stack(0x000000e262500000,0x000000e262600000)]
  0x000002a17a04a390 JavaThread "Unconstrained build operations Thread 10" [_thread_blocked, id=3424, stack(0x000000e262600000,0x000000e262700000)]
  0x000002a17a04d880 JavaThread "Unconstrained build operations Thread 11" [_thread_blocked, id=2900, stack(0x000000e262700000,0x000000e262800000)]
  0x000002a17a04a860 JavaThread "Unconstrained build operations Thread 12" [_thread_blocked, id=7020, stack(0x000000e262800000,0x000000e262900000)]
  0x000002a17a04f090 JavaThread "Unconstrained build operations Thread 13" [_thread_blocked, id=3088, stack(0x000000e262900000,0x000000e262a00000)]
  0x000002a17a04fa30 JavaThread "Unconstrained build operations Thread 14" [_thread_blocked, id=828, stack(0x000000e262a00000,0x000000e262b00000)]
  0x000002a17a0508a0 JavaThread "Unconstrained build operations Thread 15" [_thread_blocked, id=5604, stack(0x000000e262b00000,0x000000e262c00000)]
  0x000002a17a04ca10 JavaThread "Unconstrained build operations Thread 16" [_thread_blocked, id=1796, stack(0x000000e262c00000,0x000000e262d00000)]
  0x000002a17a04ad30 JavaThread "Unconstrained build operations Thread 17" [_thread_blocked, id=6216, stack(0x000000e262d00000,0x000000e262e00000)]
  0x000002a17a0499f0 JavaThread "Unconstrained build operations Thread 18" [_thread_blocked, id=1476, stack(0x000000e262e00000,0x000000e262f00000)]
  0x000002a17a04b6d0 JavaThread "Unconstrained build operations Thread 19" [_thread_blocked, id=4384, stack(0x000000e262f00000,0x000000e263000000)]
  0x000002a17a04c540 JavaThread "Unconstrained build operations Thread 20" [_thread_blocked, id=5344, stack(0x000000e263000000,0x000000e263100000)]
  0x000002a17a04cee0 JavaThread "Unconstrained build operations Thread 21" [_thread_blocked, id=5204, stack(0x000000e263100000,0x000000e263200000)]
  0x000002a17a04bba0 JavaThread "Unconstrained build operations Thread 22" [_thread_blocked, id=4592, stack(0x000000e263200000,0x000000e263300000)]
  0x000002a17a04dd50 JavaThread "Unconstrained build operations Thread 23" [_thread_blocked, id=1436, stack(0x000000e263300000,0x000000e263400000)]
  0x000002a17a04f560 JavaThread "Unconstrained build operations Thread 24" [_thread_blocked, id=3500, stack(0x000000e263400000,0x000000e263500000)]
  0x000002a17a04ff00 JavaThread "Unconstrained build operations Thread 25" [_thread_blocked, id=2076, stack(0x000000e263500000,0x000000e263600000)]
  0x000002a178e79b40 JavaThread "Unconstrained build operations Thread 26" [_thread_blocked, id=7568, stack(0x000000e263600000,0x000000e263700000)]
  0x000002a178e76b20 JavaThread "Unconstrained build operations Thread 27" [_thread_blocked, id=4580, stack(0x000000e263700000,0x000000e263800000)]
  0x000002a178e75310 JavaThread "Unconstrained build operations Thread 28" [_thread_blocked, id=7668, stack(0x000000e263800000,0x000000e263900000)]
  0x000002a178e76180 JavaThread "Unconstrained build operations Thread 29" [_thread_blocked, id=4904, stack(0x000000e263900000,0x000000e263a00000)]
  0x000002a178e757e0 JavaThread "Unconstrained build operations Thread 30" [_thread_blocked, id=1984, stack(0x000000e263a00000,0x000000e263b00000)]
  0x000002a178e74e40 JavaThread "Unconstrained build operations Thread 31" [_thread_blocked, id=7600, stack(0x000000e263b00000,0x000000e263c00000)]
  0x000002a178e75cb0 JavaThread "Unconstrained build operations Thread 32" [_thread_blocked, id=3676, stack(0x000000e263c00000,0x000000e263d00000)]
  0x000002a178e73160 JavaThread "Unconstrained build operations Thread 33" [_thread_blocked, id=4704, stack(0x000000e263d00000,0x000000e263e00000)]
  0x000002a178e78800 JavaThread "Unconstrained build operations Thread 34" [_thread_blocked, id=7596, stack(0x000000e263e00000,0x000000e263f00000)]
  0x000002a178e76650 JavaThread "Unconstrained build operations Thread 35" [_thread_blocked, id=2736, stack(0x000000e263f00000,0x000000e264000000)]
  0x000002a178e77990 JavaThread "Unconstrained build operations Thread 36" [_thread_blocked, id=900, stack(0x000000e264000000,0x000000e264100000)]
  0x000002a178e774c0 JavaThread "Unconstrained build operations Thread 37" [_thread_blocked, id=2516, stack(0x000000e264100000,0x000000e264200000)]
  0x000002a178e7a4e0 JavaThread "Unconstrained build operations Thread 38" [_thread_blocked, id=3852, stack(0x000000e264200000,0x000000e264300000)]
  0x000002a178e73fd0 JavaThread "Unconstrained build operations Thread 39" [_thread_blocked, id=1740, stack(0x000000e264300000,0x000000e264400000)]
  0x000002a178e73630 JavaThread "Unconstrained build operations Thread 40" [_thread_blocked, id=4916, stack(0x000000e264400000,0x000000e264500000)]
  0x000002a178e78cd0 JavaThread "build event listener" [_thread_blocked, id=1128, stack(0x000000e264600000,0x000000e264700000)]
  0x000002a178e7a9b0 JavaThread "Memory manager" [_thread_blocked, id=6592, stack(0x000000e264700000,0x000000e264800000)]
  0x000002a17b932790 JavaThread "C2 CompilerThread1" daemon [_thread_in_vm, id=5888, stack(0x000000e261700000,0x000000e261800000)]

Other Threads:
  0x000002a177ea9640 VMThread "VM Thread" [stack: 0x000000e25f000000,0x000000e25f100000] [id=8020]
  0x000002a17898b4f0 WatcherThread [stack: 0x000000e25fc00000,0x000000e25fd00000] [id=7468]
  0x000002a15e9473e0 GCTaskThread "GC Thread#0" [stack: 0x000000e25eb00000,0x000000e25ec00000] [id=5536]
  0x000002a17914fc40 GCTaskThread "GC Thread#1" [stack: 0x000000e25fe00000,0x000000e25ff00000] [id=5624]
  0x000002a178bb7be0 GCTaskThread "GC Thread#2" [stack: 0x000000e25ff00000,0x000000e260000000] [id=6580]
  0x000002a1796abad0 GCTaskThread "GC Thread#3" [stack: 0x000000e260000000,0x000000e260100000] [id=1792]
  0x000002a15e958390 ConcurrentGCThread "G1 Main Marker" [stack: 0x000000e25ec00000,0x000000e25ed00000] [id=7272]
  0x000002a15e959540 ConcurrentGCThread "G1 Conc#0" [stack: 0x000000e25ed00000,0x000000e25ee00000] [id=5092]
  0x000002a15e9bdce0 ConcurrentGCThread "G1 Refine#0" [stack: 0x000000e25ee00000,0x000000e25ef00000] [id=1212]
  0x000002a100e10cc0 ConcurrentGCThread "G1 Refine#1" [stack: 0x000000e264500000,0x000000e264600000] [id=7392]
  0x000002a15e9be700 ConcurrentGCThread "G1 Service" [stack: 0x000000e25ef00000,0x000000e25f000000] [id=8156]

Threads with active compile tasks:
C2 CompilerThread0    16462 8196       4       org.gradle.internal.instantiation.generator.AbstractClassGenerator::inspectType (560 bytes)
C2 CompilerThread1    16462 8296  s    4       java.util.Hashtable::put (104 bytes)

VM state: not at safepoint (normal execution)

VM Mutex/Monitor currently owned by a thread: None

Heap address: 0x0000000080000000, size: 2048 MB, Compressed Oops mode: 32-bit

CDS archive(s) not mapped
Compressed class space mapped at: 0x0000000100000000-0x0000000140000000, reserved size: 1073741824
Narrow klass base: 0x0000000000000000, Narrow klass shift: 3, Narrow klass range: 0x140000000

GC Precious Log:
 CPUs: 4 total, 4 available
 Memory: 8076M
 Large Page Support: Disabled
 NUMA Support: Disabled
 Compressed Oops: Enabled (32-bit)
 Heap Region Size: 1M
 Heap Min Capacity: 8M
 Heap Initial Capacity: 128M
 Heap Max Capacity: 2G
 Pre-touch: Disabled
 Parallel Workers: 4
 Concurrent Workers: 1
 Concurrent Refinement Workers: 4
 Periodic GC: Disabled

Heap:
 garbage-first heap   total 141312K, used 97158K [0x0000000080000000, 0x0000000100000000)
  region size 1024K, 35 young (35840K), 6 survivors (6144K)
 Metaspace       used 83753K, committed 84352K, reserved 1122304K
  class space    used 11361K, committed 11648K, reserved 1048576K

Heap Regions: E=young(eden), S=young(survivor), O=old, HS=humongous(starts), HC=humongous(continues), CS=collection set, F=free, OA=open archive, CA=closed archive, TAMS=top-at-mark-start (previous, next)
|   0|0x0000000080000000, 0x0000000080100000, 0x0000000080100000|100%| O|  |TAMS 0x0000000080100000, 0x0000000080000000| Untracked 
|   1|0x0000000080100000, 0x0000000080200000, 0x0000000080200000|100%| O|  |TAMS 0x0000000080200000, 0x0000000080100000| Untracked 
|   2|0x0000000080200000, 0x0000000080300000, 0x0000000080300000|100%|HS|  |TAMS 0x0000000080300000, 0x0000000080200000| Complete 
|   3|0x0000000080300000, 0x0000000080400000, 0x0000000080400000|100%|HC|  |TAMS 0x0000000080400000, 0x0000000080300000| Complete 
|   4|0x0000000080400000, 0x0000000080500000, 0x0000000080500000|100%|HC|  |TAMS 0x0000000080500000, 0x0000000080400000| Complete 
|   5|0x0000000080500000, 0x0000000080600000, 0x0000000080600000|100%|HC|  |TAMS 0x0000000080600000, 0x0000000080500000| Complete 
|   6|0x0000000080600000, 0x0000000080700000, 0x0000000080700000|100%| O|  |TAMS 0x0000000080700000, 0x0000000080600000| Untracked 
|   7|0x0000000080700000, 0x0000000080800000, 0x0000000080800000|100%| O|  |TAMS 0x0000000080800000, 0x0000000080700000| Untracked 
|   8|0x0000000080800000, 0x0000000080900000, 0x0000000080900000|100%| O|  |TAMS 0x0000000080900000, 0x0000000080800000| Untracked 
|   9|0x0000000080900000, 0x0000000080a00000, 0x0000000080a00000|100%| O|  |TAMS 0x0000000080a00000, 0x0000000080900000| Untracked 
|  10|0x0000000080a00000, 0x0000000080b00000, 0x0000000080b00000|100%| O|  |TAMS 0x0000000080b00000, 0x0000000080a00000| Untracked 
|  11|0x0000000080b00000, 0x0000000080c00000, 0x0000000080c00000|100%| O|  |TAMS 0x0000000080c00000, 0x0000000080b00000| Untracked 
|  12|0x0000000080c00000, 0x0000000080d00000, 0x0000000080d00000|100%| O|  |TAMS 0x0000000080d00000, 0x0000000080c00000| Untracked 
|  13|0x0000000080d00000, 0x0000000080e00000, 0x0000000080e00000|100%|HS|  |TAMS 0x0000000080e00000, 0x0000000080d00000| Complete 
|  14|0x0000000080e00000, 0x0000000080f00000, 0x0000000080f00000|100%| O|  |TAMS 0x0000000080f00000, 0x0000000080e00000| Untracked 
|  15|0x0000000080f00000, 0x0000000081000000, 0x0000000081000000|100%| O|  |TAMS 0x0000000081000000, 0x0000000080f00000| Untracked 
|  16|0x0000000081000000, 0x0000000081100000, 0x0000000081100000|100%| O|  |TAMS 0x0000000081100000, 0x0000000081000000| Untracked 
|  17|0x0000000081100000, 0x0000000081200000, 0x0000000081200000|100%| O|  |TAMS 0x0000000081200000, 0x0000000081100000| Untracked 
|  18|0x0000000081200000, 0x0000000081300000, 0x0000000081300000|100%| O|  |TAMS 0x0000000081300000, 0x0000000081200000| Untracked 
|  19|0x0000000081300000, 0x0000000081400000, 0x0000000081400000|100%| O|  |TAMS 0x0000000081400000, 0x0000000081300000| Untracked 
|  20|0x0000000081400000, 0x0000000081500000, 0x0000000081500000|100%| O|  |TAMS 0x0000000081500000, 0x0000000081400000| Untracked 
|  21|0x0000000081500000, 0x0000000081600000, 0x0000000081600000|100%| O|  |TAMS 0x0000000081600000, 0x0000000081500000| Untracked 
|  22|0x0000000081600000, 0x0000000081700000, 0x0000000081700000|100%| O|  |TAMS 0x0000000081700000, 0x0000000081600000| Untracked 
|  23|0x0000000081700000, 0x0000000081800000, 0x0000000081800000|100%| O|  |TAMS 0x0000000081800000, 0x0000000081700000| Untracked 
|  24|0x0000000081800000, 0x0000000081900000, 0x0000000081900000|100%| O|  |TAMS 0x0000000081900000, 0x0000000081800000| Untracked 
|  25|0x0000000081900000, 0x0000000081a00000, 0x0000000081a00000|100%| O|  |TAMS 0x0000000081a00000, 0x0000000081900000| Untracked 
|  26|0x0000000081a00000, 0x0000000081b00000, 0x0000000081b00000|100%| O|  |TAMS 0x0000000081b00000, 0x0000000081a00000| Untracked 
|  27|0x0000000081b00000, 0x0000000081c00000, 0x0000000081c00000|100%| O|  |TAMS 0x0000000081c00000, 0x0000000081b00000| Untracked 
|  28|0x0000000081c00000, 0x0000000081d00000, 0x0000000081d00000|100%| O|  |TAMS 0x0000000081d00000, 0x0000000081c00000| Untracked 
|  29|0x0000000081d00000, 0x0000000081e00000, 0x0000000081e00000|100%|HS|  |TAMS 0x0000000081e00000, 0x0000000081d00000| Complete 
|  30|0x0000000081e00000, 0x0000000081f00000, 0x0000000081f00000|100%|HS|  |TAMS 0x0000000081f00000, 0x0000000081e00000| Complete 
|  31|0x0000000081f00000, 0x0000000082000000, 0x0000000082000000|100%|HC|  |TAMS 0x0000000082000000, 0x0000000081f00000| Complete 
|  32|0x0000000082000000, 0x0000000082100000, 0x0000000082100000|100%|HS|  |TAMS 0x0000000082100000, 0x0000000082000000| Complete 
|  33|0x0000000082100000, 0x0000000082200000, 0x0000000082200000|100%|HS|  |TAMS 0x0000000082200000, 0x0000000082100000| Complete 
|  34|0x0000000082200000, 0x0000000082300000, 0x0000000082300000|100%|HC|  |TAMS 0x0000000082300000, 0x0000000082200000| Complete 
|  35|0x0000000082300000, 0x0000000082400000, 0x0000000082400000|100%|HC|  |TAMS 0x0000000082400000, 0x0000000082300000| Complete 
|  36|0x0000000082400000, 0x0000000082500000, 0x0000000082500000|100%|HC|  |TAMS 0x0000000082500000, 0x0000000082400000| Complete 
|  37|0x0000000082500000, 0x0000000082600000, 0x0000000082600000|100%| O|  |TAMS 0x0000000082600000, 0x0000000082500000| Untracked 
|  38|0x0000000082600000, 0x0000000082700000, 0x0000000082700000|100%| O|  |TAMS 0x0000000082700000, 0x0000000082600000| Untracked 
|  39|0x0000000082700000, 0x0000000082800000, 0x0000000082800000|100%| O|  |TAMS 0x00000000827b0e00, 0x0000000082700000| Untracked 
|  40|0x0000000082800000, 0x0000000082900000, 0x0000000082900000|100%| O|  |TAMS 0x0000000082800000, 0x0000000082800000| Untracked 
|  41|0x0000000082900000, 0x0000000082a00000, 0x0000000082a00000|100%| O|  |TAMS 0x0000000082900000, 0x0000000082900000| Untracked 
|  42|0x0000000082a00000, 0x0000000082b00000, 0x0000000082b00000|100%| O|  |TAMS 0x0000000082a00000, 0x0000000082a00000| Untracked 
|  43|0x0000000082b00000, 0x0000000082c00000, 0x0000000082c00000|100%| O|  |TAMS 0x0000000082b00000, 0x0000000082b00000| Untracked 
|  44|0x0000000082c00000, 0x0000000082d00000, 0x0000000082d00000|100%| O|  |TAMS 0x0000000082c00000, 0x0000000082c00000| Untracked 
|  45|0x0000000082d00000, 0x0000000082e00000, 0x0000000082e00000|100%| O|  |TAMS 0x0000000082d00000, 0x0000000082d00000| Untracked 
|  46|0x0000000082e00000, 0x0000000082f00000, 0x0000000082f00000|100%| O|  |TAMS 0x0000000082e00000, 0x0000000082e00000| Untracked 
|  47|0x0000000082f00000, 0x0000000083000000, 0x0000000083000000|100%| O|  |TAMS 0x0000000082f00000, 0x0000000082f00000| Untracked 
|  48|0x0000000083000000, 0x0000000083100000, 0x0000000083100000|100%| O|  |TAMS 0x0000000083000000, 0x0000000083000000| Untracked 
|  49|0x0000000083100000, 0x0000000083200000, 0x0000000083200000|100%| O|  |TAMS 0x0000000083100000, 0x0000000083100000| Untracked 
|  50|0x0000000083200000, 0x0000000083300000, 0x0000000083300000|100%| O|  |TAMS 0x0000000083200000, 0x0000000083200000| Untracked 
|  51|0x0000000083300000, 0x0000000083400000, 0x0000000083400000|100%| O|  |TAMS 0x0000000083300000, 0x0000000083300000| Untracked 
|  52|0x0000000083400000, 0x0000000083500000, 0x0000000083500000|100%| O|  |TAMS 0x0000000083400000, 0x0000000083400000| Untracked 
|  53|0x0000000083500000, 0x0000000083600000, 0x0000000083600000|100%| O|  |TAMS 0x0000000083500000, 0x0000000083500000| Untracked 
|  54|0x0000000083600000, 0x0000000083700000, 0x0000000083700000|100%| O|  |TAMS 0x0000000083600000, 0x0000000083600000| Untracked 
|  55|0x0000000083700000, 0x0000000083800000, 0x0000000083800000|100%| O|  |TAMS 0x0000000083700000, 0x0000000083700000| Untracked 
|  56|0x0000000083800000, 0x0000000083900000, 0x0000000083900000|100%| O|  |TAMS 0x0000000083800000, 0x0000000083800000| Untracked 
|  57|0x0000000083900000, 0x0000000083a00000, 0x0000000083a00000|100%| O|  |TAMS 0x0000000083900000, 0x0000000083900000| Untracked 
|  58|0x0000000083a00000, 0x0000000083a00000, 0x0000000083b00000|  0%| F|  |TAMS 0x0000000083a00000, 0x0000000083a00000| Untracked 
|  59|0x0000000083b00000, 0x0000000083c00000, 0x0000000083c00000|100%| O|  |TAMS 0x0000000083b00000, 0x0000000083b00000| Untracked 
|  60|0x0000000083c00000, 0x0000000083d00000, 0x0000000083d00000|100%| O|  |TAMS 0x0000000083c00000, 0x0000000083c00000| Untracked 
|  61|0x0000000083d00000, 0x0000000083e00000, 0x0000000083e00000|100%| O|  |TAMS 0x0000000083d00000, 0x0000000083d00000| Untracked 
|  62|0x0000000083e00000, 0x0000000083e00000, 0x0000000083f00000|  0%| F|  |TAMS 0x0000000083e00000, 0x0000000083e00000| Untracked 
|  63|0x0000000083f00000, 0x0000000083f00000, 0x0000000084000000|  0%| F|  |TAMS 0x0000000083f00000, 0x0000000083f00000| Untracked 
|  64|0x0000000084000000, 0x0000000084000000, 0x0000000084100000|  0%| F|  |TAMS 0x0000000084000000, 0x0000000084000000| Untracked 
|  65|0x0000000084100000, 0x0000000084100000, 0x0000000084200000|  0%| F|  |TAMS 0x0000000084100000, 0x0000000084100000| Untracked 
|  66|0x0000000084200000, 0x0000000084200000, 0x0000000084300000|  0%| F|  |TAMS 0x0000000084200000, 0x0000000084200000| Untracked 
|  67|0x0000000084300000, 0x0000000084300000, 0x0000000084400000|  0%| F|  |TAMS 0x0000000084300000, 0x0000000084300000| Untracked 
|  68|0x0000000084400000, 0x0000000084400000, 0x0000000084500000|  0%| F|  |TAMS 0x0000000084400000, 0x0000000084400000| Untracked 
|  69|0x0000000084500000, 0x0000000084500000, 0x0000000084600000|  0%| F|  |TAMS 0x0000000084500000, 0x0000000084500000| Untracked 
|  70|0x0000000084600000, 0x0000000084600000, 0x0000000084700000|  0%| F|  |TAMS 0x0000000084600000, 0x0000000084600000| Untracked 
|  71|0x0000000084700000, 0x0000000084700000, 0x0000000084800000|  0%| F|  |TAMS 0x0000000084700000, 0x0000000084700000| Untracked 
|  72|0x0000000084800000, 0x0000000084800000, 0x0000000084900000|  0%| F|  |TAMS 0x0000000084800000, 0x0000000084800000| Untracked 
|  73|0x0000000084900000, 0x0000000084900000, 0x0000000084a00000|  0%| F|  |TAMS 0x0000000084900000, 0x0000000084900000| Untracked 
|  74|0x0000000084a00000, 0x0000000084a00000, 0x0000000084b00000|  0%| F|  |TAMS 0x0000000084a00000, 0x0000000084a00000| Untracked 
|  75|0x0000000084b00000, 0x0000000084b00000, 0x0000000084c00000|  0%| F|  |TAMS 0x0000000084b00000, 0x0000000084b00000| Untracked 
|  76|0x0000000084c00000, 0x0000000084c00000, 0x0000000084d00000|  0%| F|  |TAMS 0x0000000084c00000, 0x0000000084c00000| Untracked 
|  77|0x0000000084d00000, 0x0000000084d00000, 0x0000000084e00000|  0%| F|  |TAMS 0x0000000084d00000, 0x0000000084d00000| Untracked 
|  78|0x0000000084e00000, 0x0000000084e00000, 0x0000000084f00000|  0%| F|  |TAMS 0x0000000084e00000, 0x0000000084e00000| Untracked 
|  79|0x0000000084f00000, 0x0000000084f00000, 0x0000000085000000|  0%| F|  |TAMS 0x0000000084f00000, 0x0000000084f00000| Untracked 
|  80|0x0000000085000000, 0x00000000850e1888, 0x0000000085100000| 88%| S|CS|TAMS 0x0000000085000000, 0x0000000085000000| Complete 
|  81|0x0000000085100000, 0x0000000085100000, 0x0000000085200000|  0%| F|  |TAMS 0x0000000085100000, 0x0000000085100000| Untracked 
|  82|0x0000000085200000, 0x0000000085200000, 0x0000000085300000|  0%| F|  |TAMS 0x0000000085200000, 0x0000000085200000| Untracked 
|  83|0x0000000085300000, 0x0000000085300000, 0x0000000085400000|  0%| F|  |TAMS 0x0000000085300000, 0x0000000085300000| Untracked 
|  84|0x0000000085400000, 0x0000000085400000, 0x0000000085500000|  0%| F|  |TAMS 0x0000000085400000, 0x0000000085400000| Untracked 
|  85|0x0000000085500000, 0x0000000085500000, 0x0000000085600000|  0%| F|  |TAMS 0x0000000085500000, 0x0000000085500000| Untracked 
|  86|0x0000000085600000, 0x0000000085700000, 0x0000000085700000|100%| S|CS|TAMS 0x0000000085600000, 0x0000000085600000| Complete 
|  87|0x0000000085700000, 0x0000000085800000, 0x0000000085800000|100%| S|CS|TAMS 0x0000000085700000, 0x0000000085700000| Complete 
|  88|0x0000000085800000, 0x0000000085900000, 0x0000000085900000|100%| S|CS|TAMS 0x0000000085800000, 0x0000000085800000| Complete 
|  89|0x0000000085900000, 0x0000000085a00000, 0x0000000085a00000|100%| S|CS|TAMS 0x0000000085900000, 0x0000000085900000| Complete 
|  90|0x0000000085a00000, 0x0000000085a00000, 0x0000000085b00000|  0%| F|  |TAMS 0x0000000085a00000, 0x0000000085a00000| Untracked 
|  91|0x0000000085b00000, 0x0000000085b00000, 0x0000000085c00000|  0%| F|  |TAMS 0x0000000085b00000, 0x0000000085b00000| Untracked 
|  92|0x0000000085c00000, 0x0000000085d00000, 0x0000000085d00000|100%| S|CS|TAMS 0x0000000085c00000, 0x0000000085c00000| Complete 
|  93|0x0000000085d00000, 0x0000000085d00000, 0x0000000085e00000|  0%| F|  |TAMS 0x0000000085d00000, 0x0000000085d00000| Untracked 
|  94|0x0000000085e00000, 0x0000000085e00000, 0x0000000085f00000|  0%| F|  |TAMS 0x0000000085e00000, 0x0000000085e00000| Untracked 
|  95|0x0000000085f00000, 0x0000000085f00000, 0x0000000086000000|  0%| F|  |TAMS 0x0000000085f00000, 0x0000000085f00000| Untracked 
|  96|0x0000000086000000, 0x0000000086000000, 0x0000000086100000|  0%| F|  |TAMS 0x0000000086000000, 0x0000000086000000| Untracked 
|  97|0x0000000086100000, 0x0000000086100000, 0x0000000086200000|  0%| F|  |TAMS 0x0000000086100000, 0x0000000086100000| Untracked 
|  98|0x0000000086200000, 0x0000000086200000, 0x0000000086300000|  0%| F|  |TAMS 0x0000000086200000, 0x0000000086200000| Untracked 
|  99|0x0000000086300000, 0x0000000086300000, 0x0000000086400000|  0%| F|  |TAMS 0x0000000086300000, 0x0000000086300000| Untracked 
| 100|0x0000000086400000, 0x0000000086400000, 0x0000000086500000|  0%| F|  |TAMS 0x0000000086400000, 0x0000000086400000| Untracked 
| 101|0x0000000086500000, 0x0000000086500000, 0x0000000086600000|  0%| F|  |TAMS 0x0000000086500000, 0x0000000086500000| Untracked 
| 102|0x0000000086600000, 0x0000000086600000, 0x0000000086700000|  0%| F|  |TAMS 0x0000000086600000, 0x0000000086600000| Untracked 
| 103|0x0000000086700000, 0x0000000086700000, 0x0000000086800000|  0%| F|  |TAMS 0x0000000086700000, 0x0000000086700000| Untracked 
| 104|0x0000000086800000, 0x0000000086800000, 0x0000000086900000|  0%| F|  |TAMS 0x0000000086800000, 0x0000000086800000| Untracked 
| 105|0x0000000086900000, 0x0000000086900000, 0x0000000086a00000|  0%| F|  |TAMS 0x0000000086900000, 0x0000000086900000| Untracked 
| 106|0x0000000086a00000, 0x0000000086a00000, 0x0000000086b00000|  0%| F|  |TAMS 0x0000000086a00000, 0x0000000086a00000| Untracked 
| 107|0x0000000086b00000, 0x0000000086b00000, 0x0000000086c00000|  0%| F|  |TAMS 0x0000000086b00000, 0x0000000086b00000| Untracked 
| 108|0x0000000086c00000, 0x0000000086c00000, 0x0000000086d00000|  0%| F|  |TAMS 0x0000000086c00000, 0x0000000086c00000| Untracked 
| 109|0x0000000086d00000, 0x0000000086e00000, 0x0000000086e00000|100%| E|  |TAMS 0x0000000086d00000, 0x0000000086d00000| Complete 
| 110|0x0000000086e00000, 0x0000000086f00000, 0x0000000086f00000|100%| E|CS|TAMS 0x0000000086e00000, 0x0000000086e00000| Complete 
| 111|0x0000000086f00000, 0x0000000087000000, 0x0000000087000000|100%| E|CS|TAMS 0x0000000086f00000, 0x0000000086f00000| Complete 
| 112|0x0000000087000000, 0x0000000087100000, 0x0000000087100000|100%| E|CS|TAMS 0x0000000087000000, 0x0000000087000000| Complete 
| 113|0x0000000087100000, 0x0000000087200000, 0x0000000087200000|100%| E|CS|TAMS 0x0000000087100000, 0x0000000087100000| Complete 
| 114|0x0000000087200000, 0x0000000087300000, 0x0000000087300000|100%| E|CS|TAMS 0x0000000087200000, 0x0000000087200000| Complete 
| 115|0x0000000087300000, 0x0000000087400000, 0x0000000087400000|100%| E|CS|TAMS 0x0000000087300000, 0x0000000087300000| Complete 
| 116|0x0000000087400000, 0x0000000087500000, 0x0000000087500000|100%| E|CS|TAMS 0x0000000087400000, 0x0000000087400000| Complete 
| 117|0x0000000087500000, 0x0000000087600000, 0x0000000087600000|100%| E|CS|TAMS 0x0000000087500000, 0x0000000087500000| Complete 
| 118|0x0000000087600000, 0x0000000087700000, 0x0000000087700000|100%| E|CS|TAMS 0x0000000087600000, 0x0000000087600000| Complete 
| 119|0x0000000087700000, 0x0000000087800000, 0x0000000087800000|100%| E|CS|TAMS 0x0000000087700000, 0x0000000087700000| Complete 
| 120|0x0000000087800000, 0x0000000087900000, 0x0000000087900000|100%| E|CS|TAMS 0x0000000087800000, 0x0000000087800000| Complete 
| 121|0x0000000087900000, 0x0000000087a00000, 0x0000000087a00000|100%| E|CS|TAMS 0x0000000087900000, 0x0000000087900000| Complete 
| 122|0x0000000087a00000, 0x0000000087b00000, 0x0000000087b00000|100%| E|CS|TAMS 0x0000000087a00000, 0x0000000087a00000| Complete 
| 123|0x0000000087b00000, 0x0000000087c00000, 0x0000000087c00000|100%| E|CS|TAMS 0x0000000087b00000, 0x0000000087b00000| Complete 
| 124|0x0000000087c00000, 0x0000000087d00000, 0x0000000087d00000|100%| E|CS|TAMS 0x0000000087c00000, 0x0000000087c00000| Complete 
| 125|0x0000000087d00000, 0x0000000087e00000, 0x0000000087e00000|100%| E|CS|TAMS 0x0000000087d00000, 0x0000000087d00000| Complete 
| 126|0x0000000087e00000, 0x0000000087f00000, 0x0000000087f00000|100%| E|CS|TAMS 0x0000000087e00000, 0x0000000087e00000| Complete 
| 127|0x0000000087f00000, 0x0000000088000000, 0x0000000088000000|100%| E|CS|TAMS 0x0000000087f00000, 0x0000000087f00000| Complete 
| 128|0x0000000088000000, 0x0000000088100000, 0x0000000088100000|100%| E|CS|TAMS 0x0000000088000000, 0x0000000088000000| Complete 
| 129|0x0000000088100000, 0x0000000088200000, 0x0000000088200000|100%| E|CS|TAMS 0x0000000088100000, 0x0000000088100000| Complete 
| 130|0x0000000088200000, 0x0000000088300000, 0x0000000088300000|100%| E|CS|TAMS 0x0000000088200000, 0x0000000088200000| Complete 
| 131|0x0000000088300000, 0x0000000088400000, 0x0000000088400000|100%| E|CS|TAMS 0x0000000088300000, 0x0000000088300000| Complete 
| 132|0x0000000088400000, 0x0000000088500000, 0x0000000088500000|100%| E|CS|TAMS 0x0000000088400000, 0x0000000088400000| Complete 
| 133|0x0000000088500000, 0x0000000088600000, 0x0000000088600000|100%| E|CS|TAMS 0x0000000088500000, 0x0000000088500000| Complete 
| 134|0x0000000088600000, 0x0000000088700000, 0x0000000088700000|100%| E|CS|TAMS 0x0000000088600000, 0x0000000088600000| Complete 
| 135|0x0000000088700000, 0x0000000088800000, 0x0000000088800000|100%| E|CS|TAMS 0x0000000088700000, 0x0000000088700000| Complete 
| 136|0x0000000088800000, 0x0000000088900000, 0x0000000088900000|100%| E|CS|TAMS 0x0000000088800000, 0x0000000088800000| Complete 
| 137|0x0000000088900000, 0x0000000088a00000, 0x0000000088a00000|100%| E|CS|TAMS 0x0000000088900000, 0x0000000088900000| Complete 

Card table byte_map: [0x000002a1711c0000,0x000002a1715c0000] _byte_map_base: 0x000002a170dc0000

Marking Bits (Prev, Next): (CMBitMap*) 0x000002a15e947a30, (CMBitMap*) 0x000002a15e9479f0
 Prev Bits: [0x000002a1739c0000, 0x000002a1759c0000)
 Next Bits: [0x000002a1719c0000, 0x000002a1739c0000)

Polling page: 0x000002a15c850000

Metaspace:

Usage:
  Non-class:     70.71 MB used.
      Class:     11.10 MB used.
       Both:     81.81 MB used.

Virtual space:
  Non-class space:       72.00 MB reserved,      71.06 MB ( 99%) committed,  9 nodes.
      Class space:        1.00 GB reserved,      11.38 MB (  1%) committed,  1 nodes.
             Both:        1.07 GB reserved,      82.44 MB (  8%) committed. 

Chunk freelists:
   Non-Class:  816.00 KB
       Class:  464.00 KB
        Both:  1.25 MB

MaxMetaspaceSize: unlimited
CompressedClassSpaceSize: 1.00 GB
Initial GC threshold: 21.00 MB
Current GC threshold: 99.00 MB
CDS: off
MetaspaceReclaimPolicy: balanced
 - commit_granule_bytes: 65536.
 - commit_granule_words: 8192.
 - virtual_space_node_default_size: 1048576.
 - enlarge_chunks_in_place: 1.
 - new_chunks_are_fully_committed: 0.
 - uncommit_free_chunks: 1.
 - use_allocation_guard: 0.
 - handle_deallocations: 1.


Internal statistics:

num_allocs_failed_limit: 11.
num_arena_births: 792.
num_arena_deaths: 0.
num_vsnodes_births: 10.
num_vsnodes_deaths: 0.
num_space_committed: 1319.
num_space_uncommitted: 0.
num_chunks_returned_to_freelist: 11.
num_chunks_taken_from_freelist: 3713.
num_chunk_merges: 6.
num_chunk_splits: 2534.
num_chunks_enlarged: 1786.
num_purges: 0.
num_inconsistent_stats: 0.

CodeHeap 'non-profiled nmethods': size=120000Kb used=4241Kb max_used=4241Kb free=115758Kb
 bounds [0x000002a169890000, 0x000002a169cc0000, 0x000002a170dc0000]
CodeHeap 'profiled nmethods': size=120000Kb used=14485Kb max_used=14504Kb free=105514Kb
 bounds [0x000002a161dc0000, 0x000002a162bf0000, 0x000002a1692f0000]
CodeHeap 'non-nmethods': size=5760Kb used=2376Kb max_used=2441Kb free=3383Kb
 bounds [0x000002a1692f0000, 0x000002a169560000, 0x000002a169890000]
 total_blobs=8468 nmethods=7560 adapters=820
 compilation: enabled
              stopped_count=0, restarted_count=0
 full_count=0

Compilation events (20 events):
Event: 16.332 Thread 0x000002a178815d50 nmethod 8390 0x000002a162bba710 code [0x000002a162bbaa40, 0x000002a162bbbd58]
Event: 16.332 Thread 0x000002a178815d50 8392       3       kotlin.collections.ArraysKt___ArraysKt::filterNotNullTo (50 bytes)
Event: 16.333 Thread 0x000002a178815d50 nmethod 8392 0x000002a162bbc290 code [0x000002a162bbc540, 0x000002a162bbd108]
Event: 16.333 Thread 0x000002a178815d50 8393       3       org.gradle.model.internal.type.ClassTypeWrapper::<init> (31 bytes)
Event: 16.334 Thread 0x000002a178815d50 nmethod 8393 0x000002a162bbd590 code [0x000002a162bbd7c0, 0x000002a162bbe038]
Event: 16.341 Thread 0x000002a178815d50 8394       1       com.android.build.gradle.internal.core.dsl.impl.ComponentDslInfoImpl::getComponentType (5 bytes)
Event: 16.341 Thread 0x000002a178815d50 nmethod 8394 0x000002a169ca8d90 code [0x000002a169ca8f20, 0x000002a169ca8ff8]
Event: 16.365 Thread 0x000002a178815d50 8395       1       com.google.common.collect.SingletonImmutableList::size (2 bytes)
Event: 16.365 Thread 0x000002a178815d50 nmethod 8395 0x000002a169ca9090 code [0x000002a169ca9220, 0x000002a169ca92f8]
Event: 16.368 Thread 0x000002a178815d50 8396       3       com.google.common.collect.ImmutableMap$Builder::ensureCapacity (38 bytes)
Event: 16.369 Thread 0x000002a178815d50 nmethod 8396 0x000002a162bbe310 code [0x000002a162bbe4e0, 0x000002a162bbe898]
Event: 16.372 Thread 0x000002a178815d50 8397       3       java.lang.invoke.DelegatingMethodHandle$Holder::reinvoke_L (20 bytes)
Event: 16.373 Thread 0x000002a178815d50 nmethod 8397 0x000002a162bbea10 code [0x000002a162bbebe0, 0x000002a162bbf018]
Event: 16.375 Thread 0x000002a178815d50 8399       3       org.gradle.model.internal.asm.AsmClassGenerator::<init> (88 bytes)
Event: 16.377 Thread 0x000002a178815d50 nmethod 8399 0x000002a162bbf110 code [0x000002a162bbf480, 0x000002a162bc0668]
Event: 16.377 Thread 0x000002a178815d50 8400       3       org.gradle.model.internal.asm.ClassVisitorScope::<init> (8 bytes)
Event: 16.377 Thread 0x000002a178815d50 nmethod 8400 0x000002a162bc0d10 code [0x000002a162bc0ea0, 0x000002a162bc0fe8]
Event: 16.377 Thread 0x000002a178815d50 8401       3       org.objectweb.asm.ClassVisitor::visit (50 bytes)
Event: 16.377 Thread 0x000002a178815d50 nmethod 8401 0x000002a162bc1090 code [0x000002a162bc1260, 0x000002a162bc15b8]
Event: 16.379 Thread 0x000002a178815d50 8402       3       org.gradle.internal.instantiation.generator.AbstractClassGenerator$ManagedPropertiesHandler::<init> (55 bytes)

GC Heap History (20 events):
Event: 4.653 GC heap before
{Heap before GC invocations=8 (full 0):
 garbage-first heap   total 71680K, used 44684K [0x0000000080000000, 0x0000000100000000)
  region size 1024K, 26 young (26624K), 2 survivors (2048K)
 Metaspace       used 35597K, committed 35968K, reserved 1081344K
  class space    used 4874K, committed 5056K, reserved 1048576K
}
Event: 4.660 GC heap after
{Heap after GC invocations=9 (full 0):
 garbage-first heap   total 71680K, used 24139K [0x0000000080000000, 0x0000000100000000)
  region size 1024K, 4 young (4096K), 4 survivors (4096K)
 Metaspace       used 35597K, committed 35968K, reserved 1081344K
  class space    used 4874K, committed 5056K, reserved 1048576K
}
Event: 5.229 GC heap before
{Heap before GC invocations=10 (full 0):
 garbage-first heap   total 71680K, used 52811K [0x0000000080000000, 0x0000000100000000)
  region size 1024K, 33 young (33792K), 4 survivors (4096K)
 Metaspace       used 40381K, committed 40704K, reserved 1089536K
  class space    used 5353K, committed 5504K, reserved 1048576K
}
Event: 5.310 GC heap after
{Heap after GC invocations=11 (full 0):
 garbage-first heap   total 71680K, used 28221K [0x0000000080000000, 0x0000000100000000)
  region size 1024K, 5 young (5120K), 5 survivors (5120K)
 Metaspace       used 40381K, committed 40704K, reserved 1089536K
  class space    used 5353K, committed 5504K, reserved 1048576K
}
Event: 5.334 GC heap before
{Heap before GC invocations=11 (full 0):
 garbage-first heap   total 71680K, used 29245K [0x0000000080000000, 0x0000000100000000)
  region size 1024K, 6 young (6144K), 5 survivors (5120K)
 Metaspace       used 40410K, committed 40768K, reserved 1089536K
  class space    used 5355K, committed 5504K, reserved 1048576K
}
Event: 5.345 GC heap after
{Heap after GC invocations=12 (full 0):
 garbage-first heap   total 141312K, used 29023K [0x0000000080000000, 0x0000000100000000)
  region size 1024K, 1 young (1024K), 1 survivors (1024K)
 Metaspace       used 40410K, committed 40768K, reserved 1089536K
  class space    used 5355K, committed 5504K, reserved 1048576K
}
Event: 6.731 GC heap before
{Heap before GC invocations=12 (full 0):
 garbage-first heap   total 141312K, used 99679K [0x0000000080000000, 0x0000000100000000)
  region size 1024K, 66 young (67584K), 1 survivors (1024K)
 Metaspace       used 48694K, committed 49088K, reserved 1097728K
  class space    used 6481K, committed 6656K, reserved 1048576K
}
Event: 6.740 GC heap after
{Heap after GC invocations=13 (full 0):
 garbage-first heap   total 141312K, used 32772K [0x0000000080000000, 0x0000000100000000)
  region size 1024K, 5 young (5120K), 5 survivors (5120K)
 Metaspace       used 48694K, committed 49088K, reserved 1097728K
  class space    used 6481K, committed 6656K, reserved 1048576K
}
Event: 8.437 GC heap before
{Heap before GC invocations=13 (full 0):
 garbage-first heap   total 141312K, used 112644K [0x0000000080000000, 0x0000000100000000)
  region size 1024K, 74 young (75776K), 5 survivors (5120K)
 Metaspace       used 53553K, committed 54080K, reserved 1097728K
  class space    used 7132K, committed 7360K, reserved 1048576K
}
Event: 8.450 GC heap after
{Heap after GC invocations=14 (full 0):
 garbage-first heap   total 141312K, used 50883K [0x0000000080000000, 0x0000000100000000)
  region size 1024K, 10 young (10240K), 10 survivors (10240K)
 Metaspace       used 53553K, committed 54080K, reserved 1097728K
  class space    used 7132K, committed 7360K, reserved 1048576K
}
Event: 9.547 GC heap before
{Heap before GC invocations=14 (full 0):
 garbage-first heap   total 141312K, used 96963K [0x0000000080000000, 0x0000000100000000)
  region size 1024K, 55 young (56320K), 10 survivors (10240K)
 Metaspace       used 59929K, committed 60480K, reserved 1105920K
  class space    used 7930K, committed 8192K, reserved 1048576K
}
Event: 9.562 GC heap after
{Heap after GC invocations=15 (full 0):
 garbage-first heap   total 141312K, used 54622K [0x0000000080000000, 0x0000000100000000)
  region size 1024K, 4 young (4096K), 4 survivors (4096K)
 Metaspace       used 59929K, committed 60480K, reserved 1105920K
  class space    used 7930K, committed 8192K, reserved 1048576K
}
Event: 10.860 GC heap before
{Heap before GC invocations=16 (full 0):
 garbage-first heap   total 141312K, used 111966K [0x0000000080000000, 0x0000000100000000)
  region size 1024K, 54 young (55296K), 4 survivors (4096K)
 Metaspace       used 66123K, committed 66688K, reserved 1114112K
  class space    used 8773K, committed 9024K, reserved 1048576K
}
Event: 10.875 GC heap after
{Heap after GC invocations=17 (full 0):
 garbage-first heap   total 141312K, used 58644K [0x0000000080000000, 0x0000000100000000)
  region size 1024K, 7 young (7168K), 7 survivors (7168K)
 Metaspace       used 66123K, committed 66688K, reserved 1114112K
  class space    used 8773K, committed 9024K, reserved 1048576K
}
Event: 13.120 GC heap before
{Heap before GC invocations=17 (full 0):
 garbage-first heap   total 141312K, used 107796K [0x0000000080000000, 0x0000000100000000)
  region size 1024K, 55 young (56320K), 7 survivors (7168K)
 Metaspace       used 71012K, committed 71616K, reserved 1114112K
  class space    used 9401K, committed 9728K, reserved 1048576K
}
Event: 13.135 GC heap after
{Heap after GC invocations=18 (full 0):
 garbage-first heap   total 141312K, used 62791K [0x0000000080000000, 0x0000000100000000)
  region size 1024K, 4 young (4096K), 4 survivors (4096K)
 Metaspace       used 71012K, committed 71616K, reserved 1114112K
  class space    used 9401K, committed 9728K, reserved 1048576K
}
Event: 14.782 GC heap before
{Heap before GC invocations=18 (full 0):
 garbage-first heap   total 141312K, used 108871K [0x0000000080000000, 0x0000000100000000)
  region size 1024K, 50 young (51200K), 4 survivors (4096K)
 Metaspace       used 75494K, committed 76096K, reserved 1122304K
  class space    used 9996K, committed 10304K, reserved 1048576K
}
Event: 14.800 GC heap after
{Heap after GC invocations=19 (full 0):
 garbage-first heap   total 141312K, used 65798K [0x0000000080000000, 0x0000000100000000)
  region size 1024K, 7 young (7168K), 7 survivors (7168K)
 Metaspace       used 75494K, committed 76096K, reserved 1122304K
  class space    used 9996K, committed 10304K, reserved 1048576K
}
Event: 15.865 GC heap before
{Heap before GC invocations=19 (full 0):
 garbage-first heap   total 141312K, used 112902K [0x0000000080000000, 0x0000000100000000)
  region size 1024K, 52 young (53248K), 7 survivors (7168K)
 Metaspace       used 80770K, committed 81408K, reserved 1122304K
  class space    used 10917K, committed 11200K, reserved 1048576K
}
Event: 15.879 GC heap after
{Heap after GC invocations=20 (full 0):
 garbage-first heap   total 141312K, used 68486K [0x0000000080000000, 0x0000000100000000)
  region size 1024K, 6 young (6144K), 6 survivors (6144K)
 Metaspace       used 80770K, committed 81408K, reserved 1122304K
  class space    used 10917K, committed 11200K, reserved 1048576K
}

Dll operation events (2 events):
Event: 0.005 Loaded shared library D:\Android\jbr\bin\java.dll
Event: 0.431 Loaded shared library D:\Android\jbr\bin\verify.dll

Deoptimization events (20 events):
Event: 15.342 Thread 0x000002a17880ec30 DEOPT PACKING pc=0x000002a169946a94 sp=0x000000e2607f74e0
Event: 15.342 Thread 0x000002a17880ec30 DEOPT UNPACKING pc=0x000002a1693469a3 sp=0x000000e2607f7490 mode 2
Event: 15.343 Thread 0x000002a17880ec30 Uncommon trap: trap_request=0xffffff45 fr.pc=0x000002a1698dc6d0 relative=0x0000000000000510
Event: 15.343 Thread 0x000002a17880ec30 Uncommon trap: reason=unstable_if action=reinterpret pc=0x000002a1698dc6d0 method=java.lang.AbstractStringBuilder.putStringAt(ILjava/lang/String;II)V @ 8 c2
Event: 15.343 Thread 0x000002a17880ec30 DEOPT PACKING pc=0x000002a1698dc6d0 sp=0x000000e2607f75c0
Event: 15.343 Thread 0x000002a17880ec30 DEOPT UNPACKING pc=0x000002a1693469a3 sp=0x000000e2607f74a0 mode 2
Event: 15.343 Thread 0x000002a17880ec30 Uncommon trap: trap_request=0xffffff45 fr.pc=0x000002a1698c4954 relative=0x0000000000000134
Event: 15.343 Thread 0x000002a17880ec30 Uncommon trap: reason=unstable_if action=reinterpret pc=0x000002a1698c4954 method=java.lang.AbstractStringBuilder.putStringAt(ILjava/lang/String;II)V @ 8 c2
Event: 15.343 Thread 0x000002a17880ec30 DEOPT PACKING pc=0x000002a1698c4954 sp=0x000000e2607f7540
Event: 15.343 Thread 0x000002a17880ec30 DEOPT UNPACKING pc=0x000002a1693469a3 sp=0x000000e2607f7488 mode 2
Event: 15.512 Thread 0x000002a17880ec30 Uncommon trap: trap_request=0xffffffdc fr.pc=0x000002a169c75340 relative=0x00000000000002a0
Event: 15.512 Thread 0x000002a17880ec30 Uncommon trap: reason=class_check action=make_not_entrant pc=0x000002a169c75340 method=java.util.ArrayList.toArray([Ljava/lang/Object;)[Ljava/lang/Object; @ 21 c2
Event: 15.512 Thread 0x000002a17880ec30 DEOPT PACKING pc=0x000002a169c75340 sp=0x000000e2607f8d40
Event: 15.512 Thread 0x000002a17880ec30 DEOPT UNPACKING pc=0x000002a1693469a3 sp=0x000000e2607f8d10 mode 2
Event: 15.931 Thread 0x000002a17880ec30 Uncommon trap: trap_request=0xffffff45 fr.pc=0x000002a169b608cc relative=0x000000000000028c
Event: 15.931 Thread 0x000002a17880ec30 Uncommon trap: reason=unstable_if action=reinterpret pc=0x000002a169b608cc method=java.io.WinNTFileSystem.prefixLength(Ljava/lang/String;)I @ 11 c2
Event: 15.931 Thread 0x000002a17880ec30 DEOPT PACKING pc=0x000002a169b608cc sp=0x000000e2607f8cc0
Event: 15.931 Thread 0x000002a17880ec30 DEOPT UNPACKING pc=0x000002a1693469a3 sp=0x000000e2607f8c40 mode 2
Event: 15.942 Thread 0x000002a17880ec30 DEOPT PACKING pc=0x000002a1629469ae sp=0x000000e2607f86c0
Event: 15.942 Thread 0x000002a17880ec30 DEOPT UNPACKING pc=0x000002a169347143 sp=0x000000e2607f7c60 mode 0

Classes unloaded (0 events):
No events

Classes redefined (0 events):
No events

Internal exceptions (20 events):
Event: 13.103 Thread 0x000002a17880ec30 Exception <a 'java/lang/ClassNotFoundException'{0x0000000085a24370}: org/jetbrains/kotlin/gradle/targets/js/npm/NpmDependencyExtensionDelegateBeanInfo> (0x0000000085a24370) 
thrown [s\src\hotspot\share\classfile\systemDictionary.cpp, line 256]
Event: 13.104 Thread 0x000002a17880ec30 Exception <a 'java/lang/ClassNotFoundException'{0x0000000085a2f9f0}: org/jetbrains/kotlin/gradle/targets/js/npm/NpmDependencyExtensionDelegateCustomizer> (0x0000000085a2f9f0) 
thrown [s\src\hotspot\share\classfile\systemDictionary.cpp, line 256]
Event: 13.105 Thread 0x000002a17880ec30 Exception <a 'java/lang/ClassNotFoundException'{0x0000000085a52d68}: org/jetbrains/kotlin/gradle/targets/js/npm/NpmDependencyExtensionKt$defaultNpmDependencyDelegate$1Customizer> (0x0000000085a52d68) 
thrown [s\src\hotspot\share\classfile\systemDictionary.cpp, line 256]
Event: 13.110 Thread 0x000002a17880ec30 Exception <a 'java/lang/ClassNotFoundException'{0x0000000085a8d738}: org/jetbrains/kotlin/gradle/targets/js/npm/DefaultDevNpmDependencyExtensionBeanInfo> (0x0000000085a8d738) 
thrown [s\src\hotspot\share\classfile\systemDictionary.cpp, line 256]
Event: 13.110 Thread 0x000002a17880ec30 Exception <a 'java/lang/ClassNotFoundException'{0x0000000085a98dc0}: org/jetbrains/kotlin/gradle/targets/js/npm/DefaultDevNpmDependencyExtensionCustomizer> (0x0000000085a98dc0) 
thrown [s\src\hotspot\share\classfile\systemDictionary.cpp, line 256]
Event: 13.116 Thread 0x000002a17880ec30 Exception <a 'java/lang/ClassNotFoundException'{0x0000000085ad7848}: org/jetbrains/kotlin/gradle/targets/js/npm/DefaultPeerNpmDependencyExtensionBeanInfo> (0x0000000085ad7848) 
thrown [s\src\hotspot\share\classfile\systemDictionary.cpp, line 256]
Event: 13.117 Thread 0x000002a17880ec30 Exception <a 'java/lang/ClassNotFoundException'{0x0000000085ae2f00}: org/jetbrains/kotlin/gradle/targets/js/npm/DefaultPeerNpmDependencyExtensionCustomizer> (0x0000000085ae2f00) 
thrown [s\src\hotspot\share\classfile\systemDictionary.cpp, line 256]
Event: 13.140 Thread 0x000002a17880ec30 Exception <a 'java/lang/ClassNotFoundException'{0x000000008892e940}: org/jetbrains/kotlin/gradle/targets/js/npm/DefaultPeerNpmDependencyExtension$delegate$1BeanInfo> (0x000000008892e940) 
thrown [s\src\hotspot\share\classfile\systemDictionary.cpp, line 256]
Event: 13.141 Thread 0x000002a17880ec30 Exception <a 'java/lang/ClassNotFoundException'{0x000000008893a1c0}: org/jetbrains/kotlin/gradle/targets/js/npm/DefaultPeerNpmDependencyExtension$delegate$1Customizer> (0x000000008893a1c0) 
thrown [s\src\hotspot\share\classfile\systemDictionary.cpp, line 256]
Event: 15.896 Thread 0x000002a17880ec30 Exception <a 'java/lang/NoSuchMethodError'{0x00000000889cfb30}: 'int java.lang.invoke.DirectMethodHandle$Holder.invokeSpecialIFC(java.lang.Object, java.lang.Object, java.lang.Object, java.lang.Object, java.lang.Object)'> (0x00000000889cfb30) 
thrown [s\src\hotspot\share\interpreter\linkResolver.cpp, line 771]
Event: 16.152 Thread 0x000002a17880ec30 Exception <a 'java/lang/ClassNotFoundException'{0x0000000087b2a098}: com/android/build/gradle/internal/api/ApkVariantOutputImpl_DecoratedBeanInfo> (0x0000000087b2a098) 
thrown [s\src\hotspot\share\classfile\systemDictionary.cpp, line 256]
Event: 16.152 Thread 0x000002a17880ec30 Exception <a 'java/lang/ClassNotFoundException'{0x0000000087b377a0}: com/android/build/gradle/internal/api/ApkVariantOutputImplBeanInfo> (0x0000000087b377a0) 
thrown [s\src\hotspot\share\classfile\systemDictionary.cpp, line 256]
Event: 16.154 Thread 0x000002a17880ec30 Exception <a 'java/lang/ClassNotFoundException'{0x0000000087b44eb8}: com/android/build/gradle/internal/api/BaseVariantOutputImplBeanInfo> (0x0000000087b44eb8) 
thrown [s\src\hotspot\share\classfile\systemDictionary.cpp, line 256]
Event: 16.154 Thread 0x000002a17880ec30 Exception <a 'java/lang/ClassNotFoundException'{0x0000000087b52850}: com/android/build/gradle/internal/api/BaseVariantOutputImplCustomizer> (0x0000000087b52850) 
thrown [s\src\hotspot\share\classfile\systemDictionary.cpp, line 256]
Event: 16.156 Thread 0x000002a17880ec30 Exception <a 'java/lang/ClassNotFoundException'{0x0000000087b728f0}: com/android/build/gradle/internal/api/ApkVariantOutputImplCustomizer> (0x0000000087b728f0) 
thrown [s\src\hotspot\share\classfile\systemDictionary.cpp, line 256]
Event: 16.158 Thread 0x000002a17880ec30 Exception <a 'java/lang/ClassNotFoundException'{0x0000000087b8cf18}: com/android/build/gradle/internal/api/ApkVariantOutputImpl_DecoratedCustomizer> (0x0000000087b8cf18) 
thrown [s\src\hotspot\share\classfile\systemDictionary.cpp, line 256]
Event: 16.245 Thread 0x000002a17880ec30 Exception <a 'java/lang/ClassNotFoundException'{0x00000000877ff160}: com/android/build/gradle/internal/api/ReadOnlyBuildTypeBeanInfo> (0x00000000877ff160) 
thrown [s\src\hotspot\share\classfile\systemDictionary.cpp, line 256]
Event: 16.246 Thread 0x000002a17880ec30 Exception <a 'java/lang/ClassNotFoundException'{0x000000008760cfa8}: com/android/build/gradle/internal/api/ReadOnlyBaseConfigBeanInfo> (0x000000008760cfa8) 
thrown [s\src\hotspot\share\classfile\systemDictionary.cpp, line 256]
Event: 16.247 Thread 0x000002a17880ec30 Exception <a 'java/lang/ClassNotFoundException'{0x000000008761a920}: com/android/build/gradle/internal/api/ReadOnlyBaseConfigCustomizer> (0x000000008761a920) 
thrown [s\src\hotspot\share\classfile\systemDictionary.cpp, line 256]
Event: 16.248 Thread 0x000002a17880ec30 Exception <a 'java/lang/ClassNotFoundException'{0x0000000087638e40}: com/android/build/gradle/internal/api/ReadOnlyBuildTypeCustomizer> (0x0000000087638e40) 
thrown [s\src\hotspot\share\classfile\systemDictionary.cpp, line 256]

VM Operations (20 events):
Event: 11.950 Executing VM operation: HandshakeAllThreads
Event: 11.950 Executing VM operation: HandshakeAllThreads done
Event: 12.282 Executing VM operation: HandshakeAllThreads
Event: 12.282 Executing VM operation: HandshakeAllThreads done
Event: 12.569 Executing VM operation: HandshakeAllThreads
Event: 12.569 Executing VM operation: HandshakeAllThreads done
Event: 12.874 Executing VM operation: ICBufferFull
Event: 12.874 Executing VM operation: ICBufferFull done
Event: 13.120 Executing VM operation: G1CollectForAllocation
Event: 13.137 Executing VM operation: G1CollectForAllocation done
Event: 14.147 Executing VM operation: Cleanup
Event: 14.147 Executing VM operation: Cleanup done
Event: 14.782 Executing VM operation: G1CollectForAllocation
Event: 14.801 Executing VM operation: G1CollectForAllocation done
Event: 14.963 Executing VM operation: HandshakeAllThreads
Event: 14.963 Executing VM operation: HandshakeAllThreads done
Event: 15.809 Executing VM operation: ICBufferFull
Event: 15.809 Executing VM operation: ICBufferFull done
Event: 15.865 Executing VM operation: G1CollectForAllocation
Event: 15.879 Executing VM operation: G1CollectForAllocation done

Events (20 events):
Event: 12.444 loading class java/time/format/DateTimeFormatterBuilder$WeekBasedFieldPrinterParser
Event: 12.445 loading class java/time/format/DateTimeFormatterBuilder$WeekBasedFieldPrinterParser done
Event: 12.474 loading class com/sun/jmx/mbeanserver/StandardMBeanSupport
Event: 12.475 loading class com/sun/jmx/mbeanserver/StandardMBeanSupport done
Event: 12.475 loading class com/sun/jmx/mbeanserver/StandardMBeanIntrospector
Event: 12.475 loading class com/sun/jmx/mbeanserver/StandardMBeanIntrospector done
Event: 13.686 Thread 0x000002a17b9345f0 Thread exited: 0x000002a17b9345f0
Event: 14.135 loading class java/util/ArrayList$SubList$1
Event: 14.136 loading class java/util/ArrayList$SubList$1 done
Event: 14.296 Thread 0x000002a17b932790 Thread added: 0x000002a17b932790
Event: 14.888 loading class jdk/internal/loader/URLClassPath$FileLoader
Event: 14.888 loading class jdk/internal/loader/URLClassPath$FileLoader done
Event: 14.891 loading class jdk/internal/loader/URLClassPath$FileLoader$1
Event: 14.891 loading class jdk/internal/loader/URLClassPath$FileLoader$1 done
Event: 15.249 loading class sun/reflect/generics/repository/FieldRepository
Event: 15.249 loading class sun/reflect/generics/repository/FieldRepository done
Event: 15.264 loading class jdk/internal/vm/annotation/ForceInline
Event: 15.264 loading class jdk/internal/vm/annotation/ForceInline done
Event: 15.343 loading class java/util/regex/Pattern$Caret
Event: 15.343 loading class java/util/regex/Pattern$Caret done


Dynamic libraries:
0x00007ff622080000 - 0x00007ff62208a000 	D:\Android\jbr\bin\java.exe
0x00007fff1c660000 - 0x00007fff1c869000 	C:\Windows\SYSTEM32\ntdll.dll
0x00007fff1ba30000 - 0x00007fff1baed000 	C:\Windows\System32\KERNEL32.DLL
0x00007fff19bf0000 - 0x00007fff19f64000 	C:\Windows\System32\KERNELBASE.dll
0x00007fff1a0d0000 - 0x00007fff1a1e1000 	C:\Windows\System32\ucrtbase.dll
0x00007ffee2de0000 - 0x00007ffee2df7000 	D:\Android\jbr\bin\jli.dll
0x00007ffef9860000 - 0x00007ffef987b000 	D:\Android\jbr\bin\VCRUNTIME140.dll
0x00007fff1be90000 - 0x00007fff1c03c000 	C:\Windows\System32\USER32.dll
0x00007fff1a0a0000 - 0x00007fff1a0c6000 	C:\Windows\System32\win32u.dll
0x00007fff01b40000 - 0x00007fff01de5000 	C:\Windows\WinSxS\amd64_microsoft.windows.common-controls_6595b64144ccf1df_6.0.22000.120_none_9d947278b86cc467\COMCTL32.dll
0x00007fff1c590000 - 0x00007fff1c5b9000 	C:\Windows\System32\GDI32.dll
0x00007fff1c060000 - 0x00007fff1c103000 	C:\Windows\System32\msvcrt.dll
0x00007fff1a1f0000 - 0x00007fff1a302000 	C:\Windows\System32\gdi32full.dll
0x00007fff19b50000 - 0x00007fff19bed000 	C:\Windows\System32\msvcp_win.dll
0x00007fff1baf0000 - 0x00007fff1bb21000 	C:\Windows\System32\IMM32.DLL
0x00007ffef9830000 - 0x00007ffef983c000 	D:\Android\jbr\bin\vcruntime140_1.dll
0x00007ffed9950000 - 0x00007ffed99dd000 	D:\Android\jbr\bin\msvcp140.dll
0x00007ffee3090000 - 0x00007ffee3cfe000 	D:\Android\jbr\bin\server\jvm.dll
0x00007fff1bb30000 - 0x00007fff1bbde000 	C:\Windows\System32\ADVAPI32.dll
0x00007fff1c470000 - 0x00007fff1c50e000 	C:\Windows\System32\sechost.dll
0x00007fff1c200000 - 0x00007fff1c320000 	C:\Windows\System32\RPCRT4.dll
0x00007fff0db10000 - 0x00007fff0db19000 	C:\Windows\SYSTEM32\WSOCK32.dll
0x00007fff12340000 - 0x00007fff12373000 	C:\Windows\SYSTEM32\WINMM.dll
0x00007fff1c510000 - 0x00007fff1c57f000 	C:\Windows\System32\WS2_32.dll
0x00007fff0d8c0000 - 0x00007fff0d8ca000 	C:\Windows\SYSTEM32\VERSION.dll
0x00007fff18610000 - 0x00007fff18628000 	C:\Windows\SYSTEM32\kernel.appcore.dll
0x00007fff12730000 - 0x00007fff1273a000 	D:\Android\jbr\bin\jimage.dll
0x00007fff17730000 - 0x00007fff17951000 	C:\Windows\SYSTEM32\DBGHELP.DLL
0x00007fff09590000 - 0x00007fff095c1000 	C:\Windows\SYSTEM32\dbgcore.DLL
0x00007fff1a480000 - 0x00007fff1a4ff000 	C:\Windows\System32\bcryptPrimitives.dll
0x00007fff00960000 - 0x00007fff00985000 	D:\Android\jbr\bin\java.dll
0x00007fff00590000 - 0x00007fff005a8000 	D:\Android\jbr\bin\zip.dll
0x00007fff1a640000 - 0x00007fff1adee000 	C:\Windows\System32\SHELL32.dll
0x00007fff17da0000 - 0x00007fff18607000 	C:\Windows\SYSTEM32\windows.storage.dll
0x00007fff1ae60000 - 0x00007fff1b1d8000 	C:\Windows\System32\combase.dll
0x00007fff17c30000 - 0x00007fff17d96000 	C:\Windows\SYSTEM32\wintypes.dll
0x00007fff1c110000 - 0x00007fff1c1fa000 	C:\Windows\System32\SHCORE.dll
0x00007fff1c5c0000 - 0x00007fff1c61d000 	C:\Windows\System32\shlwapi.dll
0x00007fff19a80000 - 0x00007fff19aa1000 	C:\Windows\SYSTEM32\profapi.dll
0x00007fff00220000 - 0x00007fff00239000 	D:\Android\jbr\bin\net.dll
0x00007fff12180000 - 0x00007fff1228c000 	C:\Windows\SYSTEM32\WINHTTP.dll
0x00007fff19060000 - 0x00007fff190c7000 	C:\Windows\system32\mswsock.dll
0x00007ffee3070000 - 0x00007ffee3086000 	D:\Android\jbr\bin\nio.dll
0x00007fff0e830000 - 0x00007fff0e840000 	D:\Android\jbr\bin\verify.dll
0x00007fff033c0000 - 0x00007fff033e7000 	C:\Users\Admin\.gradle\native\68d5fa5c4cc2d200863cafc0d521ce42e7d3e7ee720ec0a83991735586a16f82\windows-amd64\native-platform.dll
0x00007ffed9800000 - 0x00007ffed9944000 	C:\Users\Admin\.gradle\native\e376f236ea51e6404a007f0833ffe2c6e607c4080706a723a18a27aeea778392\windows-amd64\native-platform-file-events.dll
0x00007fff05690000 - 0x00007fff05699000 	D:\Android\jbr\bin\management.dll
0x00007fff00e40000 - 0x00007fff00e4b000 	D:\Android\jbr\bin\management_ext.dll
0x00007fff1adf0000 - 0x00007fff1adf8000 	C:\Windows\System32\PSAPI.DLL
0x00007fff192b0000 - 0x00007fff192c8000 	C:\Windows\SYSTEM32\CRYPTSP.dll
0x00007fff18cb0000 - 0x00007fff18ce5000 	C:\Windows\system32\rsaenh.dll
0x00007fff19150000 - 0x00007fff19179000 	C:\Windows\SYSTEM32\USERENV.dll
0x00007fff19420000 - 0x00007fff19447000 	C:\Windows\SYSTEM32\bcrypt.dll
0x00007fff192a0000 - 0x00007fff192ac000 	C:\Windows\SYSTEM32\CRYPTBASE.dll
0x00007fff18880000 - 0x00007fff188ad000 	C:\Windows\SYSTEM32\IPHLPAPI.DLL
0x00007fff1bdf0000 - 0x00007fff1bdf9000 	C:\Windows\System32\NSI.dll
0x00007fff11950000 - 0x00007fff11969000 	C:\Windows\SYSTEM32\dhcpcsvc6.DLL
0x00007fff12510000 - 0x00007fff1252e000 	C:\Windows\SYSTEM32\dhcpcsvc.DLL
0x00007fff188f0000 - 0x00007fff189d7000 	C:\Windows\SYSTEM32\DNSAPI.dll
0x00007fff00580000 - 0x00007fff00588000 	C:\Windows\system32\wshunix.dll

dbghelp: loaded successfully - version: 4.0.5 - missing functions: none
symbol engine: initialized successfully - sym options: 0x614 - pdb path: .;D:\Android\jbr\bin;C:\Windows\SYSTEM32;C:\Windows\WinSxS\amd64_microsoft.windows.common-controls_6595b64144ccf1df_6.0.22000.120_none_9d947278b86cc467;D:\Android\jbr\bin\server;C:\Users\Admin\.gradle\native\68d5fa5c4cc2d200863cafc0d521ce42e7d3e7ee720ec0a83991735586a16f82\windows-amd64;C:\Users\Admin\.gradle\native\e376f236ea51e6404a007f0833ffe2c6e607c4080706a723a18a27aeea778392\windows-amd64

VM Arguments:
jvm_args: --add-opens=java.base/java.util=ALL-UNNAMED --add-opens=java.base/java.lang=ALL-UNNAMED --add-opens=java.base/java.lang.invoke=ALL-UNNAMED --add-opens=java.prefs/java.util.prefs=ALL-UNNAMED --add-opens=java.base/java.nio.charset=ALL-UNNAMED --add-opens=java.base/java.net=ALL-UNNAMED --add-opens=java.base/java.util.concurrent.atomic=ALL-UNNAMED -Xmx2048m -Dfile.encoding=UTF-8 -Duser.country=US -Duser.language=en -Duser.variant 
java_command: org.gradle.launcher.daemon.bootstrap.GradleDaemon 8.0
java_class_path (initial): C:\Users\Admin\.gradle\wrapper\dists\gradle-8.0-bin\ca5e32bp14vu59qr306oxotwh\gradle-8.0\lib\gradle-launcher-8.0.jar
Launcher Type: SUN_STANDARD

[Global flags]
     intx CICompilerCount                          = 3                                         {product} {ergonomic}
     uint ConcGCThreads                            = 1                                         {product} {ergonomic}
     uint G1ConcRefinementThreads                  = 4                                         {product} {ergonomic}
   size_t G1HeapRegionSize                         = 1048576                                   {product} {ergonomic}
    uintx GCDrainStackTargetSize                   = 64                                        {product} {ergonomic}
   size_t InitialHeapSize                          = 134217728                                 {product} {ergonomic}
   size_t MarkStackSize                            = 4194304                                   {product} {ergonomic}
   size_t MaxHeapSize                              = 2147483648                                {product} {command line}
   size_t MaxNewSize                               = 1287651328                                {product} {ergonomic}
   size_t MinHeapDeltaBytes                        = 1048576                                   {product} {ergonomic}
   size_t MinHeapSize                              = 8388608                                   {product} {ergonomic}
    uintx NonNMethodCodeHeapSize                   = 5832780                                {pd product} {ergonomic}
    uintx NonProfiledCodeHeapSize                  = 122912730                              {pd product} {ergonomic}
    uintx ProfiledCodeHeapSize                     = 122912730                              {pd product} {ergonomic}
    uintx ReservedCodeCacheSize                    = 251658240                              {pd product} {ergonomic}
     bool SegmentedCodeCache                       = true                                      {product} {ergonomic}
   size_t SoftMaxHeapSize                          = 2147483648                             {manageable} {ergonomic}
     bool UseCompressedClassPointers               = true                           {product lp64_product} {ergonomic}
     bool UseCompressedOops                        = true                           {product lp64_product} {ergonomic}
     bool UseG1GC                                  = true                                      {product} {ergonomic}
     bool UseLargePagesIndividualAllocation        = false                                  {pd product} {ergonomic}

Logging:
Log output configuration:
 #0: stdout all=warning uptime,level,tags
 #1: stderr all=off uptime,level,tags

Environment Variables:
PATH=C:\Program Files\Common Files\Oracle\Java\javapath;C:\Windows\system32;C:\Windows;C:\Windows\System32\Wbem;C:\Windows\System32\WindowsPowerShell\v1.0\;C:\Windows\System32\OpenSSH\;C:\Program Files (x86)\NVIDIA Corporation\PhysX\Common;C:\Users\Admin\AppData\Local\Microsoft\WindowsApps;;D:\JetBrains\IntelliJ IDEA 2023.2.3\bin;;D:\JetBrains\IntelliJ IDEA Community Edition 2023.2.4\bin;
USERNAME=Admin
OS=Windows_NT
PROCESSOR_IDENTIFIER=Intel64 Family 6 Model 142 Stepping 10, GenuineIntel
TMP=C:\Users\Admin\AppData\Local\Temp
TEMP=C:\Users\Admin\AppData\Local\Temp


JNI global refs:
JNI global refs: 25, weak refs: 4

JNI global refs memory usage: 843, weak refs: 841


---------------  S Y S T E M  ---------------

OS:
 Windows 11 , 64 bit Build 22000 (10.0.22000.434)
OS uptime: 0 days 0:24 hours

CPU: total 4 (initial active 4) (2 cores per cpu, 2 threads per core) family 6 model 142 stepping 10 microcode 0xe0, cx8, cmov, fxsr, ht, mmx, 3dnowpref, sse, sse2, sse3, ssse3, sse4.1, sse4.2, popcnt, lzcnt, tsc, tscinvbit, avx, avx2, aes, erms, clmul, bmi1, bmi2, adx, fma, vzeroupper, clflush, clflushopt

Memory: 4k page, system-wide physical 8076M (878M free)
TotalPageFile size 8076M (AvailPageFile size 6M)
current process WorkingSet (physical memory assigned to process): 371M, peak: 374M
current process commit charge ("private bytes"): 401M, peak: 403M

vm_info: OpenJDK 64-Bit Server VM (17.0.6+0-b2043.56-10027231) for windows-amd64 JRE (17.0.6+0-b2043.56-10027231), built on Apr 28 2023 00:43:19 by "androidbuild" with MS VC++ 16.10 / 16.11 (VS2019)

END.
