#
# There is insufficient memory for the Java Runtime Environment to continue.
# Native memory allocation (malloc) failed to allocate 254096 bytes for Chunk::new
# Possible reasons:
#   The system is out of physical RAM or swap space
#   The process is running with CompressedOops enabled, and the Java Heap may be blocking the growth of the native heap
# Possible solutions:
#   Reduce memory load on the system
#   Increase physical memory or swap space
#   Check if swap backing store is full
#   Decrease Java heap size (-Xmx/-Xms)
#   Decrease number of Java threads
#   Decrease Java thread stack sizes (-Xss)
#   Set larger code cache with -XX:ReservedCodeCacheSize=
#   JVM is running with Unscaled Compressed Oops mode in which the Java heap is
#     placed in the first 4GB address space. The Java Heap base address is the
#     maximum limit for the native heap growth. Please use -XX:HeapBaseMinAddress
#     to set the Java Heap base and to place the Java Heap above 4GB virtual address.
# This output file may be truncated or incomplete.
#
#  Out of Memory Error (arena.cpp:189), pid=2148, tid=7572
#
# JRE version: OpenJDK Runtime Environment (17.0.6) (build 17.0.6+0-b2043.56-10027231)
# Java VM: OpenJDK 64-Bit Server VM (17.0.6+0-b2043.56-10027231, mixed mode, tiered, compressed oops, compressed class ptrs, g1 gc, windows-amd64)
# No core dump will be written. Minidumps are not enabled by default on client versions of Windows
#

---------------  S U M M A R Y ------------

Command Line: org.jetbrains.kotlin.cli.jvm.K2JVMCompiler @D:\AndroidStudioProject\nemuiin_test\app\build\20231128_4411443790375065380.compiler.options

Host: Intel(R) Core(TM) i3-7020U CPU @ 2.30GHz, 4 cores, 7G,  Windows 11 , 64 bit Build 22000 (10.0.22000.434)
Time: Tue Nov 28 07:08:27 2023 SE Asia Standard Time elapsed time: 11.983536 seconds (0d 0h 0m 11s)

---------------  T H R E A D  ---------------

Current thread (0x0000017b7f734160):  JavaThread "C2 CompilerThread1" daemon [_thread_in_native, id=7572, stack(0x000000142b100000,0x000000142b200000)]


Current CompileTask:
C2:  11983 6352       4       org.jetbrains.org.objectweb.asm.ClassReader::readMethod (1061 bytes)

Stack: [0x000000142b100000,0x000000142b200000]
Native frames: (J=compiled Java code, j=interpreted, Vv=VM code, C=native code)
V  [jvm.dll+0x683c9a]
V  [jvm.dll+0x8427a4]
V  [jvm.dll+0x843f9e]
V  [jvm.dll+0x844603]
V  [jvm.dll+0x249b75]
V  [jvm.dll+0xabcac]
V  [jvm.dll+0xac27c]
V  [jvm.dll+0x56ba53]
V  [jvm.dll+0x332f60]
V  [jvm.dll+0x3323da]
V  [jvm.dll+0x21c201]
V  [jvm.dll+0x21b621]
V  [jvm.dll+0x1a4fdd]
V  [jvm.dll+0x22b098]
V  [jvm.dll+0x229159]
V  [jvm.dll+0x7f81ec]
V  [jvm.dll+0x7f274a]
V  [jvm.dll+0x682ad5]
C  [ucrtbase.dll+0x26c0c]
C  [KERNEL32.DLL+0x154e0]
C  [ntdll.dll+0x485b]


---------------  P R O C E S S  ---------------

Threads class SMR info:
_java_thread_list=0x0000017b00c59c50, length=13, elements={
0x0000017b62b59df0, 0x0000017b7c073270, 0x0000017b7c0740e0, 0x0000017b7c086500,
0x0000017b7c086eb0, 0x0000017b7c087860, 0x0000017b7c088c40, 0x0000017b7c08cd00,
0x0000017b7c08e1d0, 0x0000017b7cc44430, 0x0000017b7cd9b1c0, 0x0000017b7cdac590,
0x0000017b7f734160
}

Java Threads: ( => current thread )
  0x0000017b62b59df0 JavaThread "main" [_thread_in_Java, id=500, stack(0x0000001429b00000,0x0000001429c00000)]
  0x0000017b7c073270 JavaThread "Reference Handler" daemon [_thread_blocked, id=5060, stack(0x000000142a200000,0x000000142a300000)]
  0x0000017b7c0740e0 JavaThread "Finalizer" daemon [_thread_blocked, id=7292, stack(0x000000142a300000,0x000000142a400000)]
  0x0000017b7c086500 JavaThread "Signal Dispatcher" daemon [_thread_blocked, id=8032, stack(0x000000142a400000,0x000000142a500000)]
  0x0000017b7c086eb0 JavaThread "Attach Listener" daemon [_thread_blocked, id=6660, stack(0x000000142a500000,0x000000142a600000)]
  0x0000017b7c087860 JavaThread "Service Thread" daemon [_thread_blocked, id=7852, stack(0x000000142a600000,0x000000142a700000)]
  0x0000017b7c088c40 JavaThread "Monitor Deflation Thread" daemon [_thread_blocked, id=3368, stack(0x000000142a700000,0x000000142a800000)]
  0x0000017b7c08cd00 JavaThread "C2 CompilerThread0" daemon [_thread_in_native, id=3852, stack(0x000000142a800000,0x000000142a900000)]
  0x0000017b7c08e1d0 JavaThread "C1 CompilerThread0" daemon [_thread_blocked, id=3572, stack(0x000000142a900000,0x000000142aa00000)]
  0x0000017b7cc44430 JavaThread "Sweeper thread" daemon [_thread_blocked, id=6544, stack(0x000000142aa00000,0x000000142ab00000)]
  0x0000017b7cd9b1c0 JavaThread "Notification Thread" daemon [_thread_blocked, id=7556, stack(0x000000142ab00000,0x000000142ac00000)]
  0x0000017b7cdac590 JavaThread "Common-Cleaner" daemon [_thread_blocked, id=8024, stack(0x000000142ad00000,0x000000142ae00000)]
=>0x0000017b7f734160 JavaThread "C2 CompilerThread1" daemon [_thread_in_native, id=7572, stack(0x000000142b100000,0x000000142b200000)]

Other Threads:
  0x0000017b7c04a770 VMThread "VM Thread" [stack: 0x000000142a100000,0x000000142a200000] [id=2348]
  0x0000017b62bce0f0 WatcherThread [stack: 0x000000142ac00000,0x000000142ad00000] [id=7752]
  0x0000017b62bb4650 GCTaskThread "GC Thread#0" [stack: 0x0000001429c00000,0x0000001429d00000] [id=3380]
  0x0000017b7d1fc7f0 GCTaskThread "GC Thread#1" [stack: 0x000000142ae00000,0x000000142af00000] [id=3984]
  0x0000017b7d200e70 GCTaskThread "GC Thread#2" [stack: 0x000000142af00000,0x000000142b000000] [id=4072]
  0x0000017b7d1c7b50 GCTaskThread "GC Thread#3" [stack: 0x000000142b000000,0x000000142b100000] [id=996]
  0x0000017b62bc5210 ConcurrentGCThread "G1 Main Marker" [stack: 0x0000001429d00000,0x0000001429e00000] [id=6364]
  0x0000017b62bc73d0 ConcurrentGCThread "G1 Conc#0" [stack: 0x0000001429e00000,0x0000001429f00000] [id=2236]
  0x0000017b62c2d2f0 ConcurrentGCThread "G1 Refine#0" [stack: 0x0000001429f00000,0x000000142a000000] [id=6936]
  0x0000017b7f67e400 ConcurrentGCThread "G1 Refine#1" [stack: 0x000000142b200000,0x000000142b300000] [id=7192]
  0x0000017b62c2dd10 ConcurrentGCThread "G1 Service" [stack: 0x000000142a000000,0x000000142a100000] [id=4900]

Threads with active compile tasks:
C2 CompilerThread0    12104 6543       4       org.jetbrains.kotlin.serialization.deserialization.descriptors.DeserializedMemberScope::getContributedClassifier (63 bytes)
C2 CompilerThread1    12104 6352       4       org.jetbrains.org.objectweb.asm.ClassReader::readMethod (1061 bytes)

VM state: not at safepoint (normal execution)

VM Mutex/Monitor currently owned by a thread: None

Heap address: 0x0000000081c00000, size: 2020 MB, Compressed Oops mode: 32-bit

CDS archive(s) not mapped
Compressed class space mapped at: 0x0000000100000000-0x0000000140000000, reserved size: 1073741824
Narrow klass base: 0x0000000000000000, Narrow klass shift: 3, Narrow klass range: 0x140000000

GC Precious Log:
 CPUs: 4 total, 4 available
 Memory: 8076M
 Large Page Support: Disabled
 NUMA Support: Disabled
 Compressed Oops: Enabled (32-bit)
 Heap Region Size: 1M
 Heap Min Capacity: 8M
 Heap Initial Capacity: 128M
 Heap Max Capacity: 2020M
 Pre-touch: Disabled
 Parallel Workers: 4
 Concurrent Workers: 1
 Concurrent Refinement Workers: 4
 Periodic GC: Disabled

Heap:
 garbage-first heap   total 185344K, used 77309K [0x0000000081c00000, 0x0000000100000000)
  region size 1024K, 29 young (29696K), 1 survivors (1024K)
 Metaspace       used 57946K, committed 58240K, reserved 1105920K
  class space    used 6784K, committed 6912K, reserved 1048576K

Heap Regions: E=young(eden), S=young(survivor), O=old, HS=humongous(starts), HC=humongous(continues), CS=collection set, F=free, OA=open archive, CA=closed archive, TAMS=top-at-mark-start (previous, next)
|   0|0x0000000081c00000, 0x0000000081d00000, 0x0000000081d00000|100%|HS|  |TAMS 0x0000000081d00000, 0x0000000081c00000| Complete 
|   1|0x0000000081d00000, 0x0000000081e00000, 0x0000000081e00000|100%|HC|  |TAMS 0x0000000081e00000, 0x0000000081d00000| Complete 
|   2|0x0000000081e00000, 0x0000000081f00000, 0x0000000081f00000|100%|HC|  |TAMS 0x0000000081f00000, 0x0000000081e00000| Complete 
|   3|0x0000000081f00000, 0x0000000082000000, 0x0000000082000000|100%|HC|  |TAMS 0x0000000082000000, 0x0000000081f00000| Complete 
|   4|0x0000000082000000, 0x0000000082100000, 0x0000000082100000|100%| O|  |TAMS 0x0000000082100000, 0x0000000082000000| Untracked 
|   5|0x0000000082100000, 0x0000000082200000, 0x0000000082200000|100%| O|  |TAMS 0x0000000082200000, 0x0000000082100000| Untracked 
|   6|0x0000000082200000, 0x0000000082300000, 0x0000000082300000|100%| O|  |TAMS 0x0000000082300000, 0x0000000082200000| Untracked 
|   7|0x0000000082300000, 0x0000000082400000, 0x0000000082400000|100%|HS|  |TAMS 0x0000000082400000, 0x0000000082300000| Complete 
|   8|0x0000000082400000, 0x0000000082500000, 0x0000000082500000|100%|HC|  |TAMS 0x0000000082500000, 0x0000000082400000| Complete 
|   9|0x0000000082500000, 0x0000000082600000, 0x0000000082600000|100%|HC|  |TAMS 0x0000000082600000, 0x0000000082500000| Complete 
|  10|0x0000000082600000, 0x0000000082700000, 0x0000000082700000|100%|HC|  |TAMS 0x0000000082700000, 0x0000000082600000| Complete 
|  11|0x0000000082700000, 0x0000000082800000, 0x0000000082800000|100%| O|  |TAMS 0x0000000082800000, 0x0000000082700000| Untracked 
|  12|0x0000000082800000, 0x0000000082900000, 0x0000000082900000|100%| O|  |TAMS 0x0000000082900000, 0x0000000082800000| Untracked 
|  13|0x0000000082900000, 0x0000000082a00000, 0x0000000082a00000|100%| O|  |TAMS 0x0000000082a00000, 0x0000000082900000| Untracked 
|  14|0x0000000082a00000, 0x0000000082b00000, 0x0000000082b00000|100%| O|  |TAMS 0x0000000082b00000, 0x0000000082a00000| Untracked 
|  15|0x0000000082b00000, 0x0000000082c00000, 0x0000000082c00000|100%| O|  |TAMS 0x0000000082c00000, 0x0000000082b00000| Untracked 
|  16|0x0000000082c00000, 0x0000000082d00000, 0x0000000082d00000|100%| O|  |TAMS 0x0000000082d00000, 0x0000000082c00000| Untracked 
|  17|0x0000000082d00000, 0x0000000082e00000, 0x0000000082e00000|100%| O|  |TAMS 0x0000000082e00000, 0x0000000082d00000| Untracked 
|  18|0x0000000082e00000, 0x0000000082f00000, 0x0000000082f00000|100%| O|  |TAMS 0x0000000082f00000, 0x0000000082e00000| Untracked 
|  19|0x0000000082f00000, 0x0000000083000000, 0x0000000083000000|100%| O|  |TAMS 0x0000000083000000, 0x0000000082f00000| Untracked 
|  20|0x0000000083000000, 0x0000000083100000, 0x0000000083100000|100%| O|  |TAMS 0x0000000083100000, 0x0000000083000000| Untracked 
|  21|0x0000000083100000, 0x0000000083200000, 0x0000000083200000|100%| O|  |TAMS 0x0000000083200000, 0x0000000083100000| Untracked 
|  22|0x0000000083200000, 0x0000000083300000, 0x0000000083300000|100%| O|  |TAMS 0x0000000083300000, 0x0000000083200000| Untracked 
|  23|0x0000000083300000, 0x0000000083400000, 0x0000000083400000|100%| O|  |TAMS 0x0000000083400000, 0x0000000083300000| Untracked 
|  24|0x0000000083400000, 0x0000000083500000, 0x0000000083500000|100%| O|  |TAMS 0x0000000083500000, 0x0000000083400000| Untracked 
|  25|0x0000000083500000, 0x0000000083600000, 0x0000000083600000|100%| O|  |TAMS 0x0000000083600000, 0x0000000083500000| Untracked 
|  26|0x0000000083600000, 0x0000000083700000, 0x0000000083700000|100%| O|  |TAMS 0x0000000083700000, 0x0000000083600000| Untracked 
|  27|0x0000000083700000, 0x0000000083800000, 0x0000000083800000|100%| O|  |TAMS 0x0000000083800000, 0x0000000083700000| Untracked 
|  28|0x0000000083800000, 0x0000000083900000, 0x0000000083900000|100%| O|  |TAMS 0x0000000083900000, 0x0000000083800000| Untracked 
|  29|0x0000000083900000, 0x0000000083a00000, 0x0000000083a00000|100%| O|  |TAMS 0x0000000083a00000, 0x0000000083900000| Untracked 
|  30|0x0000000083a00000, 0x0000000083b00000, 0x0000000083b00000|100%| O|  |TAMS 0x0000000083b00000, 0x0000000083a00000| Untracked 
|  31|0x0000000083b00000, 0x0000000083c00000, 0x0000000083c00000|100%|HS|  |TAMS 0x0000000083c00000, 0x0000000083b00000| Complete 
|  32|0x0000000083c00000, 0x0000000083d00000, 0x0000000083d00000|100%|HC|  |TAMS 0x0000000083d00000, 0x0000000083c00000| Complete 
|  33|0x0000000083d00000, 0x0000000083e00000, 0x0000000083e00000|100%| O|  |TAMS 0x0000000083e00000, 0x0000000083d00000| Untracked 
|  34|0x0000000083e00000, 0x0000000083f00000, 0x0000000083f00000|100%| O|  |TAMS 0x0000000083f00000, 0x0000000083e00000| Untracked 
|  35|0x0000000083f00000, 0x0000000084000000, 0x0000000084000000|100%| O|  |TAMS 0x0000000084000000, 0x0000000083f00000| Untracked 
|  36|0x0000000084000000, 0x0000000084000000, 0x0000000084100000|  0%| F|  |TAMS 0x0000000084000000, 0x0000000084000000| Untracked 
|  37|0x0000000084100000, 0x0000000084200000, 0x0000000084200000|100%| O|  |TAMS 0x0000000084200000, 0x0000000084100000| Untracked 
|  38|0x0000000084200000, 0x0000000084300000, 0x0000000084300000|100%| O|  |TAMS 0x0000000084200000, 0x0000000084200000| Untracked 
|  39|0x0000000084300000, 0x0000000084400000, 0x0000000084400000|100%| O|  |TAMS 0x0000000084300000, 0x0000000084300000| Untracked 
|  40|0x0000000084400000, 0x0000000084500000, 0x0000000084500000|100%| O|  |TAMS 0x0000000084500000, 0x0000000084400000| Untracked 
|  41|0x0000000084500000, 0x0000000084600000, 0x0000000084600000|100%| O|  |TAMS 0x0000000084600000, 0x0000000084500000| Untracked 
|  42|0x0000000084600000, 0x0000000084700000, 0x0000000084700000|100%| O|  |TAMS 0x0000000084700000, 0x0000000084600000| Untracked 
|  43|0x0000000084700000, 0x0000000084800000, 0x0000000084800000|100%| O|  |TAMS 0x0000000084800000, 0x0000000084700000| Untracked 
|  44|0x0000000084800000, 0x0000000084900000, 0x0000000084900000|100%| O|  |TAMS 0x0000000084837c00, 0x0000000084800000| Untracked 
|  45|0x0000000084900000, 0x0000000084a00000, 0x0000000084a00000|100%| O|  |TAMS 0x0000000084900000, 0x0000000084900000| Untracked 
|  46|0x0000000084a00000, 0x0000000084b00000, 0x0000000084b00000|100%| O|  |TAMS 0x0000000084a00000, 0x0000000084a00000| Untracked 
|  47|0x0000000084b00000, 0x0000000084c00000, 0x0000000084c00000|100%| O|  |TAMS 0x0000000084b00000, 0x0000000084b00000| Untracked 
|  48|0x0000000084c00000, 0x0000000084cefc00, 0x0000000084d00000| 93%| O|  |TAMS 0x0000000084c00000, 0x0000000084c00000| Untracked 
|  49|0x0000000084d00000, 0x0000000084d00000, 0x0000000084e00000|  0%| F|  |TAMS 0x0000000084d00000, 0x0000000084d00000| Untracked 
|  50|0x0000000084e00000, 0x0000000084e00000, 0x0000000084f00000|  0%| F|  |TAMS 0x0000000084e00000, 0x0000000084e00000| Untracked 
|  51|0x0000000084f00000, 0x0000000084f00000, 0x0000000085000000|  0%| F|  |TAMS 0x0000000084f00000, 0x0000000084f00000| Untracked 
|  52|0x0000000085000000, 0x0000000085000000, 0x0000000085100000|  0%| F|  |TAMS 0x0000000085000000, 0x0000000085000000| Untracked 
|  53|0x0000000085100000, 0x0000000085100000, 0x0000000085200000|  0%| F|  |TAMS 0x0000000085100000, 0x0000000085100000| Untracked 
|  54|0x0000000085200000, 0x0000000085200000, 0x0000000085300000|  0%| F|  |TAMS 0x0000000085200000, 0x0000000085200000| Untracked 
|  55|0x0000000085300000, 0x0000000085300000, 0x0000000085400000|  0%| F|  |TAMS 0x0000000085300000, 0x0000000085300000| Untracked 
|  56|0x0000000085400000, 0x0000000085400000, 0x0000000085500000|  0%| F|  |TAMS 0x0000000085400000, 0x0000000085400000| Untracked 
|  57|0x0000000085500000, 0x0000000085500000, 0x0000000085600000|  0%| F|  |TAMS 0x0000000085500000, 0x0000000085500000| Untracked 
|  58|0x0000000085600000, 0x0000000085600000, 0x0000000085700000|  0%| F|  |TAMS 0x0000000085600000, 0x0000000085600000| Untracked 
|  59|0x0000000085700000, 0x0000000085700000, 0x0000000085800000|  0%| F|  |TAMS 0x0000000085700000, 0x0000000085700000| Untracked 
|  60|0x0000000085800000, 0x0000000085800000, 0x0000000085900000|  0%| F|  |TAMS 0x0000000085800000, 0x0000000085800000| Untracked 
|  61|0x0000000085900000, 0x0000000085900000, 0x0000000085a00000|  0%| F|  |TAMS 0x0000000085900000, 0x0000000085900000| Untracked 
|  62|0x0000000085a00000, 0x0000000085a00000, 0x0000000085b00000|  0%| F|  |TAMS 0x0000000085a00000, 0x0000000085a00000| Untracked 
|  63|0x0000000085b00000, 0x0000000085b00000, 0x0000000085c00000|  0%| F|  |TAMS 0x0000000085b00000, 0x0000000085b00000| Untracked 
|  64|0x0000000085c00000, 0x0000000085c00000, 0x0000000085d00000|  0%| F|  |TAMS 0x0000000085c00000, 0x0000000085c00000| Untracked 
|  65|0x0000000085d00000, 0x0000000085d00000, 0x0000000085e00000|  0%| F|  |TAMS 0x0000000085d00000, 0x0000000085d00000| Untracked 
|  66|0x0000000085e00000, 0x0000000085e00000, 0x0000000085f00000|  0%| F|  |TAMS 0x0000000085e00000, 0x0000000085e00000| Untracked 
|  67|0x0000000085f00000, 0x0000000085f00000, 0x0000000086000000|  0%| F|  |TAMS 0x0000000085f00000, 0x0000000085f00000| Untracked 
|  68|0x0000000086000000, 0x0000000086000000, 0x0000000086100000|  0%| F|  |TAMS 0x0000000086000000, 0x0000000086000000| Untracked 
|  69|0x0000000086100000, 0x0000000086100000, 0x0000000086200000|  0%| F|  |TAMS 0x0000000086100000, 0x0000000086100000| Untracked 
|  70|0x0000000086200000, 0x0000000086200000, 0x0000000086300000|  0%| F|  |TAMS 0x0000000086200000, 0x0000000086200000| Untracked 
|  71|0x0000000086300000, 0x0000000086300000, 0x0000000086400000|  0%| F|  |TAMS 0x0000000086300000, 0x0000000086300000| Untracked 
|  72|0x0000000086400000, 0x0000000086400000, 0x0000000086500000|  0%| F|  |TAMS 0x0000000086400000, 0x0000000086400000| Untracked 
|  73|0x0000000086500000, 0x0000000086500000, 0x0000000086600000|  0%| F|  |TAMS 0x0000000086500000, 0x0000000086500000| Untracked 
|  74|0x0000000086600000, 0x0000000086600000, 0x0000000086700000|  0%| F|  |TAMS 0x0000000086600000, 0x0000000086600000| Untracked 
|  75|0x0000000086700000, 0x0000000086700000, 0x0000000086800000|  0%| F|  |TAMS 0x0000000086700000, 0x0000000086700000| Untracked 
|  76|0x0000000086800000, 0x0000000086800000, 0x0000000086900000|  0%| F|  |TAMS 0x0000000086800000, 0x0000000086800000| Untracked 
|  77|0x0000000086900000, 0x0000000086900000, 0x0000000086a00000|  0%| F|  |TAMS 0x0000000086900000, 0x0000000086900000| Untracked 
|  78|0x0000000086a00000, 0x0000000086a00000, 0x0000000086b00000|  0%| F|  |TAMS 0x0000000086a00000, 0x0000000086a00000| Untracked 
|  79|0x0000000086b00000, 0x0000000086b00000, 0x0000000086c00000|  0%| F|  |TAMS 0x0000000086b00000, 0x0000000086b00000| Untracked 
|  80|0x0000000086c00000, 0x0000000086c00000, 0x0000000086d00000|  0%| F|  |TAMS 0x0000000086c00000, 0x0000000086c00000| Untracked 
|  81|0x0000000086d00000, 0x0000000086d00000, 0x0000000086e00000|  0%| F|  |TAMS 0x0000000086d00000, 0x0000000086d00000| Untracked 
|  82|0x0000000086e00000, 0x0000000086e00000, 0x0000000086f00000|  0%| F|  |TAMS 0x0000000086e00000, 0x0000000086e00000| Untracked 
|  83|0x0000000086f00000, 0x0000000086f00000, 0x0000000087000000|  0%| F|  |TAMS 0x0000000086f00000, 0x0000000086f00000| Untracked 
|  84|0x0000000087000000, 0x0000000087000000, 0x0000000087100000|  0%| F|  |TAMS 0x0000000087000000, 0x0000000087000000| Untracked 
|  85|0x0000000087100000, 0x0000000087100000, 0x0000000087200000|  0%| F|  |TAMS 0x0000000087100000, 0x0000000087100000| Untracked 
|  86|0x0000000087200000, 0x0000000087200000, 0x0000000087300000|  0%| F|  |TAMS 0x0000000087200000, 0x0000000087200000| Untracked 
|  87|0x0000000087300000, 0x0000000087300000, 0x0000000087400000|  0%| F|  |TAMS 0x0000000087300000, 0x0000000087300000| Untracked 
|  88|0x0000000087400000, 0x0000000087400000, 0x0000000087500000|  0%| F|  |TAMS 0x0000000087400000, 0x0000000087400000| Untracked 
|  89|0x0000000087500000, 0x0000000087500000, 0x0000000087600000|  0%| F|  |TAMS 0x0000000087500000, 0x0000000087500000| Untracked 
|  90|0x0000000087600000, 0x0000000087600000, 0x0000000087700000|  0%| F|  |TAMS 0x0000000087600000, 0x0000000087600000| Untracked 
|  91|0x0000000087700000, 0x0000000087700000, 0x0000000087800000|  0%| F|  |TAMS 0x0000000087700000, 0x0000000087700000| Untracked 
|  92|0x0000000087800000, 0x0000000087800000, 0x0000000087900000|  0%| F|  |TAMS 0x0000000087800000, 0x0000000087800000| Untracked 
|  93|0x0000000087900000, 0x0000000087900000, 0x0000000087a00000|  0%| F|  |TAMS 0x0000000087900000, 0x0000000087900000| Untracked 
|  94|0x0000000087a00000, 0x0000000087a00000, 0x0000000087b00000|  0%| F|  |TAMS 0x0000000087a00000, 0x0000000087a00000| Untracked 
|  95|0x0000000087b00000, 0x0000000087b00000, 0x0000000087c00000|  0%| F|  |TAMS 0x0000000087b00000, 0x0000000087b00000| Untracked 
|  96|0x0000000087c00000, 0x0000000087c00000, 0x0000000087d00000|  0%| F|  |TAMS 0x0000000087c00000, 0x0000000087c00000| Untracked 
|  97|0x0000000087d00000, 0x0000000087d00000, 0x0000000087e00000|  0%| F|  |TAMS 0x0000000087d00000, 0x0000000087d00000| Untracked 
|  98|0x0000000087e00000, 0x0000000087e00000, 0x0000000087f00000|  0%| F|  |TAMS 0x0000000087e00000, 0x0000000087e00000| Untracked 
|  99|0x0000000087f00000, 0x0000000087f8f970, 0x0000000088000000| 56%| S|CS|TAMS 0x0000000087f00000, 0x0000000087f00000| Complete 
| 100|0x0000000088000000, 0x0000000088000000, 0x0000000088100000|  0%| F|  |TAMS 0x0000000088000000, 0x0000000088000000| Untracked 
| 101|0x0000000088100000, 0x0000000088100000, 0x0000000088200000|  0%| F|  |TAMS 0x0000000088100000, 0x0000000088100000| Untracked 
| 102|0x0000000088200000, 0x0000000088200000, 0x0000000088300000|  0%| F|  |TAMS 0x0000000088200000, 0x0000000088200000| Untracked 
| 103|0x0000000088300000, 0x0000000088300000, 0x0000000088400000|  0%| F|  |TAMS 0x0000000088300000, 0x0000000088300000| Untracked 
| 104|0x0000000088400000, 0x0000000088400000, 0x0000000088500000|  0%| F|  |TAMS 0x0000000088400000, 0x0000000088400000| Untracked 
| 105|0x0000000088500000, 0x0000000088500000, 0x0000000088600000|  0%| F|  |TAMS 0x0000000088500000, 0x0000000088500000| Untracked 
| 106|0x0000000088600000, 0x0000000088600000, 0x0000000088700000|  0%| F|  |TAMS 0x0000000088600000, 0x0000000088600000| Untracked 
| 107|0x0000000088700000, 0x0000000088700000, 0x0000000088800000|  0%| F|  |TAMS 0x0000000088700000, 0x0000000088700000| Untracked 
| 108|0x0000000088800000, 0x0000000088800000, 0x0000000088900000|  0%| F|  |TAMS 0x0000000088800000, 0x0000000088800000| Untracked 
| 109|0x0000000088900000, 0x0000000088900000, 0x0000000088a00000|  0%| F|  |TAMS 0x0000000088900000, 0x0000000088900000| Untracked 
| 110|0x0000000088a00000, 0x0000000088a00000, 0x0000000088b00000|  0%| F|  |TAMS 0x0000000088a00000, 0x0000000088a00000| Untracked 
| 111|0x0000000088b00000, 0x0000000088b00000, 0x0000000088c00000|  0%| F|  |TAMS 0x0000000088b00000, 0x0000000088b00000| Untracked 
| 112|0x0000000088c00000, 0x0000000088c00000, 0x0000000088d00000|  0%| F|  |TAMS 0x0000000088c00000, 0x0000000088c00000| Untracked 
| 113|0x0000000088d00000, 0x0000000088d00000, 0x0000000088e00000|  0%| F|  |TAMS 0x0000000088d00000, 0x0000000088d00000| Untracked 
| 114|0x0000000088e00000, 0x0000000088e00000, 0x0000000088f00000|  0%| F|  |TAMS 0x0000000088e00000, 0x0000000088e00000| Untracked 
| 115|0x0000000088f00000, 0x0000000088f00000, 0x0000000089000000|  0%| F|  |TAMS 0x0000000088f00000, 0x0000000088f00000| Untracked 
| 116|0x0000000089000000, 0x0000000089000000, 0x0000000089100000|  0%| F|  |TAMS 0x0000000089000000, 0x0000000089000000| Untracked 
| 117|0x0000000089100000, 0x0000000089100000, 0x0000000089200000|  0%| F|  |TAMS 0x0000000089100000, 0x0000000089100000| Untracked 
| 118|0x0000000089200000, 0x0000000089200000, 0x0000000089300000|  0%| F|  |TAMS 0x0000000089200000, 0x0000000089200000| Untracked 
| 119|0x0000000089300000, 0x0000000089300000, 0x0000000089400000|  0%| F|  |TAMS 0x0000000089300000, 0x0000000089300000| Untracked 
| 120|0x0000000089400000, 0x0000000089400000, 0x0000000089500000|  0%| F|  |TAMS 0x0000000089400000, 0x0000000089400000| Untracked 
| 121|0x0000000089500000, 0x0000000089500000, 0x0000000089600000|  0%| F|  |TAMS 0x0000000089500000, 0x0000000089500000| Untracked 
| 122|0x0000000089600000, 0x0000000089600000, 0x0000000089700000|  0%| F|  |TAMS 0x0000000089600000, 0x0000000089600000| Untracked 
| 123|0x0000000089700000, 0x0000000089700000, 0x0000000089800000|  0%| F|  |TAMS 0x0000000089700000, 0x0000000089700000| Untracked 
| 124|0x0000000089800000, 0x0000000089800000, 0x0000000089900000|  0%| F|  |TAMS 0x0000000089800000, 0x0000000089800000| Untracked 
| 125|0x0000000089900000, 0x0000000089900000, 0x0000000089a00000|  0%| F|  |TAMS 0x0000000089900000, 0x0000000089900000| Untracked 
| 126|0x0000000089a00000, 0x0000000089a00000, 0x0000000089b00000|  0%| F|  |TAMS 0x0000000089a00000, 0x0000000089a00000| Untracked 
| 127|0x0000000089b00000, 0x0000000089b00000, 0x0000000089c00000|  0%| F|  |TAMS 0x0000000089b00000, 0x0000000089b00000| Untracked 
| 128|0x0000000089c00000, 0x0000000089c00000, 0x0000000089d00000|  0%| F|  |TAMS 0x0000000089c00000, 0x0000000089c00000| Untracked 
| 129|0x0000000089d00000, 0x0000000089d00000, 0x0000000089e00000|  0%| F|  |TAMS 0x0000000089d00000, 0x0000000089d00000| Untracked 
| 130|0x0000000089e00000, 0x0000000089e00000, 0x0000000089f00000|  0%| F|  |TAMS 0x0000000089e00000, 0x0000000089e00000| Untracked 
| 131|0x0000000089f00000, 0x0000000089f00000, 0x000000008a000000|  0%| F|  |TAMS 0x0000000089f00000, 0x0000000089f00000| Untracked 
| 132|0x000000008a000000, 0x000000008a000000, 0x000000008a100000|  0%| F|  |TAMS 0x000000008a000000, 0x000000008a000000| Untracked 
| 133|0x000000008a100000, 0x000000008a100000, 0x000000008a200000|  0%| F|  |TAMS 0x000000008a100000, 0x000000008a100000| Untracked 
| 134|0x000000008a200000, 0x000000008a200000, 0x000000008a300000|  0%| F|  |TAMS 0x000000008a200000, 0x000000008a200000| Untracked 
| 135|0x000000008a300000, 0x000000008a300000, 0x000000008a400000|  0%| F|  |TAMS 0x000000008a300000, 0x000000008a300000| Untracked 
| 136|0x000000008a400000, 0x000000008a400000, 0x000000008a500000|  0%| F|  |TAMS 0x000000008a400000, 0x000000008a400000| Untracked 
| 137|0x000000008a500000, 0x000000008a500000, 0x000000008a600000|  0%| F|  |TAMS 0x000000008a500000, 0x000000008a500000| Untracked 
| 138|0x000000008a600000, 0x000000008a600000, 0x000000008a700000|  0%| F|  |TAMS 0x000000008a600000, 0x000000008a600000| Untracked 
| 139|0x000000008a700000, 0x000000008a700000, 0x000000008a800000|  0%| F|  |TAMS 0x000000008a700000, 0x000000008a700000| Untracked 
| 140|0x000000008a800000, 0x000000008a800000, 0x000000008a900000|  0%| F|  |TAMS 0x000000008a800000, 0x000000008a800000| Untracked 
| 141|0x000000008a900000, 0x000000008a900000, 0x000000008aa00000|  0%| F|  |TAMS 0x000000008a900000, 0x000000008a900000| Untracked 
| 142|0x000000008aa00000, 0x000000008aa00000, 0x000000008ab00000|  0%| F|  |TAMS 0x000000008aa00000, 0x000000008aa00000| Untracked 
| 143|0x000000008ab00000, 0x000000008ab00000, 0x000000008ac00000|  0%| F|  |TAMS 0x000000008ab00000, 0x000000008ab00000| Untracked 
| 144|0x000000008ac00000, 0x000000008ac00000, 0x000000008ad00000|  0%| F|  |TAMS 0x000000008ac00000, 0x000000008ac00000| Untracked 
| 145|0x000000008ad00000, 0x000000008ad00000, 0x000000008ae00000|  0%| F|  |TAMS 0x000000008ad00000, 0x000000008ad00000| Untracked 
| 146|0x000000008ae00000, 0x000000008ae00000, 0x000000008af00000|  0%| F|  |TAMS 0x000000008ae00000, 0x000000008ae00000| Untracked 
| 147|0x000000008af00000, 0x000000008af00000, 0x000000008b000000|  0%| F|  |TAMS 0x000000008af00000, 0x000000008af00000| Untracked 
| 148|0x000000008b000000, 0x000000008b000000, 0x000000008b100000|  0%| F|  |TAMS 0x000000008b000000, 0x000000008b000000| Untracked 
| 149|0x000000008b100000, 0x000000008b100000, 0x000000008b200000|  0%| F|  |TAMS 0x000000008b100000, 0x000000008b100000| Untracked 
| 150|0x000000008b200000, 0x000000008b200000, 0x000000008b300000|  0%| F|  |TAMS 0x000000008b200000, 0x000000008b200000| Untracked 
| 151|0x000000008b300000, 0x000000008b300000, 0x000000008b400000|  0%| F|  |TAMS 0x000000008b300000, 0x000000008b300000| Untracked 
| 152|0x000000008b400000, 0x000000008b400000, 0x000000008b500000|  0%| F|  |TAMS 0x000000008b400000, 0x000000008b400000| Untracked 
| 153|0x000000008b500000, 0x000000008b580800, 0x000000008b600000| 50%| E|  |TAMS 0x000000008b500000, 0x000000008b500000| Complete 
| 154|0x000000008b600000, 0x000000008b700000, 0x000000008b700000|100%| E|CS|TAMS 0x000000008b600000, 0x000000008b600000| Complete 
| 155|0x000000008b700000, 0x000000008b800000, 0x000000008b800000|100%| E|CS|TAMS 0x000000008b700000, 0x000000008b700000| Complete 
| 156|0x000000008b800000, 0x000000008b900000, 0x000000008b900000|100%| E|CS|TAMS 0x000000008b800000, 0x000000008b800000| Complete 
| 157|0x000000008b900000, 0x000000008ba00000, 0x000000008ba00000|100%| E|CS|TAMS 0x000000008b900000, 0x000000008b900000| Complete 
| 158|0x000000008ba00000, 0x000000008bb00000, 0x000000008bb00000|100%| E|CS|TAMS 0x000000008ba00000, 0x000000008ba00000| Complete 
| 159|0x000000008bb00000, 0x000000008bc00000, 0x000000008bc00000|100%| E|CS|TAMS 0x000000008bb00000, 0x000000008bb00000| Complete 
| 160|0x000000008bc00000, 0x000000008bd00000, 0x000000008bd00000|100%| E|CS|TAMS 0x000000008bc00000, 0x000000008bc00000| Complete 
| 161|0x000000008bd00000, 0x000000008be00000, 0x000000008be00000|100%| E|CS|TAMS 0x000000008bd00000, 0x000000008bd00000| Complete 
| 162|0x000000008be00000, 0x000000008bf00000, 0x000000008bf00000|100%| E|CS|TAMS 0x000000008be00000, 0x000000008be00000| Complete 
| 163|0x000000008bf00000, 0x000000008c000000, 0x000000008c000000|100%| E|CS|TAMS 0x000000008bf00000, 0x000000008bf00000| Complete 
| 164|0x000000008c000000, 0x000000008c100000, 0x000000008c100000|100%| E|CS|TAMS 0x000000008c000000, 0x000000008c000000| Complete 
| 165|0x000000008c100000, 0x000000008c200000, 0x000000008c200000|100%| E|CS|TAMS 0x000000008c100000, 0x000000008c100000| Complete 
| 166|0x000000008c200000, 0x000000008c300000, 0x000000008c300000|100%| E|CS|TAMS 0x000000008c200000, 0x000000008c200000| Complete 
| 167|0x000000008c300000, 0x000000008c400000, 0x000000008c400000|100%| E|CS|TAMS 0x000000008c300000, 0x000000008c300000| Complete 
| 168|0x000000008c400000, 0x000000008c500000, 0x000000008c500000|100%| E|CS|TAMS 0x000000008c400000, 0x000000008c400000| Complete 
| 169|0x000000008c500000, 0x000000008c600000, 0x000000008c600000|100%| E|CS|TAMS 0x000000008c500000, 0x000000008c500000| Complete 
| 170|0x000000008c600000, 0x000000008c700000, 0x000000008c700000|100%| E|CS|TAMS 0x000000008c600000, 0x000000008c600000| Complete 
| 171|0x000000008c700000, 0x000000008c800000, 0x000000008c800000|100%| E|CS|TAMS 0x000000008c700000, 0x000000008c700000| Complete 
| 172|0x000000008c800000, 0x000000008c900000, 0x000000008c900000|100%| E|CS|TAMS 0x000000008c800000, 0x000000008c800000| Complete 
| 173|0x000000008c900000, 0x000000008ca00000, 0x000000008ca00000|100%| E|CS|TAMS 0x000000008c900000, 0x000000008c900000| Complete 
| 174|0x000000008ca00000, 0x000000008cb00000, 0x000000008cb00000|100%| E|CS|TAMS 0x000000008ca00000, 0x000000008ca00000| Complete 
| 175|0x000000008cb00000, 0x000000008cc00000, 0x000000008cc00000|100%| E|CS|TAMS 0x000000008cb00000, 0x000000008cb00000| Complete 
| 176|0x000000008cc00000, 0x000000008cd00000, 0x000000008cd00000|100%| E|CS|TAMS 0x000000008cc00000, 0x000000008cc00000| Complete 
| 177|0x000000008cd00000, 0x000000008ce00000, 0x000000008ce00000|100%| E|CS|TAMS 0x000000008cd00000, 0x000000008cd00000| Complete 
| 178|0x000000008ce00000, 0x000000008cf00000, 0x000000008cf00000|100%| E|CS|TAMS 0x000000008ce00000, 0x000000008ce00000| Complete 
| 179|0x000000008cf00000, 0x000000008d000000, 0x000000008d000000|100%| E|CS|TAMS 0x000000008cf00000, 0x000000008cf00000| Complete 
| 180|0x000000008d000000, 0x000000008d100000, 0x000000008d100000|100%| E|CS|TAMS 0x000000008d000000, 0x000000008d000000| Complete 

Card table byte_map: [0x0000017b75430000,0x0000017b75830000] _byte_map_base: 0x0000017b75022000

Marking Bits (Prev, Next): (CMBitMap*) 0x0000017b62bb4c60, (CMBitMap*) 0x0000017b62bb4ca0
 Prev Bits: [0x0000017b75c30000, 0x0000017b77bc0000)
 Next Bits: [0x0000017b77bc0000, 0x0000017b79b50000)

Polling page: 0x0000017b60aa0000

Metaspace:

Usage:
  Non-class:     49.97 MB used.
      Class:      6.63 MB used.
       Both:     56.60 MB used.

Virtual space:
  Non-class space:       56.00 MB reserved,      50.12 MB ( 90%) committed,  7 nodes.
      Class space:        1.00 GB reserved,       6.75 MB ( <1%) committed,  1 nodes.
             Both:        1.05 GB reserved,      56.88 MB (  5%) committed. 

Chunk freelists:
   Non-Class:  1.62 MB
       Class:  1.20 MB
        Both:  2.83 MB

MaxMetaspaceSize: unlimited
CompressedClassSpaceSize: 1.00 GB
Initial GC threshold: 21.00 MB
Current GC threshold: 90.56 MB
CDS: off
MetaspaceReclaimPolicy: balanced
 - commit_granule_bytes: 65536.
 - commit_granule_words: 8192.
 - virtual_space_node_default_size: 1048576.
 - enlarge_chunks_in_place: 1.
 - new_chunks_are_fully_committed: 0.
 - uncommit_free_chunks: 1.
 - use_allocation_guard: 0.
 - handle_deallocations: 1.


Internal statistics:

num_allocs_failed_limit: 3.
num_arena_births: 242.
num_arena_deaths: 0.
num_vsnodes_births: 8.
num_vsnodes_deaths: 0.
num_space_committed: 908.
num_space_uncommitted: 0.
num_chunks_returned_to_freelist: 3.
num_chunks_taken_from_freelist: 1975.
num_chunk_merges: 3.
num_chunk_splits: 1582.
num_chunks_enlarged: 1394.
num_purges: 0.
num_inconsistent_stats: 0.

CodeHeap 'non-profiled nmethods': size=120000Kb used=2930Kb max_used=2935Kb free=117069Kb
 bounds [0x0000017b6db00000, 0x0000017b6ddf0000, 0x0000017b75030000]
CodeHeap 'profiled nmethods': size=120000Kb used=13544Kb max_used=13682Kb free=106455Kb
 bounds [0x0000017b66030000, 0x0000017b66d90000, 0x0000017b6d560000]
CodeHeap 'non-nmethods': size=5760Kb used=1303Kb max_used=1368Kb free=4457Kb
 bounds [0x0000017b6d560000, 0x0000017b6d7d0000, 0x0000017b6db00000]
 total_blobs=6411 nmethods=5791 adapters=531
 compilation: enabled
              stopped_count=0, restarted_count=0
 full_count=0

Compilation events (20 events):
Event: 11.972 Thread 0x0000017b7c08e1d0 nmethod 6547 0x0000017b66054590 code [0x0000017b66054720, 0x0000017b66054868]
Event: 11.972 Thread 0x0000017b7c08e1d0 6548       1       org.jetbrains.kotlin.resolve.calls.tower.TowerData$BothTowerLevelAndImplicitReceiver::getImplicitReceiver (5 bytes)
Event: 11.972 Thread 0x0000017b7c08e1d0 nmethod 6548 0x0000017b6db84790 code [0x0000017b6db84920, 0x0000017b6db849f8]
Event: 11.974 Thread 0x0000017b7c08e1d0 6550       3       org.jetbrains.kotlin.resolve.lazy.LazyImportScope::getClassifier (30 bytes)
Event: 11.974 Thread 0x0000017b7c08e1d0 nmethod 6550 0x0000017b66053b90 code [0x0000017b66053d80, 0x0000017b66054388]
Event: 11.974 Thread 0x0000017b7c08e1d0 6552       3       org.jetbrains.kotlin.resolve.AllUnderImportScope::getContributedClassifier (83 bytes)
Event: 11.975 Thread 0x0000017b7c08e1d0 nmethod 6552 0x0000017b664dcd90 code [0x0000017b664dd060, 0x0000017b664ddec8]
Event: 11.975 Thread 0x0000017b7c08e1d0 6551       3       org.jetbrains.kotlin.resolve.lazy.LazyImportScope$getClassifier$1::<init> (27 bytes)
Event: 11.976 Thread 0x0000017b7c08e1d0 nmethod 6551 0x0000017b66053590 code [0x0000017b66053740, 0x0000017b66053a78]
Event: 11.976 Thread 0x0000017b7c08e1d0 6553       1       org.jetbrains.kotlin.resolve.scopes.LexicalChainedScope::getKind (5 bytes)
Event: 11.976 Thread 0x0000017b7c08e1d0 nmethod 6553 0x0000017b6db84490 code [0x0000017b6db84620, 0x0000017b6db846f8]
Event: 11.976 Thread 0x0000017b7c08e1d0 6555       3       java.lang.Integer::parseInt (264 bytes)
Event: 11.979 Thread 0x0000017b7c08e1d0 nmethod 6555 0x0000017b664d9e10 code [0x0000017b664da2a0, 0x0000017b664dc158]
Event: 11.979 Thread 0x0000017b7c08e1d0 6554       3       java.math.BigInteger::<init> (38 bytes)
Event: 11.979 Thread 0x0000017b7c08e1d0 nmethod 6554 0x0000017b66052c90 code [0x0000017b66052e60, 0x0000017b66053368]
Event: 11.979 Thread 0x0000017b7c08e1d0 6556       3       kotlin.jvm.internal.Ref$BooleanRef::<init> (5 bytes)
Event: 11.980 Thread 0x0000017b7c08e1d0 nmethod 6556 0x0000017b664d9810 code [0x0000017b664d99a0, 0x0000017b664d9af8]
Event: 11.981 Thread 0x0000017b7c08e1d0 6557       3       org.jetbrains.kotlin.com.google.common.collect.ImmutableListMultimap::get (6 bytes)
Event: 11.981 Thread 0x0000017b7c08e1d0 nmethod 6557 0x0000017b665f0d10 code [0x0000017b665f0ee0, 0x0000017b665f1328]
Event: 11.981 Thread 0x0000017b7c08e1d0 6558       3       org.jetbrains.kotlin.com.google.common.collect.ImmutableListMultimap::get (24 bytes)

GC Heap History (20 events):
Event: 6.376 GC heap before
{Heap before GC invocations=18 (full 0):
 garbage-first heap   total 61440K, used 46033K [0x0000000081c00000, 0x0000000100000000)
  region size 1024K, 13 young (13312K), 1 survivors (1024K)
 Metaspace       used 49569K, committed 49792K, reserved 1097728K
  class space    used 5984K, committed 6080K, reserved 1048576K
}
Event: 6.385 GC heap after
{Heap after GC invocations=19 (full 0):
 garbage-first heap   total 61440K, used 36184K [0x0000000081c00000, 0x0000000100000000)
  region size 1024K, 2 young (2048K), 2 survivors (2048K)
 Metaspace       used 49569K, committed 49792K, reserved 1097728K
  class space    used 5984K, committed 6080K, reserved 1048576K
}
Event: 6.601 GC heap before
{Heap before GC invocations=19 (full 0):
 garbage-first heap   total 61440K, used 46424K [0x0000000081c00000, 0x0000000100000000)
  region size 1024K, 13 young (13312K), 2 survivors (2048K)
 Metaspace       used 51511K, committed 51840K, reserved 1097728K
  class space    used 6193K, committed 6336K, reserved 1048576K
}
Event: 6.610 GC heap after
{Heap after GC invocations=20 (full 0):
 garbage-first heap   total 77824K, used 38131K [0x0000000081c00000, 0x0000000100000000)
  region size 1024K, 2 young (2048K), 2 survivors (2048K)
 Metaspace       used 51511K, committed 51840K, reserved 1097728K
  class space    used 6193K, committed 6336K, reserved 1048576K
}
Event: 6.858 GC heap before
{Heap before GC invocations=21 (full 0):
 garbage-first heap   total 77824K, used 58611K [0x0000000081c00000, 0x0000000100000000)
  region size 1024K, 21 young (21504K), 2 survivors (2048K)
 Metaspace       used 51707K, committed 51968K, reserved 1097728K
  class space    used 6195K, committed 6336K, reserved 1048576K
}
Event: 6.872 GC heap after
{Heap after GC invocations=22 (full 0):
 garbage-first heap   total 77824K, used 42368K [0x0000000081c00000, 0x0000000100000000)
  region size 1024K, 3 young (3072K), 3 survivors (3072K)
 Metaspace       used 51707K, committed 51968K, reserved 1097728K
  class space    used 6195K, committed 6336K, reserved 1048576K
}
Event: 6.884 GC heap before
{Heap before GC invocations=22 (full 0):
 garbage-first heap   total 77824K, used 43392K [0x0000000081c00000, 0x0000000100000000)
  region size 1024K, 4 young (4096K), 3 survivors (3072K)
 Metaspace       used 51715K, committed 51968K, reserved 1097728K
  class space    used 6195K, committed 6336K, reserved 1048576K
}
Event: 6.894 GC heap after
{Heap after GC invocations=23 (full 0):
 garbage-first heap   total 77824K, used 42992K [0x0000000081c00000, 0x0000000100000000)
  region size 1024K, 1 young (1024K), 1 survivors (1024K)
 Metaspace       used 51715K, committed 51968K, reserved 1097728K
  class space    used 6195K, committed 6336K, reserved 1048576K
}
Event: 6.987 GC heap before
{Heap before GC invocations=23 (full 0):
 garbage-first heap   total 77824K, used 57328K [0x0000000081c00000, 0x0000000100000000)
  region size 1024K, 16 young (16384K), 1 survivors (1024K)
 Metaspace       used 51768K, committed 52032K, reserved 1097728K
  class space    used 6195K, committed 6336K, reserved 1048576K
}
Event: 6.992 GC heap after
{Heap after GC invocations=24 (full 0):
 garbage-first heap   total 77824K, used 43602K [0x0000000081c00000, 0x0000000100000000)
  region size 1024K, 2 young (2048K), 2 survivors (2048K)
 Metaspace       used 51768K, committed 52032K, reserved 1097728K
  class space    used 6195K, committed 6336K, reserved 1048576K
}
Event: 9.109 GC heap before
{Heap before GC invocations=25 (full 0):
 garbage-first heap   total 77824K, used 58962K [0x0000000081c00000, 0x0000000100000000)
  region size 1024K, 18 young (18432K), 2 survivors (2048K)
 Metaspace       used 54384K, committed 54656K, reserved 1097728K
  class space    used 6477K, committed 6592K, reserved 1048576K
}
Event: 9.120 GC heap after
{Heap after GC invocations=26 (full 0):
 garbage-first heap   total 77824K, used 45413K [0x0000000081c00000, 0x0000000100000000)
  region size 1024K, 3 young (3072K), 3 survivors (3072K)
 Metaspace       used 54384K, committed 54656K, reserved 1097728K
  class space    used 6477K, committed 6592K, reserved 1048576K
}
Event: 9.200 GC heap before
{Heap before GC invocations=26 (full 0):
 garbage-first heap   total 77824K, used 46437K [0x0000000081c00000, 0x0000000100000000)
  region size 1024K, 4 young (4096K), 3 survivors (3072K)
 Metaspace       used 54517K, committed 54784K, reserved 1097728K
  class space    used 6491K, committed 6592K, reserved 1048576K
}
Event: 9.209 GC heap after
{Heap after GC invocations=27 (full 0):
 garbage-first heap   total 77824K, used 43681K [0x0000000081c00000, 0x0000000100000000)
  region size 1024K, 1 young (1024K), 1 survivors (1024K)
 Metaspace       used 54517K, committed 54784K, reserved 1097728K
  class space    used 6491K, committed 6592K, reserved 1048576K
}
Event: 10.545 GC heap before
{Heap before GC invocations=27 (full 0):
 garbage-first heap   total 77824K, used 60065K [0x0000000081c00000, 0x0000000100000000)
  region size 1024K, 17 young (17408K), 1 survivors (1024K)
 Metaspace       used 55330K, committed 55616K, reserved 1105920K
  class space    used 6508K, committed 6656K, reserved 1048576K
}
Event: 10.557 GC heap after
{Heap after GC invocations=28 (full 0):
 garbage-first heap   total 77824K, used 46694K [0x0000000081c00000, 0x0000000100000000)
  region size 1024K, 3 young (3072K), 3 survivors (3072K)
 Metaspace       used 55330K, committed 55616K, reserved 1105920K
  class space    used 6508K, committed 6656K, reserved 1048576K
}
Event: 11.298 GC heap before
{Heap before GC invocations=29 (full 0):
 garbage-first heap   total 81920K, used 62054K [0x0000000081c00000, 0x0000000100000000)
  region size 1024K, 18 young (18432K), 3 survivors (3072K)
 Metaspace       used 55757K, committed 56000K, reserved 1105920K
  class space    used 6543K, committed 6656K, reserved 1048576K
}
Event: 11.313 GC heap after
{Heap after GC invocations=30 (full 0):
 garbage-first heap   total 81920K, used 49742K [0x0000000081c00000, 0x0000000100000000)
  region size 1024K, 3 young (3072K), 3 survivors (3072K)
 Metaspace       used 55757K, committed 56000K, reserved 1105920K
  class space    used 6543K, committed 6656K, reserved 1048576K
}
Event: 11.325 GC heap before
{Heap before GC invocations=30 (full 0):
 garbage-first heap   total 81920K, used 50766K [0x0000000081c00000, 0x0000000100000000)
  region size 1024K, 4 young (4096K), 3 survivors (3072K)
 Metaspace       used 55814K, committed 56064K, reserved 1105920K
  class space    used 6549K, committed 6656K, reserved 1048576K
}
Event: 11.336 GC heap after
{Heap after GC invocations=31 (full 0):
 garbage-first heap   total 185344K, used 49661K [0x0000000081c00000, 0x0000000100000000)
  region size 1024K, 1 young (1024K), 1 survivors (1024K)
 Metaspace       used 55814K, committed 56064K, reserved 1105920K
  class space    used 6549K, committed 6656K, reserved 1048576K
}

Dll operation events (2 events):
Event: 0.006 Loaded shared library D:\Android\jbr\bin\java.dll
Event: 1.478 Loaded shared library D:\Android\jbr\bin\verify.dll

Deoptimization events (20 events):
Event: 11.880 Thread 0x0000017b62b59df0 Uncommon trap: trap_request=0xffffffbe fr.pc=0x0000017b6dd89870 relative=0x0000000000001c10
Event: 11.880 Thread 0x0000017b62b59df0 Uncommon trap: reason=profile_predicate action=maybe_recompile pc=0x0000017b6dd89870 method=org.jetbrains.kotlin.serialization.deserialization.descriptors.DeserializedPackageMemberScope.hasClass(Lorg/jetbrains/kotlin/name/Name;)Z @ 65 c2
Event: 11.880 Thread 0x0000017b62b59df0 DEOPT PACKING pc=0x0000017b6dd89870 sp=0x0000001429bf9190
Event: 11.880 Thread 0x0000017b62b59df0 DEOPT UNPACKING pc=0x0000017b6d5b69a3 sp=0x0000001429bf9070 mode 2
Event: 11.880 Thread 0x0000017b62b59df0 Uncommon trap: trap_request=0xffffffbe fr.pc=0x0000017b6dd89870 relative=0x0000000000001c10
Event: 11.880 Thread 0x0000017b62b59df0 Uncommon trap: reason=profile_predicate action=maybe_recompile pc=0x0000017b6dd89870 method=org.jetbrains.kotlin.serialization.deserialization.descriptors.DeserializedPackageMemberScope.hasClass(Lorg/jetbrains/kotlin/name/Name;)Z @ 65 c2
Event: 11.880 Thread 0x0000017b62b59df0 DEOPT PACKING pc=0x0000017b6dd89870 sp=0x0000001429bf9190
Event: 11.880 Thread 0x0000017b62b59df0 DEOPT UNPACKING pc=0x0000017b6d5b69a3 sp=0x0000001429bf9070 mode 2
Event: 11.880 Thread 0x0000017b62b59df0 Uncommon trap: trap_request=0xffffffbe fr.pc=0x0000017b6dd89870 relative=0x0000000000001c10
Event: 11.880 Thread 0x0000017b62b59df0 Uncommon trap: reason=profile_predicate action=maybe_recompile pc=0x0000017b6dd89870 method=org.jetbrains.kotlin.serialization.deserialization.descriptors.DeserializedPackageMemberScope.hasClass(Lorg/jetbrains/kotlin/name/Name;)Z @ 65 c2
Event: 11.880 Thread 0x0000017b62b59df0 DEOPT PACKING pc=0x0000017b6dd89870 sp=0x0000001429bf9190
Event: 11.880 Thread 0x0000017b62b59df0 DEOPT UNPACKING pc=0x0000017b6d5b69a3 sp=0x0000001429bf9070 mode 2
Event: 11.886 Thread 0x0000017b62b59df0 Uncommon trap: trap_request=0xffffff45 fr.pc=0x0000017b6dbb7270 relative=0x0000000000000070
Event: 11.886 Thread 0x0000017b62b59df0 Uncommon trap: reason=unstable_if action=reinterpret pc=0x0000017b6dbb7270 method=org.jetbrains.kotlin.types.TypeUtils.noExpectedType(Lorg/jetbrains/kotlin/types/KotlinType;)Z @ 19 c2
Event: 11.886 Thread 0x0000017b62b59df0 DEOPT PACKING pc=0x0000017b6dbb7270 sp=0x0000001429bfa1d0
Event: 11.886 Thread 0x0000017b62b59df0 DEOPT UNPACKING pc=0x0000017b6d5b69a3 sp=0x0000001429bfa168 mode 2
Event: 11.952 Thread 0x0000017b62b59df0 Uncommon trap: trap_request=0xffffffc6 fr.pc=0x0000017b6dd4d7ec relative=0x00000000000004ec
Event: 11.953 Thread 0x0000017b62b59df0 Uncommon trap: reason=bimorphic_or_optimized_type_check action=maybe_recompile pc=0x0000017b6dd4d7ec method=org.jetbrains.kotlin.com.intellij.psi.impl.source.tree.TreeElement.rawRemoveUpToWithoutNotifications(Lorg/jetbrains/kotlin/com/intellij/psi/impl/so
Event: 11.953 Thread 0x0000017b62b59df0 DEOPT PACKING pc=0x0000017b6dd4d7ec sp=0x0000001429bf74e0
Event: 11.953 Thread 0x0000017b62b59df0 DEOPT UNPACKING pc=0x0000017b6d5b69a3 sp=0x0000001429bf7480 mode 2

Classes unloaded (0 events):
No events

Classes redefined (0 events):
No events

Internal exceptions (20 events):
Event: 4.451 Thread 0x0000017b62b59df0 Exception <a 'java/lang/NoSuchMethodError'{0x0000000084b7a8c8}: 'java.lang.Object java.lang.invoke.DirectMethodHandle$Holder.invokeVirtual(java.lang.Object, java.lang.Object, java.lang.Object)'> (0x0000000084b7a8c8) 
thrown [s\src\hotspot\share\interpreter\linkResolver.cpp, line 771]
Event: 5.346 Thread 0x0000017b62b59df0 Exception <a 'java/lang/NoSuchMethodError'{0x0000000084dea5b8}: 'java.lang.Object java.lang.invoke.DirectMethodHandle$Holder.newInvokeSpecial(java.lang.Object, java.lang.Object, int)'> (0x0000000084dea5b8) 
thrown [s\src\hotspot\share\interpreter\linkResolver.cpp, line 771]
Event: 5.387 Thread 0x0000017b62b59df0 Exception <a 'java/lang/NoSuchMethodError'{0x0000000084b423d8}: 'java.lang.Object java.lang.invoke.DirectMethodHandle$Holder.invokeInterface(java.lang.Object, java.lang.Object)'> (0x0000000084b423d8) 
thrown [s\src\hotspot\share\interpreter\linkResolver.cpp, line 771]
Event: 5.398 Thread 0x0000017b62b59df0 Implicit null exception at 0x0000017b6dc53171 to 0x0000017b6dc53334
Event: 5.404 Thread 0x0000017b62b59df0 Implicit null exception at 0x0000017b6dc52cd0 to 0x0000017b6dc52da4
Event: 5.464 Thread 0x0000017b62b59df0 Implicit null exception at 0x0000017b6dc559cc to 0x0000017b6dc55ac0
Event: 5.512 Thread 0x0000017b62b59df0 Exception <a 'java/lang/NoSuchMethodError'{0x00000000849e26e8}: 'java.lang.Object java.lang.invoke.DirectMethodHandle$Holder.newInvokeSpecial(java.lang.Object, java.lang.Object, java.lang.Object, int)'> (0x00000000849e26e8) 
thrown [s\src\hotspot\share\interpreter\linkResolver.cpp, line 771]
Event: 5.512 Thread 0x0000017b62b59df0 Exception <a 'java/lang/NoSuchMethodError'{0x00000000849e6d70}: 'java.lang.Object java.lang.invoke.DirectMethodHandle$Holder.invokeSpecial(java.lang.Object, java.lang.Object, java.lang.Object, java.lang.Object, int)'> (0x00000000849e6d70) 
thrown [s\src\hotspot\share\interpreter\linkResolver.cpp, line 771]
Event: 5.514 Thread 0x0000017b62b59df0 Exception <a 'java/lang/NoSuchMethodError'{0x00000000849eabe0}: 'java.lang.Object java.lang.invoke.Invokers$Holder.linkToTargetMethod(java.lang.Object, java.lang.Object, int, java.lang.Object)'> (0x00000000849eabe0) 
thrown [s\src\hotspot\share\interpreter\linkResolver.cpp, line 771]
Event: 6.538 Thread 0x0000017b62b59df0 Exception <a 'java/lang/NoSuchMethodError'{0x00000000851bc958}: 'java.lang.Object java.lang.invoke.DirectMethodHandle$Holder.newInvokeSpecial(java.lang.Object, java.lang.Object, java.lang.Object, java.lang.Object, java.lang.Object, java.lang.Object)'> (0x00000000851bc958) 
thrown [s\src\hotspot\share\interpreter\linkResolver.cpp, line 771]
Event: 9.101 Thread 0x0000017b62b59df0 Exception <a 'java/lang/NoSuchMethodError'{0x00000000858be8d8}: 'java.lang.Object java.lang.invoke.DirectMethodHandle$Holder.invokeStaticInit(java.lang.Object, java.lang.Object, java.lang.Object)'> (0x00000000858be8d8) 
thrown [s\src\hotspot\share\interpreter\linkResolver.cpp, line 771]
Event: 11.061 Thread 0x0000017b62b59df0 Exception <a 'java/lang/NoSuchMethodError'{0x0000000086254be0}: 'java.lang.Object java.lang.invoke.DirectMethodHandle$Holder.newInvokeSpecial(java.lang.Object, int, java.lang.Object)'> (0x0000000086254be0) 
thrown [s\src\hotspot\share\interpreter\linkResolver.cpp, line 771]
Event: 11.063 Thread 0x0000017b62b59df0 Exception <a 'java/lang/NoSuchMethodError'{0x000000008625af90}: 'int java.lang.invoke.DirectMethodHandle$Holder.invokeInterface(java.lang.Object, java.lang.Object)'> (0x000000008625af90) 
thrown [s\src\hotspot\share\interpreter\linkResolver.cpp, line 771]
Event: 11.130 Thread 0x0000017b62b59df0 Implicit null exception at 0x0000017b6db47cef to 0x0000017b6db47ecc
Event: 11.130 Thread 0x0000017b62b59df0 Implicit null exception at 0x0000017b6db5530f to 0x0000017b6db55389
Event: 11.365 Thread 0x0000017b62b59df0 Exception <a 'java/lang/NoSuchMethodError'{0x000000008ce94548}: 'int java.lang.invoke.DirectMethodHandle$Holder.invokeStaticInit(java.lang.Object, int)'> (0x000000008ce94548) 
thrown [s\src\hotspot\share\interpreter\linkResolver.cpp, line 771]
Event: 11.595 Thread 0x0000017b62b59df0 Implicit null exception at 0x0000017b6ddd0191 to 0x0000017b6ddd04ac
Event: 11.600 Thread 0x0000017b62b59df0 Implicit null exception at 0x0000017b6dc4916f to 0x0000017b6dc4936c
Event: 11.823 Thread 0x0000017b62b59df0 Implicit null exception at 0x0000017b6dba6420 to 0x0000017b6dba65a4
Event: 11.823 Thread 0x0000017b62b59df0 Implicit null exception at 0x0000017b6db64de0 to 0x0000017b6db64e7a

VM Operations (20 events):
Event: 11.298 Executing VM operation: G1CollectForAllocation
Event: 11.313 Executing VM operation: G1CollectForAllocation done
Event: 11.325 Executing VM operation: G1CollectForAllocation
Event: 11.336 Executing VM operation: G1CollectForAllocation done
Event: 11.359 Executing VM operation: HandshakeAllThreads
Event: 11.359 Executing VM operation: HandshakeAllThreads done
Event: 11.368 Executing VM operation: HandshakeAllThreads
Event: 11.368 Executing VM operation: HandshakeAllThreads done
Event: 11.395 Executing VM operation: HandshakeAllThreads
Event: 11.395 Executing VM operation: HandshakeAllThreads done
Event: 11.572 Executing VM operation: ICBufferFull
Event: 11.572 Executing VM operation: ICBufferFull done
Event: 11.682 Executing VM operation: HandshakeAllThreads
Event: 11.682 Executing VM operation: HandshakeAllThreads done
Event: 11.684 Executing VM operation: HandshakeAllThreads
Event: 11.684 Executing VM operation: HandshakeAllThreads done
Event: 11.834 Executing VM operation: ICBufferFull
Event: 11.834 Executing VM operation: ICBufferFull done
Event: 11.874 Executing VM operation: HandshakeAllThreads
Event: 11.874 Executing VM operation: HandshakeAllThreads done

Events (20 events):
Event: 11.698 loading class jdk/internal/math/FloatingDecimal
Event: 11.699 loading class jdk/internal/math/FloatingDecimal done
Event: 11.699 loading class jdk/internal/math/FloatingDecimal$ExceptionalBinaryToASCIIBuffer
Event: 11.699 loading class jdk/internal/math/FloatingDecimal$BinaryToASCIIConverter
Event: 11.699 loading class jdk/internal/math/FloatingDecimal$BinaryToASCIIConverter done
Event: 11.699 loading class jdk/internal/math/FloatingDecimal$ExceptionalBinaryToASCIIBuffer done
Event: 11.699 loading class jdk/internal/math/FloatingDecimal$BinaryToASCIIBuffer
Event: 11.700 loading class jdk/internal/math/FloatingDecimal$BinaryToASCIIBuffer done
Event: 11.700 loading class jdk/internal/math/FloatingDecimal$1
Event: 11.700 loading class jdk/internal/math/FloatingDecimal$1 done
Event: 11.700 loading class jdk/internal/math/FloatingDecimal$PreparedASCIIToBinaryBuffer
Event: 11.700 loading class jdk/internal/math/FloatingDecimal$ASCIIToBinaryConverter
Event: 11.700 loading class jdk/internal/math/FloatingDecimal$ASCIIToBinaryConverter done
Event: 11.700 loading class jdk/internal/math/FloatingDecimal$PreparedASCIIToBinaryBuffer done
Event: 11.700 loading class jdk/internal/math/FloatingDecimal$ASCIIToBinaryBuffer
Event: 11.701 loading class jdk/internal/math/FloatingDecimal$ASCIIToBinaryBuffer done
Event: 11.762 loading class java/util/regex/Pattern$Bound
Event: 11.762 loading class java/util/regex/Pattern$Bound done
Event: 11.762 loading class java/util/regex/Pattern$NotBehind
Event: 11.762 loading class java/util/regex/Pattern$NotBehind done


Dynamic libraries:
0x00007ff67b6a0000 - 0x00007ff67b6aa000 	D:\Android\jbr\bin\java.exe
0x00007ff818da0000 - 0x00007ff818fa9000 	C:\Windows\SYSTEM32\ntdll.dll
0x00007ff817bd0000 - 0x00007ff817c8d000 	C:\Windows\System32\KERNEL32.DLL
0x00007ff8168c0000 - 0x00007ff816c34000 	C:\Windows\System32\KERNELBASE.dll
0x00007ff8163e0000 - 0x00007ff8164f1000 	C:\Windows\System32\ucrtbase.dll
0x00007ff8063f0000 - 0x00007ff806407000 	D:\Android\jbr\bin\jli.dll
0x00007ff80dd30000 - 0x00007ff80dd4b000 	D:\Android\jbr\bin\VCRUNTIME140.dll
0x00007ff818130000 - 0x00007ff8182dc000 	C:\Windows\System32\USER32.dll
0x00007ff8163b0000 - 0x00007ff8163d6000 	C:\Windows\System32\win32u.dll
0x00007ffffe0f0000 - 0x00007ffffe395000 	C:\Windows\WinSxS\amd64_microsoft.windows.common-controls_6595b64144ccf1df_6.0.22000.120_none_9d947278b86cc467\COMCTL32.dll
0x00007ff817ee0000 - 0x00007ff817f09000 	C:\Windows\System32\GDI32.dll
0x00007ff817f20000 - 0x00007ff817fc3000 	C:\Windows\System32\msvcrt.dll
0x00007ff8166e0000 - 0x00007ff8167f2000 	C:\Windows\System32\gdi32full.dll
0x00007ff816290000 - 0x00007ff81632d000 	C:\Windows\System32\msvcp_win.dll
0x00007ff817cb0000 - 0x00007ff817ce1000 	C:\Windows\System32\IMM32.DLL
0x00007ff80b210000 - 0x00007ff80b21c000 	D:\Android\jbr\bin\vcruntime140_1.dll
0x00007ffffdc20000 - 0x00007ffffdcad000 	D:\Android\jbr\bin\msvcp140.dll
0x00007fffdfd00000 - 0x00007fffe096e000 	D:\Android\jbr\bin\server\jvm.dll
0x00007ff818360000 - 0x00007ff81840e000 	C:\Windows\System32\ADVAPI32.dll
0x00007ff818590000 - 0x00007ff81862e000 	C:\Windows\System32\sechost.dll
0x00007ff818410000 - 0x00007ff818530000 	C:\Windows\System32\RPCRT4.dll
0x00007ff80a420000 - 0x00007ff80a429000 	C:\Windows\SYSTEM32\WSOCK32.dll
0x00007ff8187f0000 - 0x00007ff81885f000 	C:\Windows\System32\WS2_32.dll
0x00007ff80dcc0000 - 0x00007ff80dcf3000 	C:\Windows\SYSTEM32\WINMM.dll
0x00007ff809f60000 - 0x00007ff809f6a000 	C:\Windows\SYSTEM32\VERSION.dll
0x00007ff8144e0000 - 0x00007ff8144f8000 	C:\Windows\SYSTEM32\kernel.appcore.dll
0x00007ff80e9b0000 - 0x00007ff80e9ba000 	D:\Android\jbr\bin\jimage.dll
0x00007ff813ea0000 - 0x00007ff8140c1000 	C:\Windows\SYSTEM32\DBGHELP.DLL
0x00007fffff150000 - 0x00007fffff181000 	C:\Windows\SYSTEM32\dbgcore.DLL
0x00007ff816330000 - 0x00007ff8163af000 	C:\Windows\System32\bcryptPrimitives.dll
0x00007ff80aef0000 - 0x00007ff80af15000 	D:\Android\jbr\bin\java.dll
0x00007ff80b7f0000 - 0x00007ff80b808000 	D:\Android\jbr\bin\zip.dll
0x00007ff817330000 - 0x00007ff817ade000 	C:\Windows\System32\SHELL32.dll
0x00007ff814500000 - 0x00007ff814d67000 	C:\Windows\SYSTEM32\windows.storage.dll
0x00007ff8189e0000 - 0x00007ff818d58000 	C:\Windows\System32\combase.dll
0x00007ff814370000 - 0x00007ff8144d6000 	C:\Windows\SYSTEM32\wintypes.dll
0x00007ff817ae0000 - 0x00007ff817bca000 	C:\Windows\System32\SHCORE.dll
0x00007ff817110000 - 0x00007ff81716d000 	C:\Windows\System32\shlwapi.dll
0x00007ff8161c0000 - 0x00007ff8161e1000 	C:\Windows\SYSTEM32\profapi.dll
0x00007ff80ae50000 - 0x00007ff80ae69000 	D:\Android\jbr\bin\net.dll
0x00007ff80e8a0000 - 0x00007ff80e9ac000 	C:\Windows\SYSTEM32\WINHTTP.dll
0x00007ff8157a0000 - 0x00007ff815807000 	C:\Windows\system32\mswsock.dll
0x00007ff808d10000 - 0x00007ff808d26000 	D:\Android\jbr\bin\nio.dll
0x00007ff80dd20000 - 0x00007ff80dd30000 	D:\Android\jbr\bin\verify.dll

dbghelp: loaded successfully - version: 4.0.5 - missing functions: none
symbol engine: initialized successfully - sym options: 0x614 - pdb path: .;D:\Android\jbr\bin;C:\Windows\SYSTEM32;C:\Windows\WinSxS\amd64_microsoft.windows.common-controls_6595b64144ccf1df_6.0.22000.120_none_9d947278b86cc467;D:\Android\jbr\bin\server

VM Arguments:
java_command: org.jetbrains.kotlin.cli.jvm.K2JVMCompiler @D:\AndroidStudioProject\nemuiin_test\app\build\20231128_4411443790375065380.compiler.options
java_class_path (initial): C:\Users\Admin\.gradle\caches\modules-2\files-2.1\org.jetbrains.kotlin\kotlin-compiler-embeddable\1.8.10\b0757fd774344d54ce93f5ad6c30ba1c1731c8ff\kotlin-compiler-embeddable-1.8.10.jar;C:\Users\Admin\.gradle\caches\modules-2\files-2.1\org.jetbrains.kotlin\kotlin-stdlib\1.8.10\6d5560a229477df9406943d5feda5618e98eb64c\kotlin-stdlib-1.8.10.jar;C:\Users\Admin\.gradle\caches\modules-2\files-2.1\org.jetbrains.kotlin\kotlin-script-runtime\1.8.10\b13ea9c7e46d589139e56086a878763290e20bd5\kotlin-script-runtime-1.8.10.jar;C:\Users\Admin\.gradle\caches\modules-2\files-2.1\org.jetbrains.kotlin\kotlin-reflect\1.6.10\1cbe9c92c12a94eea200d23c2bbaedaf3daf5132\kotlin-reflect-1.6.10.jar;C:\Users\Admin\.gradle\caches\modules-2\files-2.1\org.jetbrains.kotlin\kotlin-daemon-embeddable\1.8.10\ad8541d9bc1cf9e52c3204161247910c2cf601d4\kotlin-daemon-embeddable-1.8.10.jar;C:\Users\Admin\.gradle\caches\modules-2\files-2.1\org.jetbrains.intellij.deps\trove4j\1.0.20200330\3afb14d5f9ceb459d724e907a21145e8ff394f02\trove4j-1.0.20200330.jar;C:\Users\Admin\.gradle\caches\modules-2\files-2.1\net.java.dev.jna\jna\5.6.0\330f2244e9030119ab3030fc3fededc86713d9cc\jna-5.6.0.jar;C:\Users\Admin\.gradle\caches\modules-2\files-2.1\org.jetbrains.kotlin\kotlin-stdlib-common\1.8.10\a61b182458550492c12aee66157d7b524a63a5ec\kotlin-stdlib-common-1.8.10.jar;C:\Users\Admin\.gradle\caches\modules-2\files-2.1\org.jetbrains\annotations\13.0\919f0dfe192fb4e063e7dacadee7f8bb9a2672a9\annotations-13.0.jar
Launcher Type: SUN_STANDARD

[Global flags]
     intx CICompilerCount                          = 3                                         {product} {ergonomic}
     uint ConcGCThreads                            = 1                                         {product} {ergonomic}
     uint G1ConcRefinementThreads                  = 4                                         {product} {ergonomic}
   size_t G1HeapRegionSize                         = 1048576                                   {product} {ergonomic}
    uintx GCDrainStackTargetSize                   = 64                                        {product} {ergonomic}
   size_t InitialHeapSize                          = 134217728                                 {product} {ergonomic}
   size_t MarkStackSize                            = 4194304                                   {product} {ergonomic}
   size_t MaxHeapSize                              = 2118123520                                {product} {ergonomic}
   size_t MaxNewSize                               = 1270874112                                {product} {ergonomic}
   size_t MinHeapDeltaBytes                        = 1048576                                   {product} {ergonomic}
   size_t MinHeapSize                              = 8388608                                   {product} {ergonomic}
    uintx NonNMethodCodeHeapSize                   = 5832780                                {pd product} {ergonomic}
    uintx NonProfiledCodeHeapSize                  = 122912730                              {pd product} {ergonomic}
    uintx ProfiledCodeHeapSize                     = 122912730                              {pd product} {ergonomic}
    uintx ReservedCodeCacheSize                    = 251658240                              {pd product} {ergonomic}
     bool SegmentedCodeCache                       = true                                      {product} {ergonomic}
   size_t SoftMaxHeapSize                          = 2118123520                             {manageable} {ergonomic}
     bool UseCompressedClassPointers               = true                           {product lp64_product} {ergonomic}
     bool UseCompressedOops                        = true                           {product lp64_product} {ergonomic}
     bool UseG1GC                                  = true                                      {product} {ergonomic}
     bool UseLargePagesIndividualAllocation        = false                                  {pd product} {ergonomic}

Logging:
Log output configuration:
 #0: stdout all=warning uptime,level,tags
 #1: stderr all=off uptime,level,tags

Environment Variables:
PATH=C:\Program Files\Common Files\Oracle\Java\javapath;C:\Windows\system32;C:\Windows;C:\Windows\System32\Wbem;C:\Windows\System32\WindowsPowerShell\v1.0\;C:\Windows\System32\OpenSSH\;C:\Program Files (x86)\NVIDIA Corporation\PhysX\Common;C:\Users\Admin\AppData\Local\Microsoft\WindowsApps;;D:\JetBrains\IntelliJ IDEA 2023.2.3\bin;;D:\JetBrains\IntelliJ IDEA Community Edition 2023.2.4\bin;
USERNAME=Admin
OS=Windows_NT
PROCESSOR_IDENTIFIER=Intel64 Family 6 Model 142 Stepping 10, GenuineIntel
TMP=C:\Users\Admin\AppData\Local\Temp
TEMP=C:\Users\Admin\AppData\Local\Temp


JNI global refs:
JNI global refs: 11, weak refs: 12

JNI global refs memory usage: 843, weak refs: 841


---------------  S Y S T E M  ---------------

OS:
 Windows 11 , 64 bit Build 22000 (10.0.22000.434)
OS uptime: 0 days 0:52 hours

CPU: total 4 (initial active 4) (2 cores per cpu, 2 threads per core) family 6 model 142 stepping 10 microcode 0xe0, cx8, cmov, fxsr, ht, mmx, 3dnowpref, sse, sse2, sse3, ssse3, sse4.1, sse4.2, popcnt, lzcnt, tsc, tscinvbit, avx, avx2, aes, erms, clmul, bmi1, bmi2, adx, fma, vzeroupper, clflush, clflushopt

Memory: 4k page, system-wide physical 8076M (972M free)
TotalPageFile size 8076M (AvailPageFile size 5M)
current process WorkingSet (physical memory assigned to process): 263M, peak: 263M
current process commit charge ("private bytes"): 368M, peak: 368M

vm_info: OpenJDK 64-Bit Server VM (17.0.6+0-b2043.56-10027231) for windows-amd64 JRE (17.0.6+0-b2043.56-10027231), built on Apr 28 2023 00:43:19 by "androidbuild" with MS VC++ 16.10 / 16.11 (VS2019)

END.
