#
# There is insufficient memory for the Java Runtime Environment to continue.
# Native memory allocation (mmap) failed to map 179306496 bytes for G1 virtual space
# Possible reasons:
#   The system is out of physical RAM or swap space
#   The process is running with CompressedOops enabled, and the Java Heap may be blocking the growth of the native heap
# Possible solutions:
#   Reduce memory load on the system
#   Increase physical memory or swap space
#   Check if swap backing store is full
#   Decrease Java heap size (-Xmx/-Xms)
#   Decrease number of Java threads
#   Decrease Java thread stack sizes (-Xss)
#   Set larger code cache with -XX:ReservedCodeCacheSize=
#   JVM is running with Unscaled Compressed Oops mode in which the Java heap is
#     placed in the first 4GB address space. The Java Heap base address is the
#     maximum limit for the native heap growth. Please use -XX:HeapBaseMinAddress
#     to set the Java Heap base and to place the Java Heap above 4GB virtual address.
# This output file may be truncated or incomplete.
#
#  Out of Memory Error (os_windows.cpp:3769), pid=7512, tid=7260
#
# JRE version: OpenJDK Runtime Environment (17.0.6) (build 17.0.6+0-b2043.56-10027231)
# Java VM: OpenJDK 64-Bit Server VM (17.0.6+0-b2043.56-10027231, mixed mode, tiered, compressed oops, compressed class ptrs, g1 gc, windows-amd64)
# No core dump will be written. Minidumps are not enabled by default on client versions of Windows
#

---------------  S U M M A R Y ------------

Command Line: org.jetbrains.kotlin.cli.jvm.K2JVMCompiler @D:\AndroidStudioProject\nemuiin_test\app\build\20231128_11174031855371629607.compiler.options

Host: Intel(R) Core(TM) i3-7020U CPU @ 2.30GHz, 4 cores, 7G,  Windows 11 , 64 bit Build 22000 (10.0.22000.434)
Time: Tue Nov 28 06:32:28 2023 SE Asia Standard Time elapsed time: 23.740438 seconds (0d 0h 0m 23s)

---------------  T H R E A D  ---------------

Current thread (0x0000016064e9b620):  VMThread "VM Thread" [stack: 0x00000054b2d00000,0x00000054b2e00000] [id=7260]

Stack: [0x00000054b2d00000,0x00000054b2e00000]
Native frames: (J=compiled Java code, j=interpreted, Vv=VM code, C=native code)
V  [jvm.dll+0x683c9a]
V  [jvm.dll+0x8427a4]
V  [jvm.dll+0x843f9e]
V  [jvm.dll+0x844603]
V  [jvm.dll+0x249b75]
V  [jvm.dll+0x680b69]
V  [jvm.dll+0x67505a]
V  [jvm.dll+0x309acb]
V  [jvm.dll+0x310f86]
V  [jvm.dll+0x3608ee]
V  [jvm.dll+0x360b1f]
V  [jvm.dll+0x2dfbf8]
V  [jvm.dll+0x2ddec4]
V  [jvm.dll+0x2dd4cc]
V  [jvm.dll+0x321f3b]
V  [jvm.dll+0x848ccb]
V  [jvm.dll+0x849a04]
V  [jvm.dll+0x849f1d]
V  [jvm.dll+0x84a2f4]
V  [jvm.dll+0x84a3c0]
V  [jvm.dll+0x7f274a]
V  [jvm.dll+0x682ad5]
C  [ucrtbase.dll+0x26c0c]
C  [KERNEL32.DLL+0x154e0]
C  [ntdll.dll+0x485b]

VM_Operation (0x00000054b27fcf10): G1CollectForAllocation, mode: safepoint, requested by thread 0x0000016049a59c30


---------------  P R O C E S S  ---------------

Threads class SMR info:
_java_thread_list=0x00000160675c09e0, length=13, elements={
0x0000016049a59c30, 0x0000016064ec2270, 0x0000016064ec3360, 0x0000016064ed11e0,
0x0000016064ed1b90, 0x0000016064ed2540, 0x0000016065822a80, 0x0000016065823760,
0x0000016065826210, 0x000001606582a8e0, 0x0000016065984b50, 0x00000160659948e0,
0x0000016067bc13c0
}

Java Threads: ( => current thread )
  0x0000016049a59c30 JavaThread "main" [_thread_blocked, id=7216, stack(0x00000054b2700000,0x00000054b2800000)]
  0x0000016064ec2270 JavaThread "Reference Handler" daemon [_thread_blocked, id=4776, stack(0x00000054b2e00000,0x00000054b2f00000)]
  0x0000016064ec3360 JavaThread "Finalizer" daemon [_thread_blocked, id=2188, stack(0x00000054b2f00000,0x00000054b3000000)]
  0x0000016064ed11e0 JavaThread "Signal Dispatcher" daemon [_thread_blocked, id=3984, stack(0x00000054b3000000,0x00000054b3100000)]
  0x0000016064ed1b90 JavaThread "Attach Listener" daemon [_thread_blocked, id=6520, stack(0x00000054b3100000,0x00000054b3200000)]
  0x0000016064ed2540 JavaThread "Service Thread" daemon [_thread_blocked, id=2148, stack(0x00000054b3200000,0x00000054b3300000)]
  0x0000016065822a80 JavaThread "Monitor Deflation Thread" daemon [_thread_blocked, id=2064, stack(0x00000054b3300000,0x00000054b3400000)]
  0x0000016065823760 JavaThread "C2 CompilerThread0" daemon [_thread_blocked, id=3712, stack(0x00000054b3400000,0x00000054b3500000)]
  0x0000016065826210 JavaThread "C1 CompilerThread0" daemon [_thread_blocked, id=6740, stack(0x00000054b3500000,0x00000054b3600000)]
  0x000001606582a8e0 JavaThread "Sweeper thread" daemon [_thread_blocked, id=7172, stack(0x00000054b3600000,0x00000054b3700000)]
  0x0000016065984b50 JavaThread "Notification Thread" daemon [_thread_blocked, id=6964, stack(0x00000054b3700000,0x00000054b3800000)]
  0x00000160659948e0 JavaThread "Common-Cleaner" daemon [_thread_blocked, id=7140, stack(0x00000054b3900000,0x00000054b3a00000)]
  0x0000016067bc13c0 JavaThread "C2 CompilerThread1" daemon [_thread_blocked, id=7364, stack(0x00000054b3d00000,0x00000054b3e00000)]

Other Threads:
=>0x0000016064e9b620 VMThread "VM Thread" [stack: 0x00000054b2d00000,0x00000054b2e00000] [id=7260]
  0x0000016049acc820 WatcherThread [stack: 0x00000054b3800000,0x00000054b3900000] [id=3652]
  0x0000016049ab4490 GCTaskThread "GC Thread#0" [stack: 0x00000054b2800000,0x00000054b2900000] [id=7252]
  0x0000016065e08ae0 GCTaskThread "GC Thread#1" [stack: 0x00000054b3a00000,0x00000054b3b00000] [id=7280]
  0x0000016065ddaa30 GCTaskThread "GC Thread#2" [stack: 0x00000054b3b00000,0x00000054b3c00000] [id=2464]
  0x0000016065df1990 GCTaskThread "GC Thread#3" [stack: 0x00000054b3c00000,0x00000054b3d00000] [id=2560]
  0x0000016049ac5050 ConcurrentGCThread "G1 Main Marker" [stack: 0x00000054b2900000,0x00000054b2a00000] [id=7336]
  0x0000016049ac7210 ConcurrentGCThread "G1 Conc#0" [stack: 0x00000054b2a00000,0x00000054b2b00000] [id=5072]
  0x0000016049b2dfb0 ConcurrentGCThread "G1 Refine#0" [stack: 0x00000054b2b00000,0x00000054b2c00000] [id=988]
  0x0000016049b2e9d0 ConcurrentGCThread "G1 Service" [stack: 0x00000054b2c00000,0x00000054b2d00000] [id=7952]

Threads with active compile tasks:
C2 CompilerThread0    23754 12559       4       org.jetbrains.kotlin.descriptors.impl.FunctionDescriptorImpl::isInfix (59 bytes)
C1 CompilerThread0    23754 12567       3       org.jetbrains.kotlin.backend.jvm.InlineClassAbiKt::getHasMangledParameters (138 bytes)
C2 CompilerThread1    23754 12562       4       org.jetbrains.kotlin.descriptors.impl.FunctionDescriptorImpl::isOperator (59 bytes)

VM state: at safepoint (normal execution)

VM Mutex/Monitor currently owned by a thread:  ([mutex/lock_event])
[0x0000016049a54250] Threads_lock - owner thread: 0x0000016064e9b620
[0x0000016049a54d00] Heap_lock - owner thread: 0x0000016049a59c30

Heap address: 0x0000000081c00000, size: 2020 MB, Compressed Oops mode: 32-bit

CDS archive(s) not mapped
Compressed class space mapped at: 0x0000000100000000-0x0000000140000000, reserved size: 1073741824
Narrow klass base: 0x0000000000000000, Narrow klass shift: 3, Narrow klass range: 0x140000000

GC Precious Log:
 CPUs: 4 total, 4 available
 Memory: 8076M
 Large Page Support: Disabled
 NUMA Support: Disabled
 Compressed Oops: Enabled (32-bit)
 Heap Region Size: 1M
 Heap Min Capacity: 8M
 Heap Initial Capacity: 128M
 Heap Max Capacity: 2020M
 Pre-touch: Disabled
 Parallel Workers: 4
 Concurrent Workers: 1
 Concurrent Refinement Workers: 4
 Periodic GC: Disabled

Heap:
 garbage-first heap   total 131072K, used 75157K [0x0000000081c00000, 0x0000000100000000)
  region size 1024K, 2 young (2048K), 2 survivors (2048K)
 Metaspace       used 76175K, committed 76544K, reserved 1122304K
  class space    used 8490K, committed 8640K, reserved 1048576K

Heap Regions: E=young(eden), S=young(survivor), O=old, HS=humongous(starts), HC=humongous(continues), CS=collection set, F=free, OA=open archive, CA=closed archive, TAMS=top-at-mark-start (previous, next)
|   0|0x0000000081c00000, 0x0000000081d00000, 0x0000000081d00000|100%|HS|  |TAMS 0x0000000081d00000, 0x0000000081d00000| Complete 
|   1|0x0000000081d00000, 0x0000000081e00000, 0x0000000081e00000|100%|HC|  |TAMS 0x0000000081e00000, 0x0000000081e00000| Complete 
|   2|0x0000000081e00000, 0x0000000081f00000, 0x0000000081f00000|100%|HC|  |TAMS 0x0000000081f00000, 0x0000000081f00000| Complete 
|   3|0x0000000081f00000, 0x0000000082000000, 0x0000000082000000|100%|HC|  |TAMS 0x0000000082000000, 0x0000000082000000| Complete 
|   4|0x0000000082000000, 0x0000000082100000, 0x0000000082100000|100%| O|  |TAMS 0x0000000082100000, 0x0000000082100000| Untracked 
|   5|0x0000000082100000, 0x0000000082200000, 0x0000000082200000|100%| O|  |TAMS 0x0000000082200000, 0x0000000082200000| Untracked 
|   6|0x0000000082200000, 0x0000000082300000, 0x0000000082300000|100%| O|  |TAMS 0x0000000082200000, 0x0000000082300000| Untracked 
|   7|0x0000000082300000, 0x0000000082400000, 0x0000000082400000|100%|HS|  |TAMS 0x0000000082400000, 0x0000000082400000| Complete 
|   8|0x0000000082400000, 0x0000000082500000, 0x0000000082500000|100%|HC|  |TAMS 0x0000000082500000, 0x0000000082500000| Complete 
|   9|0x0000000082500000, 0x0000000082600000, 0x0000000082600000|100%|HC|  |TAMS 0x0000000082600000, 0x0000000082600000| Complete 
|  10|0x0000000082600000, 0x0000000082700000, 0x0000000082700000|100%|HC|  |TAMS 0x0000000082700000, 0x0000000082700000| Complete 
|  11|0x0000000082700000, 0x0000000082800000, 0x0000000082800000|100%| O|  |TAMS 0x0000000082800000, 0x0000000082800000| Untracked 
|  12|0x0000000082800000, 0x0000000082900000, 0x0000000082900000|100%| O|  |TAMS 0x0000000082900000, 0x0000000082900000| Untracked 
|  13|0x0000000082900000, 0x0000000082a00000, 0x0000000082a00000|100%| O|  |TAMS 0x0000000082a00000, 0x0000000082a00000| Untracked 
|  14|0x0000000082a00000, 0x0000000082b00000, 0x0000000082b00000|100%| O|  |TAMS 0x0000000082b00000, 0x0000000082b00000| Untracked 
|  15|0x0000000082b00000, 0x0000000082c00000, 0x0000000082c00000|100%| O|  |TAMS 0x0000000082c00000, 0x0000000082c00000| Untracked 
|  16|0x0000000082c00000, 0x0000000082d00000, 0x0000000082d00000|100%| O|  |TAMS 0x0000000082d00000, 0x0000000082d00000| Untracked 
|  17|0x0000000082d00000, 0x0000000082e00000, 0x0000000082e00000|100%| O|  |TAMS 0x0000000082e00000, 0x0000000082e00000| Untracked 
|  18|0x0000000082e00000, 0x0000000082f00000, 0x0000000082f00000|100%| O|  |TAMS 0x0000000082f00000, 0x0000000082f00000| Untracked 
|  19|0x0000000082f00000, 0x0000000083000000, 0x0000000083000000|100%| O|  |TAMS 0x0000000083000000, 0x0000000083000000| Untracked 
|  20|0x0000000083000000, 0x0000000083100000, 0x0000000083100000|100%| O|  |TAMS 0x0000000083100000, 0x0000000083100000| Untracked 
|  21|0x0000000083100000, 0x0000000083200000, 0x0000000083200000|100%| O|  |TAMS 0x0000000083200000, 0x0000000083200000| Untracked 
|  22|0x0000000083200000, 0x0000000083300000, 0x0000000083300000|100%| O|  |TAMS 0x0000000083300000, 0x0000000083300000| Untracked 
|  23|0x0000000083300000, 0x0000000083400000, 0x0000000083400000|100%| O|  |TAMS 0x0000000083400000, 0x0000000083400000| Untracked 
|  24|0x0000000083400000, 0x0000000083500000, 0x0000000083500000|100%| O|  |TAMS 0x0000000083500000, 0x0000000083500000| Untracked 
|  25|0x0000000083500000, 0x0000000083600000, 0x0000000083600000|100%| O|  |TAMS 0x0000000083600000, 0x0000000083600000| Untracked 
|  26|0x0000000083600000, 0x0000000083700000, 0x0000000083700000|100%| O|  |TAMS 0x0000000083700000, 0x0000000083700000| Untracked 
|  27|0x0000000083700000, 0x0000000083800000, 0x0000000083800000|100%| O|  |TAMS 0x0000000083800000, 0x0000000083800000| Untracked 
|  28|0x0000000083800000, 0x0000000083900000, 0x0000000083900000|100%| O|  |TAMS 0x0000000083900000, 0x0000000083900000| Untracked 
|  29|0x0000000083900000, 0x0000000083a00000, 0x0000000083a00000|100%|HS|  |TAMS 0x0000000083a00000, 0x0000000083a00000| Complete 
|  30|0x0000000083a00000, 0x0000000083b00000, 0x0000000083b00000|100%|HC|  |TAMS 0x0000000083b00000, 0x0000000083b00000| Complete 
|  31|0x0000000083b00000, 0x0000000083c00000, 0x0000000083c00000|100%| O|  |TAMS 0x0000000083c00000, 0x0000000083c00000| Untracked 
|  32|0x0000000083c00000, 0x0000000083d00000, 0x0000000083d00000|100%| O|  |TAMS 0x0000000083d00000, 0x0000000083d00000| Untracked 
|  33|0x0000000083d00000, 0x0000000083e00000, 0x0000000083e00000|100%| O|  |TAMS 0x0000000083e00000, 0x0000000083e00000| Untracked 
|  34|0x0000000083e00000, 0x0000000083f00000, 0x0000000083f00000|100%| O|  |TAMS 0x0000000083f00000, 0x0000000083f00000| Untracked 
|  35|0x0000000083f00000, 0x0000000084000000, 0x0000000084000000|100%| O|  |TAMS 0x0000000084000000, 0x0000000084000000| Untracked 
|  36|0x0000000084000000, 0x0000000084100000, 0x0000000084100000|100%| O|  |TAMS 0x0000000084100000, 0x0000000084100000| Untracked 
|  37|0x0000000084100000, 0x0000000084200000, 0x0000000084200000|100%| O|  |TAMS 0x0000000084200000, 0x0000000084200000| Untracked 
|  38|0x0000000084200000, 0x0000000084300000, 0x0000000084300000|100%| O|  |TAMS 0x0000000084300000, 0x0000000084300000| Untracked 
|  39|0x0000000084300000, 0x0000000084400000, 0x0000000084400000|100%| O|  |TAMS 0x0000000084400000, 0x0000000084400000| Untracked 
|  40|0x0000000084400000, 0x0000000084500000, 0x0000000084500000|100%| O|  |TAMS 0x0000000084500000, 0x0000000084500000| Untracked 
|  41|0x0000000084500000, 0x0000000084600000, 0x0000000084600000|100%| O|  |TAMS 0x0000000084600000, 0x0000000084600000| Untracked 
|  42|0x0000000084600000, 0x0000000084700000, 0x0000000084700000|100%| O|  |TAMS 0x0000000084700000, 0x0000000084700000| Untracked 
|  43|0x0000000084700000, 0x0000000084800000, 0x0000000084800000|100%| O|  |TAMS 0x0000000084800000, 0x0000000084800000| Untracked 
|  44|0x0000000084800000, 0x0000000084900000, 0x0000000084900000|100%| O|  |TAMS 0x0000000084900000, 0x0000000084900000| Untracked 
|  45|0x0000000084900000, 0x0000000084a00000, 0x0000000084a00000|100%| O|  |TAMS 0x0000000084a00000, 0x0000000084a00000| Untracked 
|  46|0x0000000084a00000, 0x0000000084b00000, 0x0000000084b00000|100%| O|  |TAMS 0x0000000084b00000, 0x0000000084b00000| Untracked 
|  47|0x0000000084b00000, 0x0000000084c00000, 0x0000000084c00000|100%| O|  |TAMS 0x0000000084c00000, 0x0000000084c00000| Untracked 
|  48|0x0000000084c00000, 0x0000000084d00000, 0x0000000084d00000|100%| O|  |TAMS 0x0000000084d00000, 0x0000000084d00000| Untracked 
|  49|0x0000000084d00000, 0x0000000084e00000, 0x0000000084e00000|100%| O|  |TAMS 0x0000000084e00000, 0x0000000084e00000| Untracked 
|  50|0x0000000084e00000, 0x0000000084f00000, 0x0000000084f00000|100%| O|  |TAMS 0x0000000084f00000, 0x0000000084f00000| Untracked 
|  51|0x0000000084f00000, 0x0000000085000000, 0x0000000085000000|100%| O|  |TAMS 0x0000000085000000, 0x0000000085000000| Untracked 
|  52|0x0000000085000000, 0x0000000085100000, 0x0000000085100000|100%| O|  |TAMS 0x0000000085100000, 0x0000000085100000| Untracked 
|  53|0x0000000085100000, 0x0000000085200000, 0x0000000085200000|100%| O|  |TAMS 0x0000000085200000, 0x0000000085200000| Untracked 
|  54|0x0000000085200000, 0x0000000085300000, 0x0000000085300000|100%| O|  |TAMS 0x0000000085300000, 0x0000000085300000| Untracked 
|  55|0x0000000085300000, 0x0000000085400000, 0x0000000085400000|100%| O|  |TAMS 0x0000000085400000, 0x0000000085400000| Untracked 
|  56|0x0000000085400000, 0x0000000085500000, 0x0000000085500000|100%| O|  |TAMS 0x0000000085500000, 0x0000000085500000| Untracked 
|  57|0x0000000085500000, 0x0000000085600000, 0x0000000085600000|100%| O|  |TAMS 0x0000000085600000, 0x0000000085600000| Untracked 
|  58|0x0000000085600000, 0x0000000085700000, 0x0000000085700000|100%| O|  |TAMS 0x0000000085700000, 0x0000000085700000| Untracked 
|  59|0x0000000085700000, 0x0000000085700000, 0x0000000085800000|  0%| F|  |TAMS 0x0000000085700000, 0x0000000085700000| Untracked 
|  60|0x0000000085800000, 0x0000000085900000, 0x0000000085900000|100%| O|  |TAMS 0x0000000085900000, 0x0000000085900000| Untracked 
|  61|0x0000000085900000, 0x0000000085a00000, 0x0000000085a00000|100%| O|  |TAMS 0x0000000085a00000, 0x0000000085a00000| Untracked 
|  62|0x0000000085a00000, 0x0000000085b00000, 0x0000000085b00000|100%| O|  |TAMS 0x0000000085b00000, 0x0000000085b00000| Untracked 
|  63|0x0000000085b00000, 0x0000000085c00000, 0x0000000085c00000|100%| O|  |TAMS 0x0000000085c00000, 0x0000000085c00000| Untracked 
|  64|0x0000000085c00000, 0x0000000085d00000, 0x0000000085d00000|100%| O|  |TAMS 0x0000000085c00000, 0x0000000085d00000| Untracked 
|  65|0x0000000085d00000, 0x0000000085e00000, 0x0000000085e00000|100%| O|  |TAMS 0x0000000085d00000, 0x0000000085e00000| Untracked 
|  66|0x0000000085e00000, 0x0000000085f00000, 0x0000000085f00000|100%| O|  |TAMS 0x0000000085e00000, 0x0000000085f00000| Untracked 
|  67|0x0000000085f00000, 0x0000000086000000, 0x0000000086000000|100%| O|  |TAMS 0x0000000085f00000, 0x0000000086000000| Untracked 
|  68|0x0000000086000000, 0x0000000086100000, 0x0000000086100000|100%| O|  |TAMS 0x0000000086000000, 0x0000000086100000| Untracked 
|  69|0x0000000086100000, 0x0000000086200000, 0x0000000086200000|100%| O|  |TAMS 0x0000000086100000, 0x0000000086200000| Untracked 
|  70|0x0000000086200000, 0x0000000086300000, 0x0000000086300000|100%| O|  |TAMS 0x0000000086200000, 0x0000000086300000| Untracked 
|  71|0x0000000086300000, 0x0000000086400000, 0x0000000086400000|100%| O|  |TAMS 0x0000000086300000, 0x0000000086400000| Untracked 
|  72|0x0000000086400000, 0x000000008649b200, 0x0000000086500000| 60%| O|  |TAMS 0x0000000086400000, 0x000000008649b200| Untracked 
|  73|0x0000000086500000, 0x0000000086500000, 0x0000000086600000|  0%| F|  |TAMS 0x0000000086500000, 0x0000000086500000| Untracked 
|  74|0x0000000086600000, 0x0000000086600000, 0x0000000086700000|  0%| F|  |TAMS 0x0000000086600000, 0x0000000086600000| Untracked 
|  75|0x0000000086700000, 0x0000000086700000, 0x0000000086800000|  0%| F|  |TAMS 0x0000000086700000, 0x0000000086700000| Untracked 
|  76|0x0000000086800000, 0x0000000086800000, 0x0000000086900000|  0%| F|  |TAMS 0x0000000086800000, 0x0000000086800000| Untracked 
|  77|0x0000000086900000, 0x0000000086900000, 0x0000000086a00000|  0%| F|  |TAMS 0x0000000086900000, 0x0000000086900000| Untracked 
|  78|0x0000000086a00000, 0x0000000086a00000, 0x0000000086b00000|  0%| F|  |TAMS 0x0000000086a00000, 0x0000000086a00000| Untracked 
|  79|0x0000000086b00000, 0x0000000086b00000, 0x0000000086c00000|  0%| F|  |TAMS 0x0000000086b00000, 0x0000000086b00000| Untracked 
|  80|0x0000000086c00000, 0x0000000086c00000, 0x0000000086d00000|  0%| F|  |TAMS 0x0000000086c00000, 0x0000000086c00000| Untracked 
|  81|0x0000000086d00000, 0x0000000086d00000, 0x0000000086e00000|  0%| F|  |TAMS 0x0000000086d00000, 0x0000000086d00000| Untracked 
|  82|0x0000000086e00000, 0x0000000086e00000, 0x0000000086f00000|  0%| F|  |TAMS 0x0000000086e00000, 0x0000000086e00000| Untracked 
|  83|0x0000000086f00000, 0x0000000086f00000, 0x0000000087000000|  0%| F|  |TAMS 0x0000000086f00000, 0x0000000086f00000| Untracked 
|  84|0x0000000087000000, 0x0000000087000000, 0x0000000087100000|  0%| F|  |TAMS 0x0000000087000000, 0x0000000087000000| Untracked 
|  85|0x0000000087100000, 0x0000000087100000, 0x0000000087200000|  0%| F|  |TAMS 0x0000000087100000, 0x0000000087100000| Untracked 
|  86|0x0000000087200000, 0x0000000087200000, 0x0000000087300000|  0%| F|  |TAMS 0x0000000087200000, 0x0000000087200000| Untracked 
|  87|0x0000000087300000, 0x0000000087300000, 0x0000000087400000|  0%| F|  |TAMS 0x0000000087300000, 0x0000000087300000| Untracked 
|  88|0x0000000087400000, 0x0000000087400000, 0x0000000087500000|  0%| F|  |TAMS 0x0000000087400000, 0x0000000087400000| Untracked 
|  89|0x0000000087500000, 0x0000000087500000, 0x0000000087600000|  0%| F|  |TAMS 0x0000000087500000, 0x0000000087500000| Untracked 
|  90|0x0000000087600000, 0x0000000087600000, 0x0000000087700000|  0%| F|  |TAMS 0x0000000087600000, 0x0000000087600000| Untracked 
|  91|0x0000000087700000, 0x0000000087700000, 0x0000000087800000|  0%| F|  |TAMS 0x0000000087700000, 0x0000000087700000| Untracked 
|  92|0x0000000087800000, 0x0000000087800000, 0x0000000087900000|  0%| F|  |TAMS 0x0000000087800000, 0x0000000087800000| Untracked 
|  93|0x0000000087900000, 0x0000000087900000, 0x0000000087a00000|  0%| F|  |TAMS 0x0000000087900000, 0x0000000087900000| Untracked 
|  94|0x0000000087a00000, 0x0000000087aca440, 0x0000000087b00000| 79%| S|CS|TAMS 0x0000000087a00000, 0x0000000087a00000| Complete 
|  95|0x0000000087b00000, 0x0000000087c00000, 0x0000000087c00000|100%| S|CS|TAMS 0x0000000087b00000, 0x0000000087b00000| Complete 
|  96|0x0000000087c00000, 0x0000000087c00000, 0x0000000087d00000|  0%| F|  |TAMS 0x0000000087c00000, 0x0000000087c00000| Untracked 
|  97|0x0000000087d00000, 0x0000000087d00000, 0x0000000087e00000|  0%| F|  |TAMS 0x0000000087d00000, 0x0000000087d00000| Untracked 
|  98|0x0000000087e00000, 0x0000000087e00000, 0x0000000087f00000|  0%| F|  |TAMS 0x0000000087e00000, 0x0000000087e00000| Untracked 
|  99|0x0000000087f00000, 0x0000000087f00000, 0x0000000088000000|  0%| F|  |TAMS 0x0000000087f00000, 0x0000000087f00000| Untracked 
| 100|0x0000000088000000, 0x0000000088000000, 0x0000000088100000|  0%| F|  |TAMS 0x0000000088000000, 0x0000000088000000| Untracked 
| 101|0x0000000088100000, 0x0000000088100000, 0x0000000088200000|  0%| F|  |TAMS 0x0000000088100000, 0x0000000088100000| Untracked 
| 102|0x0000000088200000, 0x0000000088200000, 0x0000000088300000|  0%| F|  |TAMS 0x0000000088200000, 0x0000000088200000| Untracked 
| 103|0x0000000088300000, 0x0000000088300000, 0x0000000088400000|  0%| F|  |TAMS 0x0000000088300000, 0x0000000088300000| Untracked 
| 104|0x0000000088400000, 0x0000000088400000, 0x0000000088500000|  0%| F|  |TAMS 0x0000000088400000, 0x0000000088400000| Untracked 
| 105|0x0000000088500000, 0x0000000088500000, 0x0000000088600000|  0%| F|  |TAMS 0x0000000088500000, 0x0000000088500000| Untracked 
| 106|0x0000000088600000, 0x0000000088600000, 0x0000000088700000|  0%| F|  |TAMS 0x0000000088600000, 0x0000000088600000| Untracked 
| 107|0x0000000088700000, 0x0000000088700000, 0x0000000088800000|  0%| F|  |TAMS 0x0000000088700000, 0x0000000088700000| Untracked 
| 108|0x0000000088800000, 0x0000000088800000, 0x0000000088900000|  0%| F|  |TAMS 0x0000000088800000, 0x0000000088800000| Untracked 
| 109|0x0000000088900000, 0x0000000088900000, 0x0000000088a00000|  0%| F|  |TAMS 0x0000000088900000, 0x0000000088900000| Untracked 
| 110|0x0000000088a00000, 0x0000000088a00000, 0x0000000088b00000|  0%| F|  |TAMS 0x0000000088a00000, 0x0000000088a00000| Untracked 
| 111|0x0000000088b00000, 0x0000000088b00000, 0x0000000088c00000|  0%| F|  |TAMS 0x0000000088b00000, 0x0000000088b00000| Untracked 
| 112|0x0000000088c00000, 0x0000000088c00000, 0x0000000088d00000|  0%| F|  |TAMS 0x0000000088c00000, 0x0000000088c00000| Untracked 
| 113|0x0000000088d00000, 0x0000000088d00000, 0x0000000088e00000|  0%| F|  |TAMS 0x0000000088d00000, 0x0000000088d00000| Untracked 
| 114|0x0000000088e00000, 0x0000000088e00000, 0x0000000088f00000|  0%| F|  |TAMS 0x0000000088e00000, 0x0000000088e00000| Untracked 
| 115|0x0000000088f00000, 0x0000000088f00000, 0x0000000089000000|  0%| F|  |TAMS 0x0000000088f00000, 0x0000000088f00000| Untracked 
| 116|0x0000000089000000, 0x0000000089000000, 0x0000000089100000|  0%| F|  |TAMS 0x0000000089000000, 0x0000000089000000| Untracked 
| 117|0x0000000089100000, 0x0000000089100000, 0x0000000089200000|  0%| F|  |TAMS 0x0000000089100000, 0x0000000089100000| Untracked 
| 118|0x0000000089200000, 0x0000000089200000, 0x0000000089300000|  0%| F|  |TAMS 0x0000000089200000, 0x0000000089200000| Untracked 
| 119|0x0000000089300000, 0x0000000089300000, 0x0000000089400000|  0%| F|  |TAMS 0x0000000089300000, 0x0000000089300000| Untracked 
| 120|0x0000000089400000, 0x0000000089400000, 0x0000000089500000|  0%| F|  |TAMS 0x0000000089400000, 0x0000000089400000| Untracked 
| 121|0x0000000089500000, 0x0000000089500000, 0x0000000089600000|  0%| F|  |TAMS 0x0000000089500000, 0x0000000089500000| Untracked 
| 122|0x0000000089600000, 0x0000000089600000, 0x0000000089700000|  0%| F|  |TAMS 0x0000000089600000, 0x0000000089600000| Untracked 
| 123|0x0000000089700000, 0x0000000089700000, 0x0000000089800000|  0%| F|  |TAMS 0x0000000089700000, 0x0000000089700000| Untracked 
| 124|0x0000000089800000, 0x0000000089800000, 0x0000000089900000|  0%| F|  |TAMS 0x0000000089800000, 0x0000000089800000| Untracked 
| 125|0x0000000089900000, 0x0000000089900000, 0x0000000089a00000|  0%| F|  |TAMS 0x0000000089900000, 0x0000000089900000| Untracked 
| 126|0x0000000089a00000, 0x0000000089a00000, 0x0000000089b00000|  0%| F|  |TAMS 0x0000000089a00000, 0x0000000089a00000| Untracked 
| 127|0x0000000089b00000, 0x0000000089b00000, 0x0000000089c00000|  0%| F|  |TAMS 0x0000000089b00000, 0x0000000089b00000| Untracked 

Card table byte_map: [0x000001605e130000,0x000001605e530000] _byte_map_base: 0x000001605dd22000

Marking Bits (Prev, Next): (CMBitMap*) 0x0000016049ab4aa0, (CMBitMap*) 0x0000016049ab4ae0
 Prev Bits: [0x000001605e930000, 0x00000160608c0000)
 Next Bits: [0x00000160608c0000, 0x0000016062850000)

Polling page: 0x0000016049b30000

Metaspace:

Usage:
  Non-class:     66.10 MB used.
      Class:      8.29 MB used.
       Both:     74.39 MB used.

Virtual space:
  Non-class space:       72.00 MB reserved,      66.31 MB ( 92%) committed,  9 nodes.
      Class space:        1.00 GB reserved,       8.44 MB ( <1%) committed,  1 nodes.
             Both:        1.07 GB reserved,      74.75 MB (  7%) committed. 

Chunk freelists:
   Non-Class:  1.53 MB
       Class:  3.52 MB
        Both:  5.05 MB

MaxMetaspaceSize: unlimited
CompressedClassSpaceSize: 1.00 GB
Initial GC threshold: 21.00 MB
Current GC threshold: 115.56 MB
CDS: off
MetaspaceReclaimPolicy: balanced
 - commit_granule_bytes: 65536.
 - commit_granule_words: 8192.
 - virtual_space_node_default_size: 1048576.
 - enlarge_chunks_in_place: 1.
 - new_chunks_are_fully_committed: 0.
 - uncommit_free_chunks: 1.
 - use_allocation_guard: 0.
 - handle_deallocations: 1.


Internal statistics:

num_allocs_failed_limit: 3.
num_arena_births: 426.
num_arena_deaths: 0.
num_vsnodes_births: 10.
num_vsnodes_deaths: 0.
num_space_committed: 1194.
num_space_uncommitted: 0.
num_chunks_returned_to_freelist: 3.
num_chunks_taken_from_freelist: 2842.
num_chunk_merges: 3.
num_chunk_splits: 2259.
num_chunks_enlarged: 1949.
num_purges: 0.
num_inconsistent_stats: 0.

CodeHeap 'non-profiled nmethods': size=120000Kb used=5713Kb max_used=5713Kb free=114286Kb
 bounds [0x00000160561d0000, 0x0000016056770000, 0x000001605d700000]
CodeHeap 'profiled nmethods': size=120000Kb used=31720Kb max_used=31720Kb free=88279Kb
 bounds [0x000001604e700000, 0x0000016050600000, 0x0000016055c30000]
CodeHeap 'non-nmethods': size=5760Kb used=1410Kb max_used=1475Kb free=4349Kb
 bounds [0x0000016055c30000, 0x0000016055ea0000, 0x00000160561d0000]
 total_blobs=11536 nmethods=10808 adapters=635
 compilation: enabled
              stopped_count=0, restarted_count=0
 full_count=0

Compilation events (20 events):
Event: 23.706 Thread 0x0000016067bc13c0 nmethod 12538 0x0000016056763710 code [0x00000160567638a0, 0x0000016056763eb8]
Event: 23.707 Thread 0x0000016065826210 nmethod 12557 0x00000160505f4590 code [0x00000160505f4860, 0x00000160505f58b8]
Event: 23.707 Thread 0x0000016067bc13c0 12562       4       org.jetbrains.kotlin.descriptors.impl.FunctionDescriptorImpl::isOperator (59 bytes)
Event: 23.708 Thread 0x0000016065826210 12558       3       org.jetbrains.kotlin.backend.jvm.MemoizedInlineClassReplacements$getReplacementFunction$1::invoke (293 bytes)
Event: 23.710 Thread 0x0000016065826210 nmethod 12558 0x00000160505f5e90 code [0x00000160505f6360, 0x00000160505f89f8]
Event: 23.710 Thread 0x0000016065826210 12554       3       org.jetbrains.kotlin.backend.jvm.MemoizedInlineClassReplacements$replaceOverriddenSymbols$1::invoke (9 bytes)
Event: 23.711 Thread 0x0000016065826210 nmethod 12554 0x00000160505f9310 code [0x00000160505f94c0, 0x00000160505f96e8]
Event: 23.711 Thread 0x0000016065826210 12556       3       org.jetbrains.kotlin.ir.declarations.lazy.IrLazyFunction$overriddenSymbols$2::invoke (5 bytes)
Event: 23.711 Thread 0x0000016065826210 nmethod 12556 0x00000160505f9790 code [0x00000160505f9920, 0x00000160505f9a68]
Event: 23.711 Thread 0x0000016065826210 12560       1       org.jetbrains.kotlin.backend.jvm.lower.JvmValueClassAbstractLowering::getContext (5 bytes)
Event: 23.711 Thread 0x0000016065826210 nmethod 12560 0x0000016056764010 code [0x00000160567641a0, 0x0000016056764278]
Event: 23.711 Thread 0x0000016065826210 12561       1       org.jetbrains.kotlin.backend.jvm.JvmBackendContext::getInlineClassReplacements (5 bytes)
Event: 23.711 Thread 0x0000016065826210 nmethod 12561 0x0000016056764310 code [0x00000160567644a0, 0x0000016056764578]
Event: 23.713 Thread 0x0000016065826210 12564       3       org.jetbrains.kotlin.backend.jvm.lower.JvmInlineClassLowering::getReplacements (11 bytes)
Event: 23.714 Thread 0x0000016065826210 nmethod 12564 0x00000160505f9b10 code [0x00000160505f9ca0, 0x00000160505f9dd8]
Event: 23.714 Thread 0x0000016065826210 12565       3       org.jetbrains.kotlin.backend.jvm.InlineClassAbiKt::getRequiresMangling (40 bytes)
Event: 23.715 Thread 0x0000016065826210 nmethod 12565 0x00000160505f9e90 code [0x00000160505fa180, 0x00000160505faf78]
Event: 23.717 Thread 0x0000016065826210 12566       3       org.jetbrains.kotlin.backend.jvm.InlineClassAbiKt::getHasMangledReturnType (56 bytes)
Event: 23.718 Thread 0x0000016065826210 nmethod 12566 0x00000160505fb410 code [0x00000160505fb780, 0x00000160505fcae8]
Event: 23.718 Thread 0x0000016065826210 12567       3       org.jetbrains.kotlin.backend.jvm.InlineClassAbiKt::getHasMangledParameters (138 bytes)

GC Heap History (20 events):
Event: 14.027 GC heap after
{Heap after GC invocations=29 (full 0):
 garbage-first heap   total 81920K, used 49987K [0x0000000081c00000, 0x0000000100000000)
  region size 1024K, 3 young (3072K), 3 survivors (3072K)
 Metaspace       used 56998K, committed 57280K, reserved 1105920K
  class space    used 6673K, committed 6784K, reserved 1048576K
}
Event: 14.972 GC heap before
{Heap before GC invocations=30 (full 0):
 garbage-first heap   total 91136K, used 64323K [0x0000000081c00000, 0x0000000100000000)
  region size 1024K, 17 young (17408K), 3 survivors (3072K)
 Metaspace       used 58270K, committed 58496K, reserved 1105920K
  class space    used 6790K, committed 6912K, reserved 1048576K
}
Event: 14.982 GC heap after
{Heap after GC invocations=31 (full 0):
 garbage-first heap   total 91136K, used 52174K [0x0000000081c00000, 0x0000000100000000)
  region size 1024K, 3 young (3072K), 3 survivors (3072K)
 Metaspace       used 58270K, committed 58496K, reserved 1105920K
  class space    used 6790K, committed 6912K, reserved 1048576K
}
Event: 16.092 GC heap before
{Heap before GC invocations=31 (full 0):
 garbage-first heap   total 91136K, used 71630K [0x0000000081c00000, 0x0000000100000000)
  region size 1024K, 22 young (22528K), 3 survivors (3072K)
 Metaspace       used 59665K, committed 59968K, reserved 1105920K
  class space    used 6854K, committed 6976K, reserved 1048576K
}
Event: 16.103 GC heap after
{Heap after GC invocations=32 (full 0):
 garbage-first heap   total 109568K, used 53891K [0x0000000081c00000, 0x0000000100000000)
  region size 1024K, 2 young (2048K), 2 survivors (2048K)
 Metaspace       used 59665K, committed 59968K, reserved 1105920K
  class space    used 6854K, committed 6976K, reserved 1048576K
}
Event: 18.370 GC heap before
{Heap before GC invocations=33 (full 0):
 garbage-first heap   total 109568K, used 85635K [0x0000000081c00000, 0x0000000100000000)
  region size 1024K, 33 young (33792K), 2 survivors (2048K)
 Metaspace       used 61208K, committed 61504K, reserved 1105920K
  class space    used 6911K, committed 7040K, reserved 1048576K
}
Event: 18.387 GC heap after
{Heap after GC invocations=34 (full 0):
 garbage-first heap   total 109568K, used 57363K [0x0000000081c00000, 0x0000000100000000)
  region size 1024K, 5 young (5120K), 5 survivors (5120K)
 Metaspace       used 61208K, committed 61504K, reserved 1105920K
  class space    used 6911K, committed 7040K, reserved 1048576K
}
Event: 19.679 GC heap before
{Heap before GC invocations=34 (full 0):
 garbage-first heap   total 109568K, used 86035K [0x0000000081c00000, 0x0000000100000000)
  region size 1024K, 33 young (33792K), 5 survivors (5120K)
 Metaspace       used 66413K, committed 66752K, reserved 1114112K
  class space    used 7451K, committed 7616K, reserved 1048576K
}
Event: 19.701 GC heap after
{Heap after GC invocations=35 (full 0):
 garbage-first heap   total 109568K, used 60209K [0x0000000081c00000, 0x0000000100000000)
  region size 1024K, 3 young (3072K), 3 survivors (3072K)
 Metaspace       used 66413K, committed 66752K, reserved 1114112K
  class space    used 7451K, committed 7616K, reserved 1048576K
}
Event: 21.024 GC heap before
{Heap before GC invocations=36 (full 0):
 garbage-first heap   total 109568K, used 87857K [0x0000000081c00000, 0x0000000100000000)
  region size 1024K, 30 young (30720K), 3 survivors (3072K)
 Metaspace       used 69436K, committed 69760K, reserved 1114112K
  class space    used 7769K, committed 7936K, reserved 1048576K
}
Event: 21.040 GC heap after
{Heap after GC invocations=37 (full 0):
 garbage-first heap   total 109568K, used 64430K [0x0000000081c00000, 0x0000000100000000)
  region size 1024K, 4 young (4096K), 4 survivors (4096K)
 Metaspace       used 69436K, committed 69760K, reserved 1114112K
  class space    used 7769K, committed 7936K, reserved 1048576K
}
Event: 21.050 GC heap before
{Heap before GC invocations=37 (full 0):
 garbage-first heap   total 109568K, used 65454K [0x0000000081c00000, 0x0000000100000000)
  region size 1024K, 5 young (5120K), 4 survivors (4096K)
 Metaspace       used 69441K, committed 69760K, reserved 1114112K
  class space    used 7769K, committed 7936K, reserved 1048576K
}
Event: 21.065 GC heap after
{Heap after GC invocations=38 (full 0):
 garbage-first heap   total 109568K, used 65261K [0x0000000081c00000, 0x0000000100000000)
  region size 1024K, 1 young (1024K), 1 survivors (1024K)
 Metaspace       used 69441K, committed 69760K, reserved 1114112K
  class space    used 7769K, committed 7936K, reserved 1048576K
}
Event: 21.942 GC heap before
{Heap before GC invocations=38 (full 0):
 garbage-first heap   total 109568K, used 88813K [0x0000000081c00000, 0x0000000100000000)
  region size 1024K, 24 young (24576K), 1 survivors (1024K)
 Metaspace       used 70686K, committed 70976K, reserved 1114112K
  class space    used 7886K, committed 8000K, reserved 1048576K
}
Event: 21.967 GC heap after
{Heap after GC invocations=39 (full 0):
 garbage-first heap   total 109568K, used 71042K [0x0000000081c00000, 0x0000000100000000)
  region size 1024K, 3 young (3072K), 3 survivors (3072K)
 Metaspace       used 70686K, committed 70976K, reserved 1114112K
  class space    used 7886K, committed 8000K, reserved 1048576K
}
Event: 22.926 GC heap before
{Heap before GC invocations=40 (full 0):
 garbage-first heap   total 122880K, used 86402K [0x0000000081c00000, 0x0000000100000000)
  region size 1024K, 18 young (18432K), 3 survivors (3072K)
 Metaspace       used 71592K, committed 71936K, reserved 1114112K
  class space    used 7958K, committed 8128K, reserved 1048576K
}
Event: 22.948 GC heap after
{Heap after GC invocations=41 (full 0):
 garbage-first heap   total 122880K, used 73670K [0x0000000081c00000, 0x0000000100000000)
  region size 1024K, 2 young (2048K), 2 survivors (2048K)
 Metaspace       used 71592K, committed 71936K, reserved 1114112K
  class space    used 7958K, committed 8128K, reserved 1048576K
}
Event: 23.065 GC heap before
{Heap before GC invocations=41 (full 0):
 garbage-first heap   total 122880K, used 76742K [0x0000000081c00000, 0x0000000100000000)
  region size 1024K, 6 young (6144K), 2 survivors (2048K)
 Metaspace       used 72581K, committed 72960K, reserved 1114112K
  class space    used 8098K, committed 8256K, reserved 1048576K
}
Event: 23.086 GC heap after
{Heap after GC invocations=42 (full 0):
 garbage-first heap   total 122880K, used 73738K [0x0000000081c00000, 0x0000000100000000)
  region size 1024K, 1 young (1024K), 1 survivors (1024K)
 Metaspace       used 72581K, committed 72960K, reserved 1114112K
  class space    used 8098K, committed 8256K, reserved 1048576K
}
Event: 23.719 GC heap before
{Heap before GC invocations=42 (full 0):
 garbage-first heap   total 122880K, used 96266K [0x0000000081c00000, 0x0000000100000000)
  region size 1024K, 24 young (24576K), 1 survivors (1024K)
 Metaspace       used 76175K, committed 76544K, reserved 1122304K
  class space    used 8490K, committed 8640K, reserved 1048576K
}

Dll operation events (2 events):
Event: 0.010 Loaded shared library D:\Android\jbr\bin\java.dll
Event: 4.822 Loaded shared library D:\Android\jbr\bin\verify.dll

Deoptimization events (20 events):
Event: 23.466 Thread 0x0000016049a59c30 Uncommon trap: trap_request=0xffffffc6 fr.pc=0x0000016056486884 relative=0x00000000000001e4
Event: 23.466 Thread 0x0000016049a59c30 Uncommon trap: reason=bimorphic_or_optimized_type_check action=maybe_recompile pc=0x0000016056486884 method=org.jetbrains.kotlin.ir.expressions.IrMemberAccessExpression.putValueArgument(ILorg/jetbrains/kotlin/ir/expressions/IrExpression;)V @ 40 c2
Event: 23.466 Thread 0x0000016049a59c30 DEOPT PACKING pc=0x0000016056486884 sp=0x00000054b27fcc70
Event: 23.466 Thread 0x0000016049a59c30 DEOPT UNPACKING pc=0x0000016055c869a3 sp=0x00000054b27fcc40 mode 2
Event: 23.467 Thread 0x0000016049a59c30 Uncommon trap: trap_request=0xffffffc6 fr.pc=0x0000016056486884 relative=0x00000000000001e4
Event: 23.467 Thread 0x0000016049a59c30 Uncommon trap: reason=bimorphic_or_optimized_type_check action=maybe_recompile pc=0x0000016056486884 method=org.jetbrains.kotlin.ir.expressions.IrMemberAccessExpression.putValueArgument(ILorg/jetbrains/kotlin/ir/expressions/IrExpression;)V @ 40 c2
Event: 23.467 Thread 0x0000016049a59c30 DEOPT PACKING pc=0x0000016056486884 sp=0x00000054b27fcc70
Event: 23.467 Thread 0x0000016049a59c30 DEOPT UNPACKING pc=0x0000016055c869a3 sp=0x00000054b27fcc40 mode 2
Event: 23.489 Thread 0x0000016049a59c30 Uncommon trap: trap_request=0xffffff45 fr.pc=0x00000160565d1c40 relative=0x00000000000001a0
Event: 23.489 Thread 0x0000016049a59c30 Uncommon trap: reason=unstable_if action=reinterpret pc=0x00000160565d1c40 method=org.jetbrains.kotlin.builtins.jvm.JvmBuiltInClassDescriptorFactory.shouldCreateClass(Lorg/jetbrains/kotlin/name/FqName;Lorg/jetbrains/kotlin/name/Name;)Z @ 19 c2
Event: 23.489 Thread 0x0000016049a59c30 DEOPT PACKING pc=0x00000160565d1c40 sp=0x00000054b27fc8d0
Event: 23.489 Thread 0x0000016049a59c30 DEOPT UNPACKING pc=0x0000016055c869a3 sp=0x00000054b27fc868 mode 2
Event: 23.506 Thread 0x0000016049a59c30 Uncommon trap: trap_request=0xffffffc6 fr.pc=0x000001605671c318 relative=0x0000000000000178
Event: 23.506 Thread 0x0000016049a59c30 Uncommon trap: reason=bimorphic_or_optimized_type_check action=maybe_recompile pc=0x000001605671c318 method=org.jetbrains.kotlin.ir.expressions.IrMemberAccessExpression.acceptChildren(Lorg/jetbrains/kotlin/ir/visitors/IrElementVisitor;Ljava/lang/Object;)V
Event: 23.506 Thread 0x0000016049a59c30 DEOPT PACKING pc=0x000001605671c318 sp=0x00000054b27fbcb0
Event: 23.506 Thread 0x0000016049a59c30 DEOPT UNPACKING pc=0x0000016055c869a3 sp=0x00000054b27fb810 mode 2
Event: 23.507 Thread 0x0000016049a59c30 Uncommon trap: trap_request=0xffffffc6 fr.pc=0x000001605671ca18 relative=0x0000000000000178
Event: 23.507 Thread 0x0000016049a59c30 Uncommon trap: reason=bimorphic_or_optimized_type_check action=maybe_recompile pc=0x000001605671ca18 method=org.jetbrains.kotlin.ir.expressions.IrMemberAccessExpression.acceptChildren(Lorg/jetbrains/kotlin/ir/visitors/IrElementVisitor;Ljava/lang/Object;)V
Event: 23.507 Thread 0x0000016049a59c30 DEOPT PACKING pc=0x000001605671ca18 sp=0x00000054b27fbb60
Event: 23.507 Thread 0x0000016049a59c30 DEOPT UNPACKING pc=0x0000016055c869a3 sp=0x00000054b27fb780 mode 2

Classes unloaded (0 events):
No events

Classes redefined (0 events):
No events

Internal exceptions (20 events):
Event: 12.599 Thread 0x0000016049a59c30 Exception <a 'java/lang/NoSuchMethodError'{0x0000000087ee65b8}: 'int java.lang.invoke.DirectMethodHandle$Holder.invokeInterface(java.lang.Object, java.lang.Object)'> (0x0000000087ee65b8) 
thrown [s\src\hotspot\share\interpreter\linkResolver.cpp, line 771]
Event: 12.622 Thread 0x0000016049a59c30 Implicit null exception at 0x000001605621a4ef to 0x000001605621a6d4
Event: 12.622 Thread 0x0000016049a59c30 Implicit null exception at 0x000001605623410f to 0x0000016056234189
Event: 13.083 Thread 0x0000016049a59c30 Exception <a 'java/lang/NoSuchMethodError'{0x000000008801d160}: 'int java.lang.invoke.DirectMethodHandle$Holder.invokeStaticInit(java.lang.Object, int)'> (0x000000008801d160) 
thrown [s\src\hotspot\share\interpreter\linkResolver.cpp, line 771]
Event: 13.831 Thread 0x0000016049a59c30 Implicit null exception at 0x0000016056494091 to 0x00000160564943ac
Event: 13.875 Thread 0x0000016049a59c30 Implicit null exception at 0x000001605649fcef to 0x000001605649fec4
Event: 14.145 Thread 0x0000016049a59c30 Implicit null exception at 0x0000016056274420 to 0x00000160562745a4
Event: 14.145 Thread 0x0000016049a59c30 Implicit null exception at 0x00000160562524e0 to 0x000001605625257a
Event: 16.219 Thread 0x0000016049a59c30 Implicit null exception at 0x000001605654ff2f to 0x0000016056550000
Event: 18.270 Thread 0x0000016049a59c30 Exception <a 'java/lang/NoSuchMethodError'{0x00000000869777b0}: 'java.lang.Object java.lang.invoke.DirectMethodHandle$Holder.newInvokeSpecial(java.lang.Object, java.lang.Object, java.lang.Object, java.lang.Object, java.lang.Object, java.lang.Object, java.lang.Object)'> (0x00000000869777b0) 
thrown [s\src\hotspot\share\interpreter\linkResolver.cpp, line 771]
Event: 18.271 Thread 0x0000016049a59c30 Exception <a 'java/lang/NoSuchMethodError'{0x000000008697c368}: 'java.lang.Object java.lang.invoke.Invokers$Holder.linkToTargetMethod(java.lang.Object, java.lang.Object, java.lang.Object, java.lang.Object, java.lang.Object, java.lang.Object, java.lang.Object)'> (0x000000008697c368) 
thrown [s\src\hotspot\share\interpreter\linkResolver.cpp, line 771]
Event: 18.399 Thread 0x0000016049a59c30 Exception <a 'java/lang/NoSuchMethodError'{0x0000000089b23970}: 'java.lang.Object java.lang.invoke.DirectMethodHandle$Holder.invokeInterface(java.lang.Object, java.lang.Object, java.lang.Object)'> (0x0000000089b23970) 
thrown [s\src\hotspot\share\interpreter\linkResolver.cpp, line 771]
Event: 18.400 Thread 0x0000016049a59c30 Exception <a 'java/lang/IncompatibleClassChangeError'{0x0000000089b27ad8}: Found class java.lang.Object, but interface was expected> (0x0000000089b27ad8) 
thrown [s\src\hotspot\share\interpreter\linkResolver.cpp, line 838]
Event: 18.556 Thread 0x0000016049a59c30 Implicit null exception at 0x0000016056265fef to 0x00000160562661d4
Event: 18.721 Thread 0x0000016049a59c30 Implicit null exception at 0x0000016056562ce0 to 0x0000016056562fc4
Event: 19.278 Thread 0x0000016049a59c30 Exception <a 'java/lang/NoSuchMethodError'{0x00000000879b8fe8}: 'java.lang.Object java.lang.invoke.DirectMethodHandle$Holder.invokeStaticInit(java.lang.Object, java.lang.Object, java.lang.Object, java.lang.Object)'> (0x00000000879b8fe8) 
thrown [s\src\hotspot\share\interpreter\linkResolver.cpp, line 771]
Event: 20.084 Thread 0x0000016049a59c30 Exception <a 'java/lang/NoSuchMethodError'{0x00000000882c3578}: 'java.lang.Object java.lang.invoke.DirectMethodHandle$Holder.invokeSpecial(java.lang.Object, java.lang.Object, int, int, java.lang.Object, java.lang.Object, java.lang.Object, java.lang.Object, java.lang.Object)'> (0x00000000882c3578) 
thrown [s\src\hotspot\share\interpreter\linkResolver.cpp, line 771]
Event: 20.569 Thread 0x0000016049a59c30 Exception <a 'java/lang/NoSuchMethodError'{0x0000000087b0c578}: 'java.lang.Object java.lang.invoke.DirectMethodHandle$Holder.invokeStatic(java.lang.Object, int, java.lang.Object)'> (0x0000000087b0c578) 
thrown [s\src\hotspot\share\interpreter\linkResolver.cpp, line 771]
Event: 20.582 Thread 0x0000016049a59c30 Exception <a 'java/lang/NoSuchMethodError'{0x0000000087b33ff0}: 'java.lang.Object java.lang.invoke.DirectMethodHandle$Holder.newInvokeSpecial(java.lang.Object, int, java.lang.Object, java.lang.Object)'> (0x0000000087b33ff0) 
thrown [s\src\hotspot\share\interpreter\linkResolver.cpp, line 771]
Event: 22.868 Thread 0x0000016049a59c30 Implicit null exception at 0x000001605623abef to 0x000001605623ae30

VM Operations (20 events):
Event: 23.086 Executing VM operation: G1CollectForAllocation done
Event: 23.135 Executing VM operation: HandshakeAllThreads
Event: 23.135 Executing VM operation: HandshakeAllThreads done
Event: 23.250 Executing VM operation: HandshakeAllThreads
Event: 23.250 Executing VM operation: HandshakeAllThreads done
Event: 23.250 Executing VM operation: HandshakeAllThreads
Event: 23.250 Executing VM operation: HandshakeAllThreads done
Event: 23.332 Executing VM operation: ICBufferFull
Event: 23.332 Executing VM operation: ICBufferFull done
Event: 23.364 Executing VM operation: HandshakeAllThreads
Event: 23.364 Executing VM operation: HandshakeAllThreads done
Event: 23.417 Executing VM operation: HandshakeAllThreads
Event: 23.417 Executing VM operation: HandshakeAllThreads done
Event: 23.506 Executing VM operation: ICBufferFull
Event: 23.507 Executing VM operation: ICBufferFull done
Event: 23.514 Executing VM operation: HandshakeAllThreads
Event: 23.514 Executing VM operation: HandshakeAllThreads done
Event: 23.515 Executing VM operation: HandshakeAllThreads
Event: 23.515 Executing VM operation: HandshakeAllThreads done
Event: 23.719 Executing VM operation: G1CollectForAllocation

Events (20 events):
Event: 23.268 Thread 0x000001606582a8e0 flushing nmethod 0x000001604f646910
Event: 23.271 Thread 0x000001606582a8e0 flushing nmethod 0x000001604f911310
Event: 23.271 Thread 0x000001606582a8e0 flushing nmethod 0x000001604f97f090
Event: 23.272 Thread 0x000001606582a8e0 flushing nmethod 0x000001604fab5890
Event: 23.273 Thread 0x000001606582a8e0 flushing nmethod 0x000001604fafd510
Event: 23.274 Thread 0x000001606582a8e0 flushing nmethod 0x000001604fc23810
Event: 23.277 Thread 0x000001606582a8e0 flushing nmethod 0x000001604ffe8110
Event: 23.277 Thread 0x000001606582a8e0 flushing nmethod 0x0000016050010510
Event: 23.277 Thread 0x000001606582a8e0 flushing nmethod 0x0000016050013b90
Event: 23.277 Thread 0x000001606582a8e0 flushing nmethod 0x0000016050025890
Event: 23.277 Thread 0x000001606582a8e0 flushing nmethod 0x0000016050032b90
Event: 23.277 Thread 0x000001606582a8e0 flushing nmethod 0x0000016050083b90
Event: 23.277 Thread 0x000001606582a8e0 flushing nmethod 0x0000016050088c90
Event: 23.278 Thread 0x000001606582a8e0 flushing nmethod 0x000001605009b390
Event: 23.278 Thread 0x000001606582a8e0 flushing nmethod 0x00000160500ad310
Event: 23.278 Thread 0x000001606582a8e0 flushing nmethod 0x00000160500fcf10
Event: 23.278 Thread 0x000001606582a8e0 flushing nmethod 0x0000016050114210
Event: 23.278 Thread 0x000001606582a8e0 flushing nmethod 0x0000016050116310
Event: 23.278 Thread 0x000001606582a8e0 flushing nmethod 0x000001605011ad90
Event: 23.278 Thread 0x000001606582a8e0 flushing nmethod 0x0000016050122990


Dynamic libraries:
0x00007ff67b6a0000 - 0x00007ff67b6aa000 	D:\Android\jbr\bin\java.exe
0x00007ff818da0000 - 0x00007ff818fa9000 	C:\Windows\SYSTEM32\ntdll.dll
0x00007ff817bd0000 - 0x00007ff817c8d000 	C:\Windows\System32\KERNEL32.DLL
0x00007ff8168c0000 - 0x00007ff816c34000 	C:\Windows\System32\KERNELBASE.dll
0x00007ff8163e0000 - 0x00007ff8164f1000 	C:\Windows\System32\ucrtbase.dll
0x00007ff8063f0000 - 0x00007ff806407000 	D:\Android\jbr\bin\jli.dll
0x00007ff818130000 - 0x00007ff8182dc000 	C:\Windows\System32\USER32.dll
0x00007ff8163b0000 - 0x00007ff8163d6000 	C:\Windows\System32\win32u.dll
0x00007ff817ee0000 - 0x00007ff817f09000 	C:\Windows\System32\GDI32.dll
0x00007ff8166e0000 - 0x00007ff8167f2000 	C:\Windows\System32\gdi32full.dll
0x00007ff816290000 - 0x00007ff81632d000 	C:\Windows\System32\msvcp_win.dll
0x00007fffdda40000 - 0x00007fffdda5b000 	D:\Android\jbr\bin\VCRUNTIME140.dll
0x00007ffffe0f0000 - 0x00007ffffe395000 	C:\Windows\WinSxS\amd64_microsoft.windows.common-controls_6595b64144ccf1df_6.0.22000.120_none_9d947278b86cc467\COMCTL32.dll
0x00007ff817f20000 - 0x00007ff817fc3000 	C:\Windows\System32\msvcrt.dll
0x00007ff817cb0000 - 0x00007ff817ce1000 	C:\Windows\System32\IMM32.DLL
0x00007ff805460000 - 0x00007ff80546c000 	D:\Android\jbr\bin\vcruntime140_1.dll
0x00007fffdd9b0000 - 0x00007fffdda3d000 	D:\Android\jbr\bin\msvcp140.dll
0x00007fffdfd00000 - 0x00007fffe096e000 	D:\Android\jbr\bin\server\jvm.dll
0x00007ff818360000 - 0x00007ff81840e000 	C:\Windows\System32\ADVAPI32.dll
0x00007ff818590000 - 0x00007ff81862e000 	C:\Windows\System32\sechost.dll
0x00007ff818410000 - 0x00007ff818530000 	C:\Windows\System32\RPCRT4.dll
0x00007ff80a420000 - 0x00007ff80a429000 	C:\Windows\SYSTEM32\WSOCK32.dll
0x00007ff8187f0000 - 0x00007ff81885f000 	C:\Windows\System32\WS2_32.dll
0x00007ff80dcc0000 - 0x00007ff80dcf3000 	C:\Windows\SYSTEM32\WINMM.dll
0x00007ff809f60000 - 0x00007ff809f6a000 	C:\Windows\SYSTEM32\VERSION.dll
0x00007ff8144e0000 - 0x00007ff8144f8000 	C:\Windows\SYSTEM32\kernel.appcore.dll
0x00007ff80e9b0000 - 0x00007ff80e9ba000 	D:\Android\jbr\bin\jimage.dll
0x00007ff813ea0000 - 0x00007ff8140c1000 	C:\Windows\SYSTEM32\DBGHELP.DLL
0x00007fffff150000 - 0x00007fffff181000 	C:\Windows\SYSTEM32\dbgcore.DLL
0x00007ff816330000 - 0x00007ff8163af000 	C:\Windows\System32\bcryptPrimitives.dll
0x00007ff80aef0000 - 0x00007ff80af15000 	D:\Android\jbr\bin\java.dll
0x00007ff80b7f0000 - 0x00007ff80b808000 	D:\Android\jbr\bin\zip.dll
0x00007ff817330000 - 0x00007ff817ade000 	C:\Windows\System32\SHELL32.dll
0x00007ff814500000 - 0x00007ff814d67000 	C:\Windows\SYSTEM32\windows.storage.dll
0x00007ff8189e0000 - 0x00007ff818d58000 	C:\Windows\System32\combase.dll
0x00007ff814370000 - 0x00007ff8144d6000 	C:\Windows\SYSTEM32\wintypes.dll
0x00007ff817ae0000 - 0x00007ff817bca000 	C:\Windows\System32\SHCORE.dll
0x00007ff817110000 - 0x00007ff81716d000 	C:\Windows\System32\shlwapi.dll
0x00007ff8161c0000 - 0x00007ff8161e1000 	C:\Windows\SYSTEM32\profapi.dll
0x00007ff80ae50000 - 0x00007ff80ae69000 	D:\Android\jbr\bin\net.dll
0x00007ff80e8a0000 - 0x00007ff80e9ac000 	C:\Windows\SYSTEM32\WINHTTP.dll
0x00007ff8157a0000 - 0x00007ff815807000 	C:\Windows\system32\mswsock.dll
0x00007ff808d10000 - 0x00007ff808d26000 	D:\Android\jbr\bin\nio.dll
0x00007ff80dd20000 - 0x00007ff80dd30000 	D:\Android\jbr\bin\verify.dll

dbghelp: loaded successfully - version: 4.0.5 - missing functions: none
symbol engine: initialized successfully - sym options: 0x614 - pdb path: .;D:\Android\jbr\bin;C:\Windows\SYSTEM32;C:\Windows\WinSxS\amd64_microsoft.windows.common-controls_6595b64144ccf1df_6.0.22000.120_none_9d947278b86cc467;D:\Android\jbr\bin\server

VM Arguments:
java_command: org.jetbrains.kotlin.cli.jvm.K2JVMCompiler @D:\AndroidStudioProject\nemuiin_test\app\build\20231128_11174031855371629607.compiler.options
java_class_path (initial): C:\Users\Admin\.gradle\caches\modules-2\files-2.1\org.jetbrains.kotlin\kotlin-compiler-embeddable\1.8.10\b0757fd774344d54ce93f5ad6c30ba1c1731c8ff\kotlin-compiler-embeddable-1.8.10.jar;C:\Users\Admin\.gradle\caches\modules-2\files-2.1\org.jetbrains.kotlin\kotlin-stdlib\1.8.10\6d5560a229477df9406943d5feda5618e98eb64c\kotlin-stdlib-1.8.10.jar;C:\Users\Admin\.gradle\caches\modules-2\files-2.1\org.jetbrains.kotlin\kotlin-script-runtime\1.8.10\b13ea9c7e46d589139e56086a878763290e20bd5\kotlin-script-runtime-1.8.10.jar;C:\Users\Admin\.gradle\caches\modules-2\files-2.1\org.jetbrains.kotlin\kotlin-reflect\1.6.10\1cbe9c92c12a94eea200d23c2bbaedaf3daf5132\kotlin-reflect-1.6.10.jar;C:\Users\Admin\.gradle\caches\modules-2\files-2.1\org.jetbrains.kotlin\kotlin-daemon-embeddable\1.8.10\ad8541d9bc1cf9e52c3204161247910c2cf601d4\kotlin-daemon-embeddable-1.8.10.jar;C:\Users\Admin\.gradle\caches\modules-2\files-2.1\org.jetbrains.intellij.deps\trove4j\1.0.20200330\3afb14d5f9ceb459d724e907a21145e8ff394f02\trove4j-1.0.20200330.jar;C:\Users\Admin\.gradle\caches\modules-2\files-2.1\net.java.dev.jna\jna\5.6.0\330f2244e9030119ab3030fc3fededc86713d9cc\jna-5.6.0.jar;C:\Users\Admin\.gradle\caches\modules-2\files-2.1\org.jetbrains.kotlin\kotlin-stdlib-common\1.8.10\a61b182458550492c12aee66157d7b524a63a5ec\kotlin-stdlib-common-1.8.10.jar;C:\Users\Admin\.gradle\caches\modules-2\files-2.1\org.jetbrains\annotations\13.0\919f0dfe192fb4e063e7dacadee7f8bb9a2672a9\annotations-13.0.jar
Launcher Type: SUN_STANDARD

[Global flags]
     intx CICompilerCount                          = 3                                         {product} {ergonomic}
     uint ConcGCThreads                            = 1                                         {product} {ergonomic}
     uint G1ConcRefinementThreads                  = 4                                         {product} {ergonomic}
   size_t G1HeapRegionSize                         = 1048576                                   {product} {ergonomic}
    uintx GCDrainStackTargetSize                   = 64                                        {product} {ergonomic}
   size_t InitialHeapSize                          = 134217728                                 {product} {ergonomic}
   size_t MarkStackSize                            = 4194304                                   {product} {ergonomic}
   size_t MaxHeapSize                              = 2118123520                                {product} {ergonomic}
   size_t MaxNewSize                               = 1270874112                                {product} {ergonomic}
   size_t MinHeapDeltaBytes                        = 1048576                                   {product} {ergonomic}
   size_t MinHeapSize                              = 8388608                                   {product} {ergonomic}
    uintx NonNMethodCodeHeapSize                   = 5832780                                {pd product} {ergonomic}
    uintx NonProfiledCodeHeapSize                  = 122912730                              {pd product} {ergonomic}
    uintx ProfiledCodeHeapSize                     = 122912730                              {pd product} {ergonomic}
    uintx ReservedCodeCacheSize                    = 251658240                              {pd product} {ergonomic}
     bool SegmentedCodeCache                       = true                                      {product} {ergonomic}
   size_t SoftMaxHeapSize                          = 2118123520                             {manageable} {ergonomic}
     bool UseCompressedClassPointers               = true                           {product lp64_product} {ergonomic}
     bool UseCompressedOops                        = true                           {product lp64_product} {ergonomic}
     bool UseG1GC                                  = true                                      {product} {ergonomic}
     bool UseLargePagesIndividualAllocation        = false                                  {pd product} {ergonomic}

Logging:
Log output configuration:
 #0: stdout all=warning uptime,level,tags
 #1: stderr all=off uptime,level,tags

Environment Variables:
PATH=C:\Program Files\Common Files\Oracle\Java\javapath;C:\Windows\system32;C:\Windows;C:\Windows\System32\Wbem;C:\Windows\System32\WindowsPowerShell\v1.0\;C:\Windows\System32\OpenSSH\;C:\Program Files (x86)\NVIDIA Corporation\PhysX\Common;C:\Users\Admin\AppData\Local\Microsoft\WindowsApps;;D:\JetBrains\IntelliJ IDEA 2023.2.3\bin;;D:\JetBrains\IntelliJ IDEA Community Edition 2023.2.4\bin;
USERNAME=Admin
OS=Windows_NT
PROCESSOR_IDENTIFIER=Intel64 Family 6 Model 142 Stepping 10, GenuineIntel
TMP=C:\Users\Admin\AppData\Local\Temp
TEMP=C:\Users\Admin\AppData\Local\Temp


JNI global refs:
JNI global refs: 11, weak refs: 2

JNI global refs memory usage: 843, weak refs: 841


---------------  S Y S T E M  ---------------

OS:
 Windows 11 , 64 bit Build 22000 (10.0.22000.434)
OS uptime: 0 days 0:16 hours

CPU: total 4 (initial active 4) (2 cores per cpu, 2 threads per core) family 6 model 142 stepping 10 microcode 0xe0, cx8, cmov, fxsr, ht, mmx, 3dnowpref, sse, sse2, sse3, ssse3, sse4.1, sse4.2, popcnt, lzcnt, tsc, tscinvbit, avx, avx2, aes, erms, clmul, bmi1, bmi2, adx, fma, vzeroupper, clflush, clflushopt

Memory: 4k page, system-wide physical 8076M (772M free)
TotalPageFile size 8076M (AvailPageFile size 146M)
current process WorkingSet (physical memory assigned to process): 318M, peak: 318M
current process commit charge ("private bytes"): 353M, peak: 524M

vm_info: OpenJDK 64-Bit Server VM (17.0.6+0-b2043.56-10027231) for windows-amd64 JRE (17.0.6+0-b2043.56-10027231), built on Apr 28 2023 00:43:19 by "androidbuild" with MS VC++ 16.10 / 16.11 (VS2019)

END.
