#
# There is insufficient memory for the Java Runtime Environment to continue.
# Native memory allocation (mmap) failed to map 156237824 bytes for G1 virtual space
# Possible reasons:
#   The system is out of physical RAM or swap space
#   The process is running with CompressedOops enabled, and the Java Heap may be blocking the growth of the native heap
# Possible solutions:
#   Reduce memory load on the system
#   Increase physical memory or swap space
#   Check if swap backing store is full
#   Decrease Java heap size (-Xmx/-Xms)
#   Decrease number of Java threads
#   Decrease Java thread stack sizes (-Xss)
#   Set larger code cache with -XX:ReservedCodeCacheSize=
#   JVM is running with Unscaled Compressed Oops mode in which the Java heap is
#     placed in the first 4GB address space. The Java Heap base address is the
#     maximum limit for the native heap growth. Please use -XX:HeapBaseMinAddress
#     to set the Java Heap base and to place the Java Heap above 4GB virtual address.
# This output file may be truncated or incomplete.
#
#  Out of Memory Error (os_windows.cpp:3769), pid=3056, tid=4996
#
# JRE version: OpenJDK Runtime Environment (17.0.6) (build 17.0.6+0-b2043.56-10027231)
# Java VM: OpenJDK 64-Bit Server VM (17.0.6+0-b2043.56-10027231, mixed mode, tiered, compressed oops, compressed class ptrs, g1 gc, windows-amd64)
# No core dump will be written. Minidumps are not enabled by default on client versions of Windows
#

---------------  S U M M A R Y ------------

Command Line: org.jetbrains.kotlin.cli.jvm.K2JVMCompiler @D:\AndroidStudioProject\nemuiin_test\app\build\20231128_684068633512255762.compiler.options

Host: Intel(R) Core(TM) i3-7020U CPU @ 2.30GHz, 4 cores, 7G,  Windows 11 , 64 bit Build 22000 (10.0.22000.434)
Time: Tue Nov 28 07:09:29 2023 SE Asia Standard Time elapsed time: 19.384339 seconds (0d 0h 0m 19s)

---------------  T H R E A D  ---------------

Current thread (0x000002034829b620):  VMThread "VM Thread" [stack: 0x000000bb66000000,0x000000bb66100000] [id=4996]

Stack: [0x000000bb66000000,0x000000bb66100000]
Native frames: (J=compiled Java code, j=interpreted, Vv=VM code, C=native code)
V  [jvm.dll+0x683c9a]
V  [jvm.dll+0x8427a4]
V  [jvm.dll+0x843f9e]
V  [jvm.dll+0x844603]
V  [jvm.dll+0x249b75]
V  [jvm.dll+0x680b69]
V  [jvm.dll+0x67505a]
V  [jvm.dll+0x309acb]
V  [jvm.dll+0x310f86]
V  [jvm.dll+0x3608ee]
V  [jvm.dll+0x360b1f]
V  [jvm.dll+0x2dfbf8]
V  [jvm.dll+0x2ddec4]
V  [jvm.dll+0x2dd4cc]
V  [jvm.dll+0x321f3b]
V  [jvm.dll+0x848ccb]
V  [jvm.dll+0x849a04]
V  [jvm.dll+0x849f1d]
V  [jvm.dll+0x84a2f4]
V  [jvm.dll+0x84a3c0]
V  [jvm.dll+0x7f274a]
V  [jvm.dll+0x682ad5]
C  [ucrtbase.dll+0x26c0c]
C  [KERNEL32.DLL+0x154e0]
C  [ntdll.dll+0x485b]

VM_Operation (0x000000bb65afd740): G1CollectForAllocation, mode: safepoint, requested by thread 0x000002032edb9e00


---------------  P R O C E S S  ---------------

Threads class SMR info:
_java_thread_list=0x000002034dfc7070, length=13, elements={
0x000002032edb9e00, 0x00000203482c4270, 0x00000203482c50e0, 0x00000203482d3440,
0x00000203482d3d00, 0x00000203482d46b0, 0x0000020348c2ef70, 0x0000020348c23c00,
0x0000020348c26600, 0x0000020348c277d0, 0x0000020348d9dad0, 0x0000020348da03c0,
0x000002034e485680
}

Java Threads: ( => current thread )
  0x000002032edb9e00 JavaThread "main" [_thread_blocked, id=6968, stack(0x000000bb65a00000,0x000000bb65b00000)]
  0x00000203482c4270 JavaThread "Reference Handler" daemon [_thread_blocked, id=6844, stack(0x000000bb66100000,0x000000bb66200000)]
  0x00000203482c50e0 JavaThread "Finalizer" daemon [_thread_blocked, id=7360, stack(0x000000bb66200000,0x000000bb66300000)]
  0x00000203482d3440 JavaThread "Signal Dispatcher" daemon [_thread_blocked, id=4224, stack(0x000000bb66300000,0x000000bb66400000)]
  0x00000203482d3d00 JavaThread "Attach Listener" daemon [_thread_blocked, id=6824, stack(0x000000bb66400000,0x000000bb66500000)]
  0x00000203482d46b0 JavaThread "Service Thread" daemon [_thread_blocked, id=7676, stack(0x000000bb66500000,0x000000bb66600000)]
  0x0000020348c2ef70 JavaThread "Monitor Deflation Thread" daemon [_thread_blocked, id=6620, stack(0x000000bb66600000,0x000000bb66700000)]
  0x0000020348c23c00 JavaThread "C2 CompilerThread0" daemon [_thread_blocked, id=2456, stack(0x000000bb66700000,0x000000bb66800000)]
  0x0000020348c26600 JavaThread "C1 CompilerThread0" daemon [_thread_blocked, id=7116, stack(0x000000bb66800000,0x000000bb66900000)]
  0x0000020348c277d0 JavaThread "Sweeper thread" daemon [_thread_blocked, id=3348, stack(0x000000bb66900000,0x000000bb66a00000)]
  0x0000020348d9dad0 JavaThread "Notification Thread" daemon [_thread_blocked, id=1520, stack(0x000000bb66a00000,0x000000bb66b00000)]
  0x0000020348da03c0 JavaThread "Common-Cleaner" daemon [_thread_blocked, id=4712, stack(0x000000bb66c00000,0x000000bb66d00000)]
  0x000002034e485680 JavaThread "C2 CompilerThread1" daemon [_thread_blocked, id=6960, stack(0x000000bb66d00000,0x000000bb66e00000)]

Other Threads:
=>0x000002034829b620 VMThread "VM Thread" [stack: 0x000000bb66000000,0x000000bb66100000] [id=4996]
  0x000002032ee2c9f0 WatcherThread [stack: 0x000000bb66b00000,0x000000bb66c00000] [id=7996]
  0x000002032ee14660 GCTaskThread "GC Thread#0" [stack: 0x000000bb65b00000,0x000000bb65c00000] [id=5076]
  0x000002034928c550 GCTaskThread "GC Thread#1" [stack: 0x000000bb66e00000,0x000000bb66f00000] [id=1964]
  0x000002034928c800 GCTaskThread "GC Thread#2" [stack: 0x000000bb66f00000,0x000000bb67000000] [id=4368]
  0x00000203493030f0 GCTaskThread "GC Thread#3" [stack: 0x000000bb67000000,0x000000bb67100000] [id=5252]
  0x000002032ee25220 ConcurrentGCThread "G1 Main Marker" [stack: 0x000000bb65c00000,0x000000bb65d00000] [id=2720]
  0x000002032ee26c40 ConcurrentGCThread "G1 Conc#0" [stack: 0x000000bb65d00000,0x000000bb65e00000] [id=7892]
  0x000002032ee8e0d0 ConcurrentGCThread "G1 Refine#0" [stack: 0x000000bb65e00000,0x000000bb65f00000] [id=7536]
  0x000002034cac0040 ConcurrentGCThread "G1 Refine#1" [stack: 0x000000bb67100000,0x000000bb67200000] [id=1496]
  0x000002034cac1180 ConcurrentGCThread "G1 Refine#2" [stack: 0x000000bb67200000,0x000000bb67300000] [id=3712]
  0x000002034dda6900 ConcurrentGCThread "G1 Refine#3" [stack: 0x000000bb67300000,0x000000bb67400000] [id=5072]
  0x000002032ee8eaf0 ConcurrentGCThread "G1 Service" [stack: 0x000000bb65f00000,0x000000bb66000000] [id=7516]

Threads with active compile tasks:
C2 CompilerThread0    19397 16041       4       org.jetbrains.kotlin.codegen.optimization.temporaryVals.TemporaryValsAnalyzer::analyze (1271 bytes)
C2 CompilerThread1    19397 15998       4       org.jetbrains.kotlin.backend.jvm.mapping.MethodSignatureMapper::writeParameterType (143 bytes)

VM state: at safepoint (normal execution)

VM Mutex/Monitor currently owned by a thread:  ([mutex/lock_event])
[0x000002032edb5a50] Threads_lock - owner thread: 0x000002034829b620
[0x000002032edb4730] Heap_lock - owner thread: 0x000002032edb9e00

Heap address: 0x0000000081c00000, size: 2020 MB, Compressed Oops mode: 32-bit

CDS archive(s) not mapped
Compressed class space mapped at: 0x0000000100000000-0x0000000140000000, reserved size: 1073741824
Narrow klass base: 0x0000000000000000, Narrow klass shift: 3, Narrow klass range: 0x140000000

GC Precious Log:
 CPUs: 4 total, 4 available
 Memory: 8076M
 Large Page Support: Disabled
 NUMA Support: Disabled
 Compressed Oops: Enabled (32-bit)
 Heap Region Size: 1M
 Heap Min Capacity: 8M
 Heap Initial Capacity: 128M
 Heap Max Capacity: 2020M
 Pre-touch: Disabled
 Parallel Workers: 4
 Concurrent Workers: 1
 Concurrent Refinement Workers: 4
 Periodic GC: Disabled

Heap:
 garbage-first heap   total 152576K, used 87040K [0x0000000081c00000, 0x0000000100000000)
  region size 1024K, 6 young (6144K), 6 survivors (6144K)
 Metaspace       used 85820K, committed 86208K, reserved 1130496K
  class space    used 9212K, committed 9408K, reserved 1048576K

Heap Regions: E=young(eden), S=young(survivor), O=old, HS=humongous(starts), HC=humongous(continues), CS=collection set, F=free, OA=open archive, CA=closed archive, TAMS=top-at-mark-start (previous, next)
|   0|0x0000000081c00000, 0x0000000081d00000, 0x0000000081d00000|100%|HS|  |TAMS 0x0000000081d00000, 0x0000000081d00000| Complete 
|   1|0x0000000081d00000, 0x0000000081e00000, 0x0000000081e00000|100%|HC|  |TAMS 0x0000000081e00000, 0x0000000081e00000| Complete 
|   2|0x0000000081e00000, 0x0000000081f00000, 0x0000000081f00000|100%|HC|  |TAMS 0x0000000081f00000, 0x0000000081f00000| Complete 
|   3|0x0000000081f00000, 0x0000000082000000, 0x0000000082000000|100%|HC|  |TAMS 0x0000000082000000, 0x0000000082000000| Complete 
|   4|0x0000000082000000, 0x0000000082100000, 0x0000000082100000|100%| O|  |TAMS 0x0000000082100000, 0x0000000082100000| Untracked 
|   5|0x0000000082100000, 0x0000000082200000, 0x0000000082200000|100%| O|  |TAMS 0x0000000082200000, 0x0000000082200000| Untracked 
|   6|0x0000000082200000, 0x0000000082300000, 0x0000000082300000|100%| O|  |TAMS 0x0000000082300000, 0x0000000082300000| Untracked 
|   7|0x0000000082300000, 0x0000000082400000, 0x0000000082400000|100%|HS|  |TAMS 0x0000000082400000, 0x0000000082400000| Complete 
|   8|0x0000000082400000, 0x0000000082500000, 0x0000000082500000|100%|HC|  |TAMS 0x0000000082500000, 0x0000000082500000| Complete 
|   9|0x0000000082500000, 0x0000000082600000, 0x0000000082600000|100%|HC|  |TAMS 0x0000000082600000, 0x0000000082600000| Complete 
|  10|0x0000000082600000, 0x0000000082700000, 0x0000000082700000|100%|HC|  |TAMS 0x0000000082700000, 0x0000000082700000| Complete 
|  11|0x0000000082700000, 0x0000000082800000, 0x0000000082800000|100%| O|  |TAMS 0x0000000082800000, 0x0000000082800000| Untracked 
|  12|0x0000000082800000, 0x0000000082900000, 0x0000000082900000|100%| O|  |TAMS 0x0000000082900000, 0x0000000082900000| Untracked 
|  13|0x0000000082900000, 0x0000000082a00000, 0x0000000082a00000|100%| O|  |TAMS 0x0000000082a00000, 0x0000000082a00000| Untracked 
|  14|0x0000000082a00000, 0x0000000082b00000, 0x0000000082b00000|100%| O|  |TAMS 0x0000000082b00000, 0x0000000082b00000| Untracked 
|  15|0x0000000082b00000, 0x0000000082c00000, 0x0000000082c00000|100%| O|  |TAMS 0x0000000082c00000, 0x0000000082c00000| Untracked 
|  16|0x0000000082c00000, 0x0000000082d00000, 0x0000000082d00000|100%| O|  |TAMS 0x0000000082d00000, 0x0000000082d00000| Untracked 
|  17|0x0000000082d00000, 0x0000000082e00000, 0x0000000082e00000|100%| O|  |TAMS 0x0000000082e00000, 0x0000000082e00000| Untracked 
|  18|0x0000000082e00000, 0x0000000082f00000, 0x0000000082f00000|100%| O|  |TAMS 0x0000000082f00000, 0x0000000082f00000| Untracked 
|  19|0x0000000082f00000, 0x0000000083000000, 0x0000000083000000|100%| O|  |TAMS 0x0000000083000000, 0x0000000083000000| Untracked 
|  20|0x0000000083000000, 0x0000000083100000, 0x0000000083100000|100%| O|  |TAMS 0x0000000083100000, 0x0000000083100000| Untracked 
|  21|0x0000000083100000, 0x0000000083200000, 0x0000000083200000|100%| O|  |TAMS 0x0000000083200000, 0x0000000083200000| Untracked 
|  22|0x0000000083200000, 0x0000000083300000, 0x0000000083300000|100%| O|  |TAMS 0x0000000083300000, 0x0000000083300000| Untracked 
|  23|0x0000000083300000, 0x0000000083400000, 0x0000000083400000|100%| O|  |TAMS 0x0000000083400000, 0x0000000083400000| Untracked 
|  24|0x0000000083400000, 0x0000000083500000, 0x0000000083500000|100%| O|  |TAMS 0x0000000083500000, 0x0000000083500000| Untracked 
|  25|0x0000000083500000, 0x0000000083600000, 0x0000000083600000|100%| O|  |TAMS 0x0000000083600000, 0x0000000083600000| Untracked 
|  26|0x0000000083600000, 0x0000000083700000, 0x0000000083700000|100%| O|  |TAMS 0x0000000083700000, 0x0000000083700000| Untracked 
|  27|0x0000000083700000, 0x0000000083800000, 0x0000000083800000|100%|HS|  |TAMS 0x0000000083800000, 0x0000000083800000| Complete 
|  28|0x0000000083800000, 0x0000000083900000, 0x0000000083900000|100%|HC|  |TAMS 0x0000000083900000, 0x0000000083900000| Complete 
|  29|0x0000000083900000, 0x0000000083a00000, 0x0000000083a00000|100%| O|  |TAMS 0x0000000083a00000, 0x0000000083a00000| Untracked 
|  30|0x0000000083a00000, 0x0000000083b00000, 0x0000000083b00000|100%| O|  |TAMS 0x0000000083b00000, 0x0000000083b00000| Untracked 
|  31|0x0000000083b00000, 0x0000000083c00000, 0x0000000083c00000|100%| O|  |TAMS 0x0000000083c00000, 0x0000000083c00000| Untracked 
|  32|0x0000000083c00000, 0x0000000083d00000, 0x0000000083d00000|100%| O|  |TAMS 0x0000000083d00000, 0x0000000083d00000| Untracked 
|  33|0x0000000083d00000, 0x0000000083e00000, 0x0000000083e00000|100%| O|  |TAMS 0x0000000083e00000, 0x0000000083e00000| Untracked 
|  34|0x0000000083e00000, 0x0000000083f00000, 0x0000000083f00000|100%| O|  |TAMS 0x0000000083f00000, 0x0000000083f00000| Untracked 
|  35|0x0000000083f00000, 0x0000000084000000, 0x0000000084000000|100%| O|  |TAMS 0x0000000084000000, 0x0000000084000000| Untracked 
|  36|0x0000000084000000, 0x0000000084100000, 0x0000000084100000|100%| O|  |TAMS 0x0000000084100000, 0x0000000084100000| Untracked 
|  37|0x0000000084100000, 0x0000000084200000, 0x0000000084200000|100%| O|  |TAMS 0x0000000084200000, 0x0000000084200000| Untracked 
|  38|0x0000000084200000, 0x0000000084300000, 0x0000000084300000|100%| O|  |TAMS 0x0000000084300000, 0x0000000084300000| Untracked 
|  39|0x0000000084300000, 0x0000000084400000, 0x0000000084400000|100%| O|  |TAMS 0x0000000084400000, 0x0000000084400000| Untracked 
|  40|0x0000000084400000, 0x0000000084500000, 0x0000000084500000|100%| O|  |TAMS 0x0000000084500000, 0x0000000084500000| Untracked 
|  41|0x0000000084500000, 0x0000000084600000, 0x0000000084600000|100%| O|  |TAMS 0x0000000084600000, 0x0000000084600000| Untracked 
|  42|0x0000000084600000, 0x0000000084700000, 0x0000000084700000|100%| O|  |TAMS 0x0000000084700000, 0x0000000084700000| Untracked 
|  43|0x0000000084700000, 0x0000000084800000, 0x0000000084800000|100%| O|  |TAMS 0x0000000084800000, 0x0000000084800000| Untracked 
|  44|0x0000000084800000, 0x0000000084900000, 0x0000000084900000|100%| O|  |TAMS 0x0000000084900000, 0x0000000084900000| Untracked 
|  45|0x0000000084900000, 0x0000000084a00000, 0x0000000084a00000|100%| O|  |TAMS 0x0000000084a00000, 0x0000000084a00000| Untracked 
|  46|0x0000000084a00000, 0x0000000084b00000, 0x0000000084b00000|100%| O|  |TAMS 0x0000000084b00000, 0x0000000084b00000| Untracked 
|  47|0x0000000084b00000, 0x0000000084c00000, 0x0000000084c00000|100%| O|  |TAMS 0x0000000084c00000, 0x0000000084c00000| Untracked 
|  48|0x0000000084c00000, 0x0000000084d00000, 0x0000000084d00000|100%| O|  |TAMS 0x0000000084d00000, 0x0000000084d00000| Untracked 
|  49|0x0000000084d00000, 0x0000000084e00000, 0x0000000084e00000|100%| O|  |TAMS 0x0000000084e00000, 0x0000000084e00000| Untracked 
|  50|0x0000000084e00000, 0x0000000084e00000, 0x0000000084f00000|  0%| F|  |TAMS 0x0000000084e00000, 0x0000000084e00000| Untracked 
|  51|0x0000000084f00000, 0x0000000085000000, 0x0000000085000000|100%| O|  |TAMS 0x0000000085000000, 0x0000000085000000| Untracked 
|  52|0x0000000085000000, 0x0000000085100000, 0x0000000085100000|100%| O|  |TAMS 0x0000000085100000, 0x0000000085100000| Untracked 
|  53|0x0000000085100000, 0x0000000085200000, 0x0000000085200000|100%| O|  |TAMS 0x0000000085200000, 0x0000000085200000| Untracked 
|  54|0x0000000085200000, 0x0000000085300000, 0x0000000085300000|100%| O|  |TAMS 0x0000000085300000, 0x0000000085300000| Untracked 
|  55|0x0000000085300000, 0x0000000085400000, 0x0000000085400000|100%| O|  |TAMS 0x0000000085400000, 0x0000000085400000| Untracked 
|  56|0x0000000085400000, 0x0000000085500000, 0x0000000085500000|100%| O|  |TAMS 0x0000000085500000, 0x0000000085500000| Untracked 
|  57|0x0000000085500000, 0x0000000085600000, 0x0000000085600000|100%| O|  |TAMS 0x0000000085600000, 0x0000000085600000| Untracked 
|  58|0x0000000085600000, 0x0000000085700000, 0x0000000085700000|100%| O|  |TAMS 0x0000000085700000, 0x0000000085700000| Untracked 
|  59|0x0000000085700000, 0x0000000085800000, 0x0000000085800000|100%| O|  |TAMS 0x0000000085800000, 0x0000000085800000| Untracked 
|  60|0x0000000085800000, 0x0000000085900000, 0x0000000085900000|100%| O|  |TAMS 0x0000000085900000, 0x0000000085900000| Untracked 
|  61|0x0000000085900000, 0x0000000085a00000, 0x0000000085a00000|100%| O|  |TAMS 0x0000000085a00000, 0x0000000085a00000| Untracked 
|  62|0x0000000085a00000, 0x0000000085b00000, 0x0000000085b00000|100%| O|  |TAMS 0x0000000085b00000, 0x0000000085b00000| Untracked 
|  63|0x0000000085b00000, 0x0000000085c00000, 0x0000000085c00000|100%| O|  |TAMS 0x0000000085c00000, 0x0000000085c00000| Untracked 
|  64|0x0000000085c00000, 0x0000000085d00000, 0x0000000085d00000|100%| O|  |TAMS 0x0000000085d00000, 0x0000000085d00000| Untracked 
|  65|0x0000000085d00000, 0x0000000085e00000, 0x0000000085e00000|100%| O|  |TAMS 0x0000000085e00000, 0x0000000085e00000| Untracked 
|  66|0x0000000085e00000, 0x0000000085f00000, 0x0000000085f00000|100%| O|  |TAMS 0x0000000085f00000, 0x0000000085f00000| Untracked 
|  67|0x0000000085f00000, 0x0000000086000000, 0x0000000086000000|100%| O|  |TAMS 0x0000000086000000, 0x0000000086000000| Untracked 
|  68|0x0000000086000000, 0x0000000086100000, 0x0000000086100000|100%| O|  |TAMS 0x0000000086100000, 0x0000000086100000| Untracked 
|  69|0x0000000086100000, 0x0000000086200000, 0x0000000086200000|100%| O|  |TAMS 0x0000000086200000, 0x0000000086200000| Untracked 
|  70|0x0000000086200000, 0x0000000086300000, 0x0000000086300000|100%| O|  |TAMS 0x0000000086300000, 0x0000000086300000| Untracked 
|  71|0x0000000086300000, 0x0000000086400000, 0x0000000086400000|100%| O|  |TAMS 0x0000000086380000, 0x0000000086400000| Untracked 
|  72|0x0000000086400000, 0x0000000086500000, 0x0000000086500000|100%| O|  |TAMS 0x0000000086400000, 0x0000000086500000| Untracked 
|  73|0x0000000086500000, 0x0000000086600000, 0x0000000086600000|100%| O|  |TAMS 0x0000000086500000, 0x0000000086600000| Untracked 
|  74|0x0000000086600000, 0x0000000086700000, 0x0000000086700000|100%| O|  |TAMS 0x0000000086600000, 0x0000000086700000| Untracked 
|  75|0x0000000086700000, 0x0000000086800000, 0x0000000086800000|100%| O|  |TAMS 0x0000000086700000, 0x0000000086800000| Untracked 
|  76|0x0000000086800000, 0x0000000086900000, 0x0000000086900000|100%| O|  |TAMS 0x0000000086800000, 0x0000000086900000| Untracked 
|  77|0x0000000086900000, 0x0000000086a00000, 0x0000000086a00000|100%| O|  |TAMS 0x0000000086900000, 0x0000000086a00000| Untracked 
|  78|0x0000000086a00000, 0x0000000086b00000, 0x0000000086b00000|100%| O|  |TAMS 0x0000000086a00000, 0x0000000086b00000| Untracked 
|  79|0x0000000086b00000, 0x0000000086c00000, 0x0000000086c00000|100%| O|  |TAMS 0x0000000086b00000, 0x0000000086bdc000| Untracked 
|  80|0x0000000086c00000, 0x0000000086c00000, 0x0000000086d00000|  0%| F|  |TAMS 0x0000000086c00000, 0x0000000086c00000| Untracked 
|  81|0x0000000086d00000, 0x0000000086d00000, 0x0000000086e00000|  0%| F|  |TAMS 0x0000000086d00000, 0x0000000086d00000| Untracked 
|  82|0x0000000086e00000, 0x0000000086e00000, 0x0000000086f00000|  0%| F|  |TAMS 0x0000000086e00000, 0x0000000086e00000| Untracked 
|  83|0x0000000086f00000, 0x0000000086f00000, 0x0000000087000000|  0%| F|  |TAMS 0x0000000086f00000, 0x0000000086f00000| Untracked 
|  84|0x0000000087000000, 0x0000000087000000, 0x0000000087100000|  0%| F|  |TAMS 0x0000000087000000, 0x0000000087000000| Untracked 
|  85|0x0000000087100000, 0x0000000087100000, 0x0000000087200000|  0%| F|  |TAMS 0x0000000087100000, 0x0000000087100000| Untracked 
|  86|0x0000000087200000, 0x0000000087200000, 0x0000000087300000|  0%| F|  |TAMS 0x0000000087200000, 0x0000000087200000| Untracked 
|  87|0x0000000087300000, 0x0000000087300000, 0x0000000087400000|  0%| F|  |TAMS 0x0000000087300000, 0x0000000087300000| Untracked 
|  88|0x0000000087400000, 0x0000000087400000, 0x0000000087500000|  0%| F|  |TAMS 0x0000000087400000, 0x0000000087400000| Untracked 
|  89|0x0000000087500000, 0x0000000087500000, 0x0000000087600000|  0%| F|  |TAMS 0x0000000087500000, 0x0000000087500000| Untracked 
|  90|0x0000000087600000, 0x0000000087600000, 0x0000000087700000|  0%| F|  |TAMS 0x0000000087600000, 0x0000000087600000| Untracked 
|  91|0x0000000087700000, 0x0000000087700000, 0x0000000087800000|  0%| F|  |TAMS 0x0000000087700000, 0x0000000087700000| Untracked 
|  92|0x0000000087800000, 0x0000000087800000, 0x0000000087900000|  0%| F|  |TAMS 0x0000000087800000, 0x0000000087800000| Untracked 
|  93|0x0000000087900000, 0x0000000087900000, 0x0000000087a00000|  0%| F|  |TAMS 0x0000000087900000, 0x0000000087900000| Untracked 
|  94|0x0000000087a00000, 0x0000000087a00000, 0x0000000087b00000|  0%| F|  |TAMS 0x0000000087a00000, 0x0000000087a00000| Untracked 
|  95|0x0000000087b00000, 0x0000000087b00000, 0x0000000087c00000|  0%| F|  |TAMS 0x0000000087b00000, 0x0000000087b00000| Untracked 
|  96|0x0000000087c00000, 0x0000000087c00000, 0x0000000087d00000|  0%| F|  |TAMS 0x0000000087c00000, 0x0000000087c00000| Untracked 
|  97|0x0000000087d00000, 0x0000000087d00000, 0x0000000087e00000|  0%| F|  |TAMS 0x0000000087d00000, 0x0000000087d00000| Untracked 
|  98|0x0000000087e00000, 0x0000000087e00000, 0x0000000087f00000|  0%| F|  |TAMS 0x0000000087e00000, 0x0000000087e00000| Untracked 
|  99|0x0000000087f00000, 0x0000000087f00000, 0x0000000088000000|  0%| F|  |TAMS 0x0000000087f00000, 0x0000000087f00000| Untracked 
| 100|0x0000000088000000, 0x0000000088000000, 0x0000000088100000|  0%| F|  |TAMS 0x0000000088000000, 0x0000000088000000| Untracked 
| 101|0x0000000088100000, 0x0000000088100000, 0x0000000088200000|  0%| F|  |TAMS 0x0000000088100000, 0x0000000088100000| Untracked 
| 102|0x0000000088200000, 0x0000000088300000, 0x0000000088300000|100%| S|CS|TAMS 0x0000000088200000, 0x0000000088200000| Complete 
| 103|0x0000000088300000, 0x0000000088400000, 0x0000000088400000|100%| S|CS|TAMS 0x0000000088300000, 0x0000000088300000| Complete 
| 104|0x0000000088400000, 0x0000000088500000, 0x0000000088500000|100%| S|CS|TAMS 0x0000000088400000, 0x0000000088400000| Complete 
| 105|0x0000000088500000, 0x0000000088600000, 0x0000000088600000|100%| S|CS|TAMS 0x0000000088500000, 0x0000000088500000| Complete 
| 106|0x0000000088600000, 0x0000000088700000, 0x0000000088700000|100%| S|CS|TAMS 0x0000000088600000, 0x0000000088600000| Complete 
| 107|0x0000000088700000, 0x0000000088800000, 0x0000000088800000|100%| S|CS|TAMS 0x0000000088700000, 0x0000000088700000| Complete 
| 108|0x0000000088800000, 0x0000000088800000, 0x0000000088900000|  0%| F|  |TAMS 0x0000000088800000, 0x0000000088800000| Untracked 
| 109|0x0000000088900000, 0x0000000088900000, 0x0000000088a00000|  0%| F|  |TAMS 0x0000000088900000, 0x0000000088900000| Untracked 
| 110|0x0000000088a00000, 0x0000000088a00000, 0x0000000088b00000|  0%| F|  |TAMS 0x0000000088a00000, 0x0000000088a00000| Untracked 
| 111|0x0000000088b00000, 0x0000000088b00000, 0x0000000088c00000|  0%| F|  |TAMS 0x0000000088b00000, 0x0000000088b00000| Untracked 
| 112|0x0000000088c00000, 0x0000000088c00000, 0x0000000088d00000|  0%| F|  |TAMS 0x0000000088c00000, 0x0000000088c00000| Untracked 
| 113|0x0000000088d00000, 0x0000000088d00000, 0x0000000088e00000|  0%| F|  |TAMS 0x0000000088d00000, 0x0000000088d00000| Untracked 
| 114|0x0000000088e00000, 0x0000000088e00000, 0x0000000088f00000|  0%| F|  |TAMS 0x0000000088e00000, 0x0000000088e00000| Untracked 
| 115|0x0000000088f00000, 0x0000000088f00000, 0x0000000089000000|  0%| F|  |TAMS 0x0000000088f00000, 0x0000000088f00000| Untracked 
| 116|0x0000000089000000, 0x0000000089000000, 0x0000000089100000|  0%| F|  |TAMS 0x0000000089000000, 0x0000000089000000| Untracked 
| 117|0x0000000089100000, 0x0000000089100000, 0x0000000089200000|  0%| F|  |TAMS 0x0000000089100000, 0x0000000089100000| Untracked 
| 118|0x0000000089200000, 0x0000000089200000, 0x0000000089300000|  0%| F|  |TAMS 0x0000000089200000, 0x0000000089200000| Untracked 
| 119|0x0000000089300000, 0x0000000089300000, 0x0000000089400000|  0%| F|  |TAMS 0x0000000089300000, 0x0000000089300000| Untracked 
| 120|0x0000000089400000, 0x0000000089400000, 0x0000000089500000|  0%| F|  |TAMS 0x0000000089400000, 0x0000000089400000| Untracked 
| 121|0x0000000089500000, 0x0000000089500000, 0x0000000089600000|  0%| F|  |TAMS 0x0000000089500000, 0x0000000089500000| Untracked 
| 122|0x0000000089600000, 0x0000000089600000, 0x0000000089700000|  0%| F|  |TAMS 0x0000000089600000, 0x0000000089600000| Untracked 
| 123|0x0000000089700000, 0x0000000089700000, 0x0000000089800000|  0%| F|  |TAMS 0x0000000089700000, 0x0000000089700000| Untracked 
| 124|0x0000000089800000, 0x0000000089800000, 0x0000000089900000|  0%| F|  |TAMS 0x0000000089800000, 0x0000000089800000| Untracked 
| 125|0x0000000089900000, 0x0000000089900000, 0x0000000089a00000|  0%| F|  |TAMS 0x0000000089900000, 0x0000000089900000| Untracked 
| 126|0x0000000089a00000, 0x0000000089a00000, 0x0000000089b00000|  0%| F|  |TAMS 0x0000000089a00000, 0x0000000089a00000| Untracked 
| 127|0x0000000089b00000, 0x0000000089b00000, 0x0000000089c00000|  0%| F|  |TAMS 0x0000000089b00000, 0x0000000089b00000| Untracked 
| 128|0x0000000089c00000, 0x0000000089c00000, 0x0000000089d00000|  0%| F|  |TAMS 0x0000000089c00000, 0x0000000089c00000| Untracked 
| 129|0x0000000089d00000, 0x0000000089d00000, 0x0000000089e00000|  0%| F|  |TAMS 0x0000000089d00000, 0x0000000089d00000| Untracked 
| 130|0x0000000089e00000, 0x0000000089e00000, 0x0000000089f00000|  0%| F|  |TAMS 0x0000000089e00000, 0x0000000089e00000| Untracked 
| 131|0x0000000089f00000, 0x0000000089f00000, 0x000000008a000000|  0%| F|  |TAMS 0x0000000089f00000, 0x0000000089f00000| Untracked 
| 132|0x000000008a000000, 0x000000008a000000, 0x000000008a100000|  0%| F|  |TAMS 0x000000008a000000, 0x000000008a000000| Untracked 
| 133|0x000000008a100000, 0x000000008a100000, 0x000000008a200000|  0%| F|  |TAMS 0x000000008a100000, 0x000000008a100000| Untracked 
| 134|0x000000008a200000, 0x000000008a200000, 0x000000008a300000|  0%| F|  |TAMS 0x000000008a200000, 0x000000008a200000| Untracked 
| 135|0x000000008a300000, 0x000000008a300000, 0x000000008a400000|  0%| F|  |TAMS 0x000000008a300000, 0x000000008a300000| Untracked 
| 136|0x000000008a400000, 0x000000008a400000, 0x000000008a500000|  0%| F|  |TAMS 0x000000008a400000, 0x000000008a400000| Untracked 
| 137|0x000000008a500000, 0x000000008a500000, 0x000000008a600000|  0%| F|  |TAMS 0x000000008a500000, 0x000000008a500000| Untracked 
| 138|0x000000008a600000, 0x000000008a600000, 0x000000008a700000|  0%| F|  |TAMS 0x000000008a600000, 0x000000008a600000| Untracked 
| 139|0x000000008a700000, 0x000000008a700000, 0x000000008a800000|  0%| F|  |TAMS 0x000000008a700000, 0x000000008a700000| Untracked 
| 140|0x000000008a800000, 0x000000008a800000, 0x000000008a900000|  0%| F|  |TAMS 0x000000008a800000, 0x000000008a800000| Untracked 
| 141|0x000000008a900000, 0x000000008a900000, 0x000000008aa00000|  0%| F|  |TAMS 0x000000008a900000, 0x000000008a900000| Untracked 
| 142|0x000000008aa00000, 0x000000008aa00000, 0x000000008ab00000|  0%| F|  |TAMS 0x000000008aa00000, 0x000000008aa00000| Untracked 
| 143|0x000000008ab00000, 0x000000008ab00000, 0x000000008ac00000|  0%| F|  |TAMS 0x000000008ab00000, 0x000000008ab00000| Untracked 
| 144|0x000000008ac00000, 0x000000008ac00000, 0x000000008ad00000|  0%| F|  |TAMS 0x000000008ac00000, 0x000000008ac00000| Untracked 
| 145|0x000000008ad00000, 0x000000008ad00000, 0x000000008ae00000|  0%| F|  |TAMS 0x000000008ad00000, 0x000000008ad00000| Untracked 
| 146|0x000000008ae00000, 0x000000008ae00000, 0x000000008af00000|  0%| F|  |TAMS 0x000000008ae00000, 0x000000008ae00000| Untracked 
| 147|0x000000008af00000, 0x000000008af00000, 0x000000008b000000|  0%| F|  |TAMS 0x000000008af00000, 0x000000008af00000| Untracked 
| 148|0x000000008b000000, 0x000000008b000000, 0x000000008b100000|  0%| F|  |TAMS 0x000000008b000000, 0x000000008b000000| Untracked 

Card table byte_map: [0x0000020341690000,0x0000020341a90000] _byte_map_base: 0x0000020341282000

Marking Bits (Prev, Next): (CMBitMap*) 0x000002032ee14c70, (CMBitMap*) 0x000002032ee14cb0
 Prev Bits: [0x0000020341e90000, 0x0000020343e20000)
 Next Bits: [0x0000020343e20000, 0x0000020345db0000)

Polling page: 0x000002032cbb0000

Metaspace:

Usage:
  Non-class:     74.81 MB used.
      Class:      9.00 MB used.
       Both:     83.81 MB used.

Virtual space:
  Non-class space:       80.00 MB reserved,      75.00 MB ( 94%) committed,  10 nodes.
      Class space:        1.00 GB reserved,       9.19 MB ( <1%) committed,  1 nodes.
             Both:        1.08 GB reserved,      84.19 MB (  8%) committed. 

Chunk freelists:
   Non-Class:  512.00 KB
       Class:  2.86 MB
        Both:  3.36 MB

MaxMetaspaceSize: unlimited
CompressedClassSpaceSize: 1.00 GB
Initial GC threshold: 21.00 MB
Current GC threshold: 134.94 MB
CDS: off
MetaspaceReclaimPolicy: balanced
 - commit_granule_bytes: 65536.
 - commit_granule_words: 8192.
 - virtual_space_node_default_size: 1048576.
 - enlarge_chunks_in_place: 1.
 - new_chunks_are_fully_committed: 0.
 - uncommit_free_chunks: 1.
 - use_allocation_guard: 0.
 - handle_deallocations: 1.


Internal statistics:

num_allocs_failed_limit: 9.
num_arena_births: 430.
num_arena_deaths: 0.
num_vsnodes_births: 11.
num_vsnodes_deaths: 0.
num_space_committed: 1345.
num_space_uncommitted: 0.
num_chunks_returned_to_freelist: 9.
num_chunks_taken_from_freelist: 3151.
num_chunk_merges: 9.
num_chunk_splits: 2564.
num_chunks_enlarged: 2227.
num_purges: 0.
num_inconsistent_stats: 0.

CodeHeap 'non-profiled nmethods': size=120000Kb used=6836Kb max_used=6836Kb free=113163Kb
 bounds [0x0000020339d60000, 0x000002033a410000, 0x0000020341290000]
CodeHeap 'profiled nmethods': size=120000Kb used=42807Kb max_used=42807Kb free=77192Kb
 bounds [0x0000020332290000, 0x0000020334c60000, 0x00000203397c0000]
CodeHeap 'non-nmethods': size=5760Kb used=1409Kb max_used=1481Kb free=4350Kb
 bounds [0x00000203397c0000, 0x0000020339a30000, 0x0000020339d60000]
 total_blobs=14372 nmethods=13629 adapters=652
 compilation: enabled
              stopped_count=0, restarted_count=0
 full_count=0

Compilation events (20 events):
Event: 19.352 Thread 0x0000020348c26600 16068       1       org.jetbrains.kotlin.backend.jvm.codegen.ExpressionCodegen::setLastLineNumber (6 bytes)
Event: 19.352 Thread 0x0000020348c26600 nmethod 16068 0x000002033a40c990 code [0x000002033a40cb20, 0x000002033a40cbf8]
Event: 19.352 Thread 0x0000020348c26600 16083       2       org.jetbrains.kotlin.codegen.inline.RemapVisitor::visitFieldInsn (178 bytes)
Event: 19.353 Thread 0x0000020348c26600 nmethod 16083 0x0000020334c5b690 code [0x0000020334c5b8e0, 0x0000020334c5bff8]
Event: 19.354 Thread 0x0000020348c26600 16084       2       org.jetbrains.org.objectweb.asm.commons.InstructionAdapter::anew (15 bytes)
Event: 19.354 Thread 0x0000020348c26600 nmethod 16084 0x0000020334c5c390 code [0x0000020334c5c540, 0x0000020334c5c6b8]
Event: 19.354 Thread 0x0000020348c26600 16085       2       java.util.IdentityHashMap::resize (153 bytes)
Event: 19.354 Thread 0x0000020348c26600 nmethod 16085 0x0000020334c5c810 code [0x0000020334c5ca00, 0x0000020334c5d138]
Event: 19.357 Thread 0x0000020348c26600 16087       2       org.jetbrains.kotlin.codegen.inline.InlineCodegen$Companion::requiresEmptyStackOnEntry (141 bytes)
Event: 19.358 Thread 0x0000020348c26600 nmethod 16087 0x0000020334c5d410 code [0x0000020334c5d6a0, 0x0000020334c5dd98]
Event: 19.358 Thread 0x0000020348c26600 16088       2       org.jetbrains.org.objectweb.asm.commons.InstructionAdapter::visitIntInsn (197 bytes)
Event: 19.359 Thread 0x0000020348c26600 nmethod 16088 0x0000020334c5e290 code [0x0000020334c5e520, 0x0000020334c5ea98]
Event: 19.362 Thread 0x0000020348c26600 16089       2       org.jetbrains.kotlin.backend.jvm.mapping.IrTypeMappingKt::mapTypeAsDeclaration (24 bytes)
Event: 19.362 Thread 0x0000020348c26600 nmethod 16089 0x0000020334c5ed10 code [0x0000020334c5ef40, 0x0000020334c5f388]
Event: 19.364 Thread 0x0000020348c26600 16090       1       org.jetbrains.kotlin.backend.jvm.codegen.ClassCodegen::access$getParentFunction$p (5 bytes)
Event: 19.364 Thread 0x0000020348c26600 nmethod 16090 0x000002033a40cc90 code [0x000002033a40ce20, 0x000002033a40ced8]
Event: 19.364 Thread 0x0000020348c26600 16091       1       org.jetbrains.kotlin.backend.jvm.JvmBackendContext::isEnclosedInConstructor (5 bytes)
Event: 19.364 Thread 0x0000020348c26600 nmethod 16091 0x000002033a40cf90 code [0x000002033a40d120, 0x000002033a40d1f8]
Event: 19.365 Thread 0x0000020348c26600 16092       2       org.jetbrains.kotlin.backend.jvm.codegen.ClassCodegen$generateMethod$smapCopyingVisitor$1::visitLineNumber (20 bytes)
Event: 19.366 Thread 0x0000020348c26600 nmethod 16092 0x0000020334c5f690 code [0x0000020334c5f880, 0x0000020334c5fb98]

GC Heap History (20 events):
Event: 5.036 GC heap after
{Heap after GC invocations=15 (full 0):
 garbage-first heap   total 126976K, used 38281K [0x0000000081c00000, 0x0000000100000000)
  region size 1024K, 8 young (8192K), 8 survivors (8192K)
 Metaspace       used 51823K, committed 52096K, reserved 1097728K
  class space    used 6195K, committed 6336K, reserved 1048576K
}
Event: 6.683 GC heap before
{Heap before GC invocations=15 (full 0):
 garbage-first heap   total 126976K, used 87433K [0x0000000081c00000, 0x0000000100000000)
  region size 1024K, 56 young (57344K), 8 survivors (8192K)
 Metaspace       used 55707K, committed 55936K, reserved 1105920K
  class space    used 6530K, committed 6656K, reserved 1048576K
}
Event: 6.714 GC heap after
{Heap after GC invocations=16 (full 0):
 garbage-first heap   total 126976K, used 45546K [0x0000000081c00000, 0x0000000100000000)
  region size 1024K, 7 young (7168K), 7 survivors (7168K)
 Metaspace       used 55707K, committed 55936K, reserved 1105920K
  class space    used 6530K, committed 6656K, reserved 1048576K
}
Event: 8.186 GC heap before
{Heap before GC invocations=16 (full 0):
 garbage-first heap   total 126976K, used 91626K [0x0000000081c00000, 0x0000000100000000)
  region size 1024K, 52 young (53248K), 7 survivors (7168K)
 Metaspace       used 58980K, committed 59264K, reserved 1105920K
  class space    used 6853K, committed 7040K, reserved 1048576K
}
Event: 8.224 GC heap after
{Heap after GC invocations=17 (full 0):
 garbage-first heap   total 126976K, used 52224K [0x0000000081c00000, 0x0000000100000000)
  region size 1024K, 6 young (6144K), 6 survivors (6144K)
 Metaspace       used 58980K, committed 59264K, reserved 1105920K
  class space    used 6853K, committed 7040K, reserved 1048576K
}
Event: 10.039 GC heap before
{Heap before GC invocations=17 (full 0):
 garbage-first heap   total 126976K, used 82944K [0x0000000081c00000, 0x0000000100000000)
  region size 1024K, 37 young (37888K), 6 survivors (6144K)
 Metaspace       used 60653K, committed 60928K, reserved 1105920K
  class space    used 6862K, committed 7040K, reserved 1048576K
}
Event: 10.061 GC heap after
{Heap after GC invocations=18 (full 0):
 garbage-first heap   total 152576K, used 54784K [0x0000000081c00000, 0x0000000100000000)
  region size 1024K, 3 young (3072K), 3 survivors (3072K)
 Metaspace       used 60653K, committed 60928K, reserved 1105920K
  class space    used 6862K, committed 7040K, reserved 1048576K
}
Event: 12.215 GC heap before
{Heap before GC invocations=19 (full 0):
 garbage-first heap   total 152576K, used 116224K [0x0000000081c00000, 0x0000000100000000)
  region size 1024K, 63 young (64512K), 3 survivors (3072K)
 Metaspace       used 66928K, committed 67264K, reserved 1114112K
  class space    used 7513K, committed 7680K, reserved 1048576K
}
Event: 12.233 GC heap after
{Heap after GC invocations=20 (full 0):
 garbage-first heap   total 152576K, used 60377K [0x0000000081c00000, 0x0000000100000000)
  region size 1024K, 8 young (8192K), 8 survivors (8192K)
 Metaspace       used 66928K, committed 67264K, reserved 1114112K
  class space    used 7513K, committed 7680K, reserved 1048576K
}
Event: 14.107 GC heap before
{Heap before GC invocations=20 (full 0):
 garbage-first heap   total 152576K, used 117721K [0x0000000081c00000, 0x0000000100000000)
  region size 1024K, 64 young (65536K), 8 survivors (8192K)
 Metaspace       used 70970K, committed 71296K, reserved 1114112K
  class space    used 7899K, committed 8064K, reserved 1048576K
}
Event: 14.149 GC heap after
{Heap after GC invocations=21 (full 0):
 garbage-first heap   total 152576K, used 72281K [0x0000000081c00000, 0x0000000100000000)
  region size 1024K, 8 young (8192K), 8 survivors (8192K)
 Metaspace       used 70970K, committed 71296K, reserved 1114112K
  class space    used 7899K, committed 8064K, reserved 1048576K
}
Event: 15.484 GC heap before
{Heap before GC invocations=21 (full 0):
 garbage-first heap   total 152576K, used 116313K [0x0000000081c00000, 0x0000000100000000)
  region size 1024K, 51 young (52224K), 8 survivors (8192K)
 Metaspace       used 77579K, committed 77952K, reserved 1122304K
  class space    used 8609K, committed 8768K, reserved 1048576K
}
Event: 15.510 GC heap after
{Heap after GC invocations=22 (full 0):
 garbage-first heap   total 152576K, used 77312K [0x0000000081c00000, 0x0000000100000000)
  region size 1024K, 4 young (4096K), 4 survivors (4096K)
 Metaspace       used 77579K, committed 77952K, reserved 1122304K
  class space    used 8609K, committed 8768K, reserved 1048576K
}
Event: 17.249 GC heap before
{Heap before GC invocations=22 (full 0):
 garbage-first heap   total 152576K, used 119296K [0x0000000081c00000, 0x0000000100000000)
  region size 1024K, 45 young (46080K), 4 survivors (4096K)
 Metaspace       used 80874K, committed 81216K, reserved 1122304K
  class space    used 8873K, committed 9024K, reserved 1048576K
}
Event: 17.262 GC heap after
{Heap after GC invocations=23 (full 0):
 garbage-first heap   total 152576K, used 79184K [0x0000000081c00000, 0x0000000100000000)
  region size 1024K, 6 young (6144K), 6 survivors (6144K)
 Metaspace       used 80874K, committed 81216K, reserved 1122304K
  class space    used 8873K, committed 9024K, reserved 1048576K
}
Event: 18.605 GC heap before
{Heap before GC invocations=24 (full 0):
 garbage-first heap   total 152576K, used 121168K [0x0000000081c00000, 0x0000000100000000)
  region size 1024K, 47 young (48128K), 6 survivors (6144K)
 Metaspace       used 85259K, committed 85632K, reserved 1130496K
  class space    used 9207K, committed 9408K, reserved 1048576K
}
Event: 18.623 GC heap after
{Heap after GC invocations=25 (full 0):
 garbage-first heap   total 152576K, used 82467K [0x0000000081c00000, 0x0000000100000000)
  region size 1024K, 6 young (6144K), 6 survivors (6144K)
 Metaspace       used 85259K, committed 85632K, reserved 1130496K
  class space    used 9207K, committed 9408K, reserved 1048576K
}
Event: 18.651 GC heap before
{Heap before GC invocations=25 (full 0):
 garbage-first heap   total 152576K, used 83491K [0x0000000081c00000, 0x0000000100000000)
  region size 1024K, 7 young (7168K), 6 survivors (6144K)
 Metaspace       used 85292K, committed 85632K, reserved 1130496K
  class space    used 9207K, committed 9408K, reserved 1048576K
}
Event: 18.665 GC heap after
{Heap after GC invocations=26 (full 0):
 garbage-first heap   total 152576K, used 81489K [0x0000000081c00000, 0x0000000100000000)
  region size 1024K, 1 young (1024K), 1 survivors (1024K)
 Metaspace       used 85292K, committed 85632K, reserved 1130496K
  class space    used 9207K, committed 9408K, reserved 1048576K
}
Event: 19.371 GC heap before
{Heap before GC invocations=26 (full 0):
 garbage-first heap   total 152576K, used 122449K [0x0000000081c00000, 0x0000000100000000)
  region size 1024K, 41 young (41984K), 1 survivors (1024K)
 Metaspace       used 85820K, committed 86208K, reserved 1130496K
  class space    used 9212K, committed 9408K, reserved 1048576K
}

Dll operation events (2 events):
Event: 0.009 Loaded shared library D:\Android\jbr\bin\java.dll
Event: 1.352 Loaded shared library D:\Android\jbr\bin\verify.dll

Deoptimization events (20 events):
Event: 18.842 Thread 0x000002032edb9e00 Uncommon trap: trap_request=0xffffff45 fr.pc=0x000002033a3d76cc relative=0x00000000000005ac
Event: 18.842 Thread 0x000002032edb9e00 Uncommon trap: reason=unstable_if action=reinterpret pc=0x000002033a3d76cc method=org.jetbrains.kotlin.codegen.optimization.nullCheck.NullabilityInterpreter.merge(Lorg/jetbrains/org/objectweb/asm/tree/analysis/BasicValue;Lorg/jetbrains/org/objectweb/asm/t
Event: 18.842 Thread 0x000002032edb9e00 DEOPT PACKING pc=0x000002033a3d76cc sp=0x000000bb65afda40
Event: 18.842 Thread 0x000002032edb9e00 DEOPT UNPACKING pc=0x00000203398169a3 sp=0x000000bb65afd9b8 mode 2
Event: 18.866 Thread 0x000002032edb9e00 Uncommon trap: trap_request=0xffffffde fr.pc=0x000002033a3dec10 relative=0x0000000000002a30
Event: 18.866 Thread 0x000002032edb9e00 Uncommon trap: reason=class_check action=maybe_recompile pc=0x000002033a3dec10 method=org.jetbrains.org.objectweb.asm.tree.analysis.Frame.execute(Lorg/jetbrains/org/objectweb/asm/tree/AbstractInsnNode;Lorg/jetbrains/org/objectweb/asm/tree/analysis/Interpr
Event: 18.866 Thread 0x000002032edb9e00 DEOPT PACKING pc=0x000002033a3dec10 sp=0x000000bb65afbc90
Event: 18.866 Thread 0x000002032edb9e00 DEOPT UNPACKING pc=0x00000203398169a3 sp=0x000000bb65afbc48 mode 2
Event: 18.866 Thread 0x000002032edb9e00 Uncommon trap: trap_request=0xffffffde fr.pc=0x000002033a3dec10 relative=0x0000000000002a30
Event: 18.866 Thread 0x000002032edb9e00 Uncommon trap: reason=class_check action=maybe_recompile pc=0x000002033a3dec10 method=org.jetbrains.org.objectweb.asm.tree.analysis.Frame.execute(Lorg/jetbrains/org/objectweb/asm/tree/AbstractInsnNode;Lorg/jetbrains/org/objectweb/asm/tree/analysis/Interpr
Event: 18.866 Thread 0x000002032edb9e00 DEOPT PACKING pc=0x000002033a3dec10 sp=0x000000bb65afbc90
Event: 18.866 Thread 0x000002032edb9e00 DEOPT UNPACKING pc=0x00000203398169a3 sp=0x000000bb65afbc48 mode 2
Event: 18.882 Thread 0x000002032edb9e00 Uncommon trap: trap_request=0xffffff45 fr.pc=0x000002033a01eb64 relative=0x0000000000000a24
Event: 18.882 Thread 0x000002032edb9e00 Uncommon trap: reason=unstable_if action=reinterpret pc=0x000002033a01eb64 method=org.jetbrains.kotlin.metadata.ProtoBuf$Type.isInitialized()Z @ 7 c2
Event: 18.882 Thread 0x000002032edb9e00 DEOPT PACKING pc=0x000002033a01eb64 sp=0x000000bb65afdcb0
Event: 18.882 Thread 0x000002032edb9e00 DEOPT UNPACKING pc=0x00000203398169a3 sp=0x000000bb65afdc00 mode 2
Event: 19.266 Thread 0x000002032edb9e00 DEOPT PACKING pc=0x00000203348dc1ef sp=0x000000bb65afafe0
Event: 19.266 Thread 0x000002032edb9e00 DEOPT UNPACKING pc=0x0000020339817143 sp=0x000000bb65afa628 mode 0
Event: 19.334 Thread 0x000002032edb9e00 DEOPT PACKING pc=0x00000203348dc1ef sp=0x000000bb65afc2b0
Event: 19.334 Thread 0x000002032edb9e00 DEOPT UNPACKING pc=0x0000020339817143 sp=0x000000bb65afb8f8 mode 0

Classes unloaded (0 events):
No events

Classes redefined (0 events):
No events

Internal exceptions (20 events):
Event: 6.595 Thread 0x000002032edb9e00 Implicit null exception at 0x0000020339db02ef to 0x0000020339db04d4
Event: 6.595 Thread 0x000002032edb9e00 Implicit null exception at 0x0000020339dc1a8f to 0x0000020339dc1b09
Event: 6.789 Thread 0x000002032edb9e00 Exception <a 'java/lang/NoSuchMethodError'{0x0000000089379b18}: 'int java.lang.invoke.DirectMethodHandle$Holder.invokeStaticInit(java.lang.Object, int)'> (0x0000000089379b18) 
thrown [s\src\hotspot\share\interpreter\linkResolver.cpp, line 771]
Event: 7.011 Thread 0x000002032edb9e00 Implicit null exception at 0x0000020339fdf211 to 0x0000020339fdf52c
Event: 7.019 Thread 0x000002032edb9e00 Implicit null exception at 0x0000020339fdea6f to 0x0000020339fdec44
Event: 7.272 Thread 0x000002032edb9e00 Implicit null exception at 0x0000020339e6a820 to 0x0000020339e6a9a4
Event: 7.272 Thread 0x000002032edb9e00 Implicit null exception at 0x0000020339dc6ae0 to 0x0000020339dc6b7a
Event: 8.872 Thread 0x000002032edb9e00 Implicit null exception at 0x000002033a045eaf to 0x000002033a045f80
Event: 11.039 Thread 0x000002032edb9e00 Exception <a 'java/lang/NoSuchMethodError'{0x0000000089a17fb8}: 'java.lang.Object java.lang.invoke.DirectMethodHandle$Holder.newInvokeSpecial(java.lang.Object, java.lang.Object, java.lang.Object, java.lang.Object, java.lang.Object, java.lang.Object, java.lang.Object)'> (0x0000000089a17fb8) 
thrown [s\src\hotspot\share\interpreter\linkResolver.cpp, line 771]
Event: 11.040 Thread 0x000002032edb9e00 Exception <a 'java/lang/NoSuchMethodError'{0x0000000089a1cb70}: 'java.lang.Object java.lang.invoke.Invokers$Holder.linkToTargetMethod(java.lang.Object, java.lang.Object, java.lang.Object, java.lang.Object, java.lang.Object, java.lang.Object, java.lang.Object)'> (0x0000000089a1cb70) 
thrown [s\src\hotspot\share\interpreter\linkResolver.cpp, line 771]
Event: 11.111 Thread 0x000002032edb9e00 Exception <a 'java/lang/NoSuchMethodError'{0x00000000899ce150}: 'java.lang.Object java.lang.invoke.DirectMethodHandle$Holder.invokeInterface(java.lang.Object, java.lang.Object, java.lang.Object)'> (0x00000000899ce150) 
thrown [s\src\hotspot\share\interpreter\linkResolver.cpp, line 771]
Event: 11.112 Thread 0x000002032edb9e00 Exception <a 'java/lang/IncompatibleClassChangeError'{0x00000000899d22b8}: Found class java.lang.Object, but interface was expected> (0x00000000899d22b8) 
thrown [s\src\hotspot\share\interpreter\linkResolver.cpp, line 838]
Event: 11.229 Thread 0x000002032edb9e00 Implicit null exception at 0x0000020339df876f to 0x0000020339df8954
Event: 11.600 Thread 0x000002032edb9e00 Exception <a 'java/lang/NoSuchMethodError'{0x0000000088932cf8}: 'java.lang.Object java.lang.invoke.DirectMethodHandle$Holder.invokeStaticInit(java.lang.Object, java.lang.Object, java.lang.Object, java.lang.Object)'> (0x0000000088932cf8) 
thrown [s\src\hotspot\share\interpreter\linkResolver.cpp, line 771]
Event: 12.137 Thread 0x000002032edb9e00 Exception <a 'java/lang/NoSuchMethodError'{0x0000000087343ec8}: 'java.lang.Object java.lang.invoke.DirectMethodHandle$Holder.invokeSpecial(java.lang.Object, java.lang.Object, int, int, java.lang.Object, java.lang.Object, java.lang.Object, java.lang.Object, java.lang.Object)'> (0x0000000087343ec8) 
thrown [s\src\hotspot\share\interpreter\linkResolver.cpp, line 771]
Event: 12.572 Thread 0x000002032edb9e00 Exception <a 'java/lang/NoSuchMethodError'{0x000000008abb4c90}: 'java.lang.Object java.lang.invoke.DirectMethodHandle$Holder.invokeStatic(java.lang.Object, int, java.lang.Object)'> (0x000000008abb4c90) 
thrown [s\src\hotspot\share\interpreter\linkResolver.cpp, line 771]
Event: 12.582 Thread 0x000002032edb9e00 Exception <a 'java/lang/NoSuchMethodError'{0x000000008abdc3e0}: 'java.lang.Object java.lang.invoke.DirectMethodHandle$Holder.newInvokeSpecial(java.lang.Object, int, java.lang.Object, java.lang.Object)'> (0x000000008abdc3e0) 
thrown [s\src\hotspot\share\interpreter\linkResolver.cpp, line 771]
Event: 14.504 Thread 0x000002032edb9e00 Implicit null exception at 0x0000020339dcd36f to 0x0000020339dcd5b0
Event: 15.557 Thread 0x000002032edb9e00 Implicit null exception at 0x000002033a2a8952 to 0x000002033a2a89f5
Event: 15.582 Thread 0x000002032edb9e00 Implicit null exception at 0x000002033a27d54d to 0x000002033a27e574

VM Operations (20 events):
Event: 18.182 Executing VM operation: HandshakeAllThreads done
Event: 18.229 Executing VM operation: HandshakeAllThreads
Event: 18.229 Executing VM operation: HandshakeAllThreads done
Event: 18.238 Executing VM operation: HandshakeAllThreads
Event: 18.238 Executing VM operation: HandshakeAllThreads done
Event: 18.402 Executing VM operation: ICBufferFull
Event: 18.402 Executing VM operation: ICBufferFull done
Event: 18.554 Executing VM operation: HandshakeAllThreads
Event: 18.554 Executing VM operation: HandshakeAllThreads done
Event: 18.560 Executing VM operation: HandshakeAllThreads
Event: 18.560 Executing VM operation: HandshakeAllThreads done
Event: 18.597 Executing VM operation: ICBufferFull
Event: 18.597 Executing VM operation: ICBufferFull done
Event: 18.605 Executing VM operation: G1CollectForAllocation
Event: 18.623 Executing VM operation: G1CollectForAllocation done
Event: 18.651 Executing VM operation: G1CollectForAllocation
Event: 18.666 Executing VM operation: G1CollectForAllocation done
Event: 18.882 Executing VM operation: ICBufferFull
Event: 18.882 Executing VM operation: ICBufferFull done
Event: 19.371 Executing VM operation: G1CollectForAllocation

Events (20 events):
Event: 17.842 Thread 0x0000020348c277d0 flushing nmethod 0x0000020334210b10
Event: 17.843 Thread 0x0000020348c277d0 flushing nmethod 0x00000203342ac690
Event: 17.843 Thread 0x0000020348c277d0 flushing nmethod 0x00000203342ad190
Event: 17.843 Thread 0x0000020348c277d0 flushing nmethod 0x00000203342adc90
Event: 17.843 Thread 0x0000020348c277d0 flushing nmethod 0x00000203342b1010
Event: 17.843 Thread 0x0000020348c277d0 flushing nmethod 0x00000203342e3310
Event: 17.843 Thread 0x0000020348c277d0 flushing nmethod 0x00000203342e8190
Event: 17.843 Thread 0x0000020348c277d0 flushing nmethod 0x00000203342e9d90
Event: 17.843 Thread 0x0000020348c277d0 flushing nmethod 0x00000203342ee910
Event: 17.843 Thread 0x0000020348c277d0 flushing nmethod 0x00000203342f5590
Event: 17.843 Thread 0x0000020348c277d0 flushing nmethod 0x00000203342fe110
Event: 17.843 Thread 0x0000020348c277d0 flushing nmethod 0x00000203342ff490
Event: 17.843 Thread 0x0000020348c277d0 flushing nmethod 0x000002033430e690
Event: 17.844 Thread 0x0000020348c277d0 flushing nmethod 0x0000020334350290
Event: 17.844 Thread 0x0000020348c277d0 flushing nmethod 0x00000203343b2490
Event: 17.845 Thread 0x0000020348c277d0 flushing nmethod 0x00000203344d3390
Event: 17.845 Thread 0x0000020348c277d0 flushing nmethod 0x00000203344e5f10
Event: 17.845 Thread 0x0000020348c277d0 flushing nmethod 0x000002033453b690
Event: 17.845 Thread 0x0000020348c277d0 flushing nmethod 0x000002033456ef10
Event: 17.846 Thread 0x0000020348c277d0 flushing nmethod 0x00000203345eb010


Dynamic libraries:
0x00007ff67b6a0000 - 0x00007ff67b6aa000 	D:\Android\jbr\bin\java.exe
0x00007ff818da0000 - 0x00007ff818fa9000 	C:\Windows\SYSTEM32\ntdll.dll
0x00007ff817bd0000 - 0x00007ff817c8d000 	C:\Windows\System32\KERNEL32.DLL
0x00007ff8168c0000 - 0x00007ff816c34000 	C:\Windows\System32\KERNELBASE.dll
0x00007ff8163e0000 - 0x00007ff8164f1000 	C:\Windows\System32\ucrtbase.dll
0x00007ff8063f0000 - 0x00007ff806407000 	D:\Android\jbr\bin\jli.dll
0x00007ff80dd30000 - 0x00007ff80dd4b000 	D:\Android\jbr\bin\VCRUNTIME140.dll
0x00007ff818130000 - 0x00007ff8182dc000 	C:\Windows\System32\USER32.dll
0x00007ffffe0f0000 - 0x00007ffffe395000 	C:\Windows\WinSxS\amd64_microsoft.windows.common-controls_6595b64144ccf1df_6.0.22000.120_none_9d947278b86cc467\COMCTL32.dll
0x00007ff8163b0000 - 0x00007ff8163d6000 	C:\Windows\System32\win32u.dll
0x00007ff817f20000 - 0x00007ff817fc3000 	C:\Windows\System32\msvcrt.dll
0x00007ff817ee0000 - 0x00007ff817f09000 	C:\Windows\System32\GDI32.dll
0x00007ff8166e0000 - 0x00007ff8167f2000 	C:\Windows\System32\gdi32full.dll
0x00007ff816290000 - 0x00007ff81632d000 	C:\Windows\System32\msvcp_win.dll
0x00007ff817cb0000 - 0x00007ff817ce1000 	C:\Windows\System32\IMM32.DLL
0x00007ff80b210000 - 0x00007ff80b21c000 	D:\Android\jbr\bin\vcruntime140_1.dll
0x00007ffffdc20000 - 0x00007ffffdcad000 	D:\Android\jbr\bin\msvcp140.dll
0x00007fffdfd00000 - 0x00007fffe096e000 	D:\Android\jbr\bin\server\jvm.dll
0x00007ff818360000 - 0x00007ff81840e000 	C:\Windows\System32\ADVAPI32.dll
0x00007ff818590000 - 0x00007ff81862e000 	C:\Windows\System32\sechost.dll
0x00007ff818410000 - 0x00007ff818530000 	C:\Windows\System32\RPCRT4.dll
0x00007ff80a420000 - 0x00007ff80a429000 	C:\Windows\SYSTEM32\WSOCK32.dll
0x00007ff8187f0000 - 0x00007ff81885f000 	C:\Windows\System32\WS2_32.dll
0x00007ff80dcc0000 - 0x00007ff80dcf3000 	C:\Windows\SYSTEM32\WINMM.dll
0x00007ff809f60000 - 0x00007ff809f6a000 	C:\Windows\SYSTEM32\VERSION.dll
0x00007ff8144e0000 - 0x00007ff8144f8000 	C:\Windows\SYSTEM32\kernel.appcore.dll
0x00007ff80e9b0000 - 0x00007ff80e9ba000 	D:\Android\jbr\bin\jimage.dll
0x00007ff813ea0000 - 0x00007ff8140c1000 	C:\Windows\SYSTEM32\DBGHELP.DLL
0x00007fffff150000 - 0x00007fffff181000 	C:\Windows\SYSTEM32\dbgcore.DLL
0x00007ff816330000 - 0x00007ff8163af000 	C:\Windows\System32\bcryptPrimitives.dll
0x00007ff80aef0000 - 0x00007ff80af15000 	D:\Android\jbr\bin\java.dll
0x00007ff80b7f0000 - 0x00007ff80b808000 	D:\Android\jbr\bin\zip.dll
0x00007ff817330000 - 0x00007ff817ade000 	C:\Windows\System32\SHELL32.dll
0x00007ff814500000 - 0x00007ff814d67000 	C:\Windows\SYSTEM32\windows.storage.dll
0x00007ff8189e0000 - 0x00007ff818d58000 	C:\Windows\System32\combase.dll
0x00007ff814370000 - 0x00007ff8144d6000 	C:\Windows\SYSTEM32\wintypes.dll
0x00007ff817ae0000 - 0x00007ff817bca000 	C:\Windows\System32\SHCORE.dll
0x00007ff817110000 - 0x00007ff81716d000 	C:\Windows\System32\shlwapi.dll
0x00007ff8161c0000 - 0x00007ff8161e1000 	C:\Windows\SYSTEM32\profapi.dll
0x00007ff80ae50000 - 0x00007ff80ae69000 	D:\Android\jbr\bin\net.dll
0x00007ff80e8a0000 - 0x00007ff80e9ac000 	C:\Windows\SYSTEM32\WINHTTP.dll
0x00007ff8157a0000 - 0x00007ff815807000 	C:\Windows\system32\mswsock.dll
0x00007ff808d10000 - 0x00007ff808d26000 	D:\Android\jbr\bin\nio.dll
0x00007ff80dd20000 - 0x00007ff80dd30000 	D:\Android\jbr\bin\verify.dll

dbghelp: loaded successfully - version: 4.0.5 - missing functions: none
symbol engine: initialized successfully - sym options: 0x614 - pdb path: .;D:\Android\jbr\bin;C:\Windows\SYSTEM32;C:\Windows\WinSxS\amd64_microsoft.windows.common-controls_6595b64144ccf1df_6.0.22000.120_none_9d947278b86cc467;D:\Android\jbr\bin\server

VM Arguments:
java_command: org.jetbrains.kotlin.cli.jvm.K2JVMCompiler @D:\AndroidStudioProject\nemuiin_test\app\build\20231128_684068633512255762.compiler.options
java_class_path (initial): C:\Users\Admin\.gradle\caches\modules-2\files-2.1\org.jetbrains.kotlin\kotlin-compiler-embeddable\1.8.10\b0757fd774344d54ce93f5ad6c30ba1c1731c8ff\kotlin-compiler-embeddable-1.8.10.jar;C:\Users\Admin\.gradle\caches\modules-2\files-2.1\org.jetbrains.kotlin\kotlin-stdlib\1.8.10\6d5560a229477df9406943d5feda5618e98eb64c\kotlin-stdlib-1.8.10.jar;C:\Users\Admin\.gradle\caches\modules-2\files-2.1\org.jetbrains.kotlin\kotlin-script-runtime\1.8.10\b13ea9c7e46d589139e56086a878763290e20bd5\kotlin-script-runtime-1.8.10.jar;C:\Users\Admin\.gradle\caches\modules-2\files-2.1\org.jetbrains.kotlin\kotlin-reflect\1.6.10\1cbe9c92c12a94eea200d23c2bbaedaf3daf5132\kotlin-reflect-1.6.10.jar;C:\Users\Admin\.gradle\caches\modules-2\files-2.1\org.jetbrains.kotlin\kotlin-daemon-embeddable\1.8.10\ad8541d9bc1cf9e52c3204161247910c2cf601d4\kotlin-daemon-embeddable-1.8.10.jar;C:\Users\Admin\.gradle\caches\modules-2\files-2.1\org.jetbrains.intellij.deps\trove4j\1.0.20200330\3afb14d5f9ceb459d724e907a21145e8ff394f02\trove4j-1.0.20200330.jar;C:\Users\Admin\.gradle\caches\modules-2\files-2.1\net.java.dev.jna\jna\5.6.0\330f2244e9030119ab3030fc3fededc86713d9cc\jna-5.6.0.jar;C:\Users\Admin\.gradle\caches\modules-2\files-2.1\org.jetbrains.kotlin\kotlin-stdlib-common\1.8.10\a61b182458550492c12aee66157d7b524a63a5ec\kotlin-stdlib-common-1.8.10.jar;C:\Users\Admin\.gradle\caches\modules-2\files-2.1\org.jetbrains\annotations\13.0\919f0dfe192fb4e063e7dacadee7f8bb9a2672a9\annotations-13.0.jar
Launcher Type: SUN_STANDARD

[Global flags]
     intx CICompilerCount                          = 3                                         {product} {ergonomic}
     uint ConcGCThreads                            = 1                                         {product} {ergonomic}
     uint G1ConcRefinementThreads                  = 4                                         {product} {ergonomic}
   size_t G1HeapRegionSize                         = 1048576                                   {product} {ergonomic}
    uintx GCDrainStackTargetSize                   = 64                                        {product} {ergonomic}
   size_t InitialHeapSize                          = 134217728                                 {product} {ergonomic}
   size_t MarkStackSize                            = 4194304                                   {product} {ergonomic}
   size_t MaxHeapSize                              = 2118123520                                {product} {ergonomic}
   size_t MaxNewSize                               = 1270874112                                {product} {ergonomic}
   size_t MinHeapDeltaBytes                        = 1048576                                   {product} {ergonomic}
   size_t MinHeapSize                              = 8388608                                   {product} {ergonomic}
    uintx NonNMethodCodeHeapSize                   = 5832780                                {pd product} {ergonomic}
    uintx NonProfiledCodeHeapSize                  = 122912730                              {pd product} {ergonomic}
    uintx ProfiledCodeHeapSize                     = 122912730                              {pd product} {ergonomic}
    uintx ReservedCodeCacheSize                    = 251658240                              {pd product} {ergonomic}
     bool SegmentedCodeCache                       = true                                      {product} {ergonomic}
   size_t SoftMaxHeapSize                          = 2118123520                             {manageable} {ergonomic}
     bool UseCompressedClassPointers               = true                           {product lp64_product} {ergonomic}
     bool UseCompressedOops                        = true                           {product lp64_product} {ergonomic}
     bool UseG1GC                                  = true                                      {product} {ergonomic}
     bool UseLargePagesIndividualAllocation        = false                                  {pd product} {ergonomic}

Logging:
Log output configuration:
 #0: stdout all=warning uptime,level,tags
 #1: stderr all=off uptime,level,tags

Environment Variables:
PATH=C:\Program Files\Common Files\Oracle\Java\javapath;C:\Windows\system32;C:\Windows;C:\Windows\System32\Wbem;C:\Windows\System32\WindowsPowerShell\v1.0\;C:\Windows\System32\OpenSSH\;C:\Program Files (x86)\NVIDIA Corporation\PhysX\Common;C:\Users\Admin\AppData\Local\Microsoft\WindowsApps;;D:\JetBrains\IntelliJ IDEA 2023.2.3\bin;;D:\JetBrains\IntelliJ IDEA Community Edition 2023.2.4\bin;
USERNAME=Admin
OS=Windows_NT
PROCESSOR_IDENTIFIER=Intel64 Family 6 Model 142 Stepping 10, GenuineIntel
TMP=C:\Users\Admin\AppData\Local\Temp
TEMP=C:\Users\Admin\AppData\Local\Temp


JNI global refs:
JNI global refs: 10, weak refs: 11

JNI global refs memory usage: 843, weak refs: 841


---------------  S Y S T E M  ---------------

OS:
 Windows 11 , 64 bit Build 22000 (10.0.22000.434)
OS uptime: 0 days 0:53 hours

CPU: total 4 (initial active 4) (2 cores per cpu, 2 threads per core) family 6 model 142 stepping 10 microcode 0xe0, cx8, cmov, fxsr, ht, mmx, 3dnowpref, sse, sse2, sse3, ssse3, sse4.1, sse4.2, popcnt, lzcnt, tsc, tscinvbit, avx, avx2, aes, erms, clmul, bmi1, bmi2, adx, fma, vzeroupper, clflush, clflushopt

Memory: 4k page, system-wide physical 8076M (955M free)
TotalPageFile size 8076M (AvailPageFile size 86M)
current process WorkingSet (physical memory assigned to process): 386M, peak: 391M
current process commit charge ("private bytes"): 413M, peak: 562M

vm_info: OpenJDK 64-Bit Server VM (17.0.6+0-b2043.56-10027231) for windows-amd64 JRE (17.0.6+0-b2043.56-10027231), built on Apr 28 2023 00:43:19 by "androidbuild" with MS VC++ 16.10 / 16.11 (VS2019)

END.
