#
# There is insufficient memory for the Java Runtime Environment to continue.
# Native memory allocation (malloc) failed to allocate 2400656 bytes for Chunk::new
# Possible reasons:
#   The system is out of physical RAM or swap space
#   The process is running with CompressedOops enabled, and the Java Heap may be blocking the growth of the native heap
# Possible solutions:
#   Reduce memory load on the system
#   Increase physical memory or swap space
#   Check if swap backing store is full
#   Decrease Java heap size (-Xmx/-Xms)
#   Decrease number of Java threads
#   Decrease Java thread stack sizes (-Xss)
#   Set larger code cache with -XX:ReservedCodeCacheSize=
#   JVM is running with Unscaled Compressed Oops mode in which the Java heap is
#     placed in the first 4GB address space. The Java Heap base address is the
#     maximum limit for the native heap growth. Please use -XX:HeapBaseMinAddress
#     to set the Java Heap base and to place the Java Heap above 4GB virtual address.
# This output file may be truncated or incomplete.
#
#  Out of Memory Error (arena.cpp:189), pid=1436, tid=4592
#
# JRE version: OpenJDK Runtime Environment (17.0.6) (build 17.0.6+0-b2043.56-10027231)
# Java VM: OpenJDK 64-Bit Server VM (17.0.6+0-b2043.56-10027231, mixed mode, tiered, compressed oops, compressed class ptrs, g1 gc, windows-amd64)
# No core dump will be written. Minidumps are not enabled by default on client versions of Windows
#

---------------  S U M M A R Y ------------

Command Line: --add-opens=java.base/java.util=ALL-UNNAMED --add-opens=java.base/java.lang=ALL-UNNAMED --add-opens=java.base/java.lang.invoke=ALL-UNNAMED --add-opens=java.prefs/java.util.prefs=ALL-UNNAMED --add-opens=java.base/java.nio.charset=ALL-UNNAMED --add-opens=java.base/java.net=ALL-UNNAMED --add-opens=java.base/java.util.concurrent.atomic=ALL-UNNAMED -Xmx2048m -Dfile.encoding=UTF-8 -Duser.country=US -Duser.language=en -Duser.variant org.gradle.launcher.daemon.bootstrap.GradleDaemon 8.0

Host: Intel(R) Core(TM) i3-7020U CPU @ 2.30GHz, 4 cores, 7G,  Windows 11 , 64 bit Build 22000 (10.0.22000.434)
Time: Mon Nov 27 16:17:16 2023 SE Asia Standard Time elapsed time: 16.542841 seconds (0d 0h 0m 16s)

---------------  T H R E A D  ---------------

Current thread (0x000001f6db11c9f0):  JavaThread "C2 CompilerThread0" daemon [_thread_in_native, id=4592, stack(0x000000b409900000,0x000000b409a00000)]


Current CompileTask:
C2:  16542 9245       4       org.gradle.internal.instantiation.generator.AbstractClassGenerator::inspectType (560 bytes)

Stack: [0x000000b409900000,0x000000b409a00000]
Native frames: (J=compiled Java code, j=interpreted, Vv=VM code, C=native code)
V  [jvm.dll+0x683c9a]
V  [jvm.dll+0x8427a4]
V  [jvm.dll+0x843f9e]
V  [jvm.dll+0x844603]
V  [jvm.dll+0x249b75]
V  [jvm.dll+0xabcac]
V  [jvm.dll+0xac27c]
V  [jvm.dll+0x368802]
V  [jvm.dll+0x332f31]
V  [jvm.dll+0x3323da]
V  [jvm.dll+0x21c201]
V  [jvm.dll+0x21b621]
V  [jvm.dll+0x1a4fdd]
V  [jvm.dll+0x22b098]
V  [jvm.dll+0x229159]
V  [jvm.dll+0x7f81ec]
V  [jvm.dll+0x7f274a]
V  [jvm.dll+0x682ad5]
C  [ucrtbase.dll+0x26c0c]
C  [KERNEL32.DLL+0x154e0]
C  [ntdll.dll+0x485b]


---------------  P R O C E S S  ---------------

Threads class SMR info:
_java_thread_list=0x000001f6e33cad10, length=83, elements={
0x000001f6c111afd0, 0x000001f6da700020, 0x000001f6da700e90, 0x000001f6da7139a0,
0x000001f6db1164e0, 0x000001f6db117db0, 0x000001f6db118760, 0x000001f6db11c9f0,
0x000001f6db11d490, 0x000001f6db11e660, 0x000001f6db2a5020, 0x000001f6db2a9910,
0x000001f6db520eb0, 0x000001f6ddb29650, 0x000001f6dda12120, 0x000001f6ddc899e0,
0x000001f6de149030, 0x000001f6dc20a510, 0x000001f6de6e8010, 0x000001f6de6e84e0,
0x000001f6dc94a5b0, 0x000001f6dc94c760, 0x000001f6dc94cc30, 0x000001f6dc94d5d0,
0x000001f6dc94daa0, 0x000001f6dc94b420, 0x000001f6dc94aa80, 0x000001f6dc94af50,
0x000001f6dc94bdc0, 0x000001f6e0aaf6d0, 0x000001f6e0aadec0, 0x000001f6e0aaa030,
0x000001f6e0aa8350, 0x000001f6e0aaa500, 0x000001f6e0aa8cf0, 0x000001f6e0aaa9d0,
0x000001f6e0aab840, 0x000001f6e0aabd10, 0x000001f6e0aad9f0, 0x000001f6e0aa91c0,
0x000001f6e0aae390, 0x000001f6e0aa7e80, 0x000001f6e3fcd850, 0x000001f6e3fcc510,
0x000001f6e3fcbb70, 0x000001f6e3fc9e90, 0x000001f6e3fcc9e0, 0x000001f6e3fcceb0,
0x000001f6e3fcb6a0, 0x000001f6e3fca360, 0x000001f6e3fcd380, 0x000001f6e3fcb1d0,
0x000001f6e3fca830, 0x000001f6e3fcad00, 0x000001f6e3fcc040, 0x000001f6e15691e0,
0x000001f6e1568840, 0x000001f6e156aec0, 0x000001f6e15644e0, 0x000001f6e1567ea0,
0x000001f6e15649b0, 0x000001f6e1565820, 0x000001f6e1567500, 0x000001f6e1567030,
0x000001f6e15696b0, 0x000001f6e1568370, 0x000001f6e1565cf0, 0x000001f6e1565350,
0x000001f6e1566690, 0x000001f6e15661c0, 0x000001f6e1569b80, 0x000001f6e1568d10,
0x000001f6e156b860, 0x000001f6e156a050, 0x000001f6e156a9f0, 0x000001f6e156a520,
0x000001f6e1566b60, 0x000001f6e15679d0, 0x000001f6e1564010, 0x000001f6e156b390,
0x000001f6e1564e80, 0x000001f6e15485d0, 0x000001f6e154c460
}

Java Threads: ( => current thread )
  0x000001f6c111afd0 JavaThread "main" [_thread_blocked, id=7716, stack(0x000000b408c00000,0x000000b408d00000)]
  0x000001f6da700020 JavaThread "Reference Handler" daemon [_thread_blocked, id=2736, stack(0x000000b409300000,0x000000b409400000)]
  0x000001f6da700e90 JavaThread "Finalizer" daemon [_thread_blocked, id=4916, stack(0x000000b409400000,0x000000b409500000)]
  0x000001f6da7139a0 JavaThread "Signal Dispatcher" daemon [_thread_blocked, id=6592, stack(0x000000b409500000,0x000000b409600000)]
  0x000001f6db1164e0 JavaThread "Attach Listener" daemon [_thread_blocked, id=7392, stack(0x000000b409600000,0x000000b409700000)]
  0x000001f6db117db0 JavaThread "Service Thread" daemon [_thread_blocked, id=1128, stack(0x000000b409700000,0x000000b409800000)]
  0x000001f6db118760 JavaThread "Monitor Deflation Thread" daemon [_thread_blocked, id=1972, stack(0x000000b409800000,0x000000b409900000)]
=>0x000001f6db11c9f0 JavaThread "C2 CompilerThread0" daemon [_thread_in_native, id=4592, stack(0x000000b409900000,0x000000b409a00000)]
  0x000001f6db11d490 JavaThread "C1 CompilerThread0" daemon [_thread_blocked, id=7532, stack(0x000000b409a00000,0x000000b409b00000)]
  0x000001f6db11e660 JavaThread "Sweeper thread" daemon [_thread_blocked, id=3180, stack(0x000000b409b00000,0x000000b409c00000)]
  0x000001f6db2a5020 JavaThread "Common-Cleaner" daemon [_thread_blocked, id=3520, stack(0x000000b409c00000,0x000000b409d00000)]
  0x000001f6db2a9910 JavaThread "Notification Thread" daemon [_thread_blocked, id=5536, stack(0x000000b409d00000,0x000000b409e00000)]
  0x000001f6db520eb0 JavaThread "C2 CompilerThread1" daemon [_thread_in_native, id=5092, stack(0x000000b409f00000,0x000000b40a000000)]
  0x000001f6ddb29650 JavaThread "Daemon health stats" [_thread_blocked, id=7796, stack(0x000000b40a300000,0x000000b40a400000)]
  0x000001f6dda12120 JavaThread "Incoming local TCP Connector on port 49931" [_thread_in_native, id=8140, stack(0x000000b40a400000,0x000000b40a500000)]
  0x000001f6ddc899e0 JavaThread "Daemon periodic checks" [_thread_blocked, id=4556, stack(0x000000b40a500000,0x000000b40a600000)]
  0x000001f6de149030 JavaThread "Daemon" [_thread_blocked, id=5984, stack(0x000000b40a600000,0x000000b40a700000)]
  0x000001f6dc20a510 JavaThread "Handler for socket connection from /127.0.0.1:49931 to /127.0.0.1:49932" [_thread_in_native, id=3420, stack(0x000000b40a700000,0x000000b40a800000)]
  0x000001f6de6e8010 JavaThread "Cancel handler" [_thread_blocked, id=716, stack(0x000000b40a800000,0x000000b40a900000)]
  0x000001f6de6e84e0 JavaThread "Daemon worker" [_thread_in_Java, id=5204, stack(0x000000b40a900000,0x000000b40aa00000)]
  0x000001f6dc94a5b0 JavaThread "Asynchronous log dispatcher for DefaultDaemonConnection: socket connection from /127.0.0.1:49931 to /127.0.0.1:49932" [_thread_blocked, id=6684, stack(0x000000b40aa00000,0x000000b40ab00000)]
  0x000001f6dc94c760 JavaThread "Stdin handler" [_thread_blocked, id=6648, stack(0x000000b40ab00000,0x000000b40ac00000)]
  0x000001f6dc94cc30 JavaThread "Daemon client event forwarder" [_thread_blocked, id=1288, stack(0x000000b40ac00000,0x000000b40ad00000)]
  0x000001f6dc94d5d0 JavaThread "Cache worker for journal cache (C:\Users\Admin\.gradle\caches\journal-1)" [_thread_blocked, id=2712, stack(0x000000b40ad00000,0x000000b40ae00000)]
  0x000001f6dc94daa0 JavaThread "File lock request listener" [_thread_in_native, id=2120, stack(0x000000b40ae00000,0x000000b40af00000)]
  0x000001f6dc94b420 JavaThread "Cache worker for file hash cache (C:\Users\Admin\.gradle\caches\8.0\fileHashes)" [_thread_blocked, id=7468, stack(0x000000b40af00000,0x000000b40b000000)]
  0x000001f6dc94aa80 JavaThread "File watcher server" daemon [_thread_in_native, id=7932, stack(0x000000b40b000000,0x000000b40b100000)]
  0x000001f6dc94af50 JavaThread "File watcher consumer" daemon [_thread_blocked, id=5624, stack(0x000000b40b100000,0x000000b40b200000)]
  0x000001f6dc94bdc0 JavaThread "Cache worker for checksums cache (D:\AndroidStudioProject\nemuiin_test\.gradle\8.0\checksums)" [_thread_blocked, id=6580, stack(0x000000b40b200000,0x000000b40b300000)]
  0x000001f6e0aaf6d0 JavaThread "Cache worker for cache directory md-rule (C:\Users\Admin\.gradle\caches\8.0\md-rule)" [_thread_blocked, id=2648, stack(0x000000b40b300000,0x000000b40b400000)]
  0x000001f6e0aadec0 JavaThread "Cache worker for file content cache (C:\Users\Admin\.gradle\caches\8.0\fileContent)" [_thread_blocked, id=1792, stack(0x000000b40b400000,0x000000b40b500000)]
  0x000001f6e0aaa030 JavaThread "Cache worker for file hash cache (D:\AndroidStudioProject\nemuiin_test\.gradle\8.0\fileHashes)" [_thread_blocked, id=1588, stack(0x000000b40b500000,0x000000b40b600000)]
  0x000001f6e0aa8350 JavaThread "Cache worker for cache directory md-supplier (C:\Users\Admin\.gradle\caches\8.0\md-supplier)" [_thread_blocked, id=1356, stack(0x000000b40b600000,0x000000b40b700000)]
  0x000001f6e0aaa500 JavaThread "Cache worker for execution history cache (C:\Users\Admin\.gradle\caches\8.0\executionHistory)" [_thread_blocked, id=2456, stack(0x000000b40b700000,0x000000b40b800000)]
  0x000001f6e0aa8cf0 JavaThread "jar transforms" [_thread_blocked, id=7080, stack(0x000000b40b800000,0x000000b40b900000)]
  0x000001f6e0aaa9d0 JavaThread "jar transforms Thread 2" [_thread_blocked, id=1736, stack(0x000000b40b900000,0x000000b40ba00000)]
  0x000001f6e0aab840 JavaThread "Cache worker for kotlin-dsl (C:\Users\Admin\.gradle\caches\8.0\kotlin-dsl)" [_thread_blocked, id=5436, stack(0x000000b40ba00000,0x000000b40bb00000)]
  0x000001f6e0aabd10 JavaThread "jar transforms Thread 3" [_thread_blocked, id=3876, stack(0x000000b40bb00000,0x000000b40bc00000)]
  0x000001f6e0aad9f0 JavaThread "jar transforms Thread 4" [_thread_blocked, id=5080, stack(0x000000b40bc00000,0x000000b40bd00000)]
  0x000001f6e0aa91c0 JavaThread "Cache worker for dependencies-accessors (D:\AndroidStudioProject\nemuiin_test\.gradle\8.0\dependencies-accessors)" [_thread_blocked, id=5156, stack(0x000000b40bd00000,0x000000b40be00000)]
  0x000001f6e0aae390 JavaThread "Cache worker for Build Output Cleanup Cache (D:\AndroidStudioProject\nemuiin_test\.gradle\buildOutputCleanup)" [_thread_blocked, id=7824, stack(0x000000b40be00000,0x000000b40bf00000)]
  0x000001f6e0aa7e80 JavaThread "Unconstrained build operations" [_thread_blocked, id=3288, stack(0x000000b40bf00000,0x000000b40c000000)]
  0x000001f6e3fcd850 JavaThread "Unconstrained build operations Thread 2" [_thread_blocked, id=512, stack(0x000000b40c000000,0x000000b40c100000)]
  0x000001f6e3fcc510 JavaThread "Unconstrained build operations Thread 3" [_thread_blocked, id=7820, stack(0x000000b40c100000,0x000000b40c200000)]
  0x000001f6e3fcbb70 JavaThread "Unconstrained build operations Thread 4" [_thread_blocked, id=7536, stack(0x000000b40c200000,0x000000b40c300000)]
  0x000001f6e3fc9e90 JavaThread "Unconstrained build operations Thread 5" [_thread_blocked, id=4952, stack(0x000000b40c300000,0x000000b40c400000)]
  0x000001f6e3fcc9e0 JavaThread "Unconstrained build operations Thread 6" [_thread_blocked, id=3864, stack(0x000000b40c400000,0x000000b40c500000)]
  0x000001f6e3fcceb0 JavaThread "Unconstrained build operations Thread 7" [_thread_blocked, id=3744, stack(0x000000b40c500000,0x000000b40c600000)]
  0x000001f6e3fcb6a0 JavaThread "Unconstrained build operations Thread 8" [_thread_blocked, id=452, stack(0x000000b40c600000,0x000000b40c700000)]
  0x000001f6e3fca360 JavaThread "Unconstrained build operations Thread 9" [_thread_blocked, id=1868, stack(0x000000b40c700000,0x000000b40c800000)]
  0x000001f6e3fcd380 JavaThread "Unconstrained build operations Thread 10" [_thread_blocked, id=7580, stack(0x000000b40c800000,0x000000b40c900000)]
  0x000001f6e3fcb1d0 JavaThread "Unconstrained build operations Thread 11" [_thread_blocked, id=508, stack(0x000000b40c900000,0x000000b40ca00000)]
  0x000001f6e3fca830 JavaThread "Unconstrained build operations Thread 12" [_thread_blocked, id=592, stack(0x000000b40ca00000,0x000000b40cb00000)]
  0x000001f6e3fcad00 JavaThread "Unconstrained build operations Thread 13" [_thread_blocked, id=7384, stack(0x000000b40cb00000,0x000000b40cc00000)]
  0x000001f6e3fcc040 JavaThread "Unconstrained build operations Thread 14" [_thread_blocked, id=5640, stack(0x000000b40cc00000,0x000000b40cd00000)]
  0x000001f6e15691e0 JavaThread "Unconstrained build operations Thread 15" [_thread_blocked, id=7212, stack(0x000000b40cd00000,0x000000b40ce00000)]
  0x000001f6e1568840 JavaThread "Unconstrained build operations Thread 16" [_thread_blocked, id=4628, stack(0x000000b40ce00000,0x000000b40cf00000)]
  0x000001f6e156aec0 JavaThread "Unconstrained build operations Thread 17" [_thread_blocked, id=7708, stack(0x000000b40cf00000,0x000000b40d000000)]
  0x000001f6e15644e0 JavaThread "Unconstrained build operations Thread 18" [_thread_blocked, id=2720, stack(0x000000b40d000000,0x000000b40d100000)]
  0x000001f6e1567ea0 JavaThread "Unconstrained build operations Thread 19" [_thread_blocked, id=5304, stack(0x000000b40d100000,0x000000b40d200000)]
  0x000001f6e15649b0 JavaThread "Unconstrained build operations Thread 20" [_thread_blocked, id=3480, stack(0x000000b40d200000,0x000000b40d300000)]
  0x000001f6e1565820 JavaThread "Unconstrained build operations Thread 21" [_thread_blocked, id=2260, stack(0x000000b40d300000,0x000000b40d400000)]
  0x000001f6e1567500 JavaThread "Unconstrained build operations Thread 22" [_thread_blocked, id=5388, stack(0x000000b40d400000,0x000000b40d500000)]
  0x000001f6e1567030 JavaThread "Unconstrained build operations Thread 23" [_thread_blocked, id=1400, stack(0x000000b40d500000,0x000000b40d600000)]
  0x000001f6e15696b0 JavaThread "Unconstrained build operations Thread 24" [_thread_blocked, id=8064, stack(0x000000b40d600000,0x000000b40d700000)]
  0x000001f6e1568370 JavaThread "Unconstrained build operations Thread 25" [_thread_blocked, id=2212, stack(0x000000b40d700000,0x000000b40d800000)]
  0x000001f6e1565cf0 JavaThread "Unconstrained build operations Thread 26" [_thread_blocked, id=4516, stack(0x000000b40d800000,0x000000b40d900000)]
  0x000001f6e1565350 JavaThread "Unconstrained build operations Thread 27" [_thread_blocked, id=4620, stack(0x000000b40d900000,0x000000b40da00000)]
  0x000001f6e1566690 JavaThread "Unconstrained build operations Thread 28" [_thread_blocked, id=7696, stack(0x000000b40da00000,0x000000b40db00000)]
  0x000001f6e15661c0 JavaThread "Unconstrained build operations Thread 29" [_thread_blocked, id=1176, stack(0x000000b40db00000,0x000000b40dc00000)]
  0x000001f6e1569b80 JavaThread "Unconstrained build operations Thread 30" [_thread_blocked, id=7460, stack(0x000000b40dc00000,0x000000b40dd00000)]
  0x000001f6e1568d10 JavaThread "Unconstrained build operations Thread 31" [_thread_blocked, id=2184, stack(0x000000b40dd00000,0x000000b40de00000)]
  0x000001f6e156b860 JavaThread "Unconstrained build operations Thread 32" [_thread_blocked, id=5996, stack(0x000000b40de00000,0x000000b40df00000)]
  0x000001f6e156a050 JavaThread "Unconstrained build operations Thread 33" [_thread_blocked, id=3424, stack(0x000000b40df00000,0x000000b40e000000)]
  0x000001f6e156a9f0 JavaThread "Unconstrained build operations Thread 34" [_thread_blocked, id=2900, stack(0x000000b40e000000,0x000000b40e100000)]
  0x000001f6e156a520 JavaThread "Unconstrained build operations Thread 35" [_thread_blocked, id=7020, stack(0x000000b40e100000,0x000000b40e200000)]
  0x000001f6e1566b60 JavaThread "Unconstrained build operations Thread 36" [_thread_blocked, id=3088, stack(0x000000b40e200000,0x000000b40e300000)]
  0x000001f6e15679d0 JavaThread "Unconstrained build operations Thread 37" [_thread_blocked, id=828, stack(0x000000b40e300000,0x000000b40e400000)]
  0x000001f6e1564010 JavaThread "Unconstrained build operations Thread 38" [_thread_blocked, id=5604, stack(0x000000b40e400000,0x000000b40e500000)]
  0x000001f6e156b390 JavaThread "Unconstrained build operations Thread 39" [_thread_blocked, id=1796, stack(0x000000b40e500000,0x000000b40e600000)]
  0x000001f6e1564e80 JavaThread "Unconstrained build operations Thread 40" [_thread_blocked, id=6216, stack(0x000000b40e600000,0x000000b40e700000)]
  0x000001f6e15485d0 JavaThread "build event listener" [_thread_blocked, id=4384, stack(0x000000b40e700000,0x000000b40e800000)]
  0x000001f6e154c460 JavaThread "Memory manager" [_thread_blocked, id=5344, stack(0x000000b40e800000,0x000000b40e900000)]

Other Threads:
  0x000001f6da6dafb0 VMThread "VM Thread" [stack: 0x000000b409200000,0x000000b409300000] [id=900]
  0x000001f6db1a13f0 WatcherThread [stack: 0x000000b409e00000,0x000000b409f00000] [id=7272]
  0x000001f6c11780a0 GCTaskThread "GC Thread#0" [stack: 0x000000b408d00000,0x000000b408e00000] [id=1684]
  0x000001f6db665980 GCTaskThread "GC Thread#1" [stack: 0x000000b40a000000,0x000000b40a100000] [id=1212]
  0x000001f6dbaab080 GCTaskThread "GC Thread#2" [stack: 0x000000b40a100000,0x000000b40a200000] [id=8156]
  0x000001f6dbe415e0 GCTaskThread "GC Thread#3" [stack: 0x000000b40a200000,0x000000b40a300000] [id=8020]
  0x000001f6c1188fe0 ConcurrentGCThread "G1 Main Marker" [stack: 0x000000b408e00000,0x000000b408f00000] [id=7988]
  0x000001f6c118a190 ConcurrentGCThread "G1 Conc#0" [stack: 0x000000b408f00000,0x000000b409000000] [id=1456]
  0x000001f6c11ee120 ConcurrentGCThread "G1 Refine#0" [stack: 0x000000b409000000,0x000000b409100000] [id=7692]
  0x000001f6c11eeb40 ConcurrentGCThread "G1 Service" [stack: 0x000000b409100000,0x000000b409200000] [id=2516]

Threads with active compile tasks:
C2 CompilerThread0    16564 9245       4       org.gradle.internal.instantiation.generator.AbstractClassGenerator::inspectType (560 bytes)
C2 CompilerThread1    16564 9257       4       org.gradle.internal.reflect.MutableClassDetails::property (41 bytes)

VM state: not at safepoint (normal execution)

VM Mutex/Monitor currently owned by a thread: None

Heap address: 0x0000000080000000, size: 2048 MB, Compressed Oops mode: 32-bit

CDS archive(s) not mapped
Compressed class space mapped at: 0x0000000100000000-0x0000000140000000, reserved size: 1073741824
Narrow klass base: 0x0000000000000000, Narrow klass shift: 3, Narrow klass range: 0x140000000

GC Precious Log:
 CPUs: 4 total, 4 available
 Memory: 8076M
 Large Page Support: Disabled
 NUMA Support: Disabled
 Compressed Oops: Enabled (32-bit)
 Heap Region Size: 1M
 Heap Min Capacity: 8M
 Heap Initial Capacity: 128M
 Heap Max Capacity: 2G
 Pre-touch: Disabled
 Parallel Workers: 4
 Concurrent Workers: 1
 Concurrent Refinement Workers: 4
 Periodic GC: Disabled

Heap:
 garbage-first heap   total 147456K, used 80323K [0x0000000080000000, 0x0000000100000000)
  region size 1024K, 6 young (6144K), 1 survivors (1024K)
 Metaspace       used 92062K, committed 92736K, reserved 1130496K
  class space    used 12555K, committed 12864K, reserved 1048576K

Heap Regions: E=young(eden), S=young(survivor), O=old, HS=humongous(starts), HC=humongous(continues), CS=collection set, F=free, OA=open archive, CA=closed archive, TAMS=top-at-mark-start (previous, next)
|   0|0x0000000080000000, 0x0000000080100000, 0x0000000080100000|100%| O|  |TAMS 0x0000000080100000, 0x0000000080000000| Untracked 
|   1|0x0000000080100000, 0x0000000080200000, 0x0000000080200000|100%| O|  |TAMS 0x0000000080200000, 0x0000000080100000| Untracked 
|   2|0x0000000080200000, 0x0000000080300000, 0x0000000080300000|100%|HS|  |TAMS 0x0000000080300000, 0x0000000080200000| Complete 
|   3|0x0000000080300000, 0x0000000080400000, 0x0000000080400000|100%|HC|  |TAMS 0x0000000080400000, 0x0000000080300000| Complete 
|   4|0x0000000080400000, 0x0000000080500000, 0x0000000080500000|100%|HC|  |TAMS 0x0000000080500000, 0x0000000080400000| Complete 
|   5|0x0000000080500000, 0x0000000080600000, 0x0000000080600000|100%|HC|  |TAMS 0x0000000080600000, 0x0000000080500000| Complete 
|   6|0x0000000080600000, 0x0000000080700000, 0x0000000080700000|100%| O|  |TAMS 0x0000000080700000, 0x0000000080600000| Untracked 
|   7|0x0000000080700000, 0x0000000080800000, 0x0000000080800000|100%| O|  |TAMS 0x0000000080800000, 0x0000000080700000| Untracked 
|   8|0x0000000080800000, 0x0000000080900000, 0x0000000080900000|100%| O|  |TAMS 0x0000000080900000, 0x0000000080800000| Untracked 
|   9|0x0000000080900000, 0x0000000080a00000, 0x0000000080a00000|100%| O|  |TAMS 0x0000000080a00000, 0x0000000080900000| Untracked 
|  10|0x0000000080a00000, 0x0000000080b00000, 0x0000000080b00000|100%| O|  |TAMS 0x0000000080b00000, 0x0000000080a00000| Untracked 
|  11|0x0000000080b00000, 0x0000000080c00000, 0x0000000080c00000|100%| O|  |TAMS 0x0000000080c00000, 0x0000000080b00000| Untracked 
|  12|0x0000000080c00000, 0x0000000080d00000, 0x0000000080d00000|100%| O|  |TAMS 0x0000000080d00000, 0x0000000080c00000| Untracked 
|  13|0x0000000080d00000, 0x0000000080e00000, 0x0000000080e00000|100%| O|  |TAMS 0x0000000080e00000, 0x0000000080d00000| Untracked 
|  14|0x0000000080e00000, 0x0000000080f00000, 0x0000000080f00000|100%| O|  |TAMS 0x0000000080f00000, 0x0000000080e00000| Untracked 
|  15|0x0000000080f00000, 0x0000000081000000, 0x0000000081000000|100%| O|  |TAMS 0x0000000081000000, 0x0000000080f00000| Untracked 
|  16|0x0000000081000000, 0x0000000081100000, 0x0000000081100000|100%| O|  |TAMS 0x0000000081100000, 0x0000000081000000| Untracked 
|  17|0x0000000081100000, 0x0000000081200000, 0x0000000081200000|100%| O|  |TAMS 0x0000000081200000, 0x0000000081100000| Untracked 
|  18|0x0000000081200000, 0x0000000081300000, 0x0000000081300000|100%| O|  |TAMS 0x0000000081300000, 0x0000000081200000| Untracked 
|  19|0x0000000081300000, 0x0000000081400000, 0x0000000081400000|100%| O|  |TAMS 0x0000000081400000, 0x0000000081300000| Untracked 
|  20|0x0000000081400000, 0x0000000081500000, 0x0000000081500000|100%| O|  |TAMS 0x0000000081400000, 0x0000000081400000| Untracked 
|  21|0x0000000081500000, 0x0000000081600000, 0x0000000081600000|100%| O|  |TAMS 0x0000000081600000, 0x0000000081500000| Untracked 
|  22|0x0000000081600000, 0x0000000081600000, 0x0000000081700000|  0%| F|  |TAMS 0x0000000081600000, 0x0000000081600000| Untracked 
|  23|0x0000000081700000, 0x0000000081800000, 0x0000000081800000|100%| O|  |TAMS 0x0000000081800000, 0x0000000081700000| Untracked 
|  24|0x0000000081800000, 0x0000000081900000, 0x0000000081900000|100%| O|  |TAMS 0x0000000081900000, 0x0000000081800000| Untracked 
|  25|0x0000000081900000, 0x0000000081a00000, 0x0000000081a00000|100%| O|  |TAMS 0x0000000081a00000, 0x0000000081900000| Untracked 
|  26|0x0000000081a00000, 0x0000000081b00000, 0x0000000081b00000|100%| O|  |TAMS 0x0000000081b00000, 0x0000000081a00000| Untracked 
|  27|0x0000000081b00000, 0x0000000081c00000, 0x0000000081c00000|100%| O|  |TAMS 0x0000000081c00000, 0x0000000081b00000| Untracked 
|  28|0x0000000081c00000, 0x0000000081d00000, 0x0000000081d00000|100%| O|  |TAMS 0x0000000081d00000, 0x0000000081c00000| Untracked 
|  29|0x0000000081d00000, 0x0000000081e00000, 0x0000000081e00000|100%| O|  |TAMS 0x0000000081e00000, 0x0000000081d00000| Untracked 
|  30|0x0000000081e00000, 0x0000000081f00000, 0x0000000081f00000|100%|HS|  |TAMS 0x0000000081f00000, 0x0000000081e00000| Complete 
|  31|0x0000000081f00000, 0x0000000082000000, 0x0000000082000000|100%|HS|  |TAMS 0x0000000082000000, 0x0000000081f00000| Complete 
|  32|0x0000000082000000, 0x0000000082100000, 0x0000000082100000|100%|HS|  |TAMS 0x0000000082100000, 0x0000000082000000| Complete 
|  33|0x0000000082100000, 0x0000000082200000, 0x0000000082200000|100%|HC|  |TAMS 0x0000000082200000, 0x0000000082100000| Complete 
|  34|0x0000000082200000, 0x0000000082300000, 0x0000000082300000|100%|HS|  |TAMS 0x0000000082300000, 0x0000000082200000| Complete 
|  35|0x0000000082300000, 0x0000000082400000, 0x0000000082400000|100%| O|  |TAMS 0x0000000082400000, 0x0000000082300000| Untracked 
|  36|0x0000000082400000, 0x0000000082500000, 0x0000000082500000|100%| O|  |TAMS 0x0000000082500000, 0x0000000082400000| Untracked 
|  37|0x0000000082500000, 0x0000000082600000, 0x0000000082600000|100%| O|  |TAMS 0x0000000082600000, 0x0000000082500000| Untracked 
|  38|0x0000000082600000, 0x0000000082700000, 0x0000000082700000|100%| O|  |TAMS 0x0000000082700000, 0x0000000082600000| Untracked 
|  39|0x0000000082700000, 0x0000000082800000, 0x0000000082800000|100%| O|  |TAMS 0x0000000082800000, 0x0000000082700000| Untracked 
|  40|0x0000000082800000, 0x0000000082900000, 0x0000000082900000|100%| O|  |TAMS 0x0000000082900000, 0x0000000082800000| Untracked 
|  41|0x0000000082900000, 0x0000000082a00000, 0x0000000082a00000|100%| O|  |TAMS 0x0000000082a00000, 0x0000000082900000| Untracked 
|  42|0x0000000082a00000, 0x0000000082b00000, 0x0000000082b00000|100%|HS|  |TAMS 0x0000000082b00000, 0x0000000082a00000| Complete 
|  43|0x0000000082b00000, 0x0000000082c00000, 0x0000000082c00000|100%|HC|  |TAMS 0x0000000082c00000, 0x0000000082b00000| Complete 
|  44|0x0000000082c00000, 0x0000000082d00000, 0x0000000082d00000|100%|HC|  |TAMS 0x0000000082d00000, 0x0000000082c00000| Complete 
|  45|0x0000000082d00000, 0x0000000082e00000, 0x0000000082e00000|100%|HC|  |TAMS 0x0000000082e00000, 0x0000000082d00000| Complete 
|  46|0x0000000082e00000, 0x0000000082f00000, 0x0000000082f00000|100%| O|  |TAMS 0x0000000082f00000, 0x0000000082e00000| Untracked 
|  47|0x0000000082f00000, 0x0000000083000000, 0x0000000083000000|100%| O|  |TAMS 0x0000000083000000, 0x0000000082f00000| Untracked 
|  48|0x0000000083000000, 0x0000000083100000, 0x0000000083100000|100%| O|  |TAMS 0x0000000083100000, 0x0000000083000000| Untracked 
|  49|0x0000000083100000, 0x0000000083200000, 0x0000000083200000|100%| O|  |TAMS 0x0000000083200000, 0x0000000083100000| Untracked 
|  50|0x0000000083200000, 0x0000000083300000, 0x0000000083300000|100%| O|  |TAMS 0x0000000083300000, 0x0000000083200000| Untracked 
|  51|0x0000000083300000, 0x0000000083400000, 0x0000000083400000|100%| O|  |TAMS 0x0000000083400000, 0x0000000083300000| Untracked 
|  52|0x0000000083400000, 0x0000000083500000, 0x0000000083500000|100%| O|  |TAMS 0x0000000083500000, 0x0000000083400000| Untracked 
|  53|0x0000000083500000, 0x0000000083600000, 0x0000000083600000|100%| O|  |TAMS 0x0000000083600000, 0x0000000083500000| Untracked 
|  54|0x0000000083600000, 0x0000000083700000, 0x0000000083700000|100%| O|  |TAMS 0x0000000083700000, 0x0000000083600000| Untracked 
|  55|0x0000000083700000, 0x0000000083800000, 0x0000000083800000|100%| O|  |TAMS 0x0000000083800000, 0x0000000083700000| Untracked 
|  56|0x0000000083800000, 0x0000000083900000, 0x0000000083900000|100%| O|  |TAMS 0x0000000083900000, 0x0000000083800000| Untracked 
|  57|0x0000000083900000, 0x0000000083a00000, 0x0000000083a00000|100%| O|  |TAMS 0x0000000083a00000, 0x0000000083900000| Untracked 
|  58|0x0000000083a00000, 0x0000000083b00000, 0x0000000083b00000|100%| O|  |TAMS 0x0000000083b00000, 0x0000000083a00000| Untracked 
|  59|0x0000000083b00000, 0x0000000083c00000, 0x0000000083c00000|100%| O|  |TAMS 0x0000000083c00000, 0x0000000083b00000| Untracked 
|  60|0x0000000083c00000, 0x0000000083d00000, 0x0000000083d00000|100%| O|  |TAMS 0x0000000083d00000, 0x0000000083c00000| Untracked 
|  61|0x0000000083d00000, 0x0000000083e00000, 0x0000000083e00000|100%| O|  |TAMS 0x0000000083e00000, 0x0000000083d00000| Untracked 
|  62|0x0000000083e00000, 0x0000000083f00000, 0x0000000083f00000|100%| O|  |TAMS 0x0000000083f00000, 0x0000000083e00000| Untracked 
|  63|0x0000000083f00000, 0x0000000084000000, 0x0000000084000000|100%| O|  |TAMS 0x0000000084000000, 0x0000000083f00000| Untracked 
|  64|0x0000000084000000, 0x0000000084100000, 0x0000000084100000|100%| O|  |TAMS 0x0000000084100000, 0x0000000084000000| Untracked 
|  65|0x0000000084100000, 0x0000000084200000, 0x0000000084200000|100%| O|  |TAMS 0x0000000084200000, 0x0000000084100000| Untracked 
|  66|0x0000000084200000, 0x0000000084300000, 0x0000000084300000|100%| O|  |TAMS 0x0000000084300000, 0x0000000084200000| Untracked 
|  67|0x0000000084300000, 0x0000000084400000, 0x0000000084400000|100%| O|  |TAMS 0x000000008435c400, 0x0000000084300000| Untracked 
|  68|0x0000000084400000, 0x0000000084500000, 0x0000000084500000|100%| O|  |TAMS 0x0000000084400000, 0x0000000084400000| Untracked 
|  69|0x0000000084500000, 0x0000000084600000, 0x0000000084600000|100%| O|  |TAMS 0x0000000084500000, 0x0000000084500000| Untracked 
|  70|0x0000000084600000, 0x0000000084700000, 0x0000000084700000|100%| O|  |TAMS 0x0000000084600000, 0x0000000084600000| Untracked 
|  71|0x0000000084700000, 0x0000000084800000, 0x0000000084800000|100%| O|  |TAMS 0x0000000084700000, 0x0000000084700000| Untracked 
|  72|0x0000000084800000, 0x0000000084900000, 0x0000000084900000|100%| O|  |TAMS 0x0000000084800000, 0x0000000084800000| Untracked 
|  73|0x0000000084900000, 0x0000000084a00000, 0x0000000084a00000|100%| O|  |TAMS 0x0000000084900000, 0x0000000084900000| Untracked 
|  74|0x0000000084a00000, 0x0000000084aba200, 0x0000000084b00000| 72%| O|  |TAMS 0x0000000084a00000, 0x0000000084a00000| Untracked 
|  75|0x0000000084b00000, 0x0000000084b00000, 0x0000000084c00000|  0%| F|  |TAMS 0x0000000084b00000, 0x0000000084b00000| Untracked 
|  76|0x0000000084c00000, 0x0000000084c00000, 0x0000000084d00000|  0%| F|  |TAMS 0x0000000084c00000, 0x0000000084c00000| Untracked 
|  77|0x0000000084d00000, 0x0000000084d00000, 0x0000000084e00000|  0%| F|  |TAMS 0x0000000084d00000, 0x0000000084d00000| Untracked 
|  78|0x0000000084e00000, 0x0000000084e00000, 0x0000000084f00000|  0%| F|  |TAMS 0x0000000084e00000, 0x0000000084e00000| Untracked 
|  79|0x0000000084f00000, 0x0000000084f00000, 0x0000000085000000|  0%| F|  |TAMS 0x0000000084f00000, 0x0000000084f00000| Untracked 
|  80|0x0000000085000000, 0x0000000085000000, 0x0000000085100000|  0%| F|  |TAMS 0x0000000085000000, 0x0000000085000000| Untracked 
|  81|0x0000000085100000, 0x0000000085100000, 0x0000000085200000|  0%| F|  |TAMS 0x0000000085100000, 0x0000000085100000| Untracked 
|  82|0x0000000085200000, 0x0000000085200000, 0x0000000085300000|  0%| F|  |TAMS 0x0000000085200000, 0x0000000085200000| Untracked 
|  83|0x0000000085300000, 0x0000000085300000, 0x0000000085400000|  0%| F|  |TAMS 0x0000000085300000, 0x0000000085300000| Untracked 
|  84|0x0000000085400000, 0x0000000085400000, 0x0000000085500000|  0%| F|  |TAMS 0x0000000085400000, 0x0000000085400000| Untracked 
|  85|0x0000000085500000, 0x0000000085500000, 0x0000000085600000|  0%| F|  |TAMS 0x0000000085500000, 0x0000000085500000| Untracked 
|  86|0x0000000085600000, 0x0000000085600000, 0x0000000085700000|  0%| F|  |TAMS 0x0000000085600000, 0x0000000085600000| Untracked 
|  87|0x0000000085700000, 0x0000000085700000, 0x0000000085800000|  0%| F|  |TAMS 0x0000000085700000, 0x0000000085700000| Untracked 
|  88|0x0000000085800000, 0x0000000085800000, 0x0000000085900000|  0%| F|  |TAMS 0x0000000085800000, 0x0000000085800000| Untracked 
|  89|0x0000000085900000, 0x0000000085900000, 0x0000000085a00000|  0%| F|  |TAMS 0x0000000085900000, 0x0000000085900000| Untracked 
|  90|0x0000000085a00000, 0x0000000085a00000, 0x0000000085b00000|  0%| F|  |TAMS 0x0000000085a00000, 0x0000000085a00000| Untracked 
|  91|0x0000000085b00000, 0x0000000085b00000, 0x0000000085c00000|  0%| F|  |TAMS 0x0000000085b00000, 0x0000000085b00000| Untracked 
|  92|0x0000000085c00000, 0x0000000085c00000, 0x0000000085d00000|  0%| F|  |TAMS 0x0000000085c00000, 0x0000000085c00000| Untracked 
|  93|0x0000000085d00000, 0x0000000085d00000, 0x0000000085e00000|  0%| F|  |TAMS 0x0000000085d00000, 0x0000000085d00000| Untracked 
|  94|0x0000000085e00000, 0x0000000085e00000, 0x0000000085f00000|  0%| F|  |TAMS 0x0000000085e00000, 0x0000000085e00000| Untracked 
|  95|0x0000000085f00000, 0x0000000085f00000, 0x0000000086000000|  0%| F|  |TAMS 0x0000000085f00000, 0x0000000085f00000| Untracked 
|  96|0x0000000086000000, 0x0000000086000000, 0x0000000086100000|  0%| F|  |TAMS 0x0000000086000000, 0x0000000086000000| Untracked 
|  97|0x0000000086100000, 0x0000000086100000, 0x0000000086200000|  0%| F|  |TAMS 0x0000000086100000, 0x0000000086100000| Untracked 
|  98|0x0000000086200000, 0x0000000086200000, 0x0000000086300000|  0%| F|  |TAMS 0x0000000086200000, 0x0000000086200000| Untracked 
|  99|0x0000000086300000, 0x0000000086300000, 0x0000000086400000|  0%| F|  |TAMS 0x0000000086300000, 0x0000000086300000| Untracked 
| 100|0x0000000086400000, 0x0000000086400000, 0x0000000086500000|  0%| F|  |TAMS 0x0000000086400000, 0x0000000086400000| Untracked 
| 101|0x0000000086500000, 0x0000000086500000, 0x0000000086600000|  0%| F|  |TAMS 0x0000000086500000, 0x0000000086500000| Untracked 
| 102|0x0000000086600000, 0x0000000086600000, 0x0000000086700000|  0%| F|  |TAMS 0x0000000086600000, 0x0000000086600000| Untracked 
| 103|0x0000000086700000, 0x0000000086700000, 0x0000000086800000|  0%| F|  |TAMS 0x0000000086700000, 0x0000000086700000| Untracked 
| 104|0x0000000086800000, 0x0000000086800000, 0x0000000086900000|  0%| F|  |TAMS 0x0000000086800000, 0x0000000086800000| Untracked 
| 105|0x0000000086900000, 0x0000000086900000, 0x0000000086a00000|  0%| F|  |TAMS 0x0000000086900000, 0x0000000086900000| Untracked 
| 106|0x0000000086a00000, 0x0000000086a00000, 0x0000000086b00000|  0%| F|  |TAMS 0x0000000086a00000, 0x0000000086a00000| Untracked 
| 107|0x0000000086b00000, 0x0000000086b00000, 0x0000000086c00000|  0%| F|  |TAMS 0x0000000086b00000, 0x0000000086b00000| Untracked 
| 108|0x0000000086c00000, 0x0000000086c00000, 0x0000000086d00000|  0%| F|  |TAMS 0x0000000086c00000, 0x0000000086c00000| Untracked 
| 109|0x0000000086d00000, 0x0000000086d00000, 0x0000000086e00000|  0%| F|  |TAMS 0x0000000086d00000, 0x0000000086d00000| Untracked 
| 110|0x0000000086e00000, 0x0000000086e00000, 0x0000000086f00000|  0%| F|  |TAMS 0x0000000086e00000, 0x0000000086e00000| Untracked 
| 111|0x0000000086f00000, 0x0000000086f00000, 0x0000000087000000|  0%| F|  |TAMS 0x0000000086f00000, 0x0000000086f00000| Untracked 
| 112|0x0000000087000000, 0x0000000087000000, 0x0000000087100000|  0%| F|  |TAMS 0x0000000087000000, 0x0000000087000000| Untracked 
| 113|0x0000000087100000, 0x0000000087100000, 0x0000000087200000|  0%| F|  |TAMS 0x0000000087100000, 0x0000000087100000| Untracked 
| 114|0x0000000087200000, 0x0000000087200000, 0x0000000087300000|  0%| F|  |TAMS 0x0000000087200000, 0x0000000087200000| Untracked 
| 115|0x0000000087300000, 0x0000000087300000, 0x0000000087400000|  0%| F|  |TAMS 0x0000000087300000, 0x0000000087300000| Untracked 
| 116|0x0000000087400000, 0x0000000087400000, 0x0000000087500000|  0%| F|  |TAMS 0x0000000087400000, 0x0000000087400000| Untracked 
| 117|0x0000000087500000, 0x0000000087500000, 0x0000000087600000|  0%| F|  |TAMS 0x0000000087500000, 0x0000000087500000| Untracked 
| 118|0x0000000087600000, 0x0000000087600000, 0x0000000087700000|  0%| F|  |TAMS 0x0000000087600000, 0x0000000087600000| Untracked 
| 119|0x0000000087700000, 0x0000000087700000, 0x0000000087800000|  0%| F|  |TAMS 0x0000000087700000, 0x0000000087700000| Untracked 
| 120|0x0000000087800000, 0x0000000087800000, 0x0000000087900000|  0%| F|  |TAMS 0x0000000087800000, 0x0000000087800000| Untracked 
| 121|0x0000000087900000, 0x0000000087900000, 0x0000000087a00000|  0%| F|  |TAMS 0x0000000087900000, 0x0000000087900000| Untracked 
| 122|0x0000000087a00000, 0x0000000087a00000, 0x0000000087b00000|  0%| F|  |TAMS 0x0000000087a00000, 0x0000000087a00000| Untracked 
| 123|0x0000000087b00000, 0x0000000087b00000, 0x0000000087c00000|  0%| F|  |TAMS 0x0000000087b00000, 0x0000000087b00000| Untracked 
| 124|0x0000000087c00000, 0x0000000087c00000, 0x0000000087d00000|  0%| F|  |TAMS 0x0000000087c00000, 0x0000000087c00000| Untracked 
| 125|0x0000000087d00000, 0x0000000087d00000, 0x0000000087e00000|  0%| F|  |TAMS 0x0000000087d00000, 0x0000000087d00000| Untracked 
| 126|0x0000000087e00000, 0x0000000087e00000, 0x0000000087f00000|  0%| F|  |TAMS 0x0000000087e00000, 0x0000000087e00000| Untracked 
| 127|0x0000000087f00000, 0x0000000087f00000, 0x0000000088000000|  0%| F|  |TAMS 0x0000000087f00000, 0x0000000087f00000| Untracked 
| 128|0x0000000088000000, 0x0000000088000000, 0x0000000088100000|  0%| F|  |TAMS 0x0000000088000000, 0x0000000088000000| Untracked 
| 129|0x0000000088100000, 0x0000000088100000, 0x0000000088200000|  0%| F|  |TAMS 0x0000000088100000, 0x0000000088100000| Untracked 
| 130|0x0000000088200000, 0x0000000088200000, 0x0000000088300000|  0%| F|  |TAMS 0x0000000088200000, 0x0000000088200000| Untracked 
| 131|0x0000000088300000, 0x0000000088300000, 0x0000000088400000|  0%| F|  |TAMS 0x0000000088300000, 0x0000000088300000| Untracked 
| 132|0x0000000088400000, 0x0000000088400000, 0x0000000088500000|  0%| F|  |TAMS 0x0000000088400000, 0x0000000088400000| Untracked 
| 133|0x0000000088500000, 0x0000000088500000, 0x0000000088600000|  0%| F|  |TAMS 0x0000000088500000, 0x0000000088500000| Untracked 
| 134|0x0000000088600000, 0x0000000088600000, 0x0000000088700000|  0%| F|  |TAMS 0x0000000088600000, 0x0000000088600000| Untracked 
| 135|0x0000000088700000, 0x0000000088700000, 0x0000000088800000|  0%| F|  |TAMS 0x0000000088700000, 0x0000000088700000| Untracked 
| 136|0x0000000088800000, 0x0000000088800000, 0x0000000088900000|  0%| F|  |TAMS 0x0000000088800000, 0x0000000088800000| Untracked 
| 137|0x0000000088900000, 0x0000000088980800, 0x0000000088a00000| 50%| E|  |TAMS 0x0000000088900000, 0x0000000088900000| Complete 
| 138|0x0000000088a00000, 0x0000000088b00000, 0x0000000088b00000|100%| E|CS|TAMS 0x0000000088a00000, 0x0000000088a00000| Complete 
| 139|0x0000000088b00000, 0x0000000088c00000, 0x0000000088c00000|100%| E|CS|TAMS 0x0000000088b00000, 0x0000000088b00000| Complete 
| 140|0x0000000088c00000, 0x0000000088cb6ce0, 0x0000000088d00000| 71%| S|CS|TAMS 0x0000000088c00000, 0x0000000088c00000| Complete 
| 141|0x0000000088d00000, 0x0000000088e00000, 0x0000000088e00000|100%| E|CS|TAMS 0x0000000088d00000, 0x0000000088d00000| Complete 
| 142|0x0000000088e00000, 0x0000000088f00000, 0x0000000088f00000|100%| E|CS|TAMS 0x0000000088e00000, 0x0000000088e00000| Complete 
| 143|0x0000000088f00000, 0x0000000089000000, 0x0000000089000000|100%| E|CS|TAMS 0x0000000088f00000, 0x0000000088f00000| Complete 

Card table byte_map: [0x000001f6d39f0000,0x000001f6d3df0000] _byte_map_base: 0x000001f6d35f0000

Marking Bits (Prev, Next): (CMBitMap*) 0x000001f6c11786f0, (CMBitMap*) 0x000001f6c11786b0
 Prev Bits: [0x000001f6d61f0000, 0x000001f6d81f0000)
 Next Bits: [0x000001f6d41f0000, 0x000001f6d61f0000)

Polling page: 0x000001f6bf0c0000

Metaspace:

Usage:
  Non-class:     77.66 MB used.
      Class:     12.26 MB used.
       Both:     89.92 MB used.

Virtual space:
  Non-class space:       80.00 MB reserved,      78.00 MB ( 98%) committed,  10 nodes.
      Class space:        1.00 GB reserved,      12.56 MB (  1%) committed,  1 nodes.
             Both:        1.08 GB reserved,      90.56 MB (  8%) committed. 

Chunk freelists:
   Non-Class:  1.26 MB
       Class:  3.42 MB
        Both:  4.68 MB

MaxMetaspaceSize: unlimited
CompressedClassSpaceSize: 1.00 GB
Initial GC threshold: 21.00 MB
Current GC threshold: 141.88 MB
CDS: off
MetaspaceReclaimPolicy: balanced
 - commit_granule_bytes: 65536.
 - commit_granule_words: 8192.
 - virtual_space_node_default_size: 1048576.
 - enlarge_chunks_in_place: 1.
 - new_chunks_are_fully_committed: 0.
 - uncommit_free_chunks: 1.
 - use_allocation_guard: 0.
 - handle_deallocations: 1.


Internal statistics:

num_allocs_failed_limit: 9.
num_arena_births: 882.
num_arena_deaths: 0.
num_vsnodes_births: 11.
num_vsnodes_deaths: 0.
num_space_committed: 1449.
num_space_uncommitted: 0.
num_chunks_returned_to_freelist: 9.
num_chunks_taken_from_freelist: 4185.
num_chunk_merges: 6.
num_chunk_splits: 2813.
num_chunks_enlarged: 1948.
num_purges: 0.
num_inconsistent_stats: 0.

CodeHeap 'non-profiled nmethods': size=120000Kb used=4653Kb max_used=4653Kb free=115347Kb
 bounds [0x000001f6cc0c0000, 0x000001f6cc550000, 0x000001f6d35f0000]
CodeHeap 'profiled nmethods': size=120000Kb used=16543Kb max_used=16543Kb free=103456Kb
 bounds [0x000001f6c45f0000, 0x000001f6c5620000, 0x000001f6cbb20000]
CodeHeap 'non-nmethods': size=5760Kb used=2382Kb max_used=2475Kb free=3377Kb
 bounds [0x000001f6cbb20000, 0x000001f6cbda0000, 0x000001f6cc0c0000]
 total_blobs=9433 nmethods=8518 adapters=827
 compilation: enabled
              stopped_count=0, restarted_count=0
 full_count=0

Compilation events (20 events):
Event: 16.500 Thread 0x000001f6db11d490 nmethod 9348 0x000001f6c55fd210 code [0x000001f6c55fd420, 0x000001f6c55fd928]
Event: 16.508 Thread 0x000001f6db11d490 9350       3       java.util.TimSort::mergeCollapse (134 bytes)
Event: 16.508 Thread 0x000001f6db11d490 nmethod 9350 0x000001f6c55fdb90 code [0x000001f6c55fdd60, 0x000001f6c55fe288]
Event: 16.512 Thread 0x000001f6db11d490 9352       3       org.gradle.internal.execution.model.annotations.AbstractInputPropertyAnnotationHandler$$Lambda$773/0x00000001007a9f70::test (12 bytes)
Event: 16.512 Thread 0x000001f6db11d490 nmethod 9352 0x000001f6c55fe510 code [0x000001f6c55fe6c0, 0x000001f6c55fe8e8]
Event: 16.514 Thread 0x000001f6db11d490 9353       3       com.google.common.collect.RegularImmutableSet::spliterator (11 bytes)
Event: 16.515 Thread 0x000001f6db11d490 nmethod 9353 0x000001f6c55fea10 code [0x000001f6c55febe0, 0x000001f6c55fef38]
Event: 16.515 Thread 0x000001f6db11d490 9354       3       com.google.common.collect.TransformedIterator::<init> (16 bytes)
Event: 16.515 Thread 0x000001f6db11d490 nmethod 9354 0x000001f6c55ff090 code [0x000001f6c55ff260, 0x000001f6c55ff688]
Event: 16.515 Thread 0x000001f6db11d490 9355       3       com.google.common.collect.Iterables$5::iterator (17 bytes)
Event: 16.515 Thread 0x000001f6db520eb0 nmethod 9313 0x000001f6cc543510 code [0x000001f6cc5439e0, 0x000001f6cc546858]
Event: 16.515 Thread 0x000001f6db520eb0 9321       4       java.util.HashMap::resize (356 bytes)
Event: 16.516 Thread 0x000001f6db11d490 nmethod 9355 0x000001f6c55ff810 code [0x000001f6c55ffa20, 0x000001f6c5600268]
Event: 16.516 Thread 0x000001f6db11d490 9356       3       com.google.common.collect.Iterators::transform (15 bytes)
Event: 16.516 Thread 0x000001f6db11d490 nmethod 9356 0x000001f6c5600510 code [0x000001f6c5600700, 0x000001f6c5600dd8]
Event: 16.529 Thread 0x000001f6db11d490 9357       3       org.gradle.util.Path::compareTo (110 bytes)
Event: 16.530 Thread 0x000001f6db11d490 nmethod 9357 0x000001f6c5601010 code [0x000001f6c5601240, 0x000001f6c5601a58]
Event: 16.530 Thread 0x000001f6db11d490 9358       3       org.gradle.api.internal.project.DefaultProject::compareTo (9 bytes)
Event: 16.531 Thread 0x000001f6db11d490 nmethod 9358 0x000001f6c5601d90 code [0x000001f6c5601fa0, 0x000001f6c5602a08]
Event: 16.533 Thread 0x000001f6db11d490 9359       3       org.gradle.api.internal.tasks.DefaultTaskDependency::visitDependencies (737 bytes)

GC Heap History (20 events):
Event: 11.384 GC heap before
{Heap before GC invocations=27 (full 0):
 garbage-first heap   total 116736K, used 87416K [0x0000000080000000, 0x0000000100000000)
  region size 1024K, 32 young (32768K), 4 survivors (4096K)
 Metaspace       used 68614K, committed 69248K, reserved 1114112K
  class space    used 9089K, committed 9408K, reserved 1048576K
}
Event: 11.396 GC heap after
{Heap after GC invocations=28 (full 0):
 garbage-first heap   total 116736K, used 61069K [0x0000000080000000, 0x0000000100000000)
  region size 1024K, 3 young (3072K), 3 survivors (3072K)
 Metaspace       used 68614K, committed 69248K, reserved 1114112K
  class space    used 9089K, committed 9408K, reserved 1048576K
}
Event: 12.029 GC heap before
{Heap before GC invocations=29 (full 0):
 garbage-first heap   total 116736K, used 88717K [0x0000000080000000, 0x0000000100000000)
  region size 1024K, 30 young (30720K), 3 survivors (3072K)
 Metaspace       used 71477K, committed 72064K, reserved 1114112K
  class space    used 9482K, committed 9792K, reserved 1048576K
}
Event: 12.037 GC heap after
{Heap after GC invocations=30 (full 0):
 garbage-first heap   total 116736K, used 63075K [0x0000000080000000, 0x0000000100000000)
  region size 1024K, 2 young (2048K), 2 survivors (2048K)
 Metaspace       used 71477K, committed 72064K, reserved 1114112K
  class space    used 9482K, committed 9792K, reserved 1048576K
}
Event: 12.565 GC heap before
{Heap before GC invocations=30 (full 0):
 garbage-first heap   total 116736K, used 91747K [0x0000000080000000, 0x0000000100000000)
  region size 1024K, 30 young (30720K), 2 survivors (2048K)
 Metaspace       used 75318K, committed 75904K, reserved 1122304K
  class space    used 9992K, committed 10304K, reserved 1048576K
}
Event: 12.572 GC heap after
{Heap after GC invocations=31 (full 0):
 garbage-first heap   total 116736K, used 65000K [0x0000000080000000, 0x0000000100000000)
  region size 1024K, 4 young (4096K), 4 survivors (4096K)
 Metaspace       used 75318K, committed 75904K, reserved 1122304K
  class space    used 9992K, committed 10304K, reserved 1048576K
}
Event: 13.074 GC heap before
{Heap before GC invocations=32 (full 0):
 garbage-first heap   total 121856K, used 91624K [0x0000000080000000, 0x0000000100000000)
  region size 1024K, 31 young (31744K), 4 survivors (4096K)
 Metaspace       used 76757K, committed 77376K, reserved 1122304K
  class space    used 10188K, committed 10496K, reserved 1048576K
}
Event: 13.086 GC heap after
{Heap after GC invocations=33 (full 0):
 garbage-first heap   total 121856K, used 66824K [0x0000000080000000, 0x0000000100000000)
  region size 1024K, 4 young (4096K), 4 survivors (4096K)
 Metaspace       used 76757K, committed 77376K, reserved 1122304K
  class space    used 10188K, committed 10496K, reserved 1048576K
}
Event: 13.195 GC heap before
{Heap before GC invocations=33 (full 0):
 garbage-first heap   total 121856K, used 72968K [0x0000000080000000, 0x0000000100000000)
  region size 1024K, 11 young (11264K), 4 survivors (4096K)
 Metaspace       used 77398K, committed 78016K, reserved 1122304K
  class space    used 10277K, committed 10560K, reserved 1048576K
}
Event: 13.201 GC heap after
{Heap after GC invocations=34 (full 0):
 garbage-first heap   total 121856K, used 67248K [0x0000000080000000, 0x0000000100000000)
  region size 1024K, 3 young (3072K), 3 survivors (3072K)
 Metaspace       used 77398K, committed 78016K, reserved 1122304K
  class space    used 10277K, committed 10560K, reserved 1048576K
}
Event: 14.059 GC heap before
{Heap before GC invocations=35 (full 0):
 garbage-first heap   total 122880K, used 100016K [0x0000000080000000, 0x0000000100000000)
  region size 1024K, 34 young (34816K), 3 survivors (3072K)
 Metaspace       used 81323K, committed 81984K, reserved 1122304K
  class space    used 11009K, committed 11328K, reserved 1048576K
}
Event: 14.069 GC heap after
{Heap after GC invocations=36 (full 0):
 garbage-first heap   total 122880K, used 68774K [0x0000000080000000, 0x0000000100000000)
  region size 1024K, 4 young (4096K), 4 survivors (4096K)
 Metaspace       used 81323K, committed 81984K, reserved 1122304K
  class space    used 11009K, committed 11328K, reserved 1048576K
}
Event: 14.134 GC heap before
{Heap before GC invocations=36 (full 0):
 garbage-first heap   total 122880K, used 70822K [0x0000000080000000, 0x0000000100000000)
  region size 1024K, 6 young (6144K), 4 survivors (4096K)
 Metaspace       used 81489K, committed 82112K, reserved 1122304K
  class space    used 11030K, committed 11328K, reserved 1048576K
}
Event: 14.147 GC heap after
{Heap after GC invocations=37 (full 0):
 garbage-first heap   total 147456K, used 68424K [0x0000000080000000, 0x0000000100000000)
  region size 1024K, 1 young (1024K), 1 survivors (1024K)
 Metaspace       used 81489K, committed 82112K, reserved 1122304K
  class space    used 11030K, committed 11328K, reserved 1048576K
}
Event: 15.229 GC heap before
{Heap before GC invocations=37 (full 0):
 garbage-first heap   total 147456K, used 116552K [0x0000000080000000, 0x0000000100000000)
  region size 1024K, 48 young (49152K), 1 survivors (1024K)
 Metaspace       used 85960K, committed 86592K, reserved 1130496K
  class space    used 11673K, committed 11968K, reserved 1048576K
}
Event: 15.237 GC heap after
{Heap after GC invocations=38 (full 0):
 garbage-first heap   total 147456K, used 71990K [0x0000000080000000, 0x0000000100000000)
  region size 1024K, 4 young (4096K), 4 survivors (4096K)
 Metaspace       used 85960K, committed 86592K, reserved 1130496K
  class space    used 11673K, committed 11968K, reserved 1048576K
}
Event: 16.399 GC heap before
{Heap before GC invocations=39 (full 0):
 garbage-first heap   total 147456K, used 119094K [0x0000000080000000, 0x0000000100000000)
  region size 1024K, 50 young (51200K), 4 survivors (4096K)
 Metaspace       used 91583K, committed 92224K, reserved 1130496K
  class space    used 12482K, committed 12800K, reserved 1048576K
}
Event: 16.412 GC heap after
{Heap after GC invocations=40 (full 0):
 garbage-first heap   total 147456K, used 75997K [0x0000000080000000, 0x0000000100000000)
  region size 1024K, 4 young (4096K), 4 survivors (4096K)
 Metaspace       used 91583K, committed 92224K, reserved 1130496K
  class space    used 12482K, committed 12800K, reserved 1048576K
}
Event: 16.478 GC heap before
{Heap before GC invocations=40 (full 0):
 garbage-first heap   total 147456K, used 79069K [0x0000000080000000, 0x0000000100000000)
  region size 1024K, 7 young (7168K), 4 survivors (4096K)
 Metaspace       used 91802K, committed 92416K, reserved 1130496K
  class space    used 12516K, committed 12800K, reserved 1048576K
}
Event: 16.488 GC heap after
{Heap after GC invocations=41 (full 0):
 garbage-first heap   total 147456K, used 76227K [0x0000000080000000, 0x0000000100000000)
  region size 1024K, 1 young (1024K), 1 survivors (1024K)
 Metaspace       used 91802K, committed 92416K, reserved 1130496K
  class space    used 12516K, committed 12800K, reserved 1048576K
}

Dll operation events (2 events):
Event: 0.006 Loaded shared library D:\Android\jbr\bin\java.dll
Event: 0.498 Loaded shared library D:\Android\jbr\bin\verify.dll

Deoptimization events (20 events):
Event: 16.200 Thread 0x000001f6de6e84e0 Uncommon trap: trap_request=0xffffff45 fr.pc=0x000001f6cc0fca24 relative=0x0000000000000664
Event: 16.200 Thread 0x000001f6de6e84e0 Uncommon trap: reason=unstable_if action=reinterpret pc=0x000001f6cc0fca24 method=java.lang.AbstractStringBuilder.append(Ljava/lang/String;)Ljava/lang/AbstractStringBuilder; @ 1 c2
Event: 16.200 Thread 0x000001f6de6e84e0 DEOPT PACKING pc=0x000001f6cc0fca24 sp=0x000000b40a9f9cd0
Event: 16.200 Thread 0x000001f6de6e84e0 DEOPT UNPACKING pc=0x000001f6cbb769a3 sp=0x000000b40a9f9c50 mode 2
Event: 16.213 Thread 0x000001f6de6e84e0 DEOPT PACKING pc=0x000001f6c514fc25 sp=0x000000b40a9f8f00
Event: 16.213 Thread 0x000001f6de6e84e0 DEOPT UNPACKING pc=0x000001f6cbb77143 sp=0x000000b40a9f84a0 mode 0
Event: 16.248 Thread 0x000001f6de6e84e0 DEOPT PACKING pc=0x000001f6c5259b4e sp=0x000000b40a9f90d0
Event: 16.248 Thread 0x000001f6de6e84e0 DEOPT UNPACKING pc=0x000001f6cbb77143 sp=0x000000b40a9f85f8 mode 0
Event: 16.456 Thread 0x000001f6de6e84e0 Uncommon trap: trap_request=0xffffff45 fr.pc=0x000001f6cc3ac0d4 relative=0x0000000000000774
Event: 16.456 Thread 0x000001f6de6e84e0 Uncommon trap: reason=unstable_if action=reinterpret pc=0x000001f6cc3ac0d4 method=java.util.HashMap.putVal(ILjava/lang/Object;Ljava/lang/Object;ZZ)Ljava/lang/Object; @ 109 c2
Event: 16.456 Thread 0x000001f6de6e84e0 DEOPT PACKING pc=0x000001f6cc3ac0d4 sp=0x000000b40a9f8ac0
Event: 16.456 Thread 0x000001f6de6e84e0 DEOPT UNPACKING pc=0x000001f6cbb769a3 sp=0x000000b40a9f89d8 mode 2
Event: 16.456 Thread 0x000001f6de6e84e0 Uncommon trap: trap_request=0xffffff45 fr.pc=0x000001f6cc5102f4 relative=0x0000000000000714
Event: 16.456 Thread 0x000001f6de6e84e0 Uncommon trap: reason=unstable_if action=reinterpret pc=0x000001f6cc5102f4 method=java.util.HashMap.putVal(ILjava/lang/Object;Ljava/lang/Object;ZZ)Ljava/lang/Object; @ 109 c2
Event: 16.456 Thread 0x000001f6de6e84e0 DEOPT PACKING pc=0x000001f6cc5102f4 sp=0x000000b40a9f8a10
Event: 16.456 Thread 0x000001f6de6e84e0 DEOPT UNPACKING pc=0x000001f6cbb769a3 sp=0x000000b40a9f89c8 mode 2
Event: 16.458 Thread 0x000001f6de6e84e0 DEOPT PACKING pc=0x000001f6c514fb2e sp=0x000000b40a9f8d80
Event: 16.458 Thread 0x000001f6de6e84e0 DEOPT UNPACKING pc=0x000001f6cbb77143 sp=0x000000b40a9f8320 mode 0
Event: 16.521 Thread 0x000001f6de6e84e0 DEOPT PACKING pc=0x000001f6c514fb2e sp=0x000000b40a9f8d00
Event: 16.521 Thread 0x000001f6de6e84e0 DEOPT UNPACKING pc=0x000001f6cbb77143 sp=0x000000b40a9f82a0 mode 0

Classes unloaded (0 events):
No events

Classes redefined (0 events):
No events

Internal exceptions (20 events):
Event: 14.318 Thread 0x000001f6de6e84e0 Exception <a 'java/lang/ClassNotFoundException'{0x00000000889e6838}: com/android/build/gradle/internal/api/BaseVariantOutputImplCustomizer> (0x00000000889e6838) 
thrown [s\src\hotspot\share\classfile\systemDictionary.cpp, line 256]
Event: 14.320 Thread 0x000001f6de6e84e0 Exception <a 'java/lang/ClassNotFoundException'{0x0000000088806d90}: com/android/build/gradle/internal/api/ApkVariantOutputImplCustomizer> (0x0000000088806d90) 
thrown [s\src\hotspot\share\classfile\systemDictionary.cpp, line 256]
Event: 14.322 Thread 0x000001f6de6e84e0 Exception <a 'java/lang/ClassNotFoundException'{0x0000000088821130}: com/android/build/gradle/internal/api/ApkVariantOutputImpl_DecoratedCustomizer> (0x0000000088821130) 
thrown [s\src\hotspot\share\classfile\systemDictionary.cpp, line 256]
Event: 14.421 Thread 0x000001f6de6e84e0 Exception <a 'java/lang/ClassNotFoundException'{0x0000000088494330}: com/android/build/gradle/internal/api/ReadOnlyBuildTypeBeanInfo> (0x0000000088494330) 
thrown [s\src\hotspot\share\classfile\systemDictionary.cpp, line 256]
Event: 14.422 Thread 0x000001f6de6e84e0 Exception <a 'java/lang/ClassNotFoundException'{0x00000000884a1c88}: com/android/build/gradle/internal/api/ReadOnlyBaseConfigBeanInfo> (0x00000000884a1c88) 
thrown [s\src\hotspot\share\classfile\systemDictionary.cpp, line 256]
Event: 14.422 Thread 0x000001f6de6e84e0 Exception <a 'java/lang/ClassNotFoundException'{0x00000000884af600}: com/android/build/gradle/internal/api/ReadOnlyBaseConfigCustomizer> (0x00000000884af600) 
thrown [s\src\hotspot\share\classfile\systemDictionary.cpp, line 256]
Event: 14.424 Thread 0x000001f6de6e84e0 Exception <a 'java/lang/ClassNotFoundException'{0x00000000884cdb50}: com/android/build/gradle/internal/api/ReadOnlyBuildTypeCustomizer> (0x00000000884cdb50) 
thrown [s\src\hotspot\share\classfile\systemDictionary.cpp, line 256]
Event: 14.714 Thread 0x000001f6de6e84e0 Implicit null exception at 0x000001f6cc492ac0 to 0x000001f6cc49335c
Event: 14.714 Thread 0x000001f6de6e84e0 Implicit null exception at 0x000001f6cc492ac0 to 0x000001f6cc49335c
Event: 14.716 Thread 0x000001f6de6e84e0 Implicit null exception at 0x000001f6cc492ac0 to 0x000001f6cc49335c
Event: 14.716 Thread 0x000001f6de6e84e0 Implicit null exception at 0x000001f6cc492ac0 to 0x000001f6cc49335c
Event: 14.853 Thread 0x000001f6de6e84e0 Implicit null exception at 0x000001f6cc4c9845 to 0x000001f6cc4ca110
Event: 15.314 Thread 0x000001f6de6e84e0 Exception <a 'sun/nio/fs/WindowsException'{0x0000000088d7e330}> (0x0000000088d7e330) 
thrown [s\src\hotspot\share\prims\jni.cpp, line 517]
Event: 15.546 Thread 0x000001f6de6e84e0 Exception <a 'java/lang/NullPointerException'{0x0000000088508b48}> (0x0000000088508b48) 
thrown [s\src\hotspot\share\interpreter\linkResolver.cpp, line 1447]
Event: 15.682 Thread 0x000001f6de6e84e0 Implicit null exception at 0x000001f6cc2ec841 to 0x000001f6cc2ee580
Event: 15.966 Thread 0x000001f6de6e84e0 Exception <a 'sun/nio/fs/WindowsException'{0x00000000877aedf8}> (0x00000000877aedf8) 
thrown [s\src\hotspot\share\prims\jni.cpp, line 517]
Event: 15.968 Thread 0x000001f6de6e84e0 Exception <a 'sun/nio/fs/WindowsException'{0x00000000877b0188}> (0x00000000877b0188) 
thrown [s\src\hotspot\share\prims\jni.cpp, line 517]
Event: 15.968 Thread 0x000001f6de6e84e0 Exception <a 'sun/nio/fs/WindowsException'{0x00000000877b1550}> (0x00000000877b1550) 
thrown [s\src\hotspot\share\prims\jni.cpp, line 517]
Event: 15.968 Thread 0x000001f6de6e84e0 Exception <a 'sun/nio/fs/WindowsException'{0x00000000877b2918}> (0x00000000877b2918) 
thrown [s\src\hotspot\share\prims\jni.cpp, line 517]
Event: 16.200 Thread 0x000001f6de6e84e0 Implicit null exception at 0x000001f6cc0fc3f2 to 0x000001f6cc0fca0c

VM Operations (20 events):
Event: 15.229 Executing VM operation: G1CollectForAllocation
Event: 15.239 Executing VM operation: G1CollectForAllocation done
Event: 15.404 Executing VM operation: G1Concurrent
Event: 15.413 Executing VM operation: G1Concurrent done
Event: 15.484 Executing VM operation: G1Concurrent
Event: 15.485 Executing VM operation: G1Concurrent done
Event: 15.897 Executing VM operation: HandshakeAllThreads
Event: 15.897 Executing VM operation: HandshakeAllThreads done
Event: 15.967 Executing VM operation: HandshakeAllThreads
Event: 15.967 Executing VM operation: HandshakeAllThreads done
Event: 15.993 Executing VM operation: HandshakeAllThreads
Event: 15.993 Executing VM operation: HandshakeAllThreads done
Event: 16.124 Executing VM operation: ICBufferFull
Event: 16.124 Executing VM operation: ICBufferFull done
Event: 16.323 Executing VM operation: HandshakeAllThreads
Event: 16.323 Executing VM operation: HandshakeAllThreads done
Event: 16.399 Executing VM operation: G1CollectForAllocation
Event: 16.414 Executing VM operation: G1CollectForAllocation done
Event: 16.478 Executing VM operation: G1CollectForAllocation
Event: 16.488 Executing VM operation: G1CollectForAllocation done

Events (20 events):
Event: 15.987 loading class jdk/internal/reflect/UnsafeBooleanFieldAccessorImpl
Event: 15.987 loading class jdk/internal/reflect/UnsafeBooleanFieldAccessorImpl done
Event: 16.054 loading class java/util/concurrent/ConcurrentSkipListMap$KeySet
Event: 16.054 loading class java/util/concurrent/ConcurrentSkipListMap$KeySet done
Event: 16.054 loading class java/util/concurrent/ConcurrentSkipListMap$KeyIterator
Event: 16.054 loading class java/util/concurrent/ConcurrentSkipListMap$KeyIterator done
Event: 16.054 loading class java/net/InetAddress$NameServiceAddresses
Event: 16.055 loading class java/net/InetAddress$Addresses
Event: 16.055 loading class java/net/InetAddress$Addresses done
Event: 16.055 loading class java/net/InetAddress$NameServiceAddresses done
Event: 16.057 loading class sun/net/InetAddressCachePolicy
Event: 16.057 loading class sun/net/InetAddressCachePolicy done
Event: 16.057 loading class sun/net/InetAddressCachePolicy$1
Event: 16.057 loading class sun/net/InetAddressCachePolicy$1 done
Event: 16.057 loading class sun/net/InetAddressCachePolicy$2
Event: 16.057 loading class sun/net/InetAddressCachePolicy$2 done
Event: 16.057 loading class java/net/InetAddress$CachedAddresses
Event: 16.057 loading class java/net/InetAddress$CachedAddresses done
Event: 16.057 loading class java/net/InetAddress$CachedLocalHost
Event: 16.057 loading class java/net/InetAddress$CachedLocalHost done


Dynamic libraries:
0x00007ff622080000 - 0x00007ff62208a000 	D:\Android\jbr\bin\java.exe
0x00007fff1c660000 - 0x00007fff1c869000 	C:\Windows\SYSTEM32\ntdll.dll
0x00007fff1ba30000 - 0x00007fff1baed000 	C:\Windows\System32\KERNEL32.DLL
0x00007fff19bf0000 - 0x00007fff19f64000 	C:\Windows\System32\KERNELBASE.dll
0x00007fff1a0d0000 - 0x00007fff1a1e1000 	C:\Windows\System32\ucrtbase.dll
0x00007ffee2de0000 - 0x00007ffee2df7000 	D:\Android\jbr\bin\jli.dll
0x00007ffef9860000 - 0x00007ffef987b000 	D:\Android\jbr\bin\VCRUNTIME140.dll
0x00007fff1be90000 - 0x00007fff1c03c000 	C:\Windows\System32\USER32.dll
0x00007fff1a0a0000 - 0x00007fff1a0c6000 	C:\Windows\System32\win32u.dll
0x00007fff01b40000 - 0x00007fff01de5000 	C:\Windows\WinSxS\amd64_microsoft.windows.common-controls_6595b64144ccf1df_6.0.22000.120_none_9d947278b86cc467\COMCTL32.dll
0x00007fff1c590000 - 0x00007fff1c5b9000 	C:\Windows\System32\GDI32.dll
0x00007fff1c060000 - 0x00007fff1c103000 	C:\Windows\System32\msvcrt.dll
0x00007fff1a1f0000 - 0x00007fff1a302000 	C:\Windows\System32\gdi32full.dll
0x00007fff19b50000 - 0x00007fff19bed000 	C:\Windows\System32\msvcp_win.dll
0x00007fff1baf0000 - 0x00007fff1bb21000 	C:\Windows\System32\IMM32.DLL
0x00007ffef9830000 - 0x00007ffef983c000 	D:\Android\jbr\bin\vcruntime140_1.dll
0x00007ffed9950000 - 0x00007ffed99dd000 	D:\Android\jbr\bin\msvcp140.dll
0x00007ffee3090000 - 0x00007ffee3cfe000 	D:\Android\jbr\bin\server\jvm.dll
0x00007fff1bb30000 - 0x00007fff1bbde000 	C:\Windows\System32\ADVAPI32.dll
0x00007fff1c470000 - 0x00007fff1c50e000 	C:\Windows\System32\sechost.dll
0x00007fff1c200000 - 0x00007fff1c320000 	C:\Windows\System32\RPCRT4.dll
0x00007fff0db10000 - 0x00007fff0db19000 	C:\Windows\SYSTEM32\WSOCK32.dll
0x00007fff12340000 - 0x00007fff12373000 	C:\Windows\SYSTEM32\WINMM.dll
0x00007fff1c510000 - 0x00007fff1c57f000 	C:\Windows\System32\WS2_32.dll
0x00007fff0d8c0000 - 0x00007fff0d8ca000 	C:\Windows\SYSTEM32\VERSION.dll
0x00007fff18610000 - 0x00007fff18628000 	C:\Windows\SYSTEM32\kernel.appcore.dll
0x00007fff12730000 - 0x00007fff1273a000 	D:\Android\jbr\bin\jimage.dll
0x00007fff17730000 - 0x00007fff17951000 	C:\Windows\SYSTEM32\DBGHELP.DLL
0x00007fff09590000 - 0x00007fff095c1000 	C:\Windows\SYSTEM32\dbgcore.DLL
0x00007fff1a480000 - 0x00007fff1a4ff000 	C:\Windows\System32\bcryptPrimitives.dll
0x00007fff00960000 - 0x00007fff00985000 	D:\Android\jbr\bin\java.dll
0x00007fff00590000 - 0x00007fff005a8000 	D:\Android\jbr\bin\zip.dll
0x00007fff1a640000 - 0x00007fff1adee000 	C:\Windows\System32\SHELL32.dll
0x00007fff17da0000 - 0x00007fff18607000 	C:\Windows\SYSTEM32\windows.storage.dll
0x00007fff1ae60000 - 0x00007fff1b1d8000 	C:\Windows\System32\combase.dll
0x00007fff17c30000 - 0x00007fff17d96000 	C:\Windows\SYSTEM32\wintypes.dll
0x00007fff1c110000 - 0x00007fff1c1fa000 	C:\Windows\System32\SHCORE.dll
0x00007fff1c5c0000 - 0x00007fff1c61d000 	C:\Windows\System32\shlwapi.dll
0x00007fff19a80000 - 0x00007fff19aa1000 	C:\Windows\SYSTEM32\profapi.dll
0x00007fff00220000 - 0x00007fff00239000 	D:\Android\jbr\bin\net.dll
0x00007fff12180000 - 0x00007fff1228c000 	C:\Windows\SYSTEM32\WINHTTP.dll
0x00007fff19060000 - 0x00007fff190c7000 	C:\Windows\system32\mswsock.dll
0x00007ffee3070000 - 0x00007ffee3086000 	D:\Android\jbr\bin\nio.dll
0x00007fff0e830000 - 0x00007fff0e840000 	D:\Android\jbr\bin\verify.dll
0x00007fff033c0000 - 0x00007fff033e7000 	C:\Users\Admin\.gradle\native\68d5fa5c4cc2d200863cafc0d521ce42e7d3e7ee720ec0a83991735586a16f82\windows-amd64\native-platform.dll
0x00007ffed9800000 - 0x00007ffed9944000 	C:\Users\Admin\.gradle\native\e376f236ea51e6404a007f0833ffe2c6e607c4080706a723a18a27aeea778392\windows-amd64\native-platform-file-events.dll
0x00007fff05690000 - 0x00007fff05699000 	D:\Android\jbr\bin\management.dll
0x00007fff00e40000 - 0x00007fff00e4b000 	D:\Android\jbr\bin\management_ext.dll
0x00007fff1adf0000 - 0x00007fff1adf8000 	C:\Windows\System32\PSAPI.DLL
0x00007fff192b0000 - 0x00007fff192c8000 	C:\Windows\SYSTEM32\CRYPTSP.dll
0x00007fff18cb0000 - 0x00007fff18ce5000 	C:\Windows\system32\rsaenh.dll
0x00007fff19150000 - 0x00007fff19179000 	C:\Windows\SYSTEM32\USERENV.dll
0x00007fff19420000 - 0x00007fff19447000 	C:\Windows\SYSTEM32\bcrypt.dll
0x00007fff192a0000 - 0x00007fff192ac000 	C:\Windows\SYSTEM32\CRYPTBASE.dll
0x00007fff18880000 - 0x00007fff188ad000 	C:\Windows\SYSTEM32\IPHLPAPI.DLL
0x00007fff1bdf0000 - 0x00007fff1bdf9000 	C:\Windows\System32\NSI.dll
0x00007fff11950000 - 0x00007fff11969000 	C:\Windows\SYSTEM32\dhcpcsvc6.DLL
0x00007fff12510000 - 0x00007fff1252e000 	C:\Windows\SYSTEM32\dhcpcsvc.DLL
0x00007fff188f0000 - 0x00007fff189d7000 	C:\Windows\SYSTEM32\DNSAPI.dll
0x00007fff00580000 - 0x00007fff00588000 	C:\Windows\system32\wshunix.dll
0x00007fff08970000 - 0x00007fff08987000 	C:\Windows\system32\napinsp.dll
0x00007fff08950000 - 0x00007fff0896b000 	C:\Windows\system32\pnrpnsp.dll
0x00007fff033f0000 - 0x00007fff03402000 	C:\Windows\System32\winrnr.dll
0x00007ffefc240000 - 0x00007ffefc255000 	C:\Windows\system32\wshbth.dll
0x00007fff16430000 - 0x00007fff1644f000 	C:\Windows\system32\nlansp_c.dll
0x00007fff12500000 - 0x00007fff1250a000 	C:\Windows\System32\rasadhlp.dll
0x00007fff10570000 - 0x00007fff105f1000 	C:\Windows\System32\fwpuclnt.dll

dbghelp: loaded successfully - version: 4.0.5 - missing functions: none
symbol engine: initialized successfully - sym options: 0x614 - pdb path: .;D:\Android\jbr\bin;C:\Windows\SYSTEM32;C:\Windows\WinSxS\amd64_microsoft.windows.common-controls_6595b64144ccf1df_6.0.22000.120_none_9d947278b86cc467;D:\Android\jbr\bin\server;C:\Users\Admin\.gradle\native\68d5fa5c4cc2d200863cafc0d521ce42e7d3e7ee720ec0a83991735586a16f82\windows-amd64;C:\Users\Admin\.gradle\native\e376f236ea51e6404a007f0833ffe2c6e607c4080706a723a18a27aeea778392\windows-amd64

VM Arguments:
jvm_args: --add-opens=java.base/java.util=ALL-UNNAMED --add-opens=java.base/java.lang=ALL-UNNAMED --add-opens=java.base/java.lang.invoke=ALL-UNNAMED --add-opens=java.prefs/java.util.prefs=ALL-UNNAMED --add-opens=java.base/java.nio.charset=ALL-UNNAMED --add-opens=java.base/java.net=ALL-UNNAMED --add-opens=java.base/java.util.concurrent.atomic=ALL-UNNAMED -Xmx2048m -Dfile.encoding=UTF-8 -Duser.country=US -Duser.language=en -Duser.variant 
java_command: org.gradle.launcher.daemon.bootstrap.GradleDaemon 8.0
java_class_path (initial): C:\Users\Admin\.gradle\wrapper\dists\gradle-8.0-bin\ca5e32bp14vu59qr306oxotwh\gradle-8.0\lib\gradle-launcher-8.0.jar
Launcher Type: SUN_STANDARD

[Global flags]
     intx CICompilerCount                          = 3                                         {product} {ergonomic}
     uint ConcGCThreads                            = 1                                         {product} {ergonomic}
     uint G1ConcRefinementThreads                  = 4                                         {product} {ergonomic}
   size_t G1HeapRegionSize                         = 1048576                                   {product} {ergonomic}
    uintx GCDrainStackTargetSize                   = 64                                        {product} {ergonomic}
   size_t InitialHeapSize                          = 134217728                                 {product} {ergonomic}
   size_t MarkStackSize                            = 4194304                                   {product} {ergonomic}
   size_t MaxHeapSize                              = 2147483648                                {product} {command line}
   size_t MaxNewSize                               = 1287651328                                {product} {ergonomic}
   size_t MinHeapDeltaBytes                        = 1048576                                   {product} {ergonomic}
   size_t MinHeapSize                              = 8388608                                   {product} {ergonomic}
    uintx NonNMethodCodeHeapSize                   = 5832780                                {pd product} {ergonomic}
    uintx NonProfiledCodeHeapSize                  = 122912730                              {pd product} {ergonomic}
    uintx ProfiledCodeHeapSize                     = 122912730                              {pd product} {ergonomic}
    uintx ReservedCodeCacheSize                    = 251658240                              {pd product} {ergonomic}
     bool SegmentedCodeCache                       = true                                      {product} {ergonomic}
   size_t SoftMaxHeapSize                          = 2147483648                             {manageable} {ergonomic}
     bool UseCompressedClassPointers               = true                           {product lp64_product} {ergonomic}
     bool UseCompressedOops                        = true                           {product lp64_product} {ergonomic}
     bool UseG1GC                                  = true                                      {product} {ergonomic}
     bool UseLargePagesIndividualAllocation        = false                                  {pd product} {ergonomic}

Logging:
Log output configuration:
 #0: stdout all=warning uptime,level,tags
 #1: stderr all=off uptime,level,tags

Environment Variables:
PATH=C:\Program Files\Common Files\Oracle\Java\javapath;C:\Windows\system32;C:\Windows;C:\Windows\System32\Wbem;C:\Windows\System32\WindowsPowerShell\v1.0\;C:\Windows\System32\OpenSSH\;C:\Program Files (x86)\NVIDIA Corporation\PhysX\Common;C:\Users\Admin\AppData\Local\Microsoft\WindowsApps;;D:\JetBrains\IntelliJ IDEA 2023.2.3\bin;;D:\JetBrains\IntelliJ IDEA Community Edition 2023.2.4\bin;
USERNAME=Admin
OS=Windows_NT
PROCESSOR_IDENTIFIER=Intel64 Family 6 Model 142 Stepping 10, GenuineIntel
TMP=C:\Users\Admin\AppData\Local\Temp
TEMP=C:\Users\Admin\AppData\Local\Temp


JNI global refs:
JNI global refs: 26, weak refs: 3

JNI global refs memory usage: 843, weak refs: 841


---------------  S Y S T E M  ---------------

OS:
 Windows 11 , 64 bit Build 22000 (10.0.22000.434)
OS uptime: 0 days 0:24 hours

CPU: total 4 (initial active 4) (2 cores per cpu, 2 threads per core) family 6 model 142 stepping 10 microcode 0xe0, cx8, cmov, fxsr, ht, mmx, 3dnowpref, sse, sse2, sse3, ssse3, sse4.1, sse4.2, popcnt, lzcnt, tsc, tscinvbit, avx, avx2, aes, erms, clmul, bmi1, bmi2, adx, fma, vzeroupper, clflush, clflushopt

Memory: 4k page, system-wide physical 8076M (863M free)
TotalPageFile size 8076M (AvailPageFile size 5M)
current process WorkingSet (physical memory assigned to process): 387M, peak: 387M
current process commit charge ("private bytes"): 413M, peak: 415M

vm_info: OpenJDK 64-Bit Server VM (17.0.6+0-b2043.56-10027231) for windows-amd64 JRE (17.0.6+0-b2043.56-10027231), built on Apr 28 2023 00:43:19 by "androidbuild" with MS VC++ 16.10 / 16.11 (VS2019)

END.
