#
# There is insufficient memory for the Java Runtime Environment to continue.
# Native memory allocation (malloc) failed to allocate 907296 bytes for Chunk::new
# Possible reasons:
#   The system is out of physical RAM or swap space
#   The process is running with CompressedOops enabled, and the Java Heap may be blocking the growth of the native heap
# Possible solutions:
#   Reduce memory load on the system
#   Increase physical memory or swap space
#   Check if swap backing store is full
#   Decrease Java heap size (-Xmx/-Xms)
#   Decrease number of Java threads
#   Decrease Java thread stack sizes (-Xss)
#   Set larger code cache with -XX:ReservedCodeCacheSize=
#   JVM is running with Unscaled Compressed Oops mode in which the Java heap is
#     placed in the first 4GB address space. The Java Heap base address is the
#     maximum limit for the native heap growth. Please use -XX:HeapBaseMinAddress
#     to set the Java Heap base and to place the Java Heap above 4GB virtual address.
# This output file may be truncated or incomplete.
#
#  Out of Memory Error (arena.cpp:189), pid=968, tid=2656
#
# JRE version: OpenJDK Runtime Environment (17.0.6) (build 17.0.6+0-b2043.56-10027231)
# Java VM: OpenJDK 64-Bit Server VM (17.0.6+0-b2043.56-10027231, mixed mode, tiered, compressed oops, compressed class ptrs, g1 gc, windows-amd64)
# No core dump will be written. Minidumps are not enabled by default on client versions of Windows
#

---------------  S U M M A R Y ------------

Command Line: --add-opens=java.base/java.util=ALL-UNNAMED --add-opens=java.base/java.lang=ALL-UNNAMED --add-opens=java.base/java.lang.invoke=ALL-UNNAMED --add-opens=java.prefs/java.util.prefs=ALL-UNNAMED --add-opens=java.base/java.nio.charset=ALL-UNNAMED --add-opens=java.base/java.net=ALL-UNNAMED --add-opens=java.base/java.util.concurrent.atomic=ALL-UNNAMED -Xmx2048m -Dfile.encoding=UTF-8 -Duser.country=US -Duser.language=en -Duser.variant org.gradle.launcher.daemon.bootstrap.GradleDaemon 8.0

Host: Intel(R) Core(TM) i3-7020U CPU @ 2.30GHz, 4 cores, 7G,  Windows 11 , 64 bit Build 22000 (10.0.22000.434)
Time: Mon Nov 27 16:15:23 2023 SE Asia Standard Time elapsed time: 20.949105 seconds (0d 0h 0m 20s)

---------------  T H R E A D  ---------------

Current thread (0x0000024bd8c1e670):  JavaThread "C2 CompilerThread0" daemon [_thread_in_native, id=2656, stack(0x000000f333000000,0x000000f333100000)]


Current CompileTask:
C2:  20949 12201   !   4       java.net.URL::<init> (543 bytes)

Stack: [0x000000f333000000,0x000000f333100000]
Native frames: (J=compiled Java code, j=interpreted, Vv=VM code, C=native code)
V  [jvm.dll+0x683c9a]
V  [jvm.dll+0x8427a4]
V  [jvm.dll+0x843f9e]
V  [jvm.dll+0x844603]
V  [jvm.dll+0x249b75]
V  [jvm.dll+0xabcac]
V  [jvm.dll+0xac27c]
V  [jvm.dll+0x2b0eef]
V  [jvm.dll+0x58a267]
V  [jvm.dll+0x2243b2]
V  [jvm.dll+0x22478f]
V  [jvm.dll+0x21e055]
V  [jvm.dll+0x21b51b]
V  [jvm.dll+0x1a4fdd]
V  [jvm.dll+0x22b098]
V  [jvm.dll+0x229159]
V  [jvm.dll+0x7f81ec]
V  [jvm.dll+0x7f274a]
V  [jvm.dll+0x682ad5]
C  [ucrtbase.dll+0x26c0c]
C  [KERNEL32.DLL+0x154e0]
C  [ntdll.dll+0x485b]


---------------  P R O C E S S  ---------------

Threads class SMR info:
_java_thread_list=0x0000024bdcf4e9d0, length=89, elements={
0x0000024bbeccbe00, 0x0000024bd82ae8c0, 0x0000024bd82af730, 0x0000024bd8c16370,
0x0000024bd8c18c50, 0x0000024bd8c19b20, 0x0000024bd8c1a3e0, 0x0000024bd8c1e670,
0x0000024bd8c1f110, 0x0000024bd8c35920, 0x0000024bd8db3020, 0x0000024bd8db7910,
0x0000024bdb2328c0, 0x0000024bdbb90ad0, 0x0000024bda7ce8b0, 0x0000024bd9c5b700,
0x0000024bdb866020, 0x0000024bdbb8ffe0, 0x0000024bdc4fc3e0, 0x0000024bda763310,
0x0000024bda75f950, 0x0000024bda75fe20, 0x0000024bda7607c0, 0x0000024bda761630,
0x0000024bda761b00, 0x0000024bda761fd0, 0x0000024bda760c90, 0x0000024bda7624a0,
0x0000024bda762e40, 0x0000024bda761160, 0x0000024bdb574ca0, 0x0000024bdb5712e0,
0x0000024bdb577320, 0x0000024bdb575fe0, 0x0000024bdb570e10, 0x0000024bdb5747d0,
0x0000024bdb573e30, 0x0000024bdb572af0, 0x0000024bdb575170, 0x0000024bdb575640,
0x0000024bdb572fc0, 0x0000024bdb576e50, 0x0000024bdb576980, 0x0000024bdb570470,
0x0000024bdb573490, 0x0000024bdb572150, 0x0000024bdce0cbd0, 0x0000024bdce07530,
0x0000024bdce0b3c0, 0x0000024bdce07a00, 0x0000024bdce0b890, 0x0000024bdce0da40,
0x0000024bdce07ed0, 0x0000024bdce0e8b0, 0x0000024bdce0df10, 0x0000024bdce0c230,
0x0000024bdce0d0a0, 0x0000024bdce0bd60, 0x0000024bdce0c700, 0x0000024bdce083a0,
0x0000024bdce0d570, 0x0000024bdce0e3e0, 0x0000024bdce07060, 0x0000024bdce09210,
0x0000024bdce08870, 0x0000024bdce08d40, 0x0000024bdce096e0, 0x0000024bdce09bb0,
0x0000024bdce0a080, 0x0000024bdce0a550, 0x0000024bdce0aa20, 0x0000024bdce0aef0,
0x0000024bdb311f10, 0x0000024bdb30d6e0, 0x0000024bdb30ea20, 0x0000024bdb3128b0,
0x0000024bdb310700, 0x0000024bdb310bd0, 0x0000024bdb3110a0, 0x0000024bdb3123e0,
0x0000024bdb312d80, 0x0000024bdb30cd40, 0x0000024bd9546f00, 0x0000024bdb30f890,
0x0000024bdb30fd60, 0x0000024bdb573960, 0x0000024bdb124bc0, 0x0000024bdb1233b0,
0x0000024bdb11e1e0
}

Java Threads: ( => current thread )
  0x0000024bbeccbe00 JavaThread "main" [_thread_blocked, id=5476, stack(0x000000f332300000,0x000000f332400000)]
  0x0000024bd82ae8c0 JavaThread "Reference Handler" daemon [_thread_blocked, id=3392, stack(0x000000f332a00000,0x000000f332b00000)]
  0x0000024bd82af730 JavaThread "Finalizer" daemon [_thread_blocked, id=5748, stack(0x000000f332b00000,0x000000f332c00000)]
  0x0000024bd8c16370 JavaThread "Signal Dispatcher" daemon [_thread_blocked, id=8180, stack(0x000000f332c00000,0x000000f332d00000)]
  0x0000024bd8c18c50 JavaThread "Attach Listener" daemon [_thread_blocked, id=792, stack(0x000000f332d00000,0x000000f332e00000)]
  0x0000024bd8c19b20 JavaThread "Service Thread" daemon [_thread_blocked, id=4796, stack(0x000000f332e00000,0x000000f332f00000)]
  0x0000024bd8c1a3e0 JavaThread "Monitor Deflation Thread" daemon [_thread_blocked, id=2304, stack(0x000000f332f00000,0x000000f333000000)]
=>0x0000024bd8c1e670 JavaThread "C2 CompilerThread0" daemon [_thread_in_native, id=2656, stack(0x000000f333000000,0x000000f333100000)]
  0x0000024bd8c1f110 JavaThread "C1 CompilerThread0" daemon [_thread_blocked, id=3908, stack(0x000000f333100000,0x000000f333200000)]
  0x0000024bd8c35920 JavaThread "Sweeper thread" daemon [_thread_blocked, id=1932, stack(0x000000f333200000,0x000000f333300000)]
  0x0000024bd8db3020 JavaThread "Common-Cleaner" daemon [_thread_blocked, id=1760, stack(0x000000f333300000,0x000000f333400000)]
  0x0000024bd8db7910 JavaThread "Notification Thread" daemon [_thread_blocked, id=4920, stack(0x000000f333400000,0x000000f333500000)]
  0x0000024bdb2328c0 JavaThread "Daemon health stats" [_thread_blocked, id=4628, stack(0x000000f333a00000,0x000000f333b00000)]
  0x0000024bdbb90ad0 JavaThread "Incoming local TCP Connector on port 49899" [_thread_in_native, id=7820, stack(0x000000f333b00000,0x000000f333c00000)]
  0x0000024bda7ce8b0 JavaThread "Daemon periodic checks" [_thread_blocked, id=5756, stack(0x000000f333c00000,0x000000f333d00000)]
  0x0000024bd9c5b700 JavaThread "Daemon" [_thread_blocked, id=7924, stack(0x000000f333d00000,0x000000f333e00000)]
  0x0000024bdb866020 JavaThread "Handler for socket connection from /127.0.0.1:49899 to /127.0.0.1:49900" [_thread_in_native, id=92, stack(0x000000f333e00000,0x000000f333f00000)]
  0x0000024bdbb8ffe0 JavaThread "Cancel handler" [_thread_blocked, id=7708, stack(0x000000f333f00000,0x000000f334000000)]
  0x0000024bdc4fc3e0 JavaThread "Daemon worker" [_thread_blocked, id=2716, stack(0x000000f334000000,0x000000f334100000)]
  0x0000024bda763310 JavaThread "Asynchronous log dispatcher for DefaultDaemonConnection: socket connection from /127.0.0.1:49899 to /127.0.0.1:49900" [_thread_blocked, id=4620, stack(0x000000f334100000,0x000000f334200000)]
  0x0000024bda75f950 JavaThread "Stdin handler" [_thread_blocked, id=5304, stack(0x000000f334200000,0x000000f334300000)]
  0x0000024bda75fe20 JavaThread "Daemon client event forwarder" [_thread_blocked, id=4064, stack(0x000000f334300000,0x000000f334400000)]
  0x0000024bda7607c0 JavaThread "Cache worker for journal cache (C:\Users\Admin\.gradle\caches\journal-1)" [_thread_blocked, id=3480, stack(0x000000f334400000,0x000000f334500000)]
  0x0000024bda761630 JavaThread "File lock request listener" [_thread_in_native, id=4516, stack(0x000000f334500000,0x000000f334600000)]
  0x0000024bda761b00 JavaThread "Cache worker for file hash cache (C:\Users\Admin\.gradle\caches\8.0\fileHashes)" [_thread_blocked, id=8064, stack(0x000000f334600000,0x000000f334700000)]
  0x0000024bda761fd0 JavaThread "File watcher server" daemon [_thread_in_native, id=2212, stack(0x000000f334700000,0x000000f334800000)]
  0x0000024bda760c90 JavaThread "File watcher consumer" daemon [_thread_blocked, id=7476, stack(0x000000f334800000,0x000000f334900000)]
  0x0000024bda7624a0 JavaThread "Cache worker for checksums cache (D:\AndroidStudioProject\nemuiin_test\.gradle\8.0\checksums)" [_thread_blocked, id=988, stack(0x000000f334900000,0x000000f334a00000)]
  0x0000024bda762e40 JavaThread "Cache worker for cache directory md-rule (C:\Users\Admin\.gradle\caches\8.0\md-rule)" [_thread_blocked, id=2720, stack(0x000000f334a00000,0x000000f334b00000)]
  0x0000024bda761160 JavaThread "Cache worker for file content cache (C:\Users\Admin\.gradle\caches\8.0\fileContent)" [_thread_blocked, id=2184, stack(0x000000f334b00000,0x000000f334c00000)]
  0x0000024bdb574ca0 JavaThread "Cache worker for file hash cache (D:\AndroidStudioProject\nemuiin_test\.gradle\8.0\fileHashes)" [_thread_blocked, id=3124, stack(0x000000f334c00000,0x000000f334d00000)]
  0x0000024bdb5712e0 JavaThread "Cache worker for cache directory md-supplier (C:\Users\Admin\.gradle\caches\8.0\md-supplier)" [_thread_blocked, id=3436, stack(0x000000f334d00000,0x000000f334e00000)]
  0x0000024bdb577320 JavaThread "Cache worker for execution history cache (C:\Users\Admin\.gradle\caches\8.0\executionHistory)" [_thread_blocked, id=7856, stack(0x000000f334e00000,0x000000f334f00000)]
  0x0000024bdb575fe0 JavaThread "jar transforms" [_thread_blocked, id=1516, stack(0x000000f334f00000,0x000000f335000000)]
  0x0000024bdb570e10 JavaThread "jar transforms Thread 2" [_thread_blocked, id=6584, stack(0x000000f335000000,0x000000f335100000)]
  0x0000024bdb5747d0 JavaThread "Cache worker for kotlin-dsl (C:\Users\Admin\.gradle\caches\8.0\kotlin-dsl)" [_thread_blocked, id=8124, stack(0x000000f335200000,0x000000f335300000)]
  0x0000024bdb573e30 JavaThread "jar transforms Thread 3" [_thread_blocked, id=6660, stack(0x000000f335300000,0x000000f335400000)]
  0x0000024bdb572af0 JavaThread "jar transforms Thread 4" [_thread_blocked, id=7972, stack(0x000000f335400000,0x000000f335500000)]
  0x0000024bdb575170 JavaThread "Cache worker for dependencies-accessors (D:\AndroidStudioProject\nemuiin_test\.gradle\8.0\dependencies-accessors)" [_thread_blocked, id=4212, stack(0x000000f335500000,0x000000f335600000)]
  0x0000024bdb575640 JavaThread "Cache worker for Build Output Cleanup Cache (D:\AndroidStudioProject\nemuiin_test\.gradle\buildOutputCleanup)" [_thread_blocked, id=3412, stack(0x000000f335600000,0x000000f335700000)]
  0x0000024bdb572fc0 JavaThread "Unconstrained build operations" [_thread_blocked, id=3288, stack(0x000000f335700000,0x000000f335800000)]
  0x0000024bdb576e50 JavaThread "Unconstrained build operations Thread 2" [_thread_blocked, id=2916, stack(0x000000f335800000,0x000000f335900000)]
  0x0000024bdb576980 JavaThread "Unconstrained build operations Thread 3" [_thread_blocked, id=7560, stack(0x000000f335900000,0x000000f335a00000)]
  0x0000024bdb570470 JavaThread "Unconstrained build operations Thread 4" [_thread_blocked, id=2188, stack(0x000000f335a00000,0x000000f335b00000)]
  0x0000024bdb573490 JavaThread "Unconstrained build operations Thread 5" [_thread_blocked, id=1400, stack(0x000000f335b00000,0x000000f335c00000)]
  0x0000024bdb572150 JavaThread "Unconstrained build operations Thread 6" [_thread_in_vm, id=5388, stack(0x000000f335c00000,0x000000f335d00000)]
  0x0000024bdce0cbd0 JavaThread "Unconstrained build operations Thread 7" [_thread_blocked, id=3296, stack(0x000000f335d00000,0x000000f335e00000)]
  0x0000024bdce07530 JavaThread "Unconstrained build operations Thread 8" [_thread_in_Java, id=1672, stack(0x000000f335e00000,0x000000f335f00000)]
  0x0000024bdce0b3c0 JavaThread "Unconstrained build operations Thread 9" [_thread_blocked, id=8032, stack(0x000000f335f00000,0x000000f336000000)]
  0x0000024bdce07a00 JavaThread "Unconstrained build operations Thread 10" [_thread_blocked, id=4572, stack(0x000000f336000000,0x000000f336100000)]
  0x0000024bdce0b890 JavaThread "Unconstrained build operations Thread 11" [_thread_blocked, id=4804, stack(0x000000f336100000,0x000000f336200000)]
  0x0000024bdce0da40 JavaThread "Unconstrained build operations Thread 12" [_thread_blocked, id=3848, stack(0x000000f336200000,0x000000f336300000)]
  0x0000024bdce07ed0 JavaThread "Unconstrained build operations Thread 13" [_thread_blocked, id=4968, stack(0x000000f336300000,0x000000f336400000)]
  0x0000024bdce0e8b0 JavaThread "Unconstrained build operations Thread 14" [_thread_blocked, id=4704, stack(0x000000f336400000,0x000000f336500000)]
  0x0000024bdce0df10 JavaThread "Unconstrained build operations Thread 15" [_thread_blocked, id=5340, stack(0x000000f336500000,0x000000f336600000)]
  0x0000024bdce0c230 JavaThread "Unconstrained build operations Thread 16" [_thread_blocked, id=2260, stack(0x000000f336600000,0x000000f336700000)]
  0x0000024bdce0d0a0 JavaThread "Unconstrained build operations Thread 17" [_thread_blocked, id=8004, stack(0x000000f336700000,0x000000f336800000)]
  0x0000024bdce0bd60 JavaThread "Unconstrained build operations Thread 18" [_thread_blocked, id=3320, stack(0x000000f336800000,0x000000f336900000)]
  0x0000024bdce0c700 JavaThread "Unconstrained build operations Thread 19" [_thread_blocked, id=4884, stack(0x000000f336900000,0x000000f336a00000)]
  0x0000024bdce083a0 JavaThread "Unconstrained build operations Thread 20" [_thread_blocked, id=2704, stack(0x000000f336a00000,0x000000f336b00000)]
  0x0000024bdce0d570 JavaThread "Unconstrained build operations Thread 21" [_thread_blocked, id=5088, stack(0x000000f336b00000,0x000000f336c00000)]
  0x0000024bdce0e3e0 JavaThread "Unconstrained build operations Thread 22" [_thread_blocked, id=4060, stack(0x000000f336c00000,0x000000f336d00000)]
  0x0000024bdce07060 JavaThread "Unconstrained build operations Thread 23" [_thread_blocked, id=4672, stack(0x000000f336d00000,0x000000f336e00000)]
  0x0000024bdce09210 JavaThread "Unconstrained build operations Thread 24" [_thread_blocked, id=3428, stack(0x000000f336e00000,0x000000f336f00000)]
  0x0000024bdce08870 JavaThread "Unconstrained build operations Thread 25" [_thread_blocked, id=2968, stack(0x000000f336f00000,0x000000f337000000)]
  0x0000024bdce08d40 JavaThread "Unconstrained build operations Thread 26" [_thread_blocked, id=908, stack(0x000000f337000000,0x000000f337100000)]
  0x0000024bdce096e0 JavaThread "Unconstrained build operations Thread 27" [_thread_blocked, id=4080, stack(0x000000f337100000,0x000000f337200000)]
  0x0000024bdce09bb0 JavaThread "Unconstrained build operations Thread 28" [_thread_blocked, id=3872, stack(0x000000f337200000,0x000000f337300000)]
  0x0000024bdce0a080 JavaThread "Unconstrained build operations Thread 29" [_thread_blocked, id=5100, stack(0x000000f337300000,0x000000f337400000)]
  0x0000024bdce0a550 JavaThread "Unconstrained build operations Thread 30" [_thread_blocked, id=1756, stack(0x000000f337400000,0x000000f337500000)]
  0x0000024bdce0aa20 JavaThread "Unconstrained build operations Thread 31" [_thread_blocked, id=2404, stack(0x000000f337500000,0x000000f337600000)]
  0x0000024bdce0aef0 JavaThread "Unconstrained build operations Thread 32" [_thread_blocked, id=1904, stack(0x000000f337600000,0x000000f337700000)]
  0x0000024bdb311f10 JavaThread "Unconstrained build operations Thread 33" [_thread_blocked, id=3332, stack(0x000000f337700000,0x000000f337800000)]
  0x0000024bdb30d6e0 JavaThread "Unconstrained build operations Thread 34" [_thread_blocked, id=936, stack(0x000000f337800000,0x000000f337900000)]
  0x0000024bdb30ea20 JavaThread "Unconstrained build operations Thread 35" [_thread_blocked, id=448, stack(0x000000f337900000,0x000000f337a00000)]
  0x0000024bdb3128b0 JavaThread "Unconstrained build operations Thread 36" [_thread_blocked, id=3512, stack(0x000000f337a00000,0x000000f337b00000)]
  0x0000024bdb310700 JavaThread "Unconstrained build operations Thread 37" [_thread_blocked, id=904, stack(0x000000f337b00000,0x000000f337c00000)]
  0x0000024bdb310bd0 JavaThread "Unconstrained build operations Thread 38" [_thread_blocked, id=7872, stack(0x000000f337c00000,0x000000f337d00000)]
  0x0000024bdb3110a0 JavaThread "Unconstrained build operations Thread 39" [_thread_blocked, id=5072, stack(0x000000f337d00000,0x000000f337e00000)]
  0x0000024bdb3123e0 JavaThread "Unconstrained build operations Thread 40" [_thread_blocked, id=4700, stack(0x000000f337e00000,0x000000f337f00000)]
  0x0000024bdb312d80 JavaThread "build event listener" [_thread_blocked, id=7960, stack(0x000000f337f00000,0x000000f338000000)]
  0x0000024bdb30cd40 JavaThread "Memory manager" [_thread_blocked, id=2232, stack(0x000000f338000000,0x000000f338100000)]
  0x0000024bd9546f00 JavaThread "C2 CompilerThread1" daemon [_thread_in_native, id=2732, stack(0x000000f333600000,0x000000f333700000)]
  0x0000024bdb30f890 JavaThread "included builds" [_thread_blocked, id=1336, stack(0x000000f338100000,0x000000f338200000)]
  0x0000024bdb30fd60 JavaThread "Execution worker" [_thread_blocked, id=6276, stack(0x000000f338200000,0x000000f338300000)]
  0x0000024bdb573960 JavaThread "Execution worker Thread 2" [_thread_blocked, id=2384, stack(0x000000f338300000,0x000000f338400000)]
  0x0000024bdb124bc0 JavaThread "Execution worker Thread 3" [_thread_blocked, id=3500, stack(0x000000f338400000,0x000000f338500000)]
  0x0000024bdb1233b0 JavaThread "Cache worker for execution history cache (D:\AndroidStudioProject\nemuiin_test\.gradle\8.0\executionHistory)" [_thread_blocked, id=3904, stack(0x000000f338500000,0x000000f338600000)]
  0x0000024bdb11e1e0 JavaThread "WorkerExecutor Queue" [_thread_blocked, id=4068, stack(0x000000f338600000,0x000000f338700000)]

Other Threads:
  0x0000024bd829e0a0 VMThread "VM Thread" [stack: 0x000000f332900000,0x000000f332a00000] [id=1820]
  0x0000024bbed48eb0 WatcherThread [stack: 0x000000f333500000,0x000000f333600000] [id=4660]
  0x0000024bbed270a0 GCTaskThread "GC Thread#0" [stack: 0x000000f332400000,0x000000f332500000] [id=5752]
  0x0000024bd8fbdbd0 GCTaskThread "GC Thread#1" [stack: 0x000000f333700000,0x000000f333800000] [id=5136]
  0x0000024bd9850140 GCTaskThread "GC Thread#2" [stack: 0x000000f333800000,0x000000f333900000] [id=7376]
  0x0000024bd9d4c750 GCTaskThread "GC Thread#3" [stack: 0x000000f333900000,0x000000f333a00000] [id=700]
  0x0000024bbed37fe0 ConcurrentGCThread "G1 Main Marker" [stack: 0x000000f332500000,0x000000f332600000] [id=3264]
  0x0000024bbed39190 ConcurrentGCThread "G1 Conc#0" [stack: 0x000000f332600000,0x000000f332700000] [id=1868]
  0x0000024bd80f20a0 ConcurrentGCThread "G1 Refine#0" [stack: 0x000000f332700000,0x000000f332800000] [id=5688]
  0x0000024bdd17f390 ConcurrentGCThread "G1 Refine#1" [stack: 0x000000f335100000,0x000000f335200000] [id=3600]
  0x0000024bd80f29d0 ConcurrentGCThread "G1 Service" [stack: 0x000000f332800000,0x000000f332900000] [id=3492]

Threads with active compile tasks:
C2 CompilerThread0    21063 12201   !   4       java.net.URL::<init> (543 bytes)
C2 CompilerThread1    21063 12298       4       com.android.tools.r8.graph.Y3::a (29 bytes)

VM state: not at safepoint (normal execution)

VM Mutex/Monitor currently owned by a thread: None

Heap address: 0x0000000080000000, size: 2048 MB, Compressed Oops mode: 32-bit

CDS archive(s) not mapped
Compressed class space mapped at: 0x0000000100000000-0x0000000140000000, reserved size: 1073741824
Narrow klass base: 0x0000000000000000, Narrow klass shift: 3, Narrow klass range: 0x140000000

GC Precious Log:
 CPUs: 4 total, 4 available
 Memory: 8076M
 Large Page Support: Disabled
 NUMA Support: Disabled
 Compressed Oops: Enabled (32-bit)
 Heap Region Size: 1M
 Heap Min Capacity: 8M
 Heap Initial Capacity: 128M
 Heap Max Capacity: 2G
 Pre-touch: Disabled
 Parallel Workers: 4
 Concurrent Workers: 1
 Concurrent Refinement Workers: 4
 Periodic GC: Disabled

Heap:
 garbage-first heap   total 219136K, used 145271K [0x0000000080000000, 0x0000000100000000)
  region size 1024K, 50 young (51200K), 1 survivors (1024K)
 Metaspace       used 106928K, committed 107648K, reserved 1146880K
  class space    used 14550K, committed 14912K, reserved 1048576K

Heap Regions: E=young(eden), S=young(survivor), O=old, HS=humongous(starts), HC=humongous(continues), CS=collection set, F=free, OA=open archive, CA=closed archive, TAMS=top-at-mark-start (previous, next)
|   0|0x0000000080000000, 0x0000000080100000, 0x0000000080100000|100%| O|  |TAMS 0x0000000080100000, 0x0000000080000000| Untracked 
|   1|0x0000000080100000, 0x0000000080200000, 0x0000000080200000|100%| O|  |TAMS 0x0000000080200000, 0x0000000080100000| Untracked 
|   2|0x0000000080200000, 0x0000000080300000, 0x0000000080300000|100%|HS|  |TAMS 0x0000000080300000, 0x0000000080200000| Complete 
|   3|0x0000000080300000, 0x0000000080400000, 0x0000000080400000|100%|HC|  |TAMS 0x0000000080400000, 0x0000000080300000| Complete 
|   4|0x0000000080400000, 0x0000000080500000, 0x0000000080500000|100%|HC|  |TAMS 0x0000000080500000, 0x0000000080400000| Complete 
|   5|0x0000000080500000, 0x0000000080600000, 0x0000000080600000|100%|HC|  |TAMS 0x0000000080600000, 0x0000000080500000| Complete 
|   6|0x0000000080600000, 0x0000000080700000, 0x0000000080700000|100%| O|  |TAMS 0x0000000080700000, 0x0000000080600000| Untracked 
|   7|0x0000000080700000, 0x0000000080800000, 0x0000000080800000|100%| O|  |TAMS 0x0000000080800000, 0x0000000080700000| Untracked 
|   8|0x0000000080800000, 0x0000000080900000, 0x0000000080900000|100%| O|  |TAMS 0x0000000080900000, 0x0000000080800000| Untracked 
|   9|0x0000000080900000, 0x0000000080a00000, 0x0000000080a00000|100%| O|  |TAMS 0x0000000080a00000, 0x0000000080900000| Untracked 
|  10|0x0000000080a00000, 0x0000000080b00000, 0x0000000080b00000|100%| O|  |TAMS 0x0000000080b00000, 0x0000000080a00000| Untracked 
|  11|0x0000000080b00000, 0x0000000080c00000, 0x0000000080c00000|100%| O|  |TAMS 0x0000000080c00000, 0x0000000080b00000| Untracked 
|  12|0x0000000080c00000, 0x0000000080c00000, 0x0000000080d00000|  0%| F|  |TAMS 0x0000000080c00000, 0x0000000080c00000| Untracked 
|  13|0x0000000080d00000, 0x0000000080e00000, 0x0000000080e00000|100%| O|  |TAMS 0x0000000080e00000, 0x0000000080d00000| Untracked 
|  14|0x0000000080e00000, 0x0000000080f00000, 0x0000000080f00000|100%| O|  |TAMS 0x0000000080f00000, 0x0000000080e00000| Untracked 
|  15|0x0000000080f00000, 0x0000000081000000, 0x0000000081000000|100%| O|  |TAMS 0x0000000081000000, 0x0000000080f00000| Untracked 
|  16|0x0000000081000000, 0x0000000081100000, 0x0000000081100000|100%| O|  |TAMS 0x0000000081100000, 0x0000000081000000| Untracked 
|  17|0x0000000081100000, 0x0000000081200000, 0x0000000081200000|100%| O|  |TAMS 0x0000000081200000, 0x0000000081100000| Untracked 
|  18|0x0000000081200000, 0x0000000081300000, 0x0000000081300000|100%| O|  |TAMS 0x0000000081300000, 0x0000000081200000| Untracked 
|  19|0x0000000081300000, 0x0000000081400000, 0x0000000081400000|100%| O|  |TAMS 0x0000000081400000, 0x0000000081300000| Untracked 
|  20|0x0000000081400000, 0x0000000081500000, 0x0000000081500000|100%| O|  |TAMS 0x0000000081500000, 0x0000000081400000| Untracked 
|  21|0x0000000081500000, 0x0000000081600000, 0x0000000081600000|100%| O|  |TAMS 0x0000000081600000, 0x0000000081500000| Untracked 
|  22|0x0000000081600000, 0x0000000081700000, 0x0000000081700000|100%| O|  |TAMS 0x0000000081700000, 0x0000000081600000| Untracked 
|  23|0x0000000081700000, 0x0000000081800000, 0x0000000081800000|100%| O|  |TAMS 0x0000000081800000, 0x0000000081700000| Untracked 
|  24|0x0000000081800000, 0x0000000081900000, 0x0000000081900000|100%| O|  |TAMS 0x0000000081900000, 0x0000000081800000| Untracked 
|  25|0x0000000081900000, 0x0000000081a00000, 0x0000000081a00000|100%| O|  |TAMS 0x0000000081a00000, 0x0000000081900000| Untracked 
|  26|0x0000000081a00000, 0x0000000081b00000, 0x0000000081b00000|100%| O|  |TAMS 0x0000000081b00000, 0x0000000081a00000| Untracked 
|  27|0x0000000081b00000, 0x0000000081c00000, 0x0000000081c00000|100%| O|  |TAMS 0x0000000081c00000, 0x0000000081b00000| Untracked 
|  28|0x0000000081c00000, 0x0000000081d00000, 0x0000000081d00000|100%| O|  |TAMS 0x0000000081d00000, 0x0000000081c00000| Untracked 
|  29|0x0000000081d00000, 0x0000000081e00000, 0x0000000081e00000|100%| O|  |TAMS 0x0000000081e00000, 0x0000000081d00000| Untracked 
|  30|0x0000000081e00000, 0x0000000081f00000, 0x0000000081f00000|100%| O|  |TAMS 0x0000000081f00000, 0x0000000081e00000| Untracked 
|  31|0x0000000081f00000, 0x0000000082000000, 0x0000000082000000|100%| O|  |TAMS 0x0000000082000000, 0x0000000081f00000| Untracked 
|  32|0x0000000082000000, 0x0000000082100000, 0x0000000082100000|100%| O|  |TAMS 0x0000000082100000, 0x0000000082000000| Untracked 
|  33|0x0000000082100000, 0x0000000082200000, 0x0000000082200000|100%|HS|  |TAMS 0x0000000082200000, 0x0000000082100000| Complete 
|  34|0x0000000082200000, 0x0000000082300000, 0x0000000082300000|100%|HS|  |TAMS 0x0000000082300000, 0x0000000082200000| Complete 
|  35|0x0000000082300000, 0x0000000082400000, 0x0000000082400000|100%|HS|  |TAMS 0x0000000082400000, 0x0000000082300000| Complete 
|  36|0x0000000082400000, 0x0000000082500000, 0x0000000082500000|100%|HC|  |TAMS 0x0000000082500000, 0x0000000082400000| Complete 
|  37|0x0000000082500000, 0x0000000082600000, 0x0000000082600000|100%| O|  |TAMS 0x0000000082600000, 0x0000000082500000| Untracked 
|  38|0x0000000082600000, 0x0000000082700000, 0x0000000082700000|100%| O|  |TAMS 0x0000000082700000, 0x0000000082600000| Untracked 
|  39|0x0000000082700000, 0x0000000082800000, 0x0000000082800000|100%| O|  |TAMS 0x0000000082800000, 0x0000000082700000| Untracked 
|  40|0x0000000082800000, 0x0000000082900000, 0x0000000082900000|100%| O|  |TAMS 0x0000000082900000, 0x0000000082800000| Untracked 
|  41|0x0000000082900000, 0x0000000082a00000, 0x0000000082a00000|100%|HS|  |TAMS 0x0000000082a00000, 0x0000000082900000| Complete 
|  42|0x0000000082a00000, 0x0000000082b00000, 0x0000000082b00000|100%|HS|  |TAMS 0x0000000082b00000, 0x0000000082a00000| Complete 
|  43|0x0000000082b00000, 0x0000000082c00000, 0x0000000082c00000|100%|HC|  |TAMS 0x0000000082c00000, 0x0000000082b00000| Complete 
|  44|0x0000000082c00000, 0x0000000082d00000, 0x0000000082d00000|100%|HC|  |TAMS 0x0000000082d00000, 0x0000000082c00000| Complete 
|  45|0x0000000082d00000, 0x0000000082e00000, 0x0000000082e00000|100%|HC|  |TAMS 0x0000000082e00000, 0x0000000082d00000| Complete 
|  46|0x0000000082e00000, 0x0000000082f00000, 0x0000000082f00000|100%| O|  |TAMS 0x0000000082f00000, 0x0000000082e00000| Untracked 
|  47|0x0000000082f00000, 0x0000000083000000, 0x0000000083000000|100%| O|  |TAMS 0x0000000083000000, 0x0000000082f00000| Untracked 
|  48|0x0000000083000000, 0x0000000083100000, 0x0000000083100000|100%| O|  |TAMS 0x0000000083100000, 0x0000000083000000| Untracked 
|  49|0x0000000083100000, 0x0000000083200000, 0x0000000083200000|100%| O|  |TAMS 0x0000000083200000, 0x0000000083100000| Untracked 
|  50|0x0000000083200000, 0x0000000083300000, 0x0000000083300000|100%| O|  |TAMS 0x0000000083300000, 0x0000000083200000| Untracked 
|  51|0x0000000083300000, 0x0000000083400000, 0x0000000083400000|100%| O|  |TAMS 0x0000000083400000, 0x0000000083300000| Untracked 
|  52|0x0000000083400000, 0x0000000083500000, 0x0000000083500000|100%| O|  |TAMS 0x0000000083500000, 0x0000000083400000| Untracked 
|  53|0x0000000083500000, 0x0000000083600000, 0x0000000083600000|100%| O|  |TAMS 0x0000000083600000, 0x0000000083500000| Untracked 
|  54|0x0000000083600000, 0x0000000083700000, 0x0000000083700000|100%| O|  |TAMS 0x0000000083700000, 0x0000000083600000| Untracked 
|  55|0x0000000083700000, 0x0000000083800000, 0x0000000083800000|100%| O|  |TAMS 0x0000000083800000, 0x0000000083700000| Untracked 
|  56|0x0000000083800000, 0x0000000083900000, 0x0000000083900000|100%| O|  |TAMS 0x0000000083900000, 0x0000000083800000| Untracked 
|  57|0x0000000083900000, 0x0000000083a00000, 0x0000000083a00000|100%| O|  |TAMS 0x0000000083a00000, 0x0000000083900000| Untracked 
|  58|0x0000000083a00000, 0x0000000083b00000, 0x0000000083b00000|100%| O|  |TAMS 0x0000000083b00000, 0x0000000083a00000| Untracked 
|  59|0x0000000083b00000, 0x0000000083c00000, 0x0000000083c00000|100%| O|  |TAMS 0x0000000083c00000, 0x0000000083b00000| Untracked 
|  60|0x0000000083c00000, 0x0000000083d00000, 0x0000000083d00000|100%| O|  |TAMS 0x0000000083d00000, 0x0000000083c00000| Untracked 
|  61|0x0000000083d00000, 0x0000000083e00000, 0x0000000083e00000|100%| O|  |TAMS 0x0000000083e00000, 0x0000000083d00000| Untracked 
|  62|0x0000000083e00000, 0x0000000083f00000, 0x0000000083f00000|100%| O|  |TAMS 0x0000000083f00000, 0x0000000083e00000| Untracked 
|  63|0x0000000083f00000, 0x0000000084000000, 0x0000000084000000|100%| O|  |TAMS 0x0000000084000000, 0x0000000083f00000| Untracked 
|  64|0x0000000084000000, 0x0000000084100000, 0x0000000084100000|100%| O|  |TAMS 0x0000000084100000, 0x0000000084000000| Untracked 
|  65|0x0000000084100000, 0x0000000084200000, 0x0000000084200000|100%| O|  |TAMS 0x0000000084200000, 0x0000000084100000| Untracked 
|  66|0x0000000084200000, 0x0000000084300000, 0x0000000084300000|100%| O|  |TAMS 0x0000000084300000, 0x0000000084200000| Untracked 
|  67|0x0000000084300000, 0x0000000084400000, 0x0000000084400000|100%| O|  |TAMS 0x0000000084400000, 0x0000000084300000| Untracked 
|  68|0x0000000084400000, 0x0000000084500000, 0x0000000084500000|100%| O|  |TAMS 0x0000000084500000, 0x0000000084400000| Untracked 
|  69|0x0000000084500000, 0x0000000084600000, 0x0000000084600000|100%| O|  |TAMS 0x0000000084600000, 0x0000000084500000| Untracked 
|  70|0x0000000084600000, 0x0000000084700000, 0x0000000084700000|100%| O|  |TAMS 0x0000000084700000, 0x0000000084600000| Untracked 
|  71|0x0000000084700000, 0x0000000084800000, 0x0000000084800000|100%| O|  |TAMS 0x0000000084800000, 0x0000000084700000| Untracked 
|  72|0x0000000084800000, 0x0000000084900000, 0x0000000084900000|100%| O|  |TAMS 0x0000000084900000, 0x0000000084800000| Untracked 
|  73|0x0000000084900000, 0x0000000084a00000, 0x0000000084a00000|100%| O|  |TAMS 0x0000000084a00000, 0x0000000084900000| Untracked 
|  74|0x0000000084a00000, 0x0000000084b00000, 0x0000000084b00000|100%| O|  |TAMS 0x0000000084b00000, 0x0000000084a00000| Untracked 
|  75|0x0000000084b00000, 0x0000000084c00000, 0x0000000084c00000|100%| O|  |TAMS 0x0000000084c00000, 0x0000000084b00000| Untracked 
|  76|0x0000000084c00000, 0x0000000084d00000, 0x0000000084d00000|100%| O|  |TAMS 0x0000000084d00000, 0x0000000084c00000| Untracked 
|  77|0x0000000084d00000, 0x0000000084e00000, 0x0000000084e00000|100%| O|  |TAMS 0x0000000084e00000, 0x0000000084d00000| Untracked 
|  78|0x0000000084e00000, 0x0000000084f00000, 0x0000000084f00000|100%| O|  |TAMS 0x0000000084f00000, 0x0000000084e00000| Untracked 
|  79|0x0000000084f00000, 0x0000000085000000, 0x0000000085000000|100%| O|  |TAMS 0x0000000085000000, 0x0000000084f00000| Untracked 
|  80|0x0000000085000000, 0x0000000085100000, 0x0000000085100000|100%| O|  |TAMS 0x0000000085100000, 0x0000000085000000| Untracked 
|  81|0x0000000085100000, 0x0000000085200000, 0x0000000085200000|100%| O|  |TAMS 0x0000000085200000, 0x0000000085100000| Untracked 
|  82|0x0000000085200000, 0x0000000085300000, 0x0000000085300000|100%| O|  |TAMS 0x0000000085300000, 0x0000000085200000| Untracked 
|  83|0x0000000085300000, 0x0000000085400000, 0x0000000085400000|100%| O|  |TAMS 0x0000000085356c00, 0x0000000085300000| Untracked 
|  84|0x0000000085400000, 0x0000000085500000, 0x0000000085500000|100%| O|  |TAMS 0x0000000085400000, 0x0000000085400000| Untracked 
|  85|0x0000000085500000, 0x0000000085600000, 0x0000000085600000|100%| O|  |TAMS 0x0000000085500000, 0x0000000085500000| Untracked 
|  86|0x0000000085600000, 0x0000000085700000, 0x0000000085700000|100%| O|  |TAMS 0x0000000085600000, 0x0000000085600000| Untracked 
|  87|0x0000000085700000, 0x0000000085800000, 0x0000000085800000|100%| O|  |TAMS 0x0000000085700000, 0x0000000085700000| Untracked 
|  88|0x0000000085800000, 0x0000000085900000, 0x0000000085900000|100%| O|  |TAMS 0x0000000085800000, 0x0000000085800000| Untracked 
|  89|0x0000000085900000, 0x0000000085a00000, 0x0000000085a00000|100%| O|  |TAMS 0x0000000085900000, 0x0000000085900000| Untracked 
|  90|0x0000000085a00000, 0x0000000085b00000, 0x0000000085b00000|100%| O|  |TAMS 0x0000000085a00000, 0x0000000085a00000| Untracked 
|  91|0x0000000085b00000, 0x0000000085c00000, 0x0000000085c00000|100%| O|  |TAMS 0x0000000085b00000, 0x0000000085b00000| Untracked 
|  92|0x0000000085c00000, 0x0000000085d00000, 0x0000000085d00000|100%| O|  |TAMS 0x0000000085c00000, 0x0000000085c00000| Untracked 
|  93|0x0000000085d00000, 0x0000000085e00000, 0x0000000085e00000|100%| O|  |TAMS 0x0000000085d00000, 0x0000000085d00000| Untracked 
|  94|0x0000000085e00000, 0x0000000085eee400, 0x0000000085f00000| 93%| O|  |TAMS 0x0000000085e00000, 0x0000000085e00000| Untracked 
|  95|0x0000000085f00000, 0x0000000085f00000, 0x0000000086000000|  0%| F|  |TAMS 0x0000000085f00000, 0x0000000085f00000| Untracked 
|  96|0x0000000086000000, 0x0000000086000000, 0x0000000086100000|  0%| F|  |TAMS 0x0000000086000000, 0x0000000086000000| Untracked 
|  97|0x0000000086100000, 0x0000000086100000, 0x0000000086200000|  0%| F|  |TAMS 0x0000000086100000, 0x0000000086100000| Untracked 
|  98|0x0000000086200000, 0x0000000086200000, 0x0000000086300000|  0%| F|  |TAMS 0x0000000086200000, 0x0000000086200000| Untracked 
|  99|0x0000000086300000, 0x0000000086300000, 0x0000000086400000|  0%| F|  |TAMS 0x0000000086300000, 0x0000000086300000| Untracked 
| 100|0x0000000086400000, 0x0000000086400000, 0x0000000086500000|  0%| F|  |TAMS 0x0000000086400000, 0x0000000086400000| Untracked 
| 101|0x0000000086500000, 0x0000000086500000, 0x0000000086600000|  0%| F|  |TAMS 0x0000000086500000, 0x0000000086500000| Untracked 
| 102|0x0000000086600000, 0x0000000086600000, 0x0000000086700000|  0%| F|  |TAMS 0x0000000086600000, 0x0000000086600000| Untracked 
| 103|0x0000000086700000, 0x0000000086700000, 0x0000000086800000|  0%| F|  |TAMS 0x0000000086700000, 0x0000000086700000| Untracked 
| 104|0x0000000086800000, 0x0000000086800000, 0x0000000086900000|  0%| F|  |TAMS 0x0000000086800000, 0x0000000086800000| Untracked 
| 105|0x0000000086900000, 0x0000000086900000, 0x0000000086a00000|  0%| F|  |TAMS 0x0000000086900000, 0x0000000086900000| Untracked 
| 106|0x0000000086a00000, 0x0000000086a00000, 0x0000000086b00000|  0%| F|  |TAMS 0x0000000086a00000, 0x0000000086a00000| Untracked 
| 107|0x0000000086b00000, 0x0000000086b00000, 0x0000000086c00000|  0%| F|  |TAMS 0x0000000086b00000, 0x0000000086b00000| Untracked 
| 108|0x0000000086c00000, 0x0000000086c00000, 0x0000000086d00000|  0%| F|  |TAMS 0x0000000086c00000, 0x0000000086c00000| Untracked 
| 109|0x0000000086d00000, 0x0000000086d00000, 0x0000000086e00000|  0%| F|  |TAMS 0x0000000086d00000, 0x0000000086d00000| Untracked 
| 110|0x0000000086e00000, 0x0000000086e00000, 0x0000000086f00000|  0%| F|  |TAMS 0x0000000086e00000, 0x0000000086e00000| Untracked 
| 111|0x0000000086f00000, 0x0000000086f00000, 0x0000000087000000|  0%| F|  |TAMS 0x0000000086f00000, 0x0000000086f00000| Untracked 
| 112|0x0000000087000000, 0x0000000087000000, 0x0000000087100000|  0%| F|  |TAMS 0x0000000087000000, 0x0000000087000000| Untracked 
| 113|0x0000000087100000, 0x0000000087100000, 0x0000000087200000|  0%| F|  |TAMS 0x0000000087100000, 0x0000000087100000| Untracked 
| 114|0x0000000087200000, 0x0000000087200000, 0x0000000087300000|  0%| F|  |TAMS 0x0000000087200000, 0x0000000087200000| Untracked 
| 115|0x0000000087300000, 0x0000000087300000, 0x0000000087400000|  0%| F|  |TAMS 0x0000000087300000, 0x0000000087300000| Untracked 
| 116|0x0000000087400000, 0x0000000087400000, 0x0000000087500000|  0%| F|  |TAMS 0x0000000087400000, 0x0000000087400000| Untracked 
| 117|0x0000000087500000, 0x0000000087500000, 0x0000000087600000|  0%| F|  |TAMS 0x0000000087500000, 0x0000000087500000| Untracked 
| 118|0x0000000087600000, 0x0000000087600000, 0x0000000087700000|  0%| F|  |TAMS 0x0000000087600000, 0x0000000087600000| Untracked 
| 119|0x0000000087700000, 0x0000000087700000, 0x0000000087800000|  0%| F|  |TAMS 0x0000000087700000, 0x0000000087700000| Untracked 
| 120|0x0000000087800000, 0x0000000087800000, 0x0000000087900000|  0%| F|  |TAMS 0x0000000087800000, 0x0000000087800000| Untracked 
| 121|0x0000000087900000, 0x0000000087900000, 0x0000000087a00000|  0%| F|  |TAMS 0x0000000087900000, 0x0000000087900000| Untracked 
| 122|0x0000000087a00000, 0x0000000087a00000, 0x0000000087b00000|  0%| F|  |TAMS 0x0000000087a00000, 0x0000000087a00000| Untracked 
| 123|0x0000000087b00000, 0x0000000087b00000, 0x0000000087c00000|  0%| F|  |TAMS 0x0000000087b00000, 0x0000000087b00000| Untracked 
| 124|0x0000000087c00000, 0x0000000087c00000, 0x0000000087d00000|  0%| F|  |TAMS 0x0000000087c00000, 0x0000000087c00000| Untracked 
| 125|0x0000000087d00000, 0x0000000087d00000, 0x0000000087e00000|  0%| F|  |TAMS 0x0000000087d00000, 0x0000000087d00000| Untracked 
| 126|0x0000000087e00000, 0x0000000087e00000, 0x0000000087f00000|  0%| F|  |TAMS 0x0000000087e00000, 0x0000000087e00000| Untracked 
| 127|0x0000000087f00000, 0x0000000087f00000, 0x0000000088000000|  0%| F|  |TAMS 0x0000000087f00000, 0x0000000087f00000| Untracked 
| 128|0x0000000088000000, 0x0000000088000000, 0x0000000088100000|  0%| F|  |TAMS 0x0000000088000000, 0x0000000088000000| Untracked 
| 129|0x0000000088100000, 0x0000000088100000, 0x0000000088200000|  0%| F|  |TAMS 0x0000000088100000, 0x0000000088100000| Untracked 
| 130|0x0000000088200000, 0x0000000088200000, 0x0000000088300000|  0%| F|  |TAMS 0x0000000088200000, 0x0000000088200000| Untracked 
| 131|0x0000000088300000, 0x0000000088300000, 0x0000000088400000|  0%| F|  |TAMS 0x0000000088300000, 0x0000000088300000| Untracked 
| 132|0x0000000088400000, 0x0000000088400000, 0x0000000088500000|  0%| F|  |TAMS 0x0000000088400000, 0x0000000088400000| Untracked 
| 133|0x0000000088500000, 0x0000000088500000, 0x0000000088600000|  0%| F|  |TAMS 0x0000000088500000, 0x0000000088500000| Untracked 
| 134|0x0000000088600000, 0x0000000088600000, 0x0000000088700000|  0%| F|  |TAMS 0x0000000088600000, 0x0000000088600000| Untracked 
| 135|0x0000000088700000, 0x0000000088700000, 0x0000000088800000|  0%| F|  |TAMS 0x0000000088700000, 0x0000000088700000| Untracked 
| 136|0x0000000088800000, 0x0000000088800000, 0x0000000088900000|  0%| F|  |TAMS 0x0000000088800000, 0x0000000088800000| Untracked 
| 137|0x0000000088900000, 0x0000000088900000, 0x0000000088a00000|  0%| F|  |TAMS 0x0000000088900000, 0x0000000088900000| Untracked 
| 138|0x0000000088a00000, 0x0000000088a00000, 0x0000000088b00000|  0%| F|  |TAMS 0x0000000088a00000, 0x0000000088a00000| Untracked 
| 139|0x0000000088b00000, 0x0000000088b00000, 0x0000000088c00000|  0%| F|  |TAMS 0x0000000088b00000, 0x0000000088b00000| Untracked 
| 140|0x0000000088c00000, 0x0000000088c00000, 0x0000000088d00000|  0%| F|  |TAMS 0x0000000088c00000, 0x0000000088c00000| Untracked 
| 141|0x0000000088d00000, 0x0000000088d00000, 0x0000000088e00000|  0%| F|  |TAMS 0x0000000088d00000, 0x0000000088d00000| Untracked 
| 142|0x0000000088e00000, 0x0000000088e00000, 0x0000000088f00000|  0%| F|  |TAMS 0x0000000088e00000, 0x0000000088e00000| Untracked 
| 143|0x0000000088f00000, 0x0000000088f00000, 0x0000000089000000|  0%| F|  |TAMS 0x0000000088f00000, 0x0000000088f00000| Untracked 
| 144|0x0000000089000000, 0x0000000089000000, 0x0000000089100000|  0%| F|  |TAMS 0x0000000089000000, 0x0000000089000000| Untracked 
| 145|0x0000000089100000, 0x0000000089100000, 0x0000000089200000|  0%| F|  |TAMS 0x0000000089100000, 0x0000000089100000| Untracked 
| 146|0x0000000089200000, 0x0000000089200000, 0x0000000089300000|  0%| F|  |TAMS 0x0000000089200000, 0x0000000089200000| Untracked 
| 147|0x0000000089300000, 0x0000000089300000, 0x0000000089400000|  0%| F|  |TAMS 0x0000000089300000, 0x0000000089300000| Untracked 
| 148|0x0000000089400000, 0x0000000089400000, 0x0000000089500000|  0%| F|  |TAMS 0x0000000089400000, 0x0000000089400000| Untracked 
| 149|0x0000000089500000, 0x0000000089500000, 0x0000000089600000|  0%| F|  |TAMS 0x0000000089500000, 0x0000000089500000| Untracked 
| 150|0x0000000089600000, 0x0000000089600000, 0x0000000089700000|  0%| F|  |TAMS 0x0000000089600000, 0x0000000089600000| Untracked 
| 151|0x0000000089700000, 0x0000000089700000, 0x0000000089800000|  0%| F|  |TAMS 0x0000000089700000, 0x0000000089700000| Untracked 
| 152|0x0000000089800000, 0x0000000089800000, 0x0000000089900000|  0%| F|  |TAMS 0x0000000089800000, 0x0000000089800000| Untracked 
| 153|0x0000000089900000, 0x0000000089900000, 0x0000000089a00000|  0%| F|  |TAMS 0x0000000089900000, 0x0000000089900000| Untracked 
| 154|0x0000000089a00000, 0x0000000089a00000, 0x0000000089b00000|  0%| F|  |TAMS 0x0000000089a00000, 0x0000000089a00000| Untracked 
| 155|0x0000000089b00000, 0x0000000089b00000, 0x0000000089c00000|  0%| F|  |TAMS 0x0000000089b00000, 0x0000000089b00000| Untracked 
| 156|0x0000000089c00000, 0x0000000089c00000, 0x0000000089d00000|  0%| F|  |TAMS 0x0000000089c00000, 0x0000000089c00000| Untracked 
| 157|0x0000000089d00000, 0x0000000089d00000, 0x0000000089e00000|  0%| F|  |TAMS 0x0000000089d00000, 0x0000000089d00000| Untracked 
| 158|0x0000000089e00000, 0x0000000089e00000, 0x0000000089f00000|  0%| F|  |TAMS 0x0000000089e00000, 0x0000000089e00000| Untracked 
| 159|0x0000000089f00000, 0x0000000089f00000, 0x000000008a000000|  0%| F|  |TAMS 0x0000000089f00000, 0x0000000089f00000| Untracked 
| 160|0x000000008a000000, 0x000000008a000000, 0x000000008a100000|  0%| F|  |TAMS 0x000000008a000000, 0x000000008a000000| Untracked 
| 161|0x000000008a100000, 0x000000008a100000, 0x000000008a200000|  0%| F|  |TAMS 0x000000008a100000, 0x000000008a100000| Untracked 
| 162|0x000000008a200000, 0x000000008a200000, 0x000000008a300000|  0%| F|  |TAMS 0x000000008a200000, 0x000000008a200000| Untracked 
| 163|0x000000008a300000, 0x000000008a300000, 0x000000008a400000|  0%| F|  |TAMS 0x000000008a300000, 0x000000008a300000| Untracked 
| 164|0x000000008a400000, 0x000000008a48eee0, 0x000000008a500000| 55%| E|  |TAMS 0x000000008a400000, 0x000000008a400000| Complete 
| 165|0x000000008a500000, 0x000000008a600000, 0x000000008a600000|100%| E|CS|TAMS 0x000000008a500000, 0x000000008a500000| Complete 
| 166|0x000000008a600000, 0x000000008a700000, 0x000000008a700000|100%| E|CS|TAMS 0x000000008a600000, 0x000000008a600000| Complete 
| 167|0x000000008a700000, 0x000000008a800000, 0x000000008a800000|100%| E|CS|TAMS 0x000000008a700000, 0x000000008a700000| Complete 
| 168|0x000000008a800000, 0x000000008a900000, 0x000000008a900000|100%| E|CS|TAMS 0x000000008a800000, 0x000000008a800000| Complete 
| 169|0x000000008a900000, 0x000000008aa00000, 0x000000008aa00000|100%| E|CS|TAMS 0x000000008a900000, 0x000000008a900000| Complete 
| 170|0x000000008aa00000, 0x000000008ab00000, 0x000000008ab00000|100%| E|CS|TAMS 0x000000008aa00000, 0x000000008aa00000| Complete 
| 171|0x000000008ab00000, 0x000000008ac00000, 0x000000008ac00000|100%| E|CS|TAMS 0x000000008ab00000, 0x000000008ab00000| Complete 
| 172|0x000000008ac00000, 0x000000008ad00000, 0x000000008ad00000|100%| E|CS|TAMS 0x000000008ac00000, 0x000000008ac00000| Complete 
| 173|0x000000008ad00000, 0x000000008ae00000, 0x000000008ae00000|100%| E|CS|TAMS 0x000000008ad00000, 0x000000008ad00000| Complete 
| 174|0x000000008ae00000, 0x000000008af00000, 0x000000008af00000|100%| E|CS|TAMS 0x000000008ae00000, 0x000000008ae00000| Complete 
| 175|0x000000008af00000, 0x000000008afefba0, 0x000000008b000000| 93%| S|CS|TAMS 0x000000008af00000, 0x000000008af00000| Complete 
| 176|0x000000008b000000, 0x000000008b100000, 0x000000008b100000|100%| E|CS|TAMS 0x000000008b000000, 0x000000008b000000| Complete 
| 177|0x000000008b100000, 0x000000008b200000, 0x000000008b200000|100%| E|CS|TAMS 0x000000008b100000, 0x000000008b100000| Complete 
| 178|0x000000008b200000, 0x000000008b300000, 0x000000008b300000|100%| E|CS|TAMS 0x000000008b200000, 0x000000008b200000| Complete 
| 179|0x000000008b300000, 0x000000008b400000, 0x000000008b400000|100%| E|CS|TAMS 0x000000008b300000, 0x000000008b300000| Complete 
| 180|0x000000008b400000, 0x000000008b500000, 0x000000008b500000|100%| E|CS|TAMS 0x000000008b400000, 0x000000008b400000| Complete 
| 181|0x000000008b500000, 0x000000008b600000, 0x000000008b600000|100%| E|CS|TAMS 0x000000008b500000, 0x000000008b500000| Complete 
| 182|0x000000008b600000, 0x000000008b700000, 0x000000008b700000|100%| E|CS|TAMS 0x000000008b600000, 0x000000008b600000| Complete 
| 183|0x000000008b700000, 0x000000008b800000, 0x000000008b800000|100%| E|CS|TAMS 0x000000008b700000, 0x000000008b700000| Complete 
| 184|0x000000008b800000, 0x000000008b900000, 0x000000008b900000|100%| E|CS|TAMS 0x000000008b800000, 0x000000008b800000| Complete 
| 185|0x000000008b900000, 0x000000008ba00000, 0x000000008ba00000|100%| E|CS|TAMS 0x000000008b900000, 0x000000008b900000| Complete 
| 186|0x000000008ba00000, 0x000000008bb00000, 0x000000008bb00000|100%| E|CS|TAMS 0x000000008ba00000, 0x000000008ba00000| Complete 
| 187|0x000000008bb00000, 0x000000008bc00000, 0x000000008bc00000|100%| E|CS|TAMS 0x000000008bb00000, 0x000000008bb00000| Complete 
| 188|0x000000008bc00000, 0x000000008bd00000, 0x000000008bd00000|100%| E|CS|TAMS 0x000000008bc00000, 0x000000008bc00000| Complete 
| 189|0x000000008bd00000, 0x000000008be00000, 0x000000008be00000|100%| E|CS|TAMS 0x000000008bd00000, 0x000000008bd00000| Complete 
| 190|0x000000008be00000, 0x000000008bf00000, 0x000000008bf00000|100%| E|CS|TAMS 0x000000008be00000, 0x000000008be00000| Complete 
| 191|0x000000008bf00000, 0x000000008c000000, 0x000000008c000000|100%| E|CS|TAMS 0x000000008bf00000, 0x000000008bf00000| Complete 
| 192|0x000000008c000000, 0x000000008c100000, 0x000000008c100000|100%| E|CS|TAMS 0x000000008c000000, 0x000000008c000000| Complete 
| 193|0x000000008c100000, 0x000000008c200000, 0x000000008c200000|100%| E|CS|TAMS 0x000000008c100000, 0x000000008c100000| Complete 
| 194|0x000000008c200000, 0x000000008c300000, 0x000000008c300000|100%| E|CS|TAMS 0x000000008c200000, 0x000000008c200000| Complete 
| 195|0x000000008c300000, 0x000000008c400000, 0x000000008c400000|100%| E|CS|TAMS 0x000000008c300000, 0x000000008c300000| Complete 
| 196|0x000000008c400000, 0x000000008c500000, 0x000000008c500000|100%| E|CS|TAMS 0x000000008c400000, 0x000000008c400000| Complete 
| 197|0x000000008c500000, 0x000000008c600000, 0x000000008c600000|100%| E|CS|TAMS 0x000000008c500000, 0x000000008c500000| Complete 
| 198|0x000000008c600000, 0x000000008c700000, 0x000000008c700000|100%| E|CS|TAMS 0x000000008c600000, 0x000000008c600000| Complete 
| 199|0x000000008c700000, 0x000000008c800000, 0x000000008c800000|100%| E|CS|TAMS 0x000000008c700000, 0x000000008c700000| Complete 
| 200|0x000000008c800000, 0x000000008c900000, 0x000000008c900000|100%| E|CS|TAMS 0x000000008c800000, 0x000000008c800000| Complete 
| 201|0x000000008c900000, 0x000000008ca00000, 0x000000008ca00000|100%| E|CS|TAMS 0x000000008c900000, 0x000000008c900000| Complete 
| 202|0x000000008ca00000, 0x000000008cb00000, 0x000000008cb00000|100%| E|CS|TAMS 0x000000008ca00000, 0x000000008ca00000| Complete 
| 203|0x000000008cb00000, 0x000000008cc00000, 0x000000008cc00000|100%| E|CS|TAMS 0x000000008cb00000, 0x000000008cb00000| Complete 
| 204|0x000000008cc00000, 0x000000008cd00000, 0x000000008cd00000|100%| E|CS|TAMS 0x000000008cc00000, 0x000000008cc00000| Complete 
| 205|0x000000008cd00000, 0x000000008ce00000, 0x000000008ce00000|100%| E|CS|TAMS 0x000000008cd00000, 0x000000008cd00000| Complete 
| 206|0x000000008ce00000, 0x000000008cf00000, 0x000000008cf00000|100%| E|  |TAMS 0x000000008ce00000, 0x000000008ce00000| Complete 
| 207|0x000000008cf00000, 0x000000008d000000, 0x000000008d000000|100%| E|CS|TAMS 0x000000008cf00000, 0x000000008cf00000| Complete 
| 208|0x000000008d000000, 0x000000008d100000, 0x000000008d100000|100%| E|CS|TAMS 0x000000008d000000, 0x000000008d000000| Complete 
| 209|0x000000008d100000, 0x000000008d200000, 0x000000008d200000|100%| E|CS|TAMS 0x000000008d100000, 0x000000008d100000| Complete 
| 210|0x000000008d200000, 0x000000008d300000, 0x000000008d300000|100%| E|CS|TAMS 0x000000008d200000, 0x000000008d200000| Complete 
| 211|0x000000008d300000, 0x000000008d400000, 0x000000008d400000|100%| E|CS|TAMS 0x000000008d300000, 0x000000008d300000| Complete 
| 212|0x000000008d400000, 0x000000008d500000, 0x000000008d500000|100%| E|CS|TAMS 0x000000008d400000, 0x000000008d400000| Complete 
| 213|0x000000008d500000, 0x000000008d600000, 0x000000008d600000|100%| E|CS|TAMS 0x000000008d500000, 0x000000008d500000| Complete 

Card table byte_map: [0x0000024bd15a0000,0x0000024bd19a0000] _byte_map_base: 0x0000024bd11a0000

Marking Bits (Prev, Next): (CMBitMap*) 0x0000024bbed276f0, (CMBitMap*) 0x0000024bbed276b0
 Prev Bits: [0x0000024bd3da0000, 0x0000024bd5da0000)
 Next Bits: [0x0000024bd1da0000, 0x0000024bd3da0000)

Polling page: 0x0000024bbcc60000

Metaspace:

Usage:
  Non-class:     90.22 MB used.
      Class:     14.21 MB used.
       Both:    104.43 MB used.

Virtual space:
  Non-class space:       96.00 MB reserved,      90.56 MB ( 94%) committed,  12 nodes.
      Class space:        1.00 GB reserved,      14.56 MB (  1%) committed,  1 nodes.
             Both:        1.09 GB reserved,     105.12 MB (  9%) committed. 

Chunk freelists:
   Non-Class:  1.28 MB
       Class:  1.47 MB
        Both:  2.75 MB

MaxMetaspaceSize: unlimited
CompressedClassSpaceSize: 1.00 GB
Initial GC threshold: 21.00 MB
Current GC threshold: 158.06 MB
CDS: off
MetaspaceReclaimPolicy: balanced
 - commit_granule_bytes: 65536.
 - commit_granule_words: 8192.
 - virtual_space_node_default_size: 1048576.
 - enlarge_chunks_in_place: 1.
 - new_chunks_are_fully_committed: 0.
 - uncommit_free_chunks: 1.
 - use_allocation_guard: 0.
 - handle_deallocations: 1.


Internal statistics:

num_allocs_failed_limit: 9.
num_arena_births: 1018.
num_arena_deaths: 0.
num_vsnodes_births: 13.
num_vsnodes_deaths: 0.
num_space_committed: 1681.
num_space_uncommitted: 0.
num_chunks_returned_to_freelist: 9.
num_chunks_taken_from_freelist: 4990.
num_chunk_merges: 6.
num_chunk_splits: 3350.
num_chunks_enlarged: 2333.
num_purges: 0.
num_inconsistent_stats: 0.

CodeHeap 'non-profiled nmethods': size=120000Kb used=5615Kb max_used=5615Kb free=114384Kb
 bounds [0x0000024bc9c70000, 0x0000024bca1f0000, 0x0000024bd11a0000]
CodeHeap 'profiled nmethods': size=120000Kb used=21649Kb max_used=21649Kb free=98350Kb
 bounds [0x0000024bc21a0000, 0x0000024bc36d0000, 0x0000024bc96d0000]
CodeHeap 'non-nmethods': size=5760Kb used=2400Kb max_used=2490Kb free=3360Kb
 bounds [0x0000024bc96d0000, 0x0000024bc9960000, 0x0000024bc9c70000]
 total_blobs=11574 nmethods=10637 adapters=849
 compilation: enabled
              stopped_count=0, restarted_count=0
 full_count=0

Compilation events (20 events):
Event: 20.926 Thread 0x0000024bd9546f00 nmethod 12272 0x0000024bc9df7c10 code [0x0000024bc9df7e00, 0x0000024bc9df8ad0]
Event: 20.929 Thread 0x0000024bd8c1f110 nmethod 12267 0x0000024bc2dd3810 code [0x0000024bc2dd3ea0, 0x0000024bc2dd74e8]
Event: 20.929 Thread 0x0000024bd8c1f110 12264       3       com.google.common.util.concurrent.NullnessCasts::uncheckedCastNullableTToT (2 bytes)
Event: 20.930 Thread 0x0000024bd8c1f110 nmethod 12264 0x0000024bc2a5a490 code [0x0000024bc2a5a620, 0x0000024bc2a5a718]
Event: 20.930 Thread 0x0000024bd8c1f110 12265       3       com.google.common.util.concurrent.TrustedListenableFutureTask$TrustedFutureInterruptibleTask::afterRanInterruptiblySuccess (10 bytes)
Event: 20.930 Thread 0x0000024bd8c1f110 nmethod 12265 0x0000024bc2dd3390 code [0x0000024bc2dd3540, 0x0000024bc2dd3708]
Event: 20.930 Thread 0x0000024bd8c1f110 12266       3       com.google.common.util.concurrent.AbstractFuture::wasInterrupted (28 bytes)
Event: 20.930 Thread 0x0000024bd8c1f110 nmethod 12266 0x0000024bc2dd2d90 code [0x0000024bc2dd2f40, 0x0000024bc2dd32b8]
Event: 20.930 Thread 0x0000024bd8c1f110 12268       3       com.google.common.util.concurrent.TrustedListenableFutureTask::afterDone (30 bytes)
Event: 20.930 Thread 0x0000024bd8c1f110 nmethod 12268 0x0000024bc2dd2510 code [0x0000024bc2dd26e0, 0x0000024bc2dd2c48]
Event: 20.931 Thread 0x0000024bd8c1f110 12270       1       com.android.tools.r8.internal.pr::size (5 bytes)
Event: 20.931 Thread 0x0000024bd8c1f110 nmethod 12270 0x0000024bc9de1190 code [0x0000024bc9de1320, 0x0000024bc9de13f8]
Event: 20.931 Thread 0x0000024bd9546f00 12273       4       java.util.zip.ZipFile$InflaterCleanupAction::run (12 bytes)
Event: 20.934 Thread 0x0000024bd8c1f110 12274       3       com.android.tools.r8.graph.Y3$$Lambda$1424/0x0000000100e35720::apply (12 bytes)
Event: 20.934 Thread 0x0000024bd8c1f110 nmethod 12274 0x0000024bc2dcd990 code [0x0000024bc2dcdb40, 0x0000024bc2dcdd98]
Event: 20.934 Thread 0x0000024bd8c1f110 12275       3       com.android.tools.r8.graph.Y3::a (2 bytes)
Event: 20.935 Thread 0x0000024bd8c1f110 nmethod 12275 0x0000024bc2bec690 code [0x0000024bc2bec820, 0x0000024bc2bec918]
Event: 20.940 Thread 0x0000024bd9546f00 nmethod 12273 0x0000024bc9df6c90 code [0x0000024bc9df6e40, 0x0000024bc9df77b8]
Event: 20.941 Thread 0x0000024bd9546f00 12277   !   4       java.util.zip.ZipFile$CleanableResource::releaseInflater (53 bytes)
Event: 20.945 Thread 0x0000024bd8c1f110 12278       3       com.android.tools.r8.graph.Y3::a (199 bytes)

GC Heap History (20 events):
Event: 11.231 GC heap before
{Heap before GC invocations=27 (full 0):
 garbage-first heap   total 147456K, used 103517K [0x0000000080000000, 0x0000000100000000)
  region size 1024K, 45 young (46080K), 1 survivors (1024K)
 Metaspace       used 69624K, committed 70208K, reserved 1114112K
  class space    used 9245K, committed 9536K, reserved 1048576K
}
Event: 11.241 GC heap after
{Heap after GC invocations=28 (full 0):
 garbage-first heap   total 147456K, used 61473K [0x0000000080000000, 0x0000000100000000)
  region size 1024K, 4 young (4096K), 4 survivors (4096K)
 Metaspace       used 69624K, committed 70208K, reserved 1114112K
  class space    used 9245K, committed 9536K, reserved 1048576K
}
Event: 12.157 GC heap before
{Heap before GC invocations=28 (full 0):
 garbage-first heap   total 147456K, used 107553K [0x0000000080000000, 0x0000000100000000)
  region size 1024K, 49 young (50176K), 4 survivors (4096K)
 Metaspace       used 75313K, committed 75968K, reserved 1122304K
  class space    used 9997K, committed 10304K, reserved 1048576K
}
Event: 12.167 GC heap after
{Heap after GC invocations=29 (full 0):
 garbage-first heap   total 147456K, used 64909K [0x0000000080000000, 0x0000000100000000)
  region size 1024K, 7 young (7168K), 7 survivors (7168K)
 Metaspace       used 75313K, committed 75968K, reserved 1122304K
  class space    used 9997K, committed 10304K, reserved 1048576K
}
Event: 12.944 GC heap before
{Heap before GC invocations=29 (full 0):
 garbage-first heap   total 147456K, used 112013K [0x0000000080000000, 0x0000000100000000)
  region size 1024K, 53 young (54272K), 7 survivors (7168K)
 Metaspace       used 78883K, committed 79488K, reserved 1122304K
  class space    used 10543K, committed 10816K, reserved 1048576K
}
Event: 12.957 GC heap after
{Heap after GC invocations=30 (full 0):
 garbage-first heap   total 147456K, used 67142K [0x0000000080000000, 0x0000000100000000)
  region size 1024K, 6 young (6144K), 6 survivors (6144K)
 Metaspace       used 78883K, committed 79488K, reserved 1122304K
  class space    used 10543K, committed 10816K, reserved 1048576K
}
Event: 13.983 GC heap before
{Heap before GC invocations=30 (full 0):
 garbage-first heap   total 147456K, used 114246K [0x0000000080000000, 0x0000000100000000)
  region size 1024K, 52 young (53248K), 6 survivors (6144K)
 Metaspace       used 84140K, committed 84736K, reserved 1122304K
  class space    used 11418K, committed 11712K, reserved 1048576K
}
Event: 13.997 GC heap after
{Heap after GC invocations=31 (full 0):
 garbage-first heap   total 182272K, used 71321K [0x0000000080000000, 0x0000000100000000)
  region size 1024K, 7 young (7168K), 7 survivors (7168K)
 Metaspace       used 84140K, committed 84736K, reserved 1122304K
  class space    used 11418K, committed 11712K, reserved 1048576K
}
Event: 15.533 GC heap before
{Heap before GC invocations=31 (full 0):
 garbage-first heap   total 182272K, used 138905K [0x0000000080000000, 0x0000000100000000)
  region size 1024K, 73 young (74752K), 7 survivors (7168K)
 Metaspace       used 91614K, committed 92288K, reserved 1130496K
  class space    used 12479K, committed 12800K, reserved 1048576K
}
Event: 15.550 GC heap after
{Heap after GC invocations=32 (full 0):
 garbage-first heap   total 182272K, used 76203K [0x0000000080000000, 0x0000000100000000)
  region size 1024K, 9 young (9216K), 9 survivors (9216K)
 Metaspace       used 91614K, committed 92288K, reserved 1130496K
  class space    used 12479K, committed 12800K, reserved 1048576K
}
Event: 16.378 GC heap before
{Heap before GC invocations=32 (full 0):
 garbage-first heap   total 182272K, used 141739K [0x0000000080000000, 0x0000000100000000)
  region size 1024K, 73 young (74752K), 9 survivors (9216K)
 Metaspace       used 93362K, committed 94016K, reserved 1130496K
  class space    used 12742K, committed 13056K, reserved 1048576K
}
Event: 16.407 GC heap after
{Heap after GC invocations=33 (full 0):
 garbage-first heap   total 182272K, used 85231K [0x0000000080000000, 0x0000000100000000)
  region size 1024K, 9 young (9216K), 9 survivors (9216K)
 Metaspace       used 93362K, committed 94016K, reserved 1130496K
  class space    used 12742K, committed 13056K, reserved 1048576K
}
Event: 17.672 GC heap before
{Heap before GC invocations=33 (full 0):
 garbage-first heap   total 182272K, used 142575K [0x0000000080000000, 0x0000000100000000)
  region size 1024K, 66 young (67584K), 9 survivors (9216K)
 Metaspace       used 95161K, committed 95808K, reserved 1138688K
  class space    used 12997K, committed 13312K, reserved 1048576K
}
Event: 17.694 GC heap after
{Heap after GC invocations=34 (full 0):
 garbage-first heap   total 182272K, used 90890K [0x0000000080000000, 0x0000000100000000)
  region size 1024K, 6 young (6144K), 6 survivors (6144K)
 Metaspace       used 95161K, committed 95808K, reserved 1138688K
  class space    used 12997K, committed 13312K, reserved 1048576K
}
Event: 17.976 GC heap before
{Heap before GC invocations=34 (full 0):
 garbage-first heap   total 182272K, used 103178K [0x0000000080000000, 0x0000000100000000)
  region size 1024K, 20 young (20480K), 6 survivors (6144K)
 Metaspace       used 95547K, committed 96256K, reserved 1138688K
  class space    used 13056K, committed 13376K, reserved 1048576K
}
Event: 17.988 GC heap after
{Heap after GC invocations=35 (full 0):
 garbage-first heap   total 182272K, used 92347K [0x0000000080000000, 0x0000000100000000)
  region size 1024K, 2 young (2048K), 2 survivors (2048K)
 Metaspace       used 95547K, committed 96256K, reserved 1138688K
  class space    used 13056K, committed 13376K, reserved 1048576K
}
Event: 19.554 GC heap before
{Heap before GC invocations=36 (full 0):
 garbage-first heap   total 182272K, used 148667K [0x0000000080000000, 0x0000000100000000)
  region size 1024K, 57 young (58368K), 2 survivors (2048K)
 Metaspace       used 99385K, committed 100096K, reserved 1138688K
  class space    used 13488K, committed 13824K, reserved 1048576K
}
Event: 19.570 GC heap after
{Heap after GC invocations=37 (full 0):
 garbage-first heap   total 182272K, used 96594K [0x0000000080000000, 0x0000000100000000)
  region size 1024K, 6 young (6144K), 6 survivors (6144K)
 Metaspace       used 99385K, committed 100096K, reserved 1138688K
  class space    used 13488K, committed 13824K, reserved 1048576K
}
Event: 19.608 GC heap before
{Heap before GC invocations=37 (full 0):
 garbage-first heap   total 182272K, used 97618K [0x0000000080000000, 0x0000000100000000)
  region size 1024K, 8 young (8192K), 6 survivors (6144K)
 Metaspace       used 99847K, committed 100544K, reserved 1138688K
  class space    used 13556K, committed 13888K, reserved 1048576K
}
Event: 19.640 GC heap after
{Heap after GC invocations=38 (full 0):
 garbage-first heap   total 219136K, used 97143K [0x0000000080000000, 0x0000000100000000)
  region size 1024K, 1 young (1024K), 1 survivors (1024K)
 Metaspace       used 99847K, committed 100544K, reserved 1138688K
  class space    used 13556K, committed 13888K, reserved 1048576K
}

Dll operation events (2 events):
Event: 0.005 Loaded shared library D:\Android\jbr\bin\java.dll
Event: 0.429 Loaded shared library D:\Android\jbr\bin\verify.dll

Deoptimization events (20 events):
Event: 20.017 Thread 0x0000024bdb573960 DEOPT PACKING pc=0x0000024bca1bc3d0 sp=0x000000f3383f64d0
Event: 20.017 Thread 0x0000024bdb573960 DEOPT UNPACKING pc=0x0000024bc97269a3 sp=0x000000f3383f6478 mode 2
Event: 20.046 Thread 0x0000024bdce096e0 Uncommon trap: trap_request=0xffffffd6 fr.pc=0x0000024bca1bc3d0 relative=0x00000000000003b0
Event: 20.046 Thread 0x0000024bdce096e0 Uncommon trap: reason=array_check action=maybe_recompile pc=0x0000024bca1bc3d0 method=java.util.LinkedHashMap.keysToArray([Ljava/lang/Object;)[Ljava/lang/Object; @ 25 c2
Event: 20.047 Thread 0x0000024bdce096e0 DEOPT PACKING pc=0x0000024bca1bc3d0 sp=0x000000f3371f8f20
Event: 20.047 Thread 0x0000024bdce096e0 DEOPT UNPACKING pc=0x0000024bc97269a3 sp=0x000000f3371f8ec8 mode 2
Event: 20.047 Thread 0x0000024bdce096e0 Uncommon trap: trap_request=0xffffffd6 fr.pc=0x0000024bca1bc3d0 relative=0x00000000000003b0
Event: 20.047 Thread 0x0000024bdce096e0 Uncommon trap: reason=array_check action=maybe_recompile pc=0x0000024bca1bc3d0 method=java.util.LinkedHashMap.keysToArray([Ljava/lang/Object;)[Ljava/lang/Object; @ 25 c2
Event: 20.047 Thread 0x0000024bdce096e0 DEOPT PACKING pc=0x0000024bca1bc3d0 sp=0x000000f3371f8eb0
Event: 20.047 Thread 0x0000024bdce096e0 DEOPT UNPACKING pc=0x0000024bc97269a3 sp=0x000000f3371f8e58 mode 2
Event: 20.064 Thread 0x0000024bdce07530 Uncommon trap: trap_request=0xffffff45 fr.pc=0x0000024bca08651c relative=0x000000000000009c
Event: 20.064 Thread 0x0000024bdce07530 Uncommon trap: reason=unstable_if action=reinterpret pc=0x0000024bca08651c method=com.android.tools.r8.utils.j1.e(I)Z @ 45 c2
Event: 20.064 Thread 0x0000024bdce07530 DEOPT PACKING pc=0x0000024bca08651c sp=0x000000f335efa030
Event: 20.064 Thread 0x0000024bdce07530 DEOPT UNPACKING pc=0x0000024bc97269a3 sp=0x000000f335ef9f60 mode 2
Event: 20.065 Thread 0x0000024bdce07530 Uncommon trap: trap_request=0xffffff45 fr.pc=0x0000024bc9e4fa10 relative=0x0000000000000090
Event: 20.065 Thread 0x0000024bdce07530 Uncommon trap: reason=unstable_if action=reinterpret pc=0x0000024bc9e4fa10 method=com.android.tools.r8.utils.j1.e(I)Z @ 45 c2
Event: 20.065 Thread 0x0000024bdce07530 DEOPT PACKING pc=0x0000024bc9e4fa10 sp=0x000000f335ef9ed0
Event: 20.065 Thread 0x0000024bdce07530 DEOPT UNPACKING pc=0x0000024bc97269a3 sp=0x000000f335ef9e68 mode 2
Event: 20.566 Thread 0x0000024bdce07530 DEOPT PACKING pc=0x0000024bc3644b7c sp=0x000000f335ef9fd0
Event: 20.566 Thread 0x0000024bdce07530 DEOPT UNPACKING pc=0x0000024bc9727143 sp=0x000000f335ef9930 mode 0

Classes unloaded (0 events):
No events

Classes redefined (0 events):
No events

Internal exceptions (20 events):
Event: 16.859 Thread 0x0000024bdb576980 Exception <a 'java/lang/NoSuchMethodError'{0x0000000089f526e0}: 'java.lang.Object java.lang.invoke.DirectMethodHandle$Holder.invokeSpecialIFC(java.lang.Object, java.lang.Object, java.lang.Object)'> (0x0000000089f526e0) 
thrown [s\src\hotspot\share\interpreter\linkResolver.cpp, line 771]
Event: 16.859 Thread 0x0000024bdb576e50 Exception <a 'java/lang/NoSuchMethodError'{0x0000000089f5baa8}: 'java.lang.Object java.lang.invoke.DirectMethodHandle$Holder.invokeSpecialIFC(java.lang.Object, java.lang.Object, java.lang.Object)'> (0x0000000089f5baa8) 
thrown [s\src\hotspot\share\interpreter\linkResolver.cpp, line 771]
Event: 16.859 Thread 0x0000024bdb124bc0 Exception <a 'java/lang/NoSuchMethodError'{0x0000000089f38030}: 'java.lang.Object java.lang.invoke.DirectMethodHandle$Holder.invokeSpecialIFC(java.lang.Object, java.lang.Object, java.lang.Object)'> (0x0000000089f38030) 
thrown [s\src\hotspot\share\interpreter\linkResolver.cpp, line 771]
Event: 17.962 Thread 0x0000024bdb30f890 Exception <a 'java/lang/NoSuchMethodError'{0x000000008a55d240}: 'void java.lang.invoke.DirectMethodHandle$Holder.invokeVirtual(java.lang.Object, java.lang.Object)'> (0x000000008a55d240) 
thrown [s\src\hotspot\share\interpreter\linkResolver.cpp, line 771]
Event: 18.032 Thread 0x0000024bdb30f890 Exception <a 'sun/nio/fs/WindowsException'{0x000000008b1a0de8}> (0x000000008b1a0de8) 
thrown [s\src\hotspot\share\prims\jni.cpp, line 517]
Event: 18.033 Thread 0x0000024bdb30f890 Exception <a 'sun/nio/fs/WindowsException'{0x000000008b1a1198}> (0x000000008b1a1198) 
thrown [s\src\hotspot\share\prims\jni.cpp, line 517]
Event: 18.537 Thread 0x0000024bdb30fd60 Exception <a 'sun/nio/fs/WindowsException'{0x000000008a56b290}> (0x000000008a56b290) 
thrown [s\src\hotspot\share\prims\jni.cpp, line 517]
Event: 18.568 Thread 0x0000024bdb30fd60 Exception <a 'java/lang/NoSuchMethodError'{0x000000008a4303c0}: 'int java.lang.invoke.DirectMethodHandle$Holder.invokeSpecial(java.lang.Object, java.lang.Object, java.lang.Object, java.lang.Object, java.lang.Object)'> (0x000000008a4303c0) 
thrown [s\src\hotspot\share\interpreter\linkResolver.cpp, line 771]
Event: 19.542 Thread 0x0000024bdce07530 Exception <a 'sun/nio/fs/WindowsException'{0x00000000879217d0}> (0x00000000879217d0) 
thrown [s\src\hotspot\share\prims\jni.cpp, line 517]
Event: 19.542 Thread 0x0000024bdce096e0 Exception <a 'sun/nio/fs/WindowsException'{0x0000000087934df8}> (0x0000000087934df8) 
thrown [s\src\hotspot\share\prims\jni.cpp, line 517]
Event: 19.542 Thread 0x0000024bdb573960 Exception <a 'sun/nio/fs/WindowsException'{0x000000008796d9f8}> (0x000000008796d9f8) 
thrown [s\src\hotspot\share\prims\jni.cpp, line 517]
Event: 19.543 Thread 0x0000024bdb572150 Exception <a 'sun/nio/fs/WindowsException'{0x0000000087a09838}> (0x0000000087a09838) 
thrown [s\src\hotspot\share\prims\jni.cpp, line 517]
Event: 19.896 Thread 0x0000024bdb572150 Exception <a 'java/lang/NoSuchMethodError'{0x000000008cd89898}: 'java.lang.Object java.lang.invoke.DirectMethodHandle$Holder.invokeStaticInit(java.lang.Object, java.lang.Object, java.lang.Object, java.lang.Object, java.lang.Object, java.lang.Object, java.lang.Object, java.lang.Object, java.lang.Object, java.lang.Object, java.lang.Object, java.lang.Object, java.lang.Object, java.lang.Object, java.lang.Object, java.lang.Object, java.lang.Object, java.lang.Object, java.lang.Object, java.lang.Object, int, java
Event: 19.928 Thread 0x0000024bdce07530 Exception <a 'java/lang/IncompatibleClassChangeError'{0x000000008cb29708}: Found class java.lang.Object, but interface was expected> (0x000000008cb29708) 
thrown [s\src\hotspot\share\interpreter\linkResolver.cpp, line 838]
Event: 19.928 Thread 0x0000024bdb573960 Exception <a 'java/lang/IncompatibleClassChangeError'{0x000000008cdd31a8}: Found class java.lang.Object, but interface was expected> (0x000000008cdd31a8) 
thrown [s\src\hotspot\share\interpreter\linkResolver.cpp, line 838]
Event: 19.928 Thread 0x0000024bdce096e0 Exception <a 'java/lang/IncompatibleClassChangeError'{0x000000008cc26ef0}: Found class java.lang.Object, but interface was expected> (0x000000008cc26ef0) 
thrown [s\src\hotspot\share\interpreter\linkResolver.cpp, line 838]
Event: 19.985 Thread 0x0000024bdb573960 Exception <a 'java/lang/NoSuchMethodError'{0x000000008c98e768}: 'java.lang.Object java.lang.invoke.DirectMethodHandle$Holder.newInvokeSpecial(java.lang.Object, long)'> (0x000000008c98e768) 
thrown [s\src\hotspot\share\interpreter\linkResolver.cpp, line 771]
Event: 20.540 Thread 0x0000024bdce096e0 Exception <a 'java/lang/NoSuchMethodError'{0x000000008bc37618}: 'void java.lang.invoke.DirectMethodHandle$Holder.invokeStatic(java.lang.Object, java.lang.Object, java.lang.Object, int)'> (0x000000008bc37618) 
thrown [s\src\hotspot\share\interpreter\linkResolver.cpp, line 771]
Event: 20.543 Thread 0x0000024bdce096e0 Exception <a 'java/lang/IncompatibleClassChangeError'{0x000000008bc463c8}: Found class java.lang.Object, but interface was expected> (0x000000008bc463c8) 
thrown [s\src\hotspot\share\interpreter\linkResolver.cpp, line 838]
Event: 20.544 Thread 0x0000024bdce096e0 Exception <a 'java/lang/NoSuchMethodError'{0x000000008bc4e560}: 'void java.lang.invoke.DirectMethodHandle$Holder.invokeInterface(java.lang.Object, java.lang.Object, java.lang.Object, int)'> (0x000000008bc4e560) 
thrown [s\src\hotspot\share\interpreter\linkResolver.cpp, line 771]

VM Operations (20 events):
Event: 19.554 Executing VM operation: G1CollectForAllocation
Event: 19.570 Executing VM operation: G1CollectForAllocation done
Event: 19.608 Executing VM operation: G1CollectForAllocation
Event: 19.640 Executing VM operation: G1CollectForAllocation done
Event: 19.651 Executing VM operation: HandshakeAllThreads
Event: 19.652 Executing VM operation: HandshakeAllThreads done
Event: 19.907 Executing VM operation: HandshakeAllThreads
Event: 19.907 Executing VM operation: HandshakeAllThreads done
Event: 20.562 Executing VM operation: HandshakeAllThreads
Event: 20.563 Executing VM operation: HandshakeAllThreads done
Event: 20.670 Executing VM operation: HandshakeAllThreads
Event: 20.670 Executing VM operation: HandshakeAllThreads done
Event: 20.670 Executing VM operation: Cleanup
Event: 20.671 Executing VM operation: Cleanup done
Event: 20.678 Executing VM operation: HandshakeAllThreads
Event: 20.678 Executing VM operation: HandshakeAllThreads done
Event: 20.678 Executing VM operation: HandshakeAllThreads
Event: 20.678 Executing VM operation: HandshakeAllThreads done
Event: 20.702 Executing VM operation: HandshakeAllThreads
Event: 20.703 Executing VM operation: HandshakeAllThreads done

Events (20 events):
Event: 19.444 loading class java/util/regex/Pattern$SliceU done
Event: 19.444 loading class sun/nio/fs/WindowsFileSystem$2
Event: 19.444 loading class java/nio/file/PathMatcher
Event: 19.444 loading class java/nio/file/PathMatcher done
Event: 19.444 loading class sun/nio/fs/WindowsFileSystem$2 done
Event: 19.486 loading class java/util/zip/ZipInputStream
Event: 19.486 loading class java/util/zip/ZipInputStream done
Event: 19.595 loading class java/io/UTFDataFormatException
Event: 19.595 loading class java/io/UTFDataFormatException done
Event: 19.743 loading class java/util/concurrent/RejectedExecutionException
Event: 19.743 loading class java/util/concurrent/RejectedExecutionException done
Event: 19.924 loading class java/lang/reflect/GenericSignatureFormatError
Event: 19.924 loading class java/lang/reflect/GenericSignatureFormatError done
Event: 20.057 loading class java/util/concurrent/ConcurrentLinkedQueue$Itr
Event: 20.057 loading class java/util/concurrent/ConcurrentLinkedQueue$Itr done
Event: 20.680 Thread 0x0000024bd8c35920 flushing nmethod 0x0000024bc9f65790
Event: 20.691 Thread 0x0000024bd8c35920 flushing nmethod 0x0000024bc2c00090
Event: 20.692 Thread 0x0000024bd8c35920 flushing nmethod 0x0000024bc2ce1590
Event: 20.694 Thread 0x0000024bd8c35920 flushing nmethod 0x0000024bc2f24410
Event: 20.696 Thread 0x0000024bd8c35920 flushing nmethod 0x0000024bc31caf90


Dynamic libraries:
0x00007ff622080000 - 0x00007ff62208a000 	D:\Android\jbr\bin\java.exe
0x00007fff1c660000 - 0x00007fff1c869000 	C:\Windows\SYSTEM32\ntdll.dll
0x00007fff1ba30000 - 0x00007fff1baed000 	C:\Windows\System32\KERNEL32.DLL
0x00007fff19bf0000 - 0x00007fff19f64000 	C:\Windows\System32\KERNELBASE.dll
0x00007fff1a0d0000 - 0x00007fff1a1e1000 	C:\Windows\System32\ucrtbase.dll
0x00007ffee2de0000 - 0x00007ffee2df7000 	D:\Android\jbr\bin\jli.dll
0x00007fff1be90000 - 0x00007fff1c03c000 	C:\Windows\System32\USER32.dll
0x00007fff1a0a0000 - 0x00007fff1a0c6000 	C:\Windows\System32\win32u.dll
0x00007fff1c590000 - 0x00007fff1c5b9000 	C:\Windows\System32\GDI32.dll
0x00007fff1a1f0000 - 0x00007fff1a302000 	C:\Windows\System32\gdi32full.dll
0x00007fff19b50000 - 0x00007fff19bed000 	C:\Windows\System32\msvcp_win.dll
0x00007fff11d50000 - 0x00007fff11d6b000 	D:\Android\jbr\bin\VCRUNTIME140.dll
0x00007fff01b40000 - 0x00007fff01de5000 	C:\Windows\WinSxS\amd64_microsoft.windows.common-controls_6595b64144ccf1df_6.0.22000.120_none_9d947278b86cc467\COMCTL32.dll
0x00007fff1c060000 - 0x00007fff1c103000 	C:\Windows\System32\msvcrt.dll
0x00007fff1baf0000 - 0x00007fff1bb21000 	C:\Windows\System32\IMM32.DLL
0x00007fff11d40000 - 0x00007fff11d4c000 	D:\Android\jbr\bin\vcruntime140_1.dll
0x00007ffefbdc0000 - 0x00007ffefbe4d000 	D:\Android\jbr\bin\msvcp140.dll
0x00007ffee3090000 - 0x00007ffee3cfe000 	D:\Android\jbr\bin\server\jvm.dll
0x00007fff1bb30000 - 0x00007fff1bbde000 	C:\Windows\System32\ADVAPI32.dll
0x00007fff1c470000 - 0x00007fff1c50e000 	C:\Windows\System32\sechost.dll
0x00007fff1c200000 - 0x00007fff1c320000 	C:\Windows\System32\RPCRT4.dll
0x00007fff12340000 - 0x00007fff12373000 	C:\Windows\SYSTEM32\WINMM.dll
0x00007fff0db10000 - 0x00007fff0db19000 	C:\Windows\SYSTEM32\WSOCK32.dll
0x00007fff0d8c0000 - 0x00007fff0d8ca000 	C:\Windows\SYSTEM32\VERSION.dll
0x00007fff1c510000 - 0x00007fff1c57f000 	C:\Windows\System32\WS2_32.dll
0x00007fff18610000 - 0x00007fff18628000 	C:\Windows\SYSTEM32\kernel.appcore.dll
0x00007fff12730000 - 0x00007fff1273a000 	D:\Android\jbr\bin\jimage.dll
0x00007fff17730000 - 0x00007fff17951000 	C:\Windows\SYSTEM32\DBGHELP.DLL
0x00007fff09590000 - 0x00007fff095c1000 	C:\Windows\SYSTEM32\dbgcore.DLL
0x00007fff1a480000 - 0x00007fff1a4ff000 	C:\Windows\System32\bcryptPrimitives.dll
0x00007fff00960000 - 0x00007fff00985000 	D:\Android\jbr\bin\java.dll
0x00007fff00590000 - 0x00007fff005a8000 	D:\Android\jbr\bin\zip.dll
0x00007fff1a640000 - 0x00007fff1adee000 	C:\Windows\System32\SHELL32.dll
0x00007fff17da0000 - 0x00007fff18607000 	C:\Windows\SYSTEM32\windows.storage.dll
0x00007fff1ae60000 - 0x00007fff1b1d8000 	C:\Windows\System32\combase.dll
0x00007fff17c30000 - 0x00007fff17d96000 	C:\Windows\SYSTEM32\wintypes.dll
0x00007fff1c110000 - 0x00007fff1c1fa000 	C:\Windows\System32\SHCORE.dll
0x00007fff1c5c0000 - 0x00007fff1c61d000 	C:\Windows\System32\shlwapi.dll
0x00007fff19a80000 - 0x00007fff19aa1000 	C:\Windows\SYSTEM32\profapi.dll
0x00007fff00220000 - 0x00007fff00239000 	D:\Android\jbr\bin\net.dll
0x00007fff12180000 - 0x00007fff1228c000 	C:\Windows\SYSTEM32\WINHTTP.dll
0x00007fff19060000 - 0x00007fff190c7000 	C:\Windows\system32\mswsock.dll
0x00007ffee3070000 - 0x00007ffee3086000 	D:\Android\jbr\bin\nio.dll
0x00007fff0e830000 - 0x00007fff0e840000 	D:\Android\jbr\bin\verify.dll
0x00007fff033c0000 - 0x00007fff033e7000 	C:\Users\Admin\.gradle\native\68d5fa5c4cc2d200863cafc0d521ce42e7d3e7ee720ec0a83991735586a16f82\windows-amd64\native-platform.dll
0x00007ffee3e00000 - 0x00007ffee3f44000 	C:\Users\Admin\.gradle\native\e376f236ea51e6404a007f0833ffe2c6e607c4080706a723a18a27aeea778392\windows-amd64\native-platform-file-events.dll
0x00007fff05690000 - 0x00007fff05699000 	D:\Android\jbr\bin\management.dll
0x00007fff00e40000 - 0x00007fff00e4b000 	D:\Android\jbr\bin\management_ext.dll
0x00007fff1adf0000 - 0x00007fff1adf8000 	C:\Windows\System32\PSAPI.DLL
0x00007fff192b0000 - 0x00007fff192c8000 	C:\Windows\SYSTEM32\CRYPTSP.dll
0x00007fff18cb0000 - 0x00007fff18ce5000 	C:\Windows\system32\rsaenh.dll
0x00007fff19150000 - 0x00007fff19179000 	C:\Windows\SYSTEM32\USERENV.dll
0x00007fff19420000 - 0x00007fff19447000 	C:\Windows\SYSTEM32\bcrypt.dll
0x00007fff192a0000 - 0x00007fff192ac000 	C:\Windows\SYSTEM32\CRYPTBASE.dll
0x00007fff18880000 - 0x00007fff188ad000 	C:\Windows\SYSTEM32\IPHLPAPI.DLL
0x00007fff1bdf0000 - 0x00007fff1bdf9000 	C:\Windows\System32\NSI.dll
0x00007fff11950000 - 0x00007fff11969000 	C:\Windows\SYSTEM32\dhcpcsvc6.DLL
0x00007fff12510000 - 0x00007fff1252e000 	C:\Windows\SYSTEM32\dhcpcsvc.DLL
0x00007fff188f0000 - 0x00007fff189d7000 	C:\Windows\SYSTEM32\DNSAPI.dll
0x00007fff00580000 - 0x00007fff00588000 	C:\Windows\system32\wshunix.dll
0x00007fff08970000 - 0x00007fff08987000 	C:\Windows\system32\napinsp.dll
0x00007fff08950000 - 0x00007fff0896b000 	C:\Windows\system32\pnrpnsp.dll
0x00007fff033f0000 - 0x00007fff03402000 	C:\Windows\System32\winrnr.dll
0x00007ffefc240000 - 0x00007ffefc255000 	C:\Windows\system32\wshbth.dll
0x00007fff16430000 - 0x00007fff1644f000 	C:\Windows\system32\nlansp_c.dll
0x00007fff12500000 - 0x00007fff1250a000 	C:\Windows\System32\rasadhlp.dll
0x00007fff10570000 - 0x00007fff105f1000 	C:\Windows\System32\fwpuclnt.dll

dbghelp: loaded successfully - version: 4.0.5 - missing functions: none
symbol engine: initialized successfully - sym options: 0x614 - pdb path: .;D:\Android\jbr\bin;C:\Windows\SYSTEM32;C:\Windows\WinSxS\amd64_microsoft.windows.common-controls_6595b64144ccf1df_6.0.22000.120_none_9d947278b86cc467;D:\Android\jbr\bin\server;C:\Users\Admin\.gradle\native\68d5fa5c4cc2d200863cafc0d521ce42e7d3e7ee720ec0a83991735586a16f82\windows-amd64;C:\Users\Admin\.gradle\native\e376f236ea51e6404a007f0833ffe2c6e607c4080706a723a18a27aeea778392\windows-amd64

VM Arguments:
jvm_args: --add-opens=java.base/java.util=ALL-UNNAMED --add-opens=java.base/java.lang=ALL-UNNAMED --add-opens=java.base/java.lang.invoke=ALL-UNNAMED --add-opens=java.prefs/java.util.prefs=ALL-UNNAMED --add-opens=java.base/java.nio.charset=ALL-UNNAMED --add-opens=java.base/java.net=ALL-UNNAMED --add-opens=java.base/java.util.concurrent.atomic=ALL-UNNAMED -Xmx2048m -Dfile.encoding=UTF-8 -Duser.country=US -Duser.language=en -Duser.variant 
java_command: org.gradle.launcher.daemon.bootstrap.GradleDaemon 8.0
java_class_path (initial): C:\Users\Admin\.gradle\wrapper\dists\gradle-8.0-bin\ca5e32bp14vu59qr306oxotwh\gradle-8.0\lib\gradle-launcher-8.0.jar
Launcher Type: SUN_STANDARD

[Global flags]
     intx CICompilerCount                          = 3                                         {product} {ergonomic}
     uint ConcGCThreads                            = 1                                         {product} {ergonomic}
     uint G1ConcRefinementThreads                  = 4                                         {product} {ergonomic}
   size_t G1HeapRegionSize                         = 1048576                                   {product} {ergonomic}
    uintx GCDrainStackTargetSize                   = 64                                        {product} {ergonomic}
   size_t InitialHeapSize                          = 134217728                                 {product} {ergonomic}
   size_t MarkStackSize                            = 4194304                                   {product} {ergonomic}
   size_t MaxHeapSize                              = 2147483648                                {product} {command line}
   size_t MaxNewSize                               = 1287651328                                {product} {ergonomic}
   size_t MinHeapDeltaBytes                        = 1048576                                   {product} {ergonomic}
   size_t MinHeapSize                              = 8388608                                   {product} {ergonomic}
    uintx NonNMethodCodeHeapSize                   = 5832780                                {pd product} {ergonomic}
    uintx NonProfiledCodeHeapSize                  = 122912730                              {pd product} {ergonomic}
    uintx ProfiledCodeHeapSize                     = 122912730                              {pd product} {ergonomic}
    uintx ReservedCodeCacheSize                    = 251658240                              {pd product} {ergonomic}
     bool SegmentedCodeCache                       = true                                      {product} {ergonomic}
   size_t SoftMaxHeapSize                          = 2147483648                             {manageable} {ergonomic}
     bool UseCompressedClassPointers               = true                           {product lp64_product} {ergonomic}
     bool UseCompressedOops                        = true                           {product lp64_product} {ergonomic}
     bool UseG1GC                                  = true                                      {product} {ergonomic}
     bool UseLargePagesIndividualAllocation        = false                                  {pd product} {ergonomic}

Logging:
Log output configuration:
 #0: stdout all=warning uptime,level,tags
 #1: stderr all=off uptime,level,tags

Environment Variables:
PATH=C:\Program Files\Common Files\Oracle\Java\javapath;C:\Windows\system32;C:\Windows;C:\Windows\System32\Wbem;C:\Windows\System32\WindowsPowerShell\v1.0\;C:\Windows\System32\OpenSSH\;C:\Program Files (x86)\NVIDIA Corporation\PhysX\Common;C:\Users\Admin\AppData\Local\Microsoft\WindowsApps;;D:\JetBrains\IntelliJ IDEA 2023.2.3\bin;;D:\JetBrains\IntelliJ IDEA Community Edition 2023.2.4\bin;
USERNAME=Admin
OS=Windows_NT
PROCESSOR_IDENTIFIER=Intel64 Family 6 Model 142 Stepping 10, GenuineIntel
TMP=C:\Users\Admin\AppData\Local\Temp
TEMP=C:\Users\Admin\AppData\Local\Temp


JNI global refs:
JNI global refs: 24, weak refs: 0

JNI global refs memory usage: 843, weak refs: 841


---------------  S Y S T E M  ---------------

OS:
 Windows 11 , 64 bit Build 22000 (10.0.22000.434)
OS uptime: 0 days 0:22 hours

CPU: total 4 (initial active 4) (2 cores per cpu, 2 threads per core) family 6 model 142 stepping 10 microcode 0xe0, cx8, cmov, fxsr, ht, mmx, 3dnowpref, sse, sse2, sse3, ssse3, sse4.1, sse4.2, popcnt, lzcnt, tsc, tscinvbit, avx, avx2, aes, erms, clmul, bmi1, bmi2, adx, fma, vzeroupper, clflush, clflushopt

Memory: 4k page, system-wide physical 8076M (854M free)
TotalPageFile size 8076M (AvailPageFile size 5M)
current process WorkingSet (physical memory assigned to process): 481M, peak: 481M
current process commit charge ("private bytes"): 510M, peak: 514M

vm_info: OpenJDK 64-Bit Server VM (17.0.6+0-b2043.56-10027231) for windows-amd64 JRE (17.0.6+0-b2043.56-10027231), built on Apr 28 2023 00:43:19 by "androidbuild" with MS VC++ 16.10 / 16.11 (VS2019)

END.
