#
# There is insufficient memory for the Java Runtime Environment to continue.
# Native memory allocation (malloc) failed to allocate 551424 bytes for Chunk::new
# Possible reasons:
#   The system is out of physical RAM or swap space
#   The process is running with CompressedOops enabled, and the Java Heap may be blocking the growth of the native heap
# Possible solutions:
#   Reduce memory load on the system
#   Increase physical memory or swap space
#   Check if swap backing store is full
#   Decrease Java heap size (-Xmx/-Xms)
#   Decrease number of Java threads
#   Decrease Java thread stack sizes (-Xss)
#   Set larger code cache with -XX:ReservedCodeCacheSize=
#   JVM is running with Unscaled Compressed Oops mode in which the Java heap is
#     placed in the first 4GB address space. The Java Heap base address is the
#     maximum limit for the native heap growth. Please use -XX:HeapBaseMinAddress
#     to set the Java Heap base and to place the Java Heap above 4GB virtual address.
# This output file may be truncated or incomplete.
#
#  Out of Memory Error (arena.cpp:189), pid=9644, tid=9756
#
# JRE version: OpenJDK Runtime Environment (17.0.6) (build 17.0.6+0-b2043.56-10027231)
# Java VM: OpenJDK 64-Bit Server VM (17.0.6+0-b2043.56-10027231, mixed mode, tiered, compressed oops, compressed class ptrs, g1 gc, windows-amd64)
# No core dump will be written. Minidumps are not enabled by default on client versions of Windows
#

---------------  S U M M A R Y ------------

Command Line: --add-opens=java.base/java.util=ALL-UNNAMED --add-opens=java.base/java.lang=ALL-UNNAMED --add-opens=java.base/java.lang.invoke=ALL-UNNAMED --add-opens=java.prefs/java.util.prefs=ALL-UNNAMED --add-opens=java.base/java.nio.charset=ALL-UNNAMED --add-opens=java.base/java.net=ALL-UNNAMED --add-opens=java.base/java.util.concurrent.atomic=ALL-UNNAMED -Xmx2048m -Dfile.encoding=UTF-8 -Duser.country=US -Duser.language=en -Duser.variant org.gradle.launcher.daemon.bootstrap.GradleDaemon 8.0

Host: Intel(R) Core(TM) i3-7020U CPU @ 2.30GHz, 4 cores, 7G,  Windows 11 , 64 bit Build 22000 (10.0.22000.434)
Time: Mon Nov 27 14:42:35 2023 SE Asia Standard Time elapsed time: 46.632871 seconds (0d 0h 0m 46s)

---------------  T H R E A D  ---------------

Current thread (0x0000023c69014a10):  JavaThread "C2 CompilerThread0" daemon [_thread_in_native, id=9756, stack(0x0000005e5db00000,0x0000005e5dc00000)]


Current CompileTask:
C2:  46632 12620       4       org.gradle.internal.snapshot.impl.AbstractValueProcessor::processValue (775 bytes)

Stack: [0x0000005e5db00000,0x0000005e5dc00000]
Native frames: (J=compiled Java code, j=interpreted, Vv=VM code, C=native code)
V  [jvm.dll+0x683c9a]
V  [jvm.dll+0x8427a4]
V  [jvm.dll+0x843f9e]
V  [jvm.dll+0x844603]
V  [jvm.dll+0x249b75]
V  [jvm.dll+0xabcac]
V  [jvm.dll+0xac27c]
V  [jvm.dll+0x368857]
V  [jvm.dll+0x1bced2]
V  [jvm.dll+0x21c359]
V  [jvm.dll+0x21b621]
V  [jvm.dll+0x1a4fdd]
V  [jvm.dll+0x22b098]
V  [jvm.dll+0x229159]
V  [jvm.dll+0x7f81ec]
V  [jvm.dll+0x7f274a]
V  [jvm.dll+0x682ad5]
C  [ucrtbase.dll+0x26c0c]
C  [KERNEL32.DLL+0x154e0]
C  [ntdll.dll+0x485b]


---------------  P R O C E S S  ---------------

Threads class SMR info:
_java_thread_list=0x0000023c717b3210, length=95, elements={
0x0000023c4cecd250, 0x0000023c6849c260, 0x0000023c6849d870, 0x0000023c684a3110,
0x0000023c684bc010, 0x0000023c69009820, 0x0000023c6900a880, 0x0000023c69014a10,
0x0000023c69015c50, 0x0000023c69018df0, 0x0000023c691a9ac0, 0x0000023c69195720,
0x0000023c6a395d20, 0x0000023c6ba7b260, 0x0000023c6b98c010, 0x0000023c6a137c00,
0x0000023c6c1113b0, 0x0000023c6bff7020, 0x0000023c69d19ed0, 0x0000023c6a7c9a10,
0x0000023c6a7c9070, 0x0000023c6a7c6ec0, 0x0000023c6a7c69f0, 0x0000023c6a7c8200,
0x0000023c6a7c6520, 0x0000023c6a7c86d0, 0x0000023c6a7c6050, 0x0000023c6a7c7d30,
0x0000023c6a7c7390, 0x0000023c6a7c9540, 0x0000023c6a7c8ba0, 0x0000023c6a7c7860,
0x0000023c6a27c360, 0x0000023c6a27a1b0, 0x0000023c6a27a680, 0x0000023c6a27ab50,
0x0000023c6a278000, 0x0000023c6a27b020, 0x0000023c6a27b9c0, 0x0000023c6a27be90,
0x0000023c6a277190, 0x0000023c6a27d6a0, 0x0000023c6a276320, 0x0000023c6a27d1d0,
0x0000023c6a27db70, 0x0000023c6a2767f0, 0x0000023c6a276cc0, 0x0000023c6a279810,
0x0000023c6a279ce0, 0x0000023c6a277660, 0x0000023c6a277b30, 0x0000023c6a2784d0,
0x0000023c6a279340, 0x0000023c6e970b80, 0x0000023c6e96be80, 0x0000023c6e96c820,
0x0000023c6e972d30, 0x0000023c6e9719f0, 0x0000023c6e973200, 0x0000023c6e9706b0,
0x0000023c6e96db60, 0x0000023c6e96e9d0, 0x0000023c6e972390, 0x0000023c6e9701e0,
0x0000023c6e971050, 0x0000023c6e971520, 0x0000023c6e96f840, 0x0000023c6e96c350,
0x0000023c6e96fd10, 0x0000023c6e96d690, 0x0000023c6e96d1c0, 0x0000023c6e96e030,
0x0000023c6e96ccf0, 0x0000023c6e96e500, 0x0000023c6e96eea0, 0x0000023c6e96f370,
0x0000023c6e971ec0, 0x0000023c6e972860, 0x0000023c6e96b9b0, 0x0000023c6ccfeb10,
0x0000023c6ccffe50, 0x0000023c6ccfb150, 0x0000023c6ccf9e10, 0x0000023c6ccfa7b0,
0x0000023c6ccfce30, 0x0000023c6ccfd7d0, 0x0000023c6ccfd300, 0x0000023c6e7fdc40,
0x0000023c6e7fc430, 0x0000023c6e7fcdd0, 0x0000023c6e801130, 0x0000023c6e8002c0,
0x0000023c6e7fe110, 0x0000023c6e7ffdf0, 0x0000023c6ed998e0
}

Java Threads: ( => current thread )
  0x0000023c4cecd250 JavaThread "main" [_thread_blocked, id=9704, stack(0x0000005e5ce00000,0x0000005e5cf00000)]
  0x0000023c6849c260 JavaThread "Reference Handler" daemon [_thread_blocked, id=9732, stack(0x0000005e5d500000,0x0000005e5d600000)]
  0x0000023c6849d870 JavaThread "Finalizer" daemon [_thread_blocked, id=9736, stack(0x0000005e5d600000,0x0000005e5d700000)]
  0x0000023c684a3110 JavaThread "Signal Dispatcher" daemon [_thread_blocked, id=9740, stack(0x0000005e5d700000,0x0000005e5d800000)]
  0x0000023c684bc010 JavaThread "Attach Listener" daemon [_thread_blocked, id=9744, stack(0x0000005e5d800000,0x0000005e5d900000)]
  0x0000023c69009820 JavaThread "Service Thread" daemon [_thread_blocked, id=9748, stack(0x0000005e5d900000,0x0000005e5da00000)]
  0x0000023c6900a880 JavaThread "Monitor Deflation Thread" daemon [_thread_blocked, id=9752, stack(0x0000005e5da00000,0x0000005e5db00000)]
=>0x0000023c69014a10 JavaThread "C2 CompilerThread0" daemon [_thread_in_native, id=9756, stack(0x0000005e5db00000,0x0000005e5dc00000)]
  0x0000023c69015c50 JavaThread "C1 CompilerThread0" daemon [_thread_blocked, id=9760, stack(0x0000005e5dc00000,0x0000005e5dd00000)]
  0x0000023c69018df0 JavaThread "Sweeper thread" daemon [_thread_blocked, id=9764, stack(0x0000005e5dd00000,0x0000005e5de00000)]
  0x0000023c691a9ac0 JavaThread "Common-Cleaner" daemon [_thread_blocked, id=9768, stack(0x0000005e5de00000,0x0000005e5df00000)]
  0x0000023c69195720 JavaThread "Notification Thread" daemon [_thread_blocked, id=9772, stack(0x0000005e5df00000,0x0000005e5e000000)]
  0x0000023c6a395d20 JavaThread "Daemon health stats" [_thread_blocked, id=10020, stack(0x0000005e5e500000,0x0000005e5e600000)]
  0x0000023c6ba7b260 JavaThread "Incoming local TCP Connector on port 50043" [_thread_in_native, id=10032, stack(0x0000005e5e600000,0x0000005e5e700000)]
  0x0000023c6b98c010 JavaThread "Daemon periodic checks" [_thread_blocked, id=10056, stack(0x0000005e5e700000,0x0000005e5e800000)]
  0x0000023c6a137c00 JavaThread "Daemon" [_thread_blocked, id=10092, stack(0x0000005e5e800000,0x0000005e5e900000)]
  0x0000023c6c1113b0 JavaThread "Handler for socket connection from /127.0.0.1:50043 to /127.0.0.1:50046" [_thread_in_native, id=10096, stack(0x0000005e5e900000,0x0000005e5ea00000)]
  0x0000023c6bff7020 JavaThread "Cancel handler" [_thread_blocked, id=10100, stack(0x0000005e5ea00000,0x0000005e5eb00000)]
  0x0000023c69d19ed0 JavaThread "Daemon worker" [_thread_blocked, id=10104, stack(0x0000005e5eb00000,0x0000005e5ec00000)]
  0x0000023c6a7c9a10 JavaThread "Asynchronous log dispatcher for DefaultDaemonConnection: socket connection from /127.0.0.1:50043 to /127.0.0.1:50046" [_thread_blocked, id=10116, stack(0x0000005e5ec00000,0x0000005e5ed00000)]
  0x0000023c6a7c9070 JavaThread "Stdin handler" [_thread_blocked, id=10120, stack(0x0000005e5ed00000,0x0000005e5ee00000)]
  0x0000023c6a7c6ec0 JavaThread "Daemon client event forwarder" [_thread_blocked, id=10124, stack(0x0000005e5ee00000,0x0000005e5ef00000)]
  0x0000023c6a7c69f0 JavaThread "Cache worker for journal cache (C:\Users\Admin\.gradle\caches\journal-1)" [_thread_blocked, id=10208, stack(0x0000005e5ef00000,0x0000005e5f000000)]
  0x0000023c6a7c8200 JavaThread "File lock request listener" [_thread_in_native, id=10212, stack(0x0000005e5f000000,0x0000005e5f100000)]
  0x0000023c6a7c6520 JavaThread "Cache worker for file hash cache (C:\Users\Admin\.gradle\caches\8.0\fileHashes)" [_thread_blocked, id=9024, stack(0x0000005e5e100000,0x0000005e5e200000)]
  0x0000023c6a7c86d0 JavaThread "File watcher server" daemon [_thread_in_native, id=7212, stack(0x0000005e5f200000,0x0000005e5f300000)]
  0x0000023c6a7c6050 JavaThread "File watcher consumer" daemon [_thread_blocked, id=2096, stack(0x0000005e5f300000,0x0000005e5f400000)]
  0x0000023c6a7c7d30 JavaThread "Cache worker for checksums cache (D:\AndroidStudioProject\nemuiin_test\.gradle\8.0\checksums)" [_thread_blocked, id=8372, stack(0x0000005e5f400000,0x0000005e5f500000)]
  0x0000023c6a7c7390 JavaThread "Cache worker for cache directory md-rule (C:\Users\Admin\.gradle\caches\8.0\md-rule)" [_thread_blocked, id=8392, stack(0x0000005e5f500000,0x0000005e5f600000)]
  0x0000023c6a7c9540 JavaThread "Cache worker for file content cache (C:\Users\Admin\.gradle\caches\8.0\fileContent)" [_thread_blocked, id=8396, stack(0x0000005e5f600000,0x0000005e5f700000)]
  0x0000023c6a7c8ba0 JavaThread "Cache worker for file hash cache (D:\AndroidStudioProject\nemuiin_test\.gradle\8.0\fileHashes)" [_thread_blocked, id=76, stack(0x0000005e5f700000,0x0000005e5f800000)]
  0x0000023c6a7c7860 JavaThread "Cache worker for cache directory md-supplier (C:\Users\Admin\.gradle\caches\8.0\md-supplier)" [_thread_blocked, id=8828, stack(0x0000005e5f800000,0x0000005e5f900000)]
  0x0000023c6a27c360 JavaThread "Cache worker for execution history cache (C:\Users\Admin\.gradle\caches\8.0\executionHistory)" [_thread_blocked, id=268, stack(0x0000005e5f900000,0x0000005e5fa00000)]
  0x0000023c6a27a1b0 JavaThread "jar transforms" [_thread_blocked, id=1416, stack(0x0000005e5fa00000,0x0000005e5fb00000)]
  0x0000023c6a27a680 JavaThread "jar transforms Thread 2" [_thread_blocked, id=9284, stack(0x0000005e5fb00000,0x0000005e5fc00000)]
  0x0000023c6a27ab50 JavaThread "Cache worker for kotlin-dsl (C:\Users\Admin\.gradle\caches\8.0\kotlin-dsl)" [_thread_blocked, id=8760, stack(0x0000005e5fd00000,0x0000005e5fe00000)]
  0x0000023c6a278000 JavaThread "jar transforms Thread 3" [_thread_blocked, id=5160, stack(0x0000005e5fe00000,0x0000005e5ff00000)]
  0x0000023c6a27b020 JavaThread "jar transforms Thread 4" [_thread_blocked, id=9416, stack(0x0000005e5ff00000,0x0000005e60000000)]
  0x0000023c6a27b9c0 JavaThread "Cache worker for dependencies-accessors (D:\AndroidStudioProject\nemuiin_test\.gradle\8.0\dependencies-accessors)" [_thread_blocked, id=9464, stack(0x0000005e60000000,0x0000005e60100000)]
  0x0000023c6a27be90 JavaThread "Cache worker for Build Output Cleanup Cache (D:\AndroidStudioProject\nemuiin_test\.gradle\buildOutputCleanup)" [_thread_blocked, id=9628, stack(0x0000005e60100000,0x0000005e60200000)]
  0x0000023c6a277190 JavaThread "Unconstrained build operations" [_thread_blocked, id=9924, stack(0x0000005e60200000,0x0000005e60300000)]
  0x0000023c6a27d6a0 JavaThread "Unconstrained build operations Thread 2" [_thread_blocked, id=9908, stack(0x0000005e60300000,0x0000005e60400000)]
  0x0000023c6a276320 JavaThread "Unconstrained build operations Thread 3" [_thread_blocked, id=9912, stack(0x0000005e60400000,0x0000005e60500000)]
  0x0000023c6a27d1d0 JavaThread "Unconstrained build operations Thread 4" [_thread_blocked, id=9844, stack(0x0000005e60500000,0x0000005e60600000)]
  0x0000023c6a27db70 JavaThread "Unconstrained build operations Thread 5" [_thread_blocked, id=9836, stack(0x0000005e60600000,0x0000005e60700000)]
  0x0000023c6a2767f0 JavaThread "Unconstrained build operations Thread 6" [_thread_blocked, id=9840, stack(0x0000005e60700000,0x0000005e60800000)]
  0x0000023c6a276cc0 JavaThread "Unconstrained build operations Thread 7" [_thread_blocked, id=9920, stack(0x0000005e60800000,0x0000005e60900000)]
  0x0000023c6a279810 JavaThread "Unconstrained build operations Thread 8" [_thread_blocked, id=9880, stack(0x0000005e60900000,0x0000005e60a00000)]
  0x0000023c6a279ce0 JavaThread "Unconstrained build operations Thread 9" [_thread_blocked, id=9884, stack(0x0000005e60a00000,0x0000005e60b00000)]
  0x0000023c6a277660 JavaThread "Unconstrained build operations Thread 10" [_thread_blocked, id=9800, stack(0x0000005e60b00000,0x0000005e60c00000)]
  0x0000023c6a277b30 JavaThread "Unconstrained build operations Thread 11" [_thread_blocked, id=9804, stack(0x0000005e60c00000,0x0000005e60d00000)]
  0x0000023c6a2784d0 JavaThread "Unconstrained build operations Thread 12" [_thread_blocked, id=9936, stack(0x0000005e60d00000,0x0000005e60e00000)]
  0x0000023c6a279340 JavaThread "Unconstrained build operations Thread 13" [_thread_blocked, id=9940, stack(0x0000005e60e00000,0x0000005e60f00000)]
  0x0000023c6e970b80 JavaThread "Unconstrained build operations Thread 14" [_thread_blocked, id=9676, stack(0x0000005e60f00000,0x0000005e61000000)]
  0x0000023c6e96be80 JavaThread "Unconstrained build operations Thread 15" [_thread_blocked, id=9684, stack(0x0000005e61000000,0x0000005e61100000)]
  0x0000023c6e96c820 JavaThread "Unconstrained build operations Thread 16" [_thread_blocked, id=9688, stack(0x0000005e61100000,0x0000005e61200000)]
  0x0000023c6e972d30 JavaThread "Unconstrained build operations Thread 17" [_thread_blocked, id=9680, stack(0x0000005e61200000,0x0000005e61300000)]
  0x0000023c6e9719f0 JavaThread "Unconstrained build operations Thread 18" [_thread_blocked, id=9652, stack(0x0000005e61300000,0x0000005e61400000)]
  0x0000023c6e973200 JavaThread "Unconstrained build operations Thread 19" [_thread_blocked, id=10044, stack(0x0000005e61400000,0x0000005e61500000)]
  0x0000023c6e9706b0 JavaThread "Unconstrained build operations Thread 20" [_thread_blocked, id=9640, stack(0x0000005e61500000,0x0000005e61600000)]
  0x0000023c6e96db60 JavaThread "Unconstrained build operations Thread 21" [_thread_blocked, id=9664, stack(0x0000005e61600000,0x0000005e61700000)]
  0x0000023c6e96e9d0 JavaThread "Unconstrained build operations Thread 22" [_thread_blocked, id=10140, stack(0x0000005e61700000,0x0000005e61800000)]
  0x0000023c6e972390 JavaThread "Unconstrained build operations Thread 23" [_thread_blocked, id=10180, stack(0x0000005e61800000,0x0000005e61900000)]
  0x0000023c6e9701e0 JavaThread "Unconstrained build operations Thread 24" [_thread_blocked, id=10176, stack(0x0000005e61900000,0x0000005e61a00000)]
  0x0000023c6e971050 JavaThread "Unconstrained build operations Thread 25" [_thread_blocked, id=10168, stack(0x0000005e61a00000,0x0000005e61b00000)]
  0x0000023c6e971520 JavaThread "Unconstrained build operations Thread 26" [_thread_blocked, id=10172, stack(0x0000005e61b00000,0x0000005e61c00000)]
  0x0000023c6e96f840 JavaThread "Unconstrained build operations Thread 27" [_thread_blocked, id=10164, stack(0x0000005e61c00000,0x0000005e61d00000)]
  0x0000023c6e96c350 JavaThread "Unconstrained build operations Thread 28" [_thread_blocked, id=10160, stack(0x0000005e61d00000,0x0000005e61e00000)]
  0x0000023c6e96fd10 JavaThread "Unconstrained build operations Thread 29" [_thread_blocked, id=10152, stack(0x0000005e61e00000,0x0000005e61f00000)]
  0x0000023c6e96d690 JavaThread "Unconstrained build operations Thread 30" [_thread_blocked, id=10156, stack(0x0000005e61f00000,0x0000005e62000000)]
  0x0000023c6e96d1c0 JavaThread "Unconstrained build operations Thread 31" [_thread_blocked, id=10148, stack(0x0000005e62000000,0x0000005e62100000)]
  0x0000023c6e96e030 JavaThread "Unconstrained build operations Thread 32" [_thread_blocked, id=10228, stack(0x0000005e62100000,0x0000005e62200000)]
  0x0000023c6e96ccf0 JavaThread "Unconstrained build operations Thread 33" [_thread_blocked, id=10232, stack(0x0000005e62200000,0x0000005e62300000)]
  0x0000023c6e96e500 JavaThread "Unconstrained build operations Thread 34" [_thread_blocked, id=10224, stack(0x0000005e62300000,0x0000005e62400000)]
  0x0000023c6e96eea0 JavaThread "Unconstrained build operations Thread 35" [_thread_blocked, id=10220, stack(0x0000005e62400000,0x0000005e62500000)]
  0x0000023c6e96f370 JavaThread "Unconstrained build operations Thread 36" [_thread_blocked, id=10204, stack(0x0000005e62500000,0x0000005e62600000)]
  0x0000023c6e971ec0 JavaThread "Unconstrained build operations Thread 37" [_thread_blocked, id=10216, stack(0x0000005e62600000,0x0000005e62700000)]
  0x0000023c6e972860 JavaThread "Unconstrained build operations Thread 38" [_thread_blocked, id=10200, stack(0x0000005e62700000,0x0000005e62800000)]
  0x0000023c6e96b9b0 JavaThread "Unconstrained build operations Thread 39" [_thread_blocked, id=10188, stack(0x0000005e62800000,0x0000005e62900000)]
  0x0000023c6ccfeb10 JavaThread "Unconstrained build operations Thread 40" [_thread_blocked, id=10136, stack(0x0000005e62900000,0x0000005e62a00000)]
  0x0000023c6ccffe50 JavaThread "build event listener" [_thread_blocked, id=8524, stack(0x0000005e62a00000,0x0000005e62b00000)]
  0x0000023c6ccfb150 JavaThread "Memory manager" [_thread_blocked, id=3388, stack(0x0000005e62b00000,0x0000005e62c00000)]
  0x0000023c6ccf9e10 JavaThread "included builds" [_thread_blocked, id=10512, stack(0x0000005e62c00000,0x0000005e62d00000)]
  0x0000023c6ccfa7b0 JavaThread "Execution worker" [_thread_in_vm, id=10516, stack(0x0000005e62d00000,0x0000005e62e00000)]
  0x0000023c6ccfce30 JavaThread "Execution worker Thread 2" [_thread_blocked, id=10520, stack(0x0000005e62e00000,0x0000005e62f00000)]
  0x0000023c6ccfd7d0 JavaThread "Execution worker Thread 3" [_thread_blocked, id=10524, stack(0x0000005e62f00000,0x0000005e63000000)]
  0x0000023c6ccfd300 JavaThread "Cache worker for execution history cache (D:\AndroidStudioProject\nemuiin_test\.gradle\8.0\executionHistory)" [_thread_blocked, id=10528, stack(0x0000005e63000000,0x0000005e63100000)]
  0x0000023c6e7fdc40 JavaThread "WorkerExecutor Queue" [_thread_blocked, id=10588, stack(0x0000005e63100000,0x0000005e63200000)]
  0x0000023c6e7fc430 JavaThread "RMI Scheduler(0)" daemon [_thread_blocked, id=10848, stack(0x0000005e5f100000,0x0000005e5f200000)]
  0x0000023c6e7fcdd0 JavaThread "RMI RenewClean-[127.0.0.1:17824,org.jetbrains.kotlin.daemon.common.LoopbackNetworkInterface$ClientLoopbackSocketFactory@23bf4611]" daemon [_thread_blocked, id=10852, stack(0x0000005e63200000,0x0000005e63300000)]
  0x0000023c6e801130 JavaThread "RMI GC Daemon" daemon [_thread_blocked, id=10856, stack(0x0000005e63300000,0x0000005e63400000)]
  0x0000023c6e8002c0 JavaThread "RMI TCP Accept-0" daemon [_thread_in_native, id=10864, stack(0x0000005e63400000,0x0000005e63500000)]
  0x0000023c6e7fe110 JavaThread "RMI Reaper" [_thread_blocked, id=10868, stack(0x0000005e63500000,0x0000005e63600000)]
  0x0000023c6e7ffdf0 JavaThread "RMI TCP Connection(2)-127.0.0.1" daemon [_thread_in_native, id=10896, stack(0x0000005e63600000,0x0000005e63700000)]
  0x0000023c6ed998e0 JavaThread "C2 CompilerThread1" daemon [_thread_blocked, id=10260, stack(0x0000005e63900000,0x0000005e63a00000)]

Other Threads:
  0x0000023c68476640 VMThread "VM Thread" [stack: 0x0000005e5d400000,0x0000005e5d500000] [id=9728]
  0x0000023c691aa3a0 WatcherThread [stack: 0x0000005e5e000000,0x0000005e5e100000] [id=9776]
  0x0000023c4ef165a0 GCTaskThread "GC Thread#0" [stack: 0x0000005e5cf00000,0x0000005e5d000000] [id=9708]
  0x0000023c69b9c4b0 GCTaskThread "GC Thread#1" [stack: 0x0000005e5e200000,0x0000005e5e300000] [id=9784]
  0x0000023c6946b330 GCTaskThread "GC Thread#2" [stack: 0x0000005e5e300000,0x0000005e5e400000] [id=9788]
  0x0000023c6a2710c0 GCTaskThread "GC Thread#3" [stack: 0x0000005e5e400000,0x0000005e5e500000] [id=9948]
  0x0000023c4ef274e0 ConcurrentGCThread "G1 Main Marker" [stack: 0x0000005e5d000000,0x0000005e5d100000] [id=9712]
  0x0000023c4ef28690 ConcurrentGCThread "G1 Conc#0" [stack: 0x0000005e5d100000,0x0000005e5d200000] [id=9716]
  0x0000023c4ef8e630 ConcurrentGCThread "G1 Refine#0" [stack: 0x0000005e5d200000,0x0000005e5d300000] [id=9720]
  0x0000023c6a904830 ConcurrentGCThread "G1 Refine#1" [stack: 0x0000005e5fc00000,0x0000005e5fd00000] [id=9280]
  0x0000023c682d01f0 ConcurrentGCThread "G1 Service" [stack: 0x0000005e5d300000,0x0000005e5d400000] [id=9724]

Threads with active compile tasks:
C2 CompilerThread0    46665 12620       4       org.gradle.internal.snapshot.impl.AbstractValueProcessor::processValue (775 bytes)

VM state: not at safepoint (normal execution)

VM Mutex/Monitor currently owned by a thread: None

Heap address: 0x0000000080000000, size: 2048 MB, Compressed Oops mode: 32-bit

CDS archive(s) not mapped
Compressed class space mapped at: 0x0000000100000000-0x0000000140000000, reserved size: 1073741824
Narrow klass base: 0x0000000000000000, Narrow klass shift: 3, Narrow klass range: 0x140000000

GC Precious Log:
 CPUs: 4 total, 4 available
 Memory: 8076M
 Large Page Support: Disabled
 NUMA Support: Disabled
 Compressed Oops: Enabled (32-bit)
 Heap Region Size: 1M
 Heap Min Capacity: 8M
 Heap Initial Capacity: 128M
 Heap Max Capacity: 2G
 Pre-touch: Disabled
 Parallel Workers: 4
 Concurrent Workers: 1
 Concurrent Refinement Workers: 4
 Periodic GC: Disabled

Heap:
 garbage-first heap   total 184320K, used 134517K [0x0000000080000000, 0x0000000100000000)
  region size 1024K, 46 young (47104K), 8 survivors (8192K)
 Metaspace       used 101041K, committed 101824K, reserved 1138688K
  class space    used 13759K, committed 14144K, reserved 1048576K

Heap Regions: E=young(eden), S=young(survivor), O=old, HS=humongous(starts), HC=humongous(continues), CS=collection set, F=free, OA=open archive, CA=closed archive, TAMS=top-at-mark-start (previous, next)
|   0|0x0000000080000000, 0x0000000080100000, 0x0000000080100000|100%| O|  |TAMS 0x0000000080100000, 0x0000000080000000| Untracked 
|   1|0x0000000080100000, 0x0000000080200000, 0x0000000080200000|100%| O|  |TAMS 0x0000000080200000, 0x0000000080100000| Untracked 
|   2|0x0000000080200000, 0x0000000080300000, 0x0000000080300000|100%|HS|  |TAMS 0x0000000080300000, 0x0000000080200000| Complete 
|   3|0x0000000080300000, 0x0000000080400000, 0x0000000080400000|100%|HC|  |TAMS 0x0000000080400000, 0x0000000080300000| Complete 
|   4|0x0000000080400000, 0x0000000080500000, 0x0000000080500000|100%|HC|  |TAMS 0x0000000080500000, 0x0000000080400000| Complete 
|   5|0x0000000080500000, 0x0000000080600000, 0x0000000080600000|100%|HC|  |TAMS 0x0000000080600000, 0x0000000080500000| Complete 
|   6|0x0000000080600000, 0x0000000080700000, 0x0000000080700000|100%| O|  |TAMS 0x0000000080700000, 0x0000000080600000| Untracked 
|   7|0x0000000080700000, 0x0000000080800000, 0x0000000080800000|100%| O|  |TAMS 0x0000000080800000, 0x0000000080700000| Untracked 
|   8|0x0000000080800000, 0x0000000080900000, 0x0000000080900000|100%| O|  |TAMS 0x0000000080900000, 0x0000000080800000| Untracked 
|   9|0x0000000080900000, 0x0000000080a00000, 0x0000000080a00000|100%| O|  |TAMS 0x0000000080a00000, 0x0000000080900000| Untracked 
|  10|0x0000000080a00000, 0x0000000080b00000, 0x0000000080b00000|100%| O|  |TAMS 0x0000000080b00000, 0x0000000080a00000| Untracked 
|  11|0x0000000080b00000, 0x0000000080c00000, 0x0000000080c00000|100%| O|  |TAMS 0x0000000080c00000, 0x0000000080b00000| Untracked 
|  12|0x0000000080c00000, 0x0000000080d00000, 0x0000000080d00000|100%| O|  |TAMS 0x0000000080c00000, 0x0000000080c00000| Untracked 
|  13|0x0000000080d00000, 0x0000000080e00000, 0x0000000080e00000|100%| O|  |TAMS 0x0000000080e00000, 0x0000000080d00000| Untracked 
|  14|0x0000000080e00000, 0x0000000080f00000, 0x0000000080f00000|100%| O|  |TAMS 0x0000000080f00000, 0x0000000080e00000| Untracked 
|  15|0x0000000080f00000, 0x0000000081000000, 0x0000000081000000|100%| O|  |TAMS 0x0000000081000000, 0x0000000080f00000| Untracked 
|  16|0x0000000081000000, 0x0000000081100000, 0x0000000081100000|100%| O|  |TAMS 0x0000000081100000, 0x0000000081000000| Untracked 
|  17|0x0000000081100000, 0x0000000081200000, 0x0000000081200000|100%| O|  |TAMS 0x0000000081200000, 0x0000000081100000| Untracked 
|  18|0x0000000081200000, 0x0000000081300000, 0x0000000081300000|100%| O|  |TAMS 0x0000000081300000, 0x0000000081200000| Untracked 
|  19|0x0000000081300000, 0x0000000081400000, 0x0000000081400000|100%| O|  |TAMS 0x0000000081400000, 0x0000000081300000| Untracked 
|  20|0x0000000081400000, 0x0000000081500000, 0x0000000081500000|100%| O|  |TAMS 0x0000000081500000, 0x0000000081400000| Untracked 
|  21|0x0000000081500000, 0x0000000081600000, 0x0000000081600000|100%| O|  |TAMS 0x0000000081600000, 0x0000000081500000| Untracked 
|  22|0x0000000081600000, 0x0000000081700000, 0x0000000081700000|100%| O|  |TAMS 0x0000000081700000, 0x0000000081600000| Untracked 
|  23|0x0000000081700000, 0x0000000081800000, 0x0000000081800000|100%| O|  |TAMS 0x0000000081800000, 0x0000000081700000| Untracked 
|  24|0x0000000081800000, 0x0000000081900000, 0x0000000081900000|100%| O|  |TAMS 0x0000000081800000, 0x0000000081800000| Untracked 
|  25|0x0000000081900000, 0x0000000081a00000, 0x0000000081a00000|100%| O|  |TAMS 0x0000000081a00000, 0x0000000081900000| Untracked 
|  26|0x0000000081a00000, 0x0000000081b00000, 0x0000000081b00000|100%| O|  |TAMS 0x0000000081b00000, 0x0000000081a00000| Untracked 
|  27|0x0000000081b00000, 0x0000000081c00000, 0x0000000081c00000|100%| O|  |TAMS 0x0000000081c00000, 0x0000000081b00000| Untracked 
|  28|0x0000000081c00000, 0x0000000081d00000, 0x0000000081d00000|100%| O|  |TAMS 0x0000000081d00000, 0x0000000081c00000| Untracked 
|  29|0x0000000081d00000, 0x0000000081e00000, 0x0000000081e00000|100%| O|  |TAMS 0x0000000081e00000, 0x0000000081d00000| Untracked 
|  30|0x0000000081e00000, 0x0000000081f00000, 0x0000000081f00000|100%| O|  |TAMS 0x0000000081f00000, 0x0000000081e00000| Untracked 
|  31|0x0000000081f00000, 0x0000000082000000, 0x0000000082000000|100%| O|  |TAMS 0x0000000082000000, 0x0000000081f00000| Untracked 
|  32|0x0000000082000000, 0x0000000082100000, 0x0000000082100000|100%| O|  |TAMS 0x0000000082100000, 0x0000000082000000| Untracked 
|  33|0x0000000082100000, 0x0000000082200000, 0x0000000082200000|100%|HS|  |TAMS 0x0000000082200000, 0x0000000082100000| Complete 
|  34|0x0000000082200000, 0x0000000082300000, 0x0000000082300000|100%|HS|  |TAMS 0x0000000082300000, 0x0000000082200000| Complete 
|  35|0x0000000082300000, 0x0000000082400000, 0x0000000082400000|100%|HS|  |TAMS 0x0000000082400000, 0x0000000082300000| Complete 
|  36|0x0000000082400000, 0x0000000082500000, 0x0000000082500000|100%|HC|  |TAMS 0x0000000082500000, 0x0000000082400000| Complete 
|  37|0x0000000082500000, 0x0000000082600000, 0x0000000082600000|100%| O|  |TAMS 0x0000000082600000, 0x0000000082500000| Untracked 
|  38|0x0000000082600000, 0x0000000082700000, 0x0000000082700000|100%| O|  |TAMS 0x0000000082700000, 0x0000000082600000| Untracked 
|  39|0x0000000082700000, 0x0000000082800000, 0x0000000082800000|100%| O|  |TAMS 0x0000000082800000, 0x0000000082700000| Untracked 
|  40|0x0000000082800000, 0x0000000082900000, 0x0000000082900000|100%| O|  |TAMS 0x0000000082900000, 0x0000000082800000| Untracked 
|  41|0x0000000082900000, 0x0000000082a00000, 0x0000000082a00000|100%|HS|  |TAMS 0x0000000082a00000, 0x0000000082900000| Complete 
|  42|0x0000000082a00000, 0x0000000082b00000, 0x0000000082b00000|100%|HS|  |TAMS 0x0000000082b00000, 0x0000000082a00000| Complete 
|  43|0x0000000082b00000, 0x0000000082c00000, 0x0000000082c00000|100%|HC|  |TAMS 0x0000000082c00000, 0x0000000082b00000| Complete 
|  44|0x0000000082c00000, 0x0000000082d00000, 0x0000000082d00000|100%|HC|  |TAMS 0x0000000082d00000, 0x0000000082c00000| Complete 
|  45|0x0000000082d00000, 0x0000000082e00000, 0x0000000082e00000|100%|HC|  |TAMS 0x0000000082e00000, 0x0000000082d00000| Complete 
|  46|0x0000000082e00000, 0x0000000082f00000, 0x0000000082f00000|100%| O|  |TAMS 0x0000000082f00000, 0x0000000082e00000| Untracked 
|  47|0x0000000082f00000, 0x0000000083000000, 0x0000000083000000|100%| O|  |TAMS 0x0000000083000000, 0x0000000082f00000| Untracked 
|  48|0x0000000083000000, 0x0000000083100000, 0x0000000083100000|100%| O|  |TAMS 0x0000000083100000, 0x0000000083000000| Untracked 
|  49|0x0000000083100000, 0x0000000083200000, 0x0000000083200000|100%| O|  |TAMS 0x0000000083200000, 0x0000000083100000| Untracked 
|  50|0x0000000083200000, 0x0000000083300000, 0x0000000083300000|100%| O|  |TAMS 0x0000000083300000, 0x0000000083200000| Untracked 
|  51|0x0000000083300000, 0x0000000083400000, 0x0000000083400000|100%| O|  |TAMS 0x0000000083400000, 0x0000000083300000| Untracked 
|  52|0x0000000083400000, 0x0000000083500000, 0x0000000083500000|100%| O|  |TAMS 0x0000000083500000, 0x0000000083400000| Untracked 
|  53|0x0000000083500000, 0x0000000083600000, 0x0000000083600000|100%| O|  |TAMS 0x0000000083600000, 0x0000000083500000| Untracked 
|  54|0x0000000083600000, 0x0000000083700000, 0x0000000083700000|100%| O|  |TAMS 0x0000000083700000, 0x0000000083600000| Untracked 
|  55|0x0000000083700000, 0x0000000083800000, 0x0000000083800000|100%| O|  |TAMS 0x0000000083800000, 0x0000000083700000| Untracked 
|  56|0x0000000083800000, 0x0000000083900000, 0x0000000083900000|100%| O|  |TAMS 0x0000000083837000, 0x0000000083800000| Untracked 
|  57|0x0000000083900000, 0x0000000083a00000, 0x0000000083a00000|100%| O|  |TAMS 0x0000000083900000, 0x0000000083900000| Untracked 
|  58|0x0000000083a00000, 0x0000000083b00000, 0x0000000083b00000|100%| O|  |TAMS 0x0000000083a00000, 0x0000000083a00000| Untracked 
|  59|0x0000000083b00000, 0x0000000083c00000, 0x0000000083c00000|100%| O|  |TAMS 0x0000000083c00000, 0x0000000083b00000| Untracked 
|  60|0x0000000083c00000, 0x0000000083d00000, 0x0000000083d00000|100%| O|  |TAMS 0x0000000083c00000, 0x0000000083c00000| Untracked 
|  61|0x0000000083d00000, 0x0000000083e00000, 0x0000000083e00000|100%| O|  |TAMS 0x0000000083d00000, 0x0000000083d00000| Untracked 
|  62|0x0000000083e00000, 0x0000000083f00000, 0x0000000083f00000|100%| O|  |TAMS 0x0000000083e00000, 0x0000000083e00000| Untracked 
|  63|0x0000000083f00000, 0x0000000084000000, 0x0000000084000000|100%| O|  |TAMS 0x0000000083f00000, 0x0000000083f00000| Untracked 
|  64|0x0000000084000000, 0x0000000084100000, 0x0000000084100000|100%| O|  |TAMS 0x0000000084000000, 0x0000000084000000| Untracked 
|  65|0x0000000084100000, 0x0000000084200000, 0x0000000084200000|100%| O|  |TAMS 0x0000000084100000, 0x0000000084100000| Untracked 
|  66|0x0000000084200000, 0x0000000084300000, 0x0000000084300000|100%| O|  |TAMS 0x0000000084200000, 0x0000000084200000| Untracked 
|  67|0x0000000084300000, 0x0000000084400000, 0x0000000084400000|100%| O|  |TAMS 0x0000000084300000, 0x0000000084300000| Untracked 
|  68|0x0000000084400000, 0x0000000084500000, 0x0000000084500000|100%| O|  |TAMS 0x0000000084400000, 0x0000000084400000| Untracked 
|  69|0x0000000084500000, 0x0000000084600000, 0x0000000084600000|100%| O|  |TAMS 0x0000000084500000, 0x0000000084500000| Untracked 
|  70|0x0000000084600000, 0x0000000084700000, 0x0000000084700000|100%| O|  |TAMS 0x0000000084600000, 0x0000000084600000| Untracked 
|  71|0x0000000084700000, 0x0000000084800000, 0x0000000084800000|100%| O|  |TAMS 0x0000000084700000, 0x0000000084700000| Untracked 
|  72|0x0000000084800000, 0x0000000084900000, 0x0000000084900000|100%| O|  |TAMS 0x0000000084800000, 0x0000000084800000| Untracked 
|  73|0x0000000084900000, 0x0000000084a00000, 0x0000000084a00000|100%| O|  |TAMS 0x0000000084900000, 0x0000000084900000| Untracked 
|  74|0x0000000084a00000, 0x0000000084b00000, 0x0000000084b00000|100%| O|  |TAMS 0x0000000084a00000, 0x0000000084a00000| Untracked 
|  75|0x0000000084b00000, 0x0000000084c00000, 0x0000000084c00000|100%| O|  |TAMS 0x0000000084b00000, 0x0000000084b00000| Untracked 
|  76|0x0000000084c00000, 0x0000000084d00000, 0x0000000084d00000|100%| O|  |TAMS 0x0000000084c00000, 0x0000000084c00000| Untracked 
|  77|0x0000000084d00000, 0x0000000084e00000, 0x0000000084e00000|100%| O|  |TAMS 0x0000000084d00000, 0x0000000084d00000| Untracked 
|  78|0x0000000084e00000, 0x0000000084f00000, 0x0000000084f00000|100%| O|  |TAMS 0x0000000084e00000, 0x0000000084e00000| Untracked 
|  79|0x0000000084f00000, 0x0000000085000000, 0x0000000085000000|100%| O|  |TAMS 0x0000000084f00000, 0x0000000084f00000| Untracked 
|  80|0x0000000085000000, 0x0000000085100000, 0x0000000085100000|100%| O|  |TAMS 0x0000000085000000, 0x0000000085000000| Untracked 
|  81|0x0000000085100000, 0x0000000085200000, 0x0000000085200000|100%| O|  |TAMS 0x0000000085100000, 0x0000000085100000| Untracked 
|  82|0x0000000085200000, 0x0000000085300000, 0x0000000085300000|100%| O|  |TAMS 0x0000000085200000, 0x0000000085200000| Untracked 
|  83|0x0000000085300000, 0x0000000085400000, 0x0000000085400000|100%| O|  |TAMS 0x0000000085300000, 0x0000000085300000| Untracked 
|  84|0x0000000085400000, 0x0000000085500000, 0x0000000085500000|100%| O|  |TAMS 0x0000000085400000, 0x0000000085400000| Untracked 
|  85|0x0000000085500000, 0x0000000085600000, 0x0000000085600000|100%| O|  |TAMS 0x0000000085500000, 0x0000000085500000| Untracked 
|  86|0x0000000085600000, 0x000000008565d600, 0x0000000085700000| 36%| O|  |TAMS 0x0000000085600000, 0x0000000085600000| Untracked 
|  87|0x0000000085700000, 0x0000000085800000, 0x0000000085800000|100%|HS|  |TAMS 0x0000000085700000, 0x0000000085700000| Complete 
|  88|0x0000000085800000, 0x0000000085800000, 0x0000000085900000|  0%| F|  |TAMS 0x0000000085800000, 0x0000000085800000| Untracked 
|  89|0x0000000085900000, 0x0000000085900000, 0x0000000085a00000|  0%| F|  |TAMS 0x0000000085900000, 0x0000000085900000| Untracked 
|  90|0x0000000085a00000, 0x0000000085a00000, 0x0000000085b00000|  0%| F|  |TAMS 0x0000000085a00000, 0x0000000085a00000| Untracked 
|  91|0x0000000085b00000, 0x0000000085b00000, 0x0000000085c00000|  0%| F|  |TAMS 0x0000000085b00000, 0x0000000085b00000| Untracked 
|  92|0x0000000085c00000, 0x0000000085c00000, 0x0000000085d00000|  0%| F|  |TAMS 0x0000000085c00000, 0x0000000085c00000| Untracked 
|  93|0x0000000085d00000, 0x0000000085d00000, 0x0000000085e00000|  0%| F|  |TAMS 0x0000000085d00000, 0x0000000085d00000| Untracked 
|  94|0x0000000085e00000, 0x0000000085e00000, 0x0000000085f00000|  0%| F|  |TAMS 0x0000000085e00000, 0x0000000085e00000| Untracked 
|  95|0x0000000085f00000, 0x0000000085f00000, 0x0000000086000000|  0%| F|  |TAMS 0x0000000085f00000, 0x0000000085f00000| Untracked 
|  96|0x0000000086000000, 0x0000000086000000, 0x0000000086100000|  0%| F|  |TAMS 0x0000000086000000, 0x0000000086000000| Untracked 
|  97|0x0000000086100000, 0x0000000086100000, 0x0000000086200000|  0%| F|  |TAMS 0x0000000086100000, 0x0000000086100000| Untracked 
|  98|0x0000000086200000, 0x0000000086200000, 0x0000000086300000|  0%| F|  |TAMS 0x0000000086200000, 0x0000000086200000| Untracked 
|  99|0x0000000086300000, 0x0000000086300000, 0x0000000086400000|  0%| F|  |TAMS 0x0000000086300000, 0x0000000086300000| Untracked 
| 100|0x0000000086400000, 0x0000000086400000, 0x0000000086500000|  0%| F|  |TAMS 0x0000000086400000, 0x0000000086400000| Untracked 
| 101|0x0000000086500000, 0x0000000086500000, 0x0000000086600000|  0%| F|  |TAMS 0x0000000086500000, 0x0000000086500000| Untracked 
| 102|0x0000000086600000, 0x0000000086600000, 0x0000000086700000|  0%| F|  |TAMS 0x0000000086600000, 0x0000000086600000| Untracked 
| 103|0x0000000086700000, 0x0000000086700000, 0x0000000086800000|  0%| F|  |TAMS 0x0000000086700000, 0x0000000086700000| Untracked 
| 104|0x0000000086800000, 0x0000000086800000, 0x0000000086900000|  0%| F|  |TAMS 0x0000000086800000, 0x0000000086800000| Untracked 
| 105|0x0000000086900000, 0x0000000086900000, 0x0000000086a00000|  0%| F|  |TAMS 0x0000000086900000, 0x0000000086900000| Untracked 
| 106|0x0000000086a00000, 0x0000000086a00000, 0x0000000086b00000|  0%| F|  |TAMS 0x0000000086a00000, 0x0000000086a00000| Untracked 
| 107|0x0000000086b00000, 0x0000000086b00000, 0x0000000086c00000|  0%| F|  |TAMS 0x0000000086b00000, 0x0000000086b00000| Untracked 
| 108|0x0000000086c00000, 0x0000000086c00000, 0x0000000086d00000|  0%| F|  |TAMS 0x0000000086c00000, 0x0000000086c00000| Untracked 
| 109|0x0000000086d00000, 0x0000000086d00000, 0x0000000086e00000|  0%| F|  |TAMS 0x0000000086d00000, 0x0000000086d00000| Untracked 
| 110|0x0000000086e00000, 0x0000000086e00000, 0x0000000086f00000|  0%| F|  |TAMS 0x0000000086e00000, 0x0000000086e00000| Untracked 
| 111|0x0000000086f00000, 0x0000000086f00000, 0x0000000087000000|  0%| F|  |TAMS 0x0000000086f00000, 0x0000000086f00000| Untracked 
| 112|0x0000000087000000, 0x0000000087100000, 0x0000000087100000|100%| S|CS|TAMS 0x0000000087000000, 0x0000000087000000| Complete 
| 113|0x0000000087100000, 0x0000000087200000, 0x0000000087200000|100%| S|CS|TAMS 0x0000000087100000, 0x0000000087100000| Complete 
| 114|0x0000000087200000, 0x0000000087300000, 0x0000000087300000|100%| S|CS|TAMS 0x0000000087200000, 0x0000000087200000| Complete 
| 115|0x0000000087300000, 0x0000000087400000, 0x0000000087400000|100%| S|CS|TAMS 0x0000000087300000, 0x0000000087300000| Complete 
| 116|0x0000000087400000, 0x0000000087500000, 0x0000000087500000|100%| S|CS|TAMS 0x0000000087400000, 0x0000000087400000| Complete 
| 117|0x0000000087500000, 0x0000000087600000, 0x0000000087600000|100%| S|CS|TAMS 0x0000000087500000, 0x0000000087500000| Complete 
| 118|0x0000000087600000, 0x0000000087600000, 0x0000000087700000|  0%| F|  |TAMS 0x0000000087600000, 0x0000000087600000| Untracked 
| 119|0x0000000087700000, 0x0000000087700000, 0x0000000087800000|  0%| F|  |TAMS 0x0000000087700000, 0x0000000087700000| Untracked 
| 120|0x0000000087800000, 0x0000000087800000, 0x0000000087900000|  0%| F|  |TAMS 0x0000000087800000, 0x0000000087800000| Untracked 
| 121|0x0000000087900000, 0x0000000087900000, 0x0000000087a00000|  0%| F|  |TAMS 0x0000000087900000, 0x0000000087900000| Untracked 
| 122|0x0000000087a00000, 0x0000000087a00000, 0x0000000087b00000|  0%| F|  |TAMS 0x0000000087a00000, 0x0000000087a00000| Untracked 
| 123|0x0000000087b00000, 0x0000000087c00000, 0x0000000087c00000|100%| S|CS|TAMS 0x0000000087b00000, 0x0000000087b00000| Complete 
| 124|0x0000000087c00000, 0x0000000087d00000, 0x0000000087d00000|100%| S|CS|TAMS 0x0000000087c00000, 0x0000000087c00000| Complete 
| 125|0x0000000087d00000, 0x0000000087d00000, 0x0000000087e00000|  0%| F|  |TAMS 0x0000000087d00000, 0x0000000087d00000| Untracked 
| 126|0x0000000087e00000, 0x0000000087e00000, 0x0000000087f00000|  0%| F|  |TAMS 0x0000000087e00000, 0x0000000087e00000| Untracked 
| 127|0x0000000087f00000, 0x0000000087f00000, 0x0000000088000000|  0%| F|  |TAMS 0x0000000087f00000, 0x0000000087f00000| Untracked 
| 128|0x0000000088000000, 0x0000000088000000, 0x0000000088100000|  0%| F|  |TAMS 0x0000000088000000, 0x0000000088000000| Untracked 
| 129|0x0000000088100000, 0x0000000088100000, 0x0000000088200000|  0%| F|  |TAMS 0x0000000088100000, 0x0000000088100000| Untracked 
| 130|0x0000000088200000, 0x0000000088200000, 0x0000000088300000|  0%| F|  |TAMS 0x0000000088200000, 0x0000000088200000| Untracked 
| 131|0x0000000088300000, 0x0000000088300000, 0x0000000088400000|  0%| F|  |TAMS 0x0000000088300000, 0x0000000088300000| Untracked 
| 132|0x0000000088400000, 0x0000000088400000, 0x0000000088500000|  0%| F|  |TAMS 0x0000000088400000, 0x0000000088400000| Untracked 
| 133|0x0000000088500000, 0x0000000088500000, 0x0000000088600000|  0%| F|  |TAMS 0x0000000088500000, 0x0000000088500000| Untracked 
| 134|0x0000000088600000, 0x0000000088600000, 0x0000000088700000|  0%| F|  |TAMS 0x0000000088600000, 0x0000000088600000| Untracked 
| 135|0x0000000088700000, 0x0000000088700000, 0x0000000088800000|  0%| F|  |TAMS 0x0000000088700000, 0x0000000088700000| Untracked 
| 136|0x0000000088800000, 0x0000000088800000, 0x0000000088900000|  0%| F|  |TAMS 0x0000000088800000, 0x0000000088800000| Untracked 
| 137|0x0000000088900000, 0x0000000088900000, 0x0000000088a00000|  0%| F|  |TAMS 0x0000000088900000, 0x0000000088900000| Untracked 
| 138|0x0000000088a00000, 0x0000000088a00000, 0x0000000088b00000|  0%| F|  |TAMS 0x0000000088a00000, 0x0000000088a00000| Untracked 
| 139|0x0000000088b00000, 0x0000000088b00000, 0x0000000088c00000|  0%| F|  |TAMS 0x0000000088b00000, 0x0000000088b00000| Untracked 
| 140|0x0000000088c00000, 0x0000000088c00000, 0x0000000088d00000|  0%| F|  |TAMS 0x0000000088c00000, 0x0000000088c00000| Untracked 
| 141|0x0000000088d00000, 0x0000000088d00000, 0x0000000088e00000|  0%| F|  |TAMS 0x0000000088d00000, 0x0000000088d00000| Untracked 
| 142|0x0000000088e00000, 0x0000000088ebf820, 0x0000000088f00000| 74%| E|  |TAMS 0x0000000088e00000, 0x0000000088e00000| Complete 
| 143|0x0000000088f00000, 0x0000000088fda0e8, 0x0000000089000000| 85%| E|  |TAMS 0x0000000088f00000, 0x0000000088f00000| Complete 
| 144|0x0000000089000000, 0x0000000089100000, 0x0000000089100000|100%| E|CS|TAMS 0x0000000089000000, 0x0000000089000000| Complete 
| 145|0x0000000089100000, 0x0000000089200000, 0x0000000089200000|100%| E|CS|TAMS 0x0000000089100000, 0x0000000089100000| Complete 
| 146|0x0000000089200000, 0x0000000089300000, 0x0000000089300000|100%| E|CS|TAMS 0x0000000089200000, 0x0000000089200000| Complete 
| 147|0x0000000089300000, 0x0000000089400000, 0x0000000089400000|100%| E|CS|TAMS 0x0000000089300000, 0x0000000089300000| Complete 
| 148|0x0000000089400000, 0x0000000089500000, 0x0000000089500000|100%| E|CS|TAMS 0x0000000089400000, 0x0000000089400000| Complete 
| 149|0x0000000089500000, 0x0000000089600000, 0x0000000089600000|100%| E|CS|TAMS 0x0000000089500000, 0x0000000089500000| Complete 
| 150|0x0000000089600000, 0x0000000089700000, 0x0000000089700000|100%| E|CS|TAMS 0x0000000089600000, 0x0000000089600000| Complete 
| 151|0x0000000089700000, 0x0000000089800000, 0x0000000089800000|100%| E|CS|TAMS 0x0000000089700000, 0x0000000089700000| Complete 
| 152|0x0000000089800000, 0x0000000089900000, 0x0000000089900000|100%| E|CS|TAMS 0x0000000089800000, 0x0000000089800000| Complete 
| 153|0x0000000089900000, 0x0000000089a00000, 0x0000000089a00000|100%| E|CS|TAMS 0x0000000089900000, 0x0000000089900000| Complete 
| 154|0x0000000089a00000, 0x0000000089b00000, 0x0000000089b00000|100%| E|CS|TAMS 0x0000000089a00000, 0x0000000089a00000| Complete 
| 155|0x0000000089b00000, 0x0000000089c00000, 0x0000000089c00000|100%| E|CS|TAMS 0x0000000089b00000, 0x0000000089b00000| Complete 
| 156|0x0000000089c00000, 0x0000000089d00000, 0x0000000089d00000|100%| E|CS|TAMS 0x0000000089c00000, 0x0000000089c00000| Complete 
| 157|0x0000000089d00000, 0x0000000089e00000, 0x0000000089e00000|100%| E|CS|TAMS 0x0000000089d00000, 0x0000000089d00000| Complete 
| 158|0x0000000089e00000, 0x0000000089f00000, 0x0000000089f00000|100%| E|CS|TAMS 0x0000000089e00000, 0x0000000089e00000| Complete 
| 159|0x0000000089f00000, 0x000000008a000000, 0x000000008a000000|100%| E|CS|TAMS 0x0000000089f00000, 0x0000000089f00000| Complete 
| 160|0x000000008a000000, 0x000000008a100000, 0x000000008a100000|100%| E|CS|TAMS 0x000000008a000000, 0x000000008a000000| Complete 
| 161|0x000000008a100000, 0x000000008a200000, 0x000000008a200000|100%| E|CS|TAMS 0x000000008a100000, 0x000000008a100000| Complete 
| 162|0x000000008a200000, 0x000000008a300000, 0x000000008a300000|100%| E|CS|TAMS 0x000000008a200000, 0x000000008a200000| Complete 
| 163|0x000000008a300000, 0x000000008a400000, 0x000000008a400000|100%| E|CS|TAMS 0x000000008a300000, 0x000000008a300000| Complete 
| 164|0x000000008a400000, 0x000000008a500000, 0x000000008a500000|100%| E|CS|TAMS 0x000000008a400000, 0x000000008a400000| Complete 
| 165|0x000000008a500000, 0x000000008a600000, 0x000000008a600000|100%| E|CS|TAMS 0x000000008a500000, 0x000000008a500000| Complete 
| 166|0x000000008a600000, 0x000000008a700000, 0x000000008a700000|100%| E|CS|TAMS 0x000000008a600000, 0x000000008a600000| Complete 
| 167|0x000000008a700000, 0x000000008a800000, 0x000000008a800000|100%| E|CS|TAMS 0x000000008a700000, 0x000000008a700000| Complete 
| 168|0x000000008a800000, 0x000000008a900000, 0x000000008a900000|100%| E|CS|TAMS 0x000000008a800000, 0x000000008a800000| Complete 
| 169|0x000000008a900000, 0x000000008aa00000, 0x000000008aa00000|100%| E|CS|TAMS 0x000000008a900000, 0x000000008a900000| Complete 
| 170|0x000000008aa00000, 0x000000008ab00000, 0x000000008ab00000|100%| E|CS|TAMS 0x000000008aa00000, 0x000000008aa00000| Complete 
| 171|0x000000008ab00000, 0x000000008ac00000, 0x000000008ac00000|100%| E|CS|TAMS 0x000000008ab00000, 0x000000008ab00000| Complete 
| 172|0x000000008ac00000, 0x000000008ad00000, 0x000000008ad00000|100%| E|CS|TAMS 0x000000008ac00000, 0x000000008ac00000| Complete 
| 173|0x000000008ad00000, 0x000000008ae00000, 0x000000008ae00000|100%| E|CS|TAMS 0x000000008ad00000, 0x000000008ad00000| Complete 
| 174|0x000000008ae00000, 0x000000008af00000, 0x000000008af00000|100%| E|CS|TAMS 0x000000008ae00000, 0x000000008ae00000| Complete 
| 175|0x000000008af00000, 0x000000008b000000, 0x000000008b000000|100%| E|CS|TAMS 0x000000008af00000, 0x000000008af00000| Complete 
| 176|0x000000008b000000, 0x000000008b100000, 0x000000008b100000|100%| E|CS|TAMS 0x000000008b000000, 0x000000008b000000| Complete 
| 177|0x000000008b100000, 0x000000008b200000, 0x000000008b200000|100%| E|CS|TAMS 0x000000008b100000, 0x000000008b100000| Complete 
| 178|0x000000008b200000, 0x000000008b300000, 0x000000008b300000|100%| E|CS|TAMS 0x000000008b200000, 0x000000008b200000| Complete 
| 179|0x000000008b300000, 0x000000008b400000, 0x000000008b400000|100%| E|CS|TAMS 0x000000008b300000, 0x000000008b300000| Complete 

Card table byte_map: [0x0000023c61790000,0x0000023c61b90000] _byte_map_base: 0x0000023c61390000

Marking Bits (Prev, Next): (CMBitMap*) 0x0000023c4ef16bb0, (CMBitMap*) 0x0000023c4ef16bf0
 Prev Bits: [0x0000023c61f90000, 0x0000023c63f90000)
 Next Bits: [0x0000023c63f90000, 0x0000023c65f90000)

Polling page: 0x0000023c4cdc0000

Metaspace:

Usage:
  Non-class:     85.24 MB used.
      Class:     13.44 MB used.
       Both:     98.67 MB used.

Virtual space:
  Non-class space:       88.00 MB reserved,      85.62 MB ( 97%) committed,  11 nodes.
      Class space:        1.00 GB reserved,      13.81 MB (  1%) committed,  1 nodes.
             Both:        1.09 GB reserved,      99.44 MB (  9%) committed. 

Chunk freelists:
   Non-Class:  1.95 MB
       Class:  2.06 MB
        Both:  4.01 MB

MaxMetaspaceSize: unlimited
CompressedClassSpaceSize: 1.00 GB
Initial GC threshold: 21.00 MB
Current GC threshold: 112.94 MB
CDS: off
MetaspaceReclaimPolicy: balanced
 - commit_granule_bytes: 65536.
 - commit_granule_words: 8192.
 - virtual_space_node_default_size: 1048576.
 - enlarge_chunks_in_place: 1.
 - new_chunks_are_fully_committed: 0.
 - uncommit_free_chunks: 1.
 - use_allocation_guard: 0.
 - handle_deallocations: 1.


Internal statistics:

num_allocs_failed_limit: 6.
num_arena_births: 1196.
num_arena_deaths: 0.
num_vsnodes_births: 12.
num_vsnodes_deaths: 0.
num_space_committed: 1590.
num_space_uncommitted: 0.
num_chunks_returned_to_freelist: 6.
num_chunks_taken_from_freelist: 5026.
num_chunk_merges: 3.
num_chunk_splits: 3280.
num_chunks_enlarged: 2118.
num_purges: 0.
num_inconsistent_stats: 0.

CodeHeap 'non-profiled nmethods': size=120000Kb used=6365Kb max_used=6365Kb free=113634Kb
 bounds [0x0000023c59e60000, 0x0000023c5a4a0000, 0x0000023c61390000]
CodeHeap 'profiled nmethods': size=120000Kb used=22571Kb max_used=22571Kb free=97429Kb
 bounds [0x0000023c52390000, 0x0000023c539a0000, 0x0000023c598c0000]
CodeHeap 'non-nmethods': size=5760Kb used=2419Kb max_used=2471Kb free=3340Kb
 bounds [0x0000023c598c0000, 0x0000023c59b50000, 0x0000023c59e60000]
 total_blobs=12073 nmethods=11111 adapters=874
 compilation: enabled
              stopped_count=0, restarted_count=0
 full_count=0

Compilation events (20 events):
Event: 46.551 Thread 0x0000023c69015c50 12633       3       org.gradle.execution.plan.ExecutionNodeAccessHierarchy::getNodesAccessing (17 bytes)
Event: 46.552 Thread 0x0000023c69015c50 nmethod 12633 0x0000023c53994390 code [0x0000023c53994620, 0x0000023c53995398]
Event: 46.552 Thread 0x0000023c69015c50 12634       3       org.gradle.execution.plan.MissingTaskDependencyDetector::collectValidationProblemsForConsumer (44 bytes)
Event: 46.554 Thread 0x0000023c69015c50 nmethod 12634 0x0000023c53995910 code [0x0000023c53995be0, 0x0000023c53996cd8]
Event: 46.555 Thread 0x0000023c69015c50 12635       3       org.gradle.api.internal.tasks.properties.CompositePropertyVisitor::visitInputProperty (45 bytes)
Event: 46.556 Thread 0x0000023c69015c50 nmethod 12635 0x0000023c53997290 code [0x0000023c53997440, 0x0000023c53997708]
Event: 46.563 Thread 0x0000023c69015c50 12636       3       org.gradle.api.internal.tasks.properties.GetInputPropertiesVisitor::visitInputProperty (18 bytes)
Event: 46.564 Thread 0x0000023c69015c50 nmethod 12636 0x0000023c53997890 code [0x0000023c53997a60, 0x0000023c53997dc8]
Event: 46.564 Thread 0x0000023c69015c50 12637       3       org.gradle.api.internal.tasks.properties.DefaultTaskProperties$ValidationVisitor::visitInputProperty (24 bytes)
Event: 46.564 Thread 0x0000023c69015c50 nmethod 12637 0x0000023c53997f90 code [0x0000023c53998140, 0x0000023c539983b8]
Event: 46.564 Thread 0x0000023c69015c50 12638       3       org.gradle.api.internal.file.DefaultFileCollectionFactory::resolving (9 bytes)
Event: 46.565 Thread 0x0000023c69015c50 nmethod 12638 0x0000023c53998510 code [0x0000023c53998700, 0x0000023c53998d48]
Event: 46.571 Thread 0x0000023c69015c50 12639       3       org.gradle.execution.plan.ValuedVfsHierarchy$1::handleAsDescendantOfChild (10 bytes)
Event: 46.571 Thread 0x0000023c69015c50 nmethod 12639 0x0000023c53998f10 code [0x0000023c539990c0, 0x0000023c539993c8]
Event: 46.593 Thread 0x0000023c6ed998e0 nmethod 12630 0x0000023c5a491b10 code [0x0000023c5a491dc0, 0x0000023c5a492e10]
Event: 46.593 Thread 0x0000023c6ed998e0 12631       4       com.google.common.collect.ImmutableMapEntrySet::size (8 bytes)
Event: 46.595 Thread 0x0000023c6ed998e0 nmethod 12631 0x0000023c5a493f90 code [0x0000023c5a494120, 0x0000023c5a494298]
Event: 46.595 Thread 0x0000023c6ed998e0 12625       4       java.util.LinkedHashMap$LinkedEntrySet::iterator (12 bytes)
Event: 46.597 Thread 0x0000023c6ed998e0 nmethod 12625 0x0000023c5a494410 code [0x0000023c5a4945a0, 0x0000023c5a494778]
Event: 46.597 Thread 0x0000023c6ed998e0 12628       4       com.google.common.cache.LocalCache$Segment::setValue (82 bytes)

GC Heap History (20 events):
Event: 13.799 GC heap before
{Heap before GC invocations=26 (full 0):
 garbage-first heap   total 121856K, used 60007K [0x0000000080000000, 0x0000000100000000)
  region size 1024K, 5 young (5120K), 3 survivors (3072K)
 Metaspace       used 65420K, committed 65920K, reserved 1114112K
  class space    used 8688K, committed 8896K, reserved 1048576K
}
Event: 13.806 GC heap after
{Heap after GC invocations=27 (full 0):
 garbage-first heap   total 121856K, used 58062K [0x0000000080000000, 0x0000000100000000)
  region size 1024K, 1 young (1024K), 1 survivors (1024K)
 Metaspace       used 65420K, committed 65920K, reserved 1114112K
  class space    used 8688K, committed 8896K, reserved 1048576K
}
Event: 14.800 GC heap before
{Heap before GC invocations=27 (full 0):
 garbage-first heap   total 121856K, used 90830K [0x0000000080000000, 0x0000000100000000)
  region size 1024K, 33 young (33792K), 1 survivors (1024K)
 Metaspace       used 68618K, committed 69248K, reserved 1114112K
  class space    used 9089K, committed 9408K, reserved 1048576K
}
Event: 14.807 GC heap after
{Heap after GC invocations=28 (full 0):
 garbage-first heap   total 121856K, used 60301K [0x0000000080000000, 0x0000000100000000)
  region size 1024K, 3 young (3072K), 3 survivors (3072K)
 Metaspace       used 68618K, committed 69248K, reserved 1114112K
  class space    used 9089K, committed 9408K, reserved 1048576K
}
Event: 15.761 GC heap before
{Heap before GC invocations=29 (full 0):
 garbage-first heap   total 121856K, used 93069K [0x0000000080000000, 0x0000000100000000)
  region size 1024K, 35 young (35840K), 3 survivors (3072K)
 Metaspace       used 72061K, committed 72640K, reserved 1114112K
  class space    used 9568K, committed 9856K, reserved 1048576K
}
Event: 15.771 GC heap after
{Heap after GC invocations=30 (full 0):
 garbage-first heap   total 121856K, used 62413K [0x0000000080000000, 0x0000000100000000)
  region size 1024K, 5 young (5120K), 5 survivors (5120K)
 Metaspace       used 72061K, committed 72640K, reserved 1114112K
  class space    used 9568K, committed 9856K, reserved 1048576K
}
Event: 15.795 GC heap before
{Heap before GC invocations=30 (full 0):
 garbage-first heap   total 121856K, used 63437K [0x0000000080000000, 0x0000000100000000)
  region size 1024K, 6 young (6144K), 5 survivors (5120K)
 Metaspace       used 72181K, committed 72704K, reserved 1114112K
  class space    used 9586K, committed 9856K, reserved 1048576K
}
Event: 15.806 GC heap after
{Heap after GC invocations=31 (full 0):
 garbage-first heap   total 184320K, used 62756K [0x0000000080000000, 0x0000000100000000)
  region size 1024K, 1 young (1024K), 1 survivors (1024K)
 Metaspace       used 72181K, committed 72704K, reserved 1114112K
  class space    used 9586K, committed 9856K, reserved 1048576K
}
Event: 17.316 GC heap before
{Heap before GC invocations=31 (full 0):
 garbage-first heap   total 184320K, used 132388K [0x0000000080000000, 0x0000000100000000)
  region size 1024K, 69 young (70656K), 1 survivors (1024K)
 Metaspace       used 78925K, committed 79552K, reserved 1122304K
  class space    used 10535K, committed 10816K, reserved 1048576K
}
Event: 17.324 GC heap after
{Heap after GC invocations=32 (full 0):
 garbage-first heap   total 184320K, used 66178K [0x0000000080000000, 0x0000000100000000)
  region size 1024K, 5 young (5120K), 5 survivors (5120K)
 Metaspace       used 78925K, committed 79552K, reserved 1122304K
  class space    used 10535K, committed 10816K, reserved 1048576K
}
Event: 19.277 GC heap before
{Heap before GC invocations=32 (full 0):
 garbage-first heap   total 184320K, used 138882K [0x0000000080000000, 0x0000000100000000)
  region size 1024K, 76 young (77824K), 5 survivors (5120K)
 Metaspace       used 86503K, committed 87104K, reserved 1130496K
  class space    used 11740K, committed 12032K, reserved 1048576K
}
Event: 19.296 GC heap after
{Heap after GC invocations=33 (full 0):
 garbage-first heap   total 184320K, used 71688K [0x0000000080000000, 0x0000000100000000)
  region size 1024K, 10 young (10240K), 10 survivors (10240K)
 Metaspace       used 86503K, committed 87104K, reserved 1130496K
  class space    used 11740K, committed 12032K, reserved 1048576K
}
Event: 20.860 GC heap before
{Heap before GC invocations=33 (full 0):
 garbage-first heap   total 184320K, used 142344K [0x0000000080000000, 0x0000000100000000)
  region size 1024K, 79 young (80896K), 10 survivors (10240K)
 Metaspace       used 92769K, committed 93440K, reserved 1130496K
  class space    used 12628K, committed 12928K, reserved 1048576K
}
Event: 20.886 GC heap after
{Heap after GC invocations=34 (full 0):
 garbage-first heap   total 184320K, used 78962K [0x0000000080000000, 0x0000000100000000)
  region size 1024K, 8 young (8192K), 8 survivors (8192K)
 Metaspace       used 92769K, committed 93440K, reserved 1130496K
  class space    used 12628K, committed 12928K, reserved 1048576K
}
Event: 22.672 GC heap before
{Heap before GC invocations=34 (full 0):
 garbage-first heap   total 184320K, used 143474K [0x0000000080000000, 0x0000000100000000)
  region size 1024K, 72 young (73728K), 8 survivors (8192K)
 Metaspace       used 94761K, committed 95360K, reserved 1138688K
  class space    used 12947K, committed 13248K, reserved 1048576K
}
Event: 22.696 GC heap after
{Heap after GC invocations=35 (full 0):
 garbage-first heap   total 184320K, used 87382K [0x0000000080000000, 0x0000000100000000)
  region size 1024K, 8 young (8192K), 8 survivors (8192K)
 Metaspace       used 94761K, committed 95360K, reserved 1138688K
  class space    used 12947K, committed 13248K, reserved 1048576K
}
Event: 24.528 GC heap before
{Heap before GC invocations=35 (full 0):
 garbage-first heap   total 184320K, used 144726K [0x0000000080000000, 0x0000000100000000)
  region size 1024K, 65 young (66560K), 8 survivors (8192K)
 Metaspace       used 95790K, committed 96384K, reserved 1138688K
  class space    used 13023K, committed 13312K, reserved 1048576K
}
Event: 24.560 GC heap after
{Heap after GC invocations=36 (full 0):
 garbage-first heap   total 184320K, used 91861K [0x0000000080000000, 0x0000000100000000)
  region size 1024K, 5 young (5120K), 5 survivors (5120K)
 Metaspace       used 95790K, committed 96384K, reserved 1138688K
  class space    used 13023K, committed 13312K, reserved 1048576K
}
Event: 26.277 GC heap before
{Heap before GC invocations=36 (full 0):
 garbage-first heap   total 184320K, used 147157K [0x0000000080000000, 0x0000000100000000)
  region size 1024K, 60 young (61440K), 5 survivors (5120K)
 Metaspace       used 99351K, committed 100096K, reserved 1138688K
  class space    used 13508K, committed 13824K, reserved 1048576K
}
Event: 26.298 GC heap after
{Heap after GC invocations=37 (full 0):
 garbage-first heap   total 184320K, used 96629K [0x0000000080000000, 0x0000000100000000)
  region size 1024K, 8 young (8192K), 8 survivors (8192K)
 Metaspace       used 99351K, committed 100096K, reserved 1138688K
  class space    used 13508K, committed 13824K, reserved 1048576K
}

Dll operation events (2 events):
Event: 0.006 Loaded shared library D:\Android\jbr\bin\java.dll
Event: 0.539 Loaded shared library D:\Android\jbr\bin\verify.dll

Deoptimization events (20 events):
Event: 46.210 Thread 0x0000023c6ccfd300 DEOPT PACKING pc=0x0000023c5a239010 sp=0x0000005e630fe4a0
Event: 46.211 Thread 0x0000023c6ccfd300 DEOPT UNPACKING pc=0x0000023c599169a3 sp=0x0000005e630fe420 mode 2
Event: 46.213 Thread 0x0000023c6ccfd300 Uncommon trap: trap_request=0xffffff45 fr.pc=0x0000023c59fc1114 relative=0x0000000000000834
Event: 46.213 Thread 0x0000023c6ccfd300 Uncommon trap: reason=unstable_if action=reinterpret pc=0x0000023c59fc1114 method=com.esotericsoftware.kryo.io.Output.writeVarLong(JZ)I @ 55 c2
Event: 46.213 Thread 0x0000023c6ccfd300 DEOPT PACKING pc=0x0000023c59fc1114 sp=0x0000005e630fd1c0
Event: 46.213 Thread 0x0000023c6ccfd300 DEOPT UNPACKING pc=0x0000023c599169a3 sp=0x0000005e630fd190 mode 2
Event: 46.214 Thread 0x0000023c6ccfd300 DEOPT PACKING pc=0x0000023c53976331 sp=0x0000005e630fd120
Event: 46.214 Thread 0x0000023c6ccfd300 DEOPT UNPACKING pc=0x0000023c59917143 sp=0x0000005e630fc5c0 mode 0
Event: 46.214 Thread 0x0000023c6ccfd300 Uncommon trap: trap_request=0xffffff45 fr.pc=0x0000023c5a485668 relative=0x00000000000003a8
Event: 46.214 Thread 0x0000023c6ccfd300 Uncommon trap: reason=unstable_if action=reinterpret pc=0x0000023c5a485668 method=java.io.BufferedOutputStream.write([BII)V @ 6 c2
Event: 46.214 Thread 0x0000023c6ccfd300 DEOPT PACKING pc=0x0000023c5a485668 sp=0x0000005e630fe630
Event: 46.214 Thread 0x0000023c6ccfd300 DEOPT UNPACKING pc=0x0000023c599169a3 sp=0x0000005e630fe570 mode 2
Event: 46.412 Thread 0x0000023c6a7c8ba0 DEOPT PACKING pc=0x0000023c53976331 sp=0x0000005e5f7fe970
Event: 46.412 Thread 0x0000023c6a7c8ba0 DEOPT UNPACKING pc=0x0000023c59917143 sp=0x0000005e5f7fde10 mode 0
Event: 46.413 Thread 0x0000023c6ccfa7b0 Uncommon trap: trap_request=0xffffff45 fr.pc=0x0000023c5a201048 relative=0x00000000000008e8
Event: 46.413 Thread 0x0000023c6ccfa7b0 Uncommon trap: reason=unstable_if action=reinterpret pc=0x0000023c5a201048 method=org.gradle.internal.snapshot.VfsRelativePath.lengthOfCommonPrefix(Ljava/lang/String;Lorg/gradle/internal/snapshot/CaseSensitivity;)I @ 165 c2
Event: 46.413 Thread 0x0000023c6ccfa7b0 DEOPT PACKING pc=0x0000023c5a201048 sp=0x0000005e62dfb1e0
Event: 46.413 Thread 0x0000023c6ccfa7b0 DEOPT UNPACKING pc=0x0000023c599169a3 sp=0x0000005e62dfb170 mode 2
Event: 46.519 Thread 0x0000023c6a7c6520 DEOPT PACKING pc=0x0000023c53976331 sp=0x0000005e5e1fe9d0
Event: 46.519 Thread 0x0000023c6a7c6520 DEOPT UNPACKING pc=0x0000023c59917143 sp=0x0000005e5e1fde70 mode 0

Classes unloaded (0 events):
No events

Classes redefined (0 events):
No events

Internal exceptions (20 events):
Event: 26.316 Thread 0x0000023c6e7fdc40 Exception <a 'java/lang/NoSuchMethodError'{0x000000008b296768}: 'java.lang.Object java.lang.invoke.DirectMethodHandle$Holder.newInvokeSpecial(java.lang.Object, long)'> (0x000000008b296768) 
thrown [s\src\hotspot\share\interpreter\linkResolver.cpp, line 771]
Event: 26.318 Thread 0x0000023c6e7fdc40 Exception <a 'java/lang/NoSuchMethodError'{0x000000008b29d428}: 'java.lang.Object java.lang.invoke.DirectMethodHandle$Holder.invokeStatic(java.lang.Object, java.lang.Object, long, java.lang.Object)'> (0x000000008b29d428) 
thrown [s\src\hotspot\share\interpreter\linkResolver.cpp, line 771]
Event: 26.319 Thread 0x0000023c6e7fdc40 Exception <a 'java/lang/NoSuchMethodError'{0x000000008b2d5208}: 'java.lang.Object java.lang.invoke.DirectMethodHandle$Holder.invokeStaticInit(java.lang.Object, java.lang.Object, long, java.lang.Object)'> (0x000000008b2d5208) 
thrown [s\src\hotspot\share\interpreter\linkResolver.cpp, line 771]
Event: 26.506 Thread 0x0000023c6ccfd7d0 Exception <a 'sun/nio/fs/WindowsException'{0x000000008a6d9990}> (0x000000008a6d9990) 
thrown [s\src\hotspot\share\prims\jni.cpp, line 517]
Event: 26.597 Thread 0x0000023c6ccfd7d0 Exception <a 'sun/nio/fs/WindowsException'{0x0000000089f6fed0}> (0x0000000089f6fed0) 
thrown [s\src\hotspot\share\prims\jni.cpp, line 517]
Event: 27.955 Thread 0x0000023c6e7fdc40 Exception <a 'java/lang/NoSuchMethodError'{0x0000000089ede788}: static Lorg/jetbrains/kotlin/daemon/common/LoopbackNetworkInterface$AbstractClientLoopbackSocketFactory;.<clinit>()V> (0x0000000089ede788) 
thrown [s\src\hotspot\share\prims\jni.cpp, line 1108]
Event: 27.956 Thread 0x0000023c6e7fdc40 Exception <a 'java/lang/NoSuchMethodError'{0x0000000089ee9ea8}: static Lorg/jetbrains/kotlin/daemon/common/LoopbackNetworkInterface$ClientLoopbackSocketFactory;.<clinit>()V> (0x0000000089ee9ea8) 
thrown [s\src\hotspot\share\prims\jni.cpp, line 1108]
Event: 27.969 Thread 0x0000023c6e7fdc40 Exception <a 'java/lang/NoSuchMethodError'{0x0000000089d44808}: static [Ljava/rmi/server/ObjID;.<clinit>()V> (0x0000000089d44808) 
thrown [s\src\hotspot\share\prims\jni.cpp, line 1108]
Event: 27.971 Thread 0x0000023c6e7fdc40 Exception <a 'java/lang/NoSuchMethodError'{0x0000000089d66e80}: static [B.<clinit>()V> (0x0000000089d66e80) 
thrown [s\src\hotspot\share\prims\jni.cpp, line 1108]
Event: 27.980 Thread 0x0000023c6e7fcdd0 Exception <a 'java/lang/InterruptedException'{0x0000000089d77360}> (0x0000000089d77360) 
thrown [s\src\hotspot\share\runtime\objectMonitor.cpp, line 1648]
Event: 27.980 Thread 0x0000023c6e7fcdd0 Exception <a 'java/lang/NoSuchMethodError'{0x0000000089d7fb30}: 'java.lang.Object java.lang.invoke.DirectMethodHandle$Holder.newInvokeSpecial(java.lang.Object, java.lang.Object, int, java.lang.Object, long)'> (0x0000000089d7fb30) 
thrown [s\src\hotspot\share\interpreter\linkResolver.cpp, line 771]
Event: 28.000 Thread 0x0000023c6e7fdc40 Exception <a 'java/lang/NoSuchMethodError'{0x0000000089dafad8}: static Lorg/jetbrains/kotlin/daemon/common/CompileService$CallResult;.<clinit>()V> (0x0000000089dafad8) 
thrown [s\src\hotspot\share\prims\jni.cpp, line 1108]
Event: 28.000 Thread 0x0000023c6e7fdc40 Exception <a 'java/lang/NoSuchMethodError'{0x0000000089dbb498}: static Lorg/jetbrains/kotlin/daemon/common/CompileService$CallResult$Good;.<clinit>()V> (0x0000000089dbb498) 
thrown [s\src\hotspot\share\prims\jni.cpp, line 1108]
Event: 28.001 Thread 0x0000023c6e7fdc40 Exception <a 'java/lang/NoSuchMethodError'{0x0000000089dc8328}: static Lorg/jetbrains/kotlin/daemon/common/DaemonJVMOptions;.<clinit>()V> (0x0000000089dc8328) 
thrown [s\src\hotspot\share\prims\jni.cpp, line 1108]
Event: 28.007 Thread 0x0000023c6e7fdc40 Exception <a 'java/lang/NoSuchMethodError'{0x0000000089ddec88}: static Lorg/jetbrains/kotlin/daemon/common/CompileService$CallResult$Ok;.<clinit>()V> (0x0000000089ddec88) 
thrown [s\src\hotspot\share\prims\jni.cpp, line 1108]
Event: 28.040 Thread 0x0000023c6e7fdc40 Exception <a 'java/lang/NoSuchMethodError'{0x0000000089cdaaf0}: static [Ljava/lang/Integer;.<clinit>()V> (0x0000000089cdaaf0) 
thrown [s\src\hotspot\share\prims\jni.cpp, line 1108]
Event: 46.219 Thread 0x0000023c6a7c6ec0 Exception <a 'java/lang/NoSuchMethodError'{0x00000000897a33b8}: static [Ljava/lang/Object;.<clinit>()V> (0x00000000897a33b8) 
thrown [s\src\hotspot\share\prims\jni.cpp, line 1108]
Event: 46.227 Thread 0x0000023c6ccfa7b0 Exception <a 'sun/nio/fs/WindowsException'{0x000000008972fe88}> (0x000000008972fe88) 
thrown [s\src\hotspot\share\prims\jni.cpp, line 517]
Event: 46.227 Thread 0x0000023c6ccfa7b0 Exception <a 'sun/nio/fs/WindowsException'{0x0000000089731cc0}> (0x0000000089731cc0) 
thrown [s\src\hotspot\share\prims\jni.cpp, line 517]
Event: 46.228 Thread 0x0000023c6ccfa7b0 Exception <a 'sun/nio/fs/WindowsException'{0x0000000089733850}> (0x0000000089733850) 
thrown [s\src\hotspot\share\prims\jni.cpp, line 517]

VM Operations (20 events):
Event: 27.804 Executing VM operation: HandshakeAllThreads
Event: 27.804 Executing VM operation: HandshakeAllThreads done
Event: 27.988 Executing VM operation: HandshakeAllThreads
Event: 27.988 Executing VM operation: HandshakeAllThreads done
Event: 28.988 Executing VM operation: Cleanup
Event: 28.988 Executing VM operation: Cleanup done
Event: 30.989 Executing VM operation: Cleanup
Event: 30.989 Executing VM operation: Cleanup done
Event: 32.990 Executing VM operation: Cleanup
Event: 32.991 Executing VM operation: Cleanup done
Event: 43.996 Executing VM operation: Cleanup
Event: 43.996 Executing VM operation: Cleanup done
Event: 45.998 Executing VM operation: Cleanup
Event: 45.998 Executing VM operation: Cleanup done
Event: 46.206 Executing VM operation: HandshakeAllThreads
Event: 46.206 Executing VM operation: HandshakeAllThreads done
Event: 46.208 Executing VM operation: HandshakeAllThreads
Event: 46.208 Executing VM operation: HandshakeAllThreads done
Event: 46.212 Executing VM operation: HandshakeAllThreads
Event: 46.212 Executing VM operation: HandshakeAllThreads done

Events (20 events):
Event: 28.051 loading class java/rmi/server/ServerNotActiveException
Event: 28.051 loading class java/rmi/server/ServerNotActiveException done
Event: 28.056 loading class sun/rmi/transport/DGCAckHandler
Event: 28.056 loading class sun/rmi/transport/DGCAckHandler done
Event: 28.061 loading class sun/rmi/transport/DGCAckHandler$1
Event: 28.061 loading class sun/rmi/transport/DGCAckHandler$1 done
Event: 28.124 loading class sun/rmi/transport/tcp/TCPTransport$ConnectionHandler
Event: 28.125 loading class sun/rmi/transport/tcp/TCPTransport$ConnectionHandler done
Event: 28.125 Thread 0x0000023c6e7ffdf0 Thread added: 0x0000023c6e7ffdf0
Event: 28.139 loading class sun/rmi/transport/Transport$1
Event: 28.139 loading class sun/rmi/transport/Transport$1 done
Event: 28.140 loading class sun/rmi/transport/DGCImpl$LeaseInfo
Event: 28.140 loading class sun/rmi/transport/DGCImpl$LeaseInfo done
Event: 28.140 loading class sun/rmi/transport/DGCImpl$1
Event: 28.141 loading class sun/rmi/transport/DGCImpl$1 done
Event: 28.141 loading class sun/rmi/transport/SequenceEntry
Event: 28.141 loading class sun/rmi/transport/SequenceEntry done
Event: 46.162 Thread 0x0000023c6ed9a300 Thread added: 0x0000023c6ed9a300
Event: 46.339 Thread 0x0000023c6ed9a300 Thread exited: 0x0000023c6ed9a300
Event: 46.416 Thread 0x0000023c6ed998e0 Thread added: 0x0000023c6ed998e0


Dynamic libraries:
0x00007ff672e60000 - 0x00007ff672e6a000 	D:\Android\jbr\bin\java.exe
0x00007ff93f400000 - 0x00007ff93f609000 	C:\Windows\SYSTEM32\ntdll.dll
0x00007ff93e310000 - 0x00007ff93e3cd000 	C:\Windows\System32\KERNEL32.DLL
0x00007ff93cf20000 - 0x00007ff93d294000 	C:\Windows\System32\KERNELBASE.dll
0x00007ff93ce00000 - 0x00007ff93cf11000 	C:\Windows\System32\ucrtbase.dll
0x00007ff922d50000 - 0x00007ff922d67000 	D:\Android\jbr\bin\jli.dll
0x00007ff93f0a0000 - 0x00007ff93f24c000 	C:\Windows\System32\USER32.dll
0x00007ff9246a0000 - 0x00007ff924945000 	C:\Windows\WinSxS\amd64_microsoft.windows.common-controls_6595b64144ccf1df_6.0.22000.120_none_9d947278b86cc467\COMCTL32.dll
0x00007ff93ca50000 - 0x00007ff93ca76000 	C:\Windows\System32\win32u.dll
0x00007ff93e6e0000 - 0x00007ff93e783000 	C:\Windows\System32\msvcrt.dll
0x00007ff93ef10000 - 0x00007ff93ef39000 	C:\Windows\System32\GDI32.dll
0x00007ff93cce0000 - 0x00007ff93cdf2000 	C:\Windows\System32\gdi32full.dll
0x00007ff93c8f0000 - 0x00007ff93c98d000 	C:\Windows\System32\msvcp_win.dll
0x00007ff923d90000 - 0x00007ff923dab000 	D:\Android\jbr\bin\VCRUNTIME140.dll
0x00007ff93f060000 - 0x00007ff93f091000 	C:\Windows\System32\IMM32.DLL
0x00007ff924670000 - 0x00007ff92467c000 	D:\Android\jbr\bin\vcruntime140_1.dll
0x00007ff8feb80000 - 0x00007ff8fec0d000 	D:\Android\jbr\bin\msvcp140.dll
0x00007ff9063a0000 - 0x00007ff90700e000 	D:\Android\jbr\bin\server\jvm.dll
0x00007ff93dca0000 - 0x00007ff93dd4e000 	C:\Windows\System32\ADVAPI32.dll
0x00007ff93e800000 - 0x00007ff93e89e000 	C:\Windows\System32\sechost.dll
0x00007ff93ef40000 - 0x00007ff93f060000 	C:\Windows\System32\RPCRT4.dll
0x00007ff934150000 - 0x00007ff934183000 	C:\Windows\SYSTEM32\WINMM.dll
0x00007ff930b50000 - 0x00007ff930b59000 	C:\Windows\SYSTEM32\WSOCK32.dll
0x00007ff93f250000 - 0x00007ff93f2bf000 	C:\Windows\System32\WS2_32.dll
0x00007ff930900000 - 0x00007ff93090a000 	C:\Windows\SYSTEM32\VERSION.dll
0x00007ff93b3c0000 - 0x00007ff93b3d8000 	C:\Windows\SYSTEM32\kernel.appcore.dll
0x00007ff9341f0000 - 0x00007ff9341fa000 	D:\Android\jbr\bin\jimage.dll
0x00007ff93a500000 - 0x00007ff93a721000 	C:\Windows\SYSTEM32\DBGHELP.DLL
0x00007ff92c200000 - 0x00007ff92c231000 	C:\Windows\SYSTEM32\dbgcore.DLL
0x00007ff93cbf0000 - 0x00007ff93cc6f000 	C:\Windows\System32\bcryptPrimitives.dll
0x00007ff9231f0000 - 0x00007ff923215000 	D:\Android\jbr\bin\java.dll
0x00007ff933e30000 - 0x00007ff933e48000 	D:\Android\jbr\bin\zip.dll
0x00007ff93d4f0000 - 0x00007ff93dc9e000 	C:\Windows\System32\SHELL32.dll
0x00007ff93ab40000 - 0x00007ff93b3a7000 	C:\Windows\SYSTEM32\windows.storage.dll
0x00007ff93dd50000 - 0x00007ff93e0c8000 	C:\Windows\System32\combase.dll
0x00007ff93a9d0000 - 0x00007ff93ab36000 	C:\Windows\SYSTEM32\wintypes.dll
0x00007ff93e8a0000 - 0x00007ff93e98a000 	C:\Windows\System32\SHCORE.dll
0x00007ff93e7a0000 - 0x00007ff93e7fd000 	C:\Windows\System32\shlwapi.dll
0x00007ff93c820000 - 0x00007ff93c841000 	C:\Windows\SYSTEM32\profapi.dll
0x00007ff933af0000 - 0x00007ff933b09000 	D:\Android\jbr\bin\net.dll
0x00007ff935390000 - 0x00007ff93549c000 	C:\Windows\SYSTEM32\WINHTTP.dll
0x00007ff93be00000 - 0x00007ff93be67000 	C:\Windows\system32\mswsock.dll
0x00007ff922d70000 - 0x00007ff922d86000 	D:\Android\jbr\bin\nio.dll
0x00007ff9341e0000 - 0x00007ff9341f0000 	D:\Android\jbr\bin\verify.dll
0x00007ff926830000 - 0x00007ff926857000 	C:\Users\Admin\.gradle\native\68d5fa5c4cc2d200863cafc0d521ce42e7d3e7ee720ec0a83991735586a16f82\windows-amd64\native-platform.dll
0x00007ff8fea30000 - 0x00007ff8feb74000 	C:\Users\Admin\.gradle\native\e376f236ea51e6404a007f0833ffe2c6e607c4080706a723a18a27aeea778392\windows-amd64\native-platform-file-events.dll
0x00007ff92de30000 - 0x00007ff92de39000 	D:\Android\jbr\bin\management.dll
0x00007ff92c1f0000 - 0x00007ff92c1fb000 	D:\Android\jbr\bin\management_ext.dll
0x00007ff93e5f0000 - 0x00007ff93e5f8000 	C:\Windows\System32\PSAPI.DLL
0x00007ff93c050000 - 0x00007ff93c068000 	C:\Windows\SYSTEM32\CRYPTSP.dll
0x00007ff93ba50000 - 0x00007ff93ba85000 	C:\Windows\system32\rsaenh.dll
0x00007ff93bef0000 - 0x00007ff93bf19000 	C:\Windows\SYSTEM32\USERENV.dll
0x00007ff93c1c0000 - 0x00007ff93c1e7000 	C:\Windows\SYSTEM32\bcrypt.dll
0x00007ff93c040000 - 0x00007ff93c04c000 	C:\Windows\SYSTEM32\CRYPTBASE.dll
0x00007ff93b620000 - 0x00007ff93b64d000 	C:\Windows\SYSTEM32\IPHLPAPI.DLL
0x00007ff93e5e0000 - 0x00007ff93e5e9000 	C:\Windows\System32\NSI.dll
0x00007ff934130000 - 0x00007ff934149000 	C:\Windows\SYSTEM32\dhcpcsvc6.DLL
0x00007ff934480000 - 0x00007ff93449e000 	C:\Windows\SYSTEM32\dhcpcsvc.DLL
0x00007ff93b650000 - 0x00007ff93b737000 	C:\Windows\SYSTEM32\DNSAPI.dll
0x00007ff928d50000 - 0x00007ff928d58000 	C:\Windows\system32\wshunix.dll
0x00007ff924680000 - 0x00007ff924697000 	C:\Windows\system32\napinsp.dll
0x00007ff923e20000 - 0x00007ff923e3b000 	C:\Windows\system32\pnrpnsp.dll
0x00007ff923db0000 - 0x00007ff923dc2000 	C:\Windows\System32\winrnr.dll
0x00007ff91f030000 - 0x00007ff91f045000 	C:\Windows\system32\wshbth.dll
0x00007ff939ab0000 - 0x00007ff939acf000 	C:\Windows\system32\nlansp_c.dll
0x00007ff934120000 - 0x00007ff93412a000 	C:\Windows\System32\rasadhlp.dll
0x00007ff933a60000 - 0x00007ff933ae1000 	C:\Windows\System32\fwpuclnt.dll
0x00007ff8fdca0000 - 0x00007ff8fdcbe000 	C:\Users\Admin\AppData\Local\Temp\native-platform4607550456347831598dir\native-platform.dll
0x00007ff923e10000 - 0x00007ff923e17000 	D:\Android\jbr\bin\rmi.dll

dbghelp: loaded successfully - version: 4.0.5 - missing functions: none
symbol engine: initialized successfully - sym options: 0x614 - pdb path: .;D:\Android\jbr\bin;C:\Windows\SYSTEM32;C:\Windows\WinSxS\amd64_microsoft.windows.common-controls_6595b64144ccf1df_6.0.22000.120_none_9d947278b86cc467;D:\Android\jbr\bin\server;C:\Users\Admin\.gradle\native\68d5fa5c4cc2d200863cafc0d521ce42e7d3e7ee720ec0a83991735586a16f82\windows-amd64;C:\Users\Admin\.gradle\native\e376f236ea51e6404a007f0833ffe2c6e607c4080706a723a18a27aeea778392\windows-amd64;C:\Users\Admin\AppData\Local\Temp\native-platform4607550456347831598dir

VM Arguments:
jvm_args: --add-opens=java.base/java.util=ALL-UNNAMED --add-opens=java.base/java.lang=ALL-UNNAMED --add-opens=java.base/java.lang.invoke=ALL-UNNAMED --add-opens=java.prefs/java.util.prefs=ALL-UNNAMED --add-opens=java.base/java.nio.charset=ALL-UNNAMED --add-opens=java.base/java.net=ALL-UNNAMED --add-opens=java.base/java.util.concurrent.atomic=ALL-UNNAMED -Xmx2048m -Dfile.encoding=UTF-8 -Duser.country=US -Duser.language=en -Duser.variant 
java_command: org.gradle.launcher.daemon.bootstrap.GradleDaemon 8.0
java_class_path (initial): C:\Users\Admin\.gradle\wrapper\dists\gradle-8.0-bin\ca5e32bp14vu59qr306oxotwh\gradle-8.0\lib\gradle-launcher-8.0.jar
Launcher Type: SUN_STANDARD

[Global flags]
     intx CICompilerCount                          = 3                                         {product} {ergonomic}
     uint ConcGCThreads                            = 1                                         {product} {ergonomic}
     uint G1ConcRefinementThreads                  = 4                                         {product} {ergonomic}
   size_t G1HeapRegionSize                         = 1048576                                   {product} {ergonomic}
    uintx GCDrainStackTargetSize                   = 64                                        {product} {ergonomic}
   size_t InitialHeapSize                          = 134217728                                 {product} {ergonomic}
   size_t MarkStackSize                            = 4194304                                   {product} {ergonomic}
   size_t MaxHeapSize                              = 2147483648                                {product} {command line}
   size_t MaxNewSize                               = 1287651328                                {product} {ergonomic}
   size_t MinHeapDeltaBytes                        = 1048576                                   {product} {ergonomic}
   size_t MinHeapSize                              = 8388608                                   {product} {ergonomic}
    uintx NonNMethodCodeHeapSize                   = 5832780                                {pd product} {ergonomic}
    uintx NonProfiledCodeHeapSize                  = 122912730                              {pd product} {ergonomic}
    uintx ProfiledCodeHeapSize                     = 122912730                              {pd product} {ergonomic}
    uintx ReservedCodeCacheSize                    = 251658240                              {pd product} {ergonomic}
     bool SegmentedCodeCache                       = true                                      {product} {ergonomic}
   size_t SoftMaxHeapSize                          = 2147483648                             {manageable} {ergonomic}
     bool UseCompressedClassPointers               = true                           {product lp64_product} {ergonomic}
     bool UseCompressedOops                        = true                           {product lp64_product} {ergonomic}
     bool UseG1GC                                  = true                                      {product} {ergonomic}
     bool UseLargePagesIndividualAllocation        = false                                  {pd product} {ergonomic}

Logging:
Log output configuration:
 #0: stdout all=warning uptime,level,tags
 #1: stderr all=off uptime,level,tags

Environment Variables:
PATH=C:\Program Files\Common Files\Oracle\Java\javapath;C:\Windows\system32;C:\Windows;C:\Windows\System32\Wbem;C:\Windows\System32\WindowsPowerShell\v1.0\;C:\Windows\System32\OpenSSH\;C:\Program Files (x86)\NVIDIA Corporation\PhysX\Common;C:\Users\Admin\AppData\Local\Microsoft\WindowsApps;;D:\JetBrains\IntelliJ IDEA 2023.2.3\bin;;D:\JetBrains\IntelliJ IDEA Community Edition 2023.2.4\bin;
USERNAME=Admin
OS=Windows_NT
PROCESSOR_IDENTIFIER=Intel64 Family 6 Model 142 Stepping 10, GenuineIntel
TMP=C:\Users\Admin\AppData\Local\Temp
TEMP=C:\Users\Admin\AppData\Local\Temp


JNI global refs:
JNI global refs: 26, weak refs: 0

JNI global refs memory usage: 843, weak refs: 841


---------------  S Y S T E M  ---------------

OS:
 Windows 11 , 64 bit Build 22000 (10.0.22000.434)
OS uptime: 0 days 0:41 hours

CPU: total 4 (initial active 4) (2 cores per cpu, 2 threads per core) family 6 model 142 stepping 10 microcode 0xe0, cx8, cmov, fxsr, ht, mmx, 3dnowpref, sse, sse2, sse3, ssse3, sse4.1, sse4.2, popcnt, lzcnt, tsc, tscinvbit, avx, avx2, aes, erms, clmul, bmi1, bmi2, adx, fma, vzeroupper, clflush, clflushopt

Memory: 4k page, system-wide physical 8076M (831M free)
TotalPageFile size 8076M (AvailPageFile size 4M)
current process WorkingSet (physical memory assigned to process): 431M, peak: 438M
current process commit charge ("private bytes"): 460M, peak: 466M

vm_info: OpenJDK 64-Bit Server VM (17.0.6+0-b2043.56-10027231) for windows-amd64 JRE (17.0.6+0-b2043.56-10027231), built on Apr 28 2023 00:43:19 by "androidbuild" with MS VC++ 16.10 / 16.11 (VS2019)

END.
