#
# There is insufficient memory for the Java Runtime Environment to continue.
# Native memory allocation (mmap) failed to map 154140672 bytes for G1 virtual space
# Possible reasons:
#   The system is out of physical RAM or swap space
#   The process is running with CompressedOops enabled, and the Java Heap may be blocking the growth of the native heap
# Possible solutions:
#   Reduce memory load on the system
#   Increase physical memory or swap space
#   Check if swap backing store is full
#   Decrease Java heap size (-Xmx/-Xms)
#   Decrease number of Java threads
#   Decrease Java thread stack sizes (-Xss)
#   Set larger code cache with -XX:ReservedCodeCacheSize=
#   JVM is running with Unscaled Compressed Oops mode in which the Java heap is
#     placed in the first 4GB address space. The Java Heap base address is the
#     maximum limit for the native heap growth. Please use -XX:HeapBaseMinAddress
#     to set the Java Heap base and to place the Java Heap above 4GB virtual address.
# This output file may be truncated or incomplete.
#
#  Out of Memory Error (os_windows.cpp:3769), pid=3448, tid=2836
#
# JRE version: OpenJDK Runtime Environment (17.0.6) (build 17.0.6+0-b2043.56-10027231)
# Java VM: OpenJDK 64-Bit Server VM (17.0.6+0-b2043.56-10027231, mixed mode, tiered, compressed oops, compressed class ptrs, g1 gc, windows-amd64)
# No core dump will be written. Minidumps are not enabled by default on client versions of Windows
#

---------------  S U M M A R Y ------------

Command Line: org.jetbrains.kotlin.cli.jvm.K2JVMCompiler @D:\AndroidStudioProject\nemuiin_test\app\build\20231127_12423551375244998040.compiler.options

Host: Intel(R) Core(TM) i3-7020U CPU @ 2.30GHz, 4 cores, 7G,  Windows 11 , 64 bit Build 22000 (10.0.22000.434)
Time: Mon Nov 27 21:05:09 2023 SE Asia Standard Time elapsed time: 14.649228 seconds (0d 0h 0m 14s)

---------------  T H R E A D  ---------------

Current thread (0x000001dd518bbde0):  VMThread "VM Thread" [stack: 0x000000d7c1500000,0x000000d7c1600000] [id=2836]

Stack: [0x000000d7c1500000,0x000000d7c1600000]
Native frames: (J=compiled Java code, j=interpreted, Vv=VM code, C=native code)
V  [jvm.dll+0x683c9a]
V  [jvm.dll+0x8427a4]
V  [jvm.dll+0x843f9e]
V  [jvm.dll+0x844603]
V  [jvm.dll+0x249b75]
V  [jvm.dll+0x680b69]
V  [jvm.dll+0x67505a]
V  [jvm.dll+0x309acb]
V  [jvm.dll+0x310f86]
V  [jvm.dll+0x3608ee]
V  [jvm.dll+0x360b1f]
V  [jvm.dll+0x2dfbf8]
V  [jvm.dll+0x2ddec4]
V  [jvm.dll+0x2dd4cc]
V  [jvm.dll+0x321f3b]
V  [jvm.dll+0x848ccb]
V  [jvm.dll+0x849a04]
V  [jvm.dll+0x849f1d]
V  [jvm.dll+0x84a2f4]
V  [jvm.dll+0x84a3c0]
V  [jvm.dll+0x7f274a]
V  [jvm.dll+0x682ad5]
C  [ucrtbase.dll+0x26c0c]
C  [KERNEL32.DLL+0x154e0]
C  [ntdll.dll+0x485b]

VM_Operation (0x000000d7c0ffc950): G1CollectForAllocation, mode: safepoint, requested by thread 0x000001dd383eced0


---------------  P R O C E S S  ---------------

Threads class SMR info:
_java_thread_list=0x000001dd52577c80, length=13, elements={
0x000001dd383eced0, 0x000001dd518c37c0, 0x000001dd518c45c0, 0x000001dd518e42f0,
0x000001dd518e4bb0, 0x000001dd518e5470, 0x000001dd524223e0, 0x000001dd52423560,
0x000001dd52429420, 0x000001dd52429d20, 0x000001dd52596870, 0x000001dd525a19d0,
0x000001dd526da2e0
}

Java Threads: ( => current thread )
  0x000001dd383eced0 JavaThread "main" [_thread_blocked, id=7976, stack(0x000000d7c0f00000,0x000000d7c1000000)]
  0x000001dd518c37c0 JavaThread "Reference Handler" daemon [_thread_blocked, id=2260, stack(0x000000d7c1600000,0x000000d7c1700000)]
  0x000001dd518c45c0 JavaThread "Finalizer" daemon [_thread_blocked, id=3404, stack(0x000000d7c1700000,0x000000d7c1800000)]
  0x000001dd518e42f0 JavaThread "Signal Dispatcher" daemon [_thread_blocked, id=2184, stack(0x000000d7c1800000,0x000000d7c1900000)]
  0x000001dd518e4bb0 JavaThread "Attach Listener" daemon [_thread_blocked, id=8080, stack(0x000000d7c1900000,0x000000d7c1a00000)]
  0x000001dd518e5470 JavaThread "Service Thread" daemon [_thread_blocked, id=1500, stack(0x000000d7c1a00000,0x000000d7c1b00000)]
  0x000001dd524223e0 JavaThread "Monitor Deflation Thread" daemon [_thread_blocked, id=8108, stack(0x000000d7c1b00000,0x000000d7c1c00000)]
  0x000001dd52423560 JavaThread "C2 CompilerThread0" daemon [_thread_blocked, id=1344, stack(0x000000d7c1c00000,0x000000d7c1d00000)]
  0x000001dd52429420 JavaThread "C1 CompilerThread0" daemon [_thread_blocked, id=6832, stack(0x000000d7c1d00000,0x000000d7c1e00000)]
  0x000001dd52429d20 JavaThread "Sweeper thread" daemon [_thread_blocked, id=7320, stack(0x000000d7c1e00000,0x000000d7c1f00000)]
  0x000001dd52596870 JavaThread "Notification Thread" daemon [_thread_blocked, id=6236, stack(0x000000d7c1f00000,0x000000d7c2000000)]
  0x000001dd525a19d0 JavaThread "Common-Cleaner" daemon [_thread_blocked, id=3732, stack(0x000000d7c2100000,0x000000d7c2200000)]
  0x000001dd526da2e0 JavaThread "C2 CompilerThread1" daemon [_thread_in_native, id=4440, stack(0x000000d7c2200000,0x000000d7c2300000)]

Other Threads:
=>0x000001dd518bbde0 VMThread "VM Thread" [stack: 0x000000d7c1500000,0x000000d7c1600000] [id=2836]
  0x000001dd5259cd60 WatcherThread [stack: 0x000000d7c2000000,0x000000d7c2100000] [id=2280]
  0x000001dd38447440 GCTaskThread "GC Thread#0" [stack: 0x000000d7c1000000,0x000000d7c1100000] [id=2064]
  0x000001dd52a42e10 GCTaskThread "GC Thread#1" [stack: 0x000000d7c2300000,0x000000d7c2400000] [id=2220]
  0x000001dd52a430c0 GCTaskThread "GC Thread#2" [stack: 0x000000d7c2400000,0x000000d7c2500000] [id=7080]
  0x000001dd52ad8c80 GCTaskThread "GC Thread#3" [stack: 0x000000d7c2500000,0x000000d7c2600000] [id=1120]
  0x000001dd38457e10 ConcurrentGCThread "G1 Main Marker" [stack: 0x000000d7c1100000,0x000000d7c1200000] [id=2376]
  0x000001dd38459de0 ConcurrentGCThread "G1 Conc#0" [stack: 0x000000d7c1200000,0x000000d7c1300000] [id=7828]
  0x000001dd517220a0 ConcurrentGCThread "G1 Refine#0" [stack: 0x000000d7c1300000,0x000000d7c1400000] [id=6752]
  0x000001dd517228d0 ConcurrentGCThread "G1 Service" [stack: 0x000000d7c1400000,0x000000d7c1500000] [id=5268]

Threads with active compile tasks:
C2 CompilerThread0    14665 13130       4       org.jetbrains.kotlin.utils.SmartSet::add (216 bytes)
C2 CompilerThread1    14665 13095       4       org.jetbrains.kotlin.ir.util.TypeTranslator::translateType (625 bytes)

VM state: at safepoint (normal execution)

VM Mutex/Monitor currently owned by a thread:  ([mutex/lock_event])
[0x000001dd383e69a0] Threads_lock - owner thread: 0x000001dd518bbde0
[0x000001dd383e7600] Heap_lock - owner thread: 0x000001dd383eced0

Heap address: 0x0000000081c00000, size: 2020 MB, Compressed Oops mode: 32-bit

CDS archive(s) not mapped
Compressed class space mapped at: 0x0000000100000000-0x0000000140000000, reserved size: 1073741824
Narrow klass base: 0x0000000000000000, Narrow klass shift: 3, Narrow klass range: 0x140000000

GC Precious Log:
 CPUs: 4 total, 4 available
 Memory: 8076M
 Large Page Support: Disabled
 NUMA Support: Disabled
 Compressed Oops: Enabled (32-bit)
 Heap Region Size: 1M
 Heap Min Capacity: 8M
 Heap Initial Capacity: 128M
 Heap Max Capacity: 2020M
 Pre-touch: Disabled
 Parallel Workers: 4
 Concurrent Workers: 1
 Concurrent Refinement Workers: 4
 Periodic GC: Disabled

Heap:
 garbage-first heap   total 146432K, used 78263K [0x0000000081c00000, 0x0000000100000000)
  region size 1024K, 2 young (2048K), 2 survivors (2048K)
 Metaspace       used 82373K, committed 82752K, reserved 1122304K
  class space    used 9113K, committed 9280K, reserved 1048576K

Heap Regions: E=young(eden), S=young(survivor), O=old, HS=humongous(starts), HC=humongous(continues), CS=collection set, F=free, OA=open archive, CA=closed archive, TAMS=top-at-mark-start (previous, next)
|   0|0x0000000081c00000, 0x0000000081d00000, 0x0000000081d00000|100%|HS|  |TAMS 0x0000000081d00000, 0x0000000081d00000| Complete 
|   1|0x0000000081d00000, 0x0000000081e00000, 0x0000000081e00000|100%|HC|  |TAMS 0x0000000081e00000, 0x0000000081e00000| Complete 
|   2|0x0000000081e00000, 0x0000000081f00000, 0x0000000081f00000|100%|HC|  |TAMS 0x0000000081f00000, 0x0000000081f00000| Complete 
|   3|0x0000000081f00000, 0x0000000082000000, 0x0000000082000000|100%|HC|  |TAMS 0x0000000082000000, 0x0000000082000000| Complete 
|   4|0x0000000082000000, 0x0000000082100000, 0x0000000082100000|100%| O|  |TAMS 0x0000000082100000, 0x0000000082100000| Untracked 
|   5|0x0000000082100000, 0x0000000082200000, 0x0000000082200000|100%| O|  |TAMS 0x0000000082200000, 0x0000000082200000| Untracked 
|   6|0x0000000082200000, 0x0000000082300000, 0x0000000082300000|100%| O|  |TAMS 0x0000000082300000, 0x0000000082300000| Untracked 
|   7|0x0000000082300000, 0x0000000082400000, 0x0000000082400000|100%|HS|  |TAMS 0x0000000082400000, 0x0000000082400000| Complete 
|   8|0x0000000082400000, 0x0000000082500000, 0x0000000082500000|100%|HC|  |TAMS 0x0000000082500000, 0x0000000082500000| Complete 
|   9|0x0000000082500000, 0x0000000082600000, 0x0000000082600000|100%|HC|  |TAMS 0x0000000082600000, 0x0000000082600000| Complete 
|  10|0x0000000082600000, 0x0000000082700000, 0x0000000082700000|100%|HC|  |TAMS 0x0000000082700000, 0x0000000082700000| Complete 
|  11|0x0000000082700000, 0x0000000082800000, 0x0000000082800000|100%| O|  |TAMS 0x0000000082800000, 0x0000000082800000| Untracked 
|  12|0x0000000082800000, 0x0000000082900000, 0x0000000082900000|100%| O|  |TAMS 0x0000000082900000, 0x0000000082900000| Untracked 
|  13|0x0000000082900000, 0x0000000082a00000, 0x0000000082a00000|100%| O|  |TAMS 0x0000000082a00000, 0x0000000082a00000| Untracked 
|  14|0x0000000082a00000, 0x0000000082b00000, 0x0000000082b00000|100%| O|  |TAMS 0x0000000082b00000, 0x0000000082b00000| Untracked 
|  15|0x0000000082b00000, 0x0000000082c00000, 0x0000000082c00000|100%| O|  |TAMS 0x0000000082c00000, 0x0000000082c00000| Untracked 
|  16|0x0000000082c00000, 0x0000000082d00000, 0x0000000082d00000|100%| O|  |TAMS 0x0000000082d00000, 0x0000000082d00000| Untracked 
|  17|0x0000000082d00000, 0x0000000082e00000, 0x0000000082e00000|100%| O|  |TAMS 0x0000000082e00000, 0x0000000082e00000| Untracked 
|  18|0x0000000082e00000, 0x0000000082f00000, 0x0000000082f00000|100%| O|  |TAMS 0x0000000082f00000, 0x0000000082f00000| Untracked 
|  19|0x0000000082f00000, 0x0000000083000000, 0x0000000083000000|100%| O|  |TAMS 0x0000000083000000, 0x0000000083000000| Untracked 
|  20|0x0000000083000000, 0x0000000083100000, 0x0000000083100000|100%| O|  |TAMS 0x0000000083100000, 0x0000000083100000| Untracked 
|  21|0x0000000083100000, 0x0000000083200000, 0x0000000083200000|100%| O|  |TAMS 0x0000000083200000, 0x0000000083200000| Untracked 
|  22|0x0000000083200000, 0x0000000083300000, 0x0000000083300000|100%| O|  |TAMS 0x0000000083300000, 0x0000000083300000| Untracked 
|  23|0x0000000083300000, 0x0000000083400000, 0x0000000083400000|100%| O|  |TAMS 0x0000000083400000, 0x0000000083400000| Untracked 
|  24|0x0000000083400000, 0x0000000083500000, 0x0000000083500000|100%| O|  |TAMS 0x0000000083500000, 0x0000000083500000| Untracked 
|  25|0x0000000083500000, 0x0000000083600000, 0x0000000083600000|100%| O|  |TAMS 0x0000000083600000, 0x0000000083600000| Untracked 
|  26|0x0000000083600000, 0x0000000083700000, 0x0000000083700000|100%|HS|  |TAMS 0x0000000083700000, 0x0000000083700000| Complete 
|  27|0x0000000083700000, 0x0000000083800000, 0x0000000083800000|100%|HC|  |TAMS 0x0000000083800000, 0x0000000083800000| Complete 
|  28|0x0000000083800000, 0x0000000083900000, 0x0000000083900000|100%| O|  |TAMS 0x0000000083900000, 0x0000000083900000| Untracked 
|  29|0x0000000083900000, 0x0000000083a00000, 0x0000000083a00000|100%| O|  |TAMS 0x0000000083900000, 0x0000000083a00000| Untracked 
|  30|0x0000000083a00000, 0x0000000083b00000, 0x0000000083b00000|100%| O|  |TAMS 0x0000000083b00000, 0x0000000083b00000| Untracked 
|  31|0x0000000083b00000, 0x0000000083c00000, 0x0000000083c00000|100%| O|  |TAMS 0x0000000083c00000, 0x0000000083c00000| Untracked 
|  32|0x0000000083c00000, 0x0000000083d00000, 0x0000000083d00000|100%| O|  |TAMS 0x0000000083d00000, 0x0000000083d00000| Untracked 
|  33|0x0000000083d00000, 0x0000000083e00000, 0x0000000083e00000|100%| O|  |TAMS 0x0000000083e00000, 0x0000000083e00000| Untracked 
|  34|0x0000000083e00000, 0x0000000083f00000, 0x0000000083f00000|100%| O|  |TAMS 0x0000000083f00000, 0x0000000083f00000| Untracked 
|  35|0x0000000083f00000, 0x0000000084000000, 0x0000000084000000|100%| O|  |TAMS 0x0000000084000000, 0x0000000084000000| Untracked 
|  36|0x0000000084000000, 0x0000000084100000, 0x0000000084100000|100%| O|  |TAMS 0x0000000084100000, 0x0000000084100000| Untracked 
|  37|0x0000000084100000, 0x0000000084200000, 0x0000000084200000|100%| O|  |TAMS 0x0000000084200000, 0x0000000084200000| Untracked 
|  38|0x0000000084200000, 0x0000000084300000, 0x0000000084300000|100%| O|  |TAMS 0x0000000084300000, 0x0000000084300000| Untracked 
|  39|0x0000000084300000, 0x0000000084400000, 0x0000000084400000|100%| O|  |TAMS 0x0000000084400000, 0x0000000084400000| Untracked 
|  40|0x0000000084400000, 0x0000000084500000, 0x0000000084500000|100%| O|  |TAMS 0x0000000084500000, 0x0000000084500000| Untracked 
|  41|0x0000000084500000, 0x0000000084600000, 0x0000000084600000|100%| O|  |TAMS 0x0000000084600000, 0x0000000084600000| Untracked 
|  42|0x0000000084600000, 0x0000000084700000, 0x0000000084700000|100%| O|  |TAMS 0x0000000084700000, 0x0000000084700000| Untracked 
|  43|0x0000000084700000, 0x0000000084800000, 0x0000000084800000|100%| O|  |TAMS 0x00000000847a7e00, 0x0000000084800000| Untracked 
|  44|0x0000000084800000, 0x0000000084900000, 0x0000000084900000|100%| O|  |TAMS 0x0000000084800000, 0x0000000084900000| Untracked 
|  45|0x0000000084900000, 0x0000000084a00000, 0x0000000084a00000|100%| O|  |TAMS 0x0000000084900000, 0x0000000084a00000| Untracked 
|  46|0x0000000084a00000, 0x0000000084b00000, 0x0000000084b00000|100%| O|  |TAMS 0x0000000084a00000, 0x0000000084b00000| Untracked 
|  47|0x0000000084b00000, 0x0000000084c00000, 0x0000000084c00000|100%| O|  |TAMS 0x0000000084b00000, 0x0000000084c00000| Untracked 
|  48|0x0000000084c00000, 0x0000000084d00000, 0x0000000084d00000|100%| O|  |TAMS 0x0000000084c00000, 0x0000000084d00000| Untracked 
|  49|0x0000000084d00000, 0x0000000084e00000, 0x0000000084e00000|100%| O|  |TAMS 0x0000000084d00000, 0x0000000084e00000| Untracked 
|  50|0x0000000084e00000, 0x0000000084f00000, 0x0000000084f00000|100%| O|  |TAMS 0x0000000084e00000, 0x0000000084f00000| Untracked 
|  51|0x0000000084f00000, 0x0000000085000000, 0x0000000085000000|100%| O|  |TAMS 0x0000000084f00000, 0x0000000085000000| Untracked 
|  52|0x0000000085000000, 0x0000000085100000, 0x0000000085100000|100%| O|  |TAMS 0x0000000085000000, 0x0000000085100000| Untracked 
|  53|0x0000000085100000, 0x0000000085200000, 0x0000000085200000|100%| O|  |TAMS 0x0000000085100000, 0x0000000085200000| Untracked 
|  54|0x0000000085200000, 0x0000000085300000, 0x0000000085300000|100%| O|  |TAMS 0x0000000085200000, 0x0000000085300000| Untracked 
|  55|0x0000000085300000, 0x0000000085400000, 0x0000000085400000|100%| O|  |TAMS 0x0000000085300000, 0x0000000085400000| Untracked 
|  56|0x0000000085400000, 0x0000000085500000, 0x0000000085500000|100%| O|  |TAMS 0x0000000085400000, 0x0000000085500000| Untracked 
|  57|0x0000000085500000, 0x0000000085600000, 0x0000000085600000|100%| O|  |TAMS 0x0000000085500000, 0x0000000085600000| Untracked 
|  58|0x0000000085600000, 0x0000000085700000, 0x0000000085700000|100%| O|  |TAMS 0x0000000085600000, 0x0000000085700000| Untracked 
|  59|0x0000000085700000, 0x0000000085800000, 0x0000000085800000|100%| O|  |TAMS 0x0000000085700000, 0x0000000085800000| Untracked 
|  60|0x0000000085800000, 0x0000000085900000, 0x0000000085900000|100%| O|  |TAMS 0x0000000085800000, 0x0000000085900000| Untracked 
|  61|0x0000000085900000, 0x0000000085a00000, 0x0000000085a00000|100%| O|  |TAMS 0x0000000085900000, 0x0000000085a00000| Untracked 
|  62|0x0000000085a00000, 0x0000000085b00000, 0x0000000085b00000|100%| O|  |TAMS 0x0000000085a00000, 0x0000000085b00000| Untracked 
|  63|0x0000000085b00000, 0x0000000085c00000, 0x0000000085c00000|100%| O|  |TAMS 0x0000000085b00000, 0x0000000085c00000| Untracked 
|  64|0x0000000085c00000, 0x0000000085d00000, 0x0000000085d00000|100%| O|  |TAMS 0x0000000085c00000, 0x0000000085d00000| Untracked 
|  65|0x0000000085d00000, 0x0000000085e00000, 0x0000000085e00000|100%| O|  |TAMS 0x0000000085d00000, 0x0000000085e00000| Untracked 
|  66|0x0000000085e00000, 0x0000000085f00000, 0x0000000085f00000|100%| O|  |TAMS 0x0000000085e00000, 0x0000000085f00000| Untracked 
|  67|0x0000000085f00000, 0x0000000086000000, 0x0000000086000000|100%| O|  |TAMS 0x0000000085f00000, 0x0000000086000000| Untracked 
|  68|0x0000000086000000, 0x0000000086100000, 0x0000000086100000|100%| O|  |TAMS 0x0000000086000000, 0x0000000086100000| Untracked 
|  69|0x0000000086100000, 0x0000000086200000, 0x0000000086200000|100%| O|  |TAMS 0x0000000086100000, 0x0000000086200000| Untracked 
|  70|0x0000000086200000, 0x0000000086300000, 0x0000000086300000|100%| O|  |TAMS 0x0000000086200000, 0x0000000086268e00| Untracked 
|  71|0x0000000086300000, 0x0000000086400000, 0x0000000086400000|100%| O|  |TAMS 0x0000000086300000, 0x0000000086300000| Untracked 
|  72|0x0000000086400000, 0x0000000086500000, 0x0000000086500000|100%| O|  |TAMS 0x0000000086400000, 0x0000000086400000| Untracked 
|  73|0x0000000086500000, 0x0000000086600000, 0x0000000086600000|100%| O|  |TAMS 0x0000000086500000, 0x0000000086500000| Untracked 
|  74|0x0000000086600000, 0x000000008666de00, 0x0000000086700000| 42%| O|  |TAMS 0x0000000086600000, 0x0000000086600000| Untracked 
|  75|0x0000000086700000, 0x0000000086700000, 0x0000000086800000|  0%| F|  |TAMS 0x0000000086700000, 0x0000000086700000| Untracked 
|  76|0x0000000086800000, 0x0000000086800000, 0x0000000086900000|  0%| F|  |TAMS 0x0000000086800000, 0x0000000086800000| Untracked 
|  77|0x0000000086900000, 0x0000000086900000, 0x0000000086a00000|  0%| F|  |TAMS 0x0000000086900000, 0x0000000086900000| Untracked 
|  78|0x0000000086a00000, 0x0000000086a00000, 0x0000000086b00000|  0%| F|  |TAMS 0x0000000086a00000, 0x0000000086a00000| Untracked 
|  79|0x0000000086b00000, 0x0000000086b00000, 0x0000000086c00000|  0%| F|  |TAMS 0x0000000086b00000, 0x0000000086b00000| Untracked 
|  80|0x0000000086c00000, 0x0000000086c00000, 0x0000000086d00000|  0%| F|  |TAMS 0x0000000086c00000, 0x0000000086c00000| Untracked 
|  81|0x0000000086d00000, 0x0000000086d00000, 0x0000000086e00000|  0%| F|  |TAMS 0x0000000086d00000, 0x0000000086d00000| Untracked 
|  82|0x0000000086e00000, 0x0000000086e00000, 0x0000000086f00000|  0%| F|  |TAMS 0x0000000086e00000, 0x0000000086e00000| Untracked 
|  83|0x0000000086f00000, 0x0000000086f00000, 0x0000000087000000|  0%| F|  |TAMS 0x0000000086f00000, 0x0000000086f00000| Untracked 
|  84|0x0000000087000000, 0x0000000087000000, 0x0000000087100000|  0%| F|  |TAMS 0x0000000087000000, 0x0000000087000000| Untracked 
|  85|0x0000000087100000, 0x0000000087100000, 0x0000000087200000|  0%| F|  |TAMS 0x0000000087100000, 0x0000000087100000| Untracked 
|  86|0x0000000087200000, 0x0000000087200000, 0x0000000087300000|  0%| F|  |TAMS 0x0000000087200000, 0x0000000087200000| Untracked 
|  87|0x0000000087300000, 0x0000000087300000, 0x0000000087400000|  0%| F|  |TAMS 0x0000000087300000, 0x0000000087300000| Untracked 
|  88|0x0000000087400000, 0x0000000087400000, 0x0000000087500000|  0%| F|  |TAMS 0x0000000087400000, 0x0000000087400000| Untracked 
|  89|0x0000000087500000, 0x0000000087500000, 0x0000000087600000|  0%| F|  |TAMS 0x0000000087500000, 0x0000000087500000| Untracked 
|  90|0x0000000087600000, 0x0000000087600000, 0x0000000087700000|  0%| F|  |TAMS 0x0000000087600000, 0x0000000087600000| Untracked 
|  91|0x0000000087700000, 0x0000000087700000, 0x0000000087800000|  0%| F|  |TAMS 0x0000000087700000, 0x0000000087700000| Untracked 
|  92|0x0000000087800000, 0x0000000087800000, 0x0000000087900000|  0%| F|  |TAMS 0x0000000087800000, 0x0000000087800000| Untracked 
|  93|0x0000000087900000, 0x0000000087900000, 0x0000000087a00000|  0%| F|  |TAMS 0x0000000087900000, 0x0000000087900000| Untracked 
|  94|0x0000000087a00000, 0x0000000087a00000, 0x0000000087b00000|  0%| F|  |TAMS 0x0000000087a00000, 0x0000000087a00000| Untracked 
|  95|0x0000000087b00000, 0x0000000087b00000, 0x0000000087c00000|  0%| F|  |TAMS 0x0000000087b00000, 0x0000000087b00000| Untracked 
|  96|0x0000000087c00000, 0x0000000087c00000, 0x0000000087d00000|  0%| F|  |TAMS 0x0000000087c00000, 0x0000000087c00000| Untracked 
|  97|0x0000000087d00000, 0x0000000087d00000, 0x0000000087e00000|  0%| F|  |TAMS 0x0000000087d00000, 0x0000000087d00000| Untracked 
|  98|0x0000000087e00000, 0x0000000087f00000, 0x0000000087f00000|100%| S|CS|TAMS 0x0000000087e00000, 0x0000000087e00000| Complete 
|  99|0x0000000087f00000, 0x0000000087f00000, 0x0000000088000000|  0%| F|  |TAMS 0x0000000087f00000, 0x0000000087f00000| Untracked 
| 100|0x0000000088000000, 0x0000000088000000, 0x0000000088100000|  0%| F|  |TAMS 0x0000000088000000, 0x0000000088000000| Untracked 
| 101|0x0000000088100000, 0x0000000088100000, 0x0000000088200000|  0%| F|  |TAMS 0x0000000088100000, 0x0000000088100000| Untracked 
| 102|0x0000000088200000, 0x0000000088200000, 0x0000000088300000|  0%| F|  |TAMS 0x0000000088200000, 0x0000000088200000| Untracked 
| 103|0x0000000088300000, 0x0000000088400000, 0x0000000088400000|100%| S|CS|TAMS 0x0000000088300000, 0x0000000088300000| Complete 
| 104|0x0000000088400000, 0x0000000088400000, 0x0000000088500000|  0%| F|  |TAMS 0x0000000088400000, 0x0000000088400000| Untracked 
| 105|0x0000000088500000, 0x0000000088500000, 0x0000000088600000|  0%| F|  |TAMS 0x0000000088500000, 0x0000000088500000| Untracked 
| 106|0x0000000088600000, 0x0000000088600000, 0x0000000088700000|  0%| F|  |TAMS 0x0000000088600000, 0x0000000088600000| Untracked 
| 107|0x0000000088700000, 0x0000000088700000, 0x0000000088800000|  0%| F|  |TAMS 0x0000000088700000, 0x0000000088700000| Untracked 
| 108|0x0000000088800000, 0x0000000088800000, 0x0000000088900000|  0%| F|  |TAMS 0x0000000088800000, 0x0000000088800000| Untracked 
| 109|0x0000000088900000, 0x0000000088900000, 0x0000000088a00000|  0%| F|  |TAMS 0x0000000088900000, 0x0000000088900000| Untracked 
| 110|0x0000000088a00000, 0x0000000088a00000, 0x0000000088b00000|  0%| F|  |TAMS 0x0000000088a00000, 0x0000000088a00000| Untracked 
| 111|0x0000000088b00000, 0x0000000088b00000, 0x0000000088c00000|  0%| F|  |TAMS 0x0000000088b00000, 0x0000000088b00000| Untracked 
| 112|0x0000000088c00000, 0x0000000088c00000, 0x0000000088d00000|  0%| F|  |TAMS 0x0000000088c00000, 0x0000000088c00000| Untracked 
| 113|0x0000000088d00000, 0x0000000088d00000, 0x0000000088e00000|  0%| F|  |TAMS 0x0000000088d00000, 0x0000000088d00000| Untracked 
| 114|0x0000000088e00000, 0x0000000088e00000, 0x0000000088f00000|  0%| F|  |TAMS 0x0000000088e00000, 0x0000000088e00000| Untracked 
| 115|0x0000000088f00000, 0x0000000088f00000, 0x0000000089000000|  0%| F|  |TAMS 0x0000000088f00000, 0x0000000088f00000| Untracked 
| 116|0x0000000089000000, 0x0000000089000000, 0x0000000089100000|  0%| F|  |TAMS 0x0000000089000000, 0x0000000089000000| Untracked 
| 117|0x0000000089100000, 0x0000000089100000, 0x0000000089200000|  0%| F|  |TAMS 0x0000000089100000, 0x0000000089100000| Untracked 
| 118|0x0000000089200000, 0x0000000089200000, 0x0000000089300000|  0%| F|  |TAMS 0x0000000089200000, 0x0000000089200000| Untracked 
| 119|0x0000000089300000, 0x0000000089300000, 0x0000000089400000|  0%| F|  |TAMS 0x0000000089300000, 0x0000000089300000| Untracked 
| 120|0x0000000089400000, 0x0000000089400000, 0x0000000089500000|  0%| F|  |TAMS 0x0000000089400000, 0x0000000089400000| Untracked 
| 121|0x0000000089500000, 0x0000000089500000, 0x0000000089600000|  0%| F|  |TAMS 0x0000000089500000, 0x0000000089500000| Untracked 
| 122|0x0000000089600000, 0x0000000089600000, 0x0000000089700000|  0%| F|  |TAMS 0x0000000089600000, 0x0000000089600000| Untracked 
| 123|0x0000000089700000, 0x0000000089700000, 0x0000000089800000|  0%| F|  |TAMS 0x0000000089700000, 0x0000000089700000| Untracked 
| 124|0x0000000089800000, 0x0000000089800000, 0x0000000089900000|  0%| F|  |TAMS 0x0000000089800000, 0x0000000089800000| Untracked 
| 125|0x0000000089900000, 0x0000000089900000, 0x0000000089a00000|  0%| F|  |TAMS 0x0000000089900000, 0x0000000089900000| Untracked 
| 126|0x0000000089a00000, 0x0000000089a00000, 0x0000000089b00000|  0%| F|  |TAMS 0x0000000089a00000, 0x0000000089a00000| Untracked 
| 127|0x0000000089b00000, 0x0000000089b00000, 0x0000000089c00000|  0%| F|  |TAMS 0x0000000089b00000, 0x0000000089b00000| Untracked 
| 128|0x0000000089c00000, 0x0000000089c00000, 0x0000000089d00000|  0%| F|  |TAMS 0x0000000089c00000, 0x0000000089c00000| Untracked 
| 129|0x0000000089d00000, 0x0000000089d00000, 0x0000000089e00000|  0%| F|  |TAMS 0x0000000089d00000, 0x0000000089d00000| Untracked 
| 130|0x0000000089e00000, 0x0000000089e00000, 0x0000000089f00000|  0%| F|  |TAMS 0x0000000089e00000, 0x0000000089e00000| Untracked 
| 131|0x0000000089f00000, 0x0000000089f00000, 0x000000008a000000|  0%| F|  |TAMS 0x0000000089f00000, 0x0000000089f00000| Untracked 
| 132|0x000000008a000000, 0x000000008a000000, 0x000000008a100000|  0%| F|  |TAMS 0x000000008a000000, 0x000000008a000000| Untracked 
| 133|0x000000008a100000, 0x000000008a100000, 0x000000008a200000|  0%| F|  |TAMS 0x000000008a100000, 0x000000008a100000| Untracked 
| 134|0x000000008a200000, 0x000000008a200000, 0x000000008a300000|  0%| F|  |TAMS 0x000000008a200000, 0x000000008a200000| Untracked 
| 135|0x000000008a300000, 0x000000008a300000, 0x000000008a400000|  0%| F|  |TAMS 0x000000008a300000, 0x000000008a300000| Untracked 
| 136|0x000000008a400000, 0x000000008a400000, 0x000000008a500000|  0%| F|  |TAMS 0x000000008a400000, 0x000000008a400000| Untracked 
| 137|0x000000008a500000, 0x000000008a500000, 0x000000008a600000|  0%| F|  |TAMS 0x000000008a500000, 0x000000008a500000| Untracked 
| 138|0x000000008a600000, 0x000000008a600000, 0x000000008a700000|  0%| F|  |TAMS 0x000000008a600000, 0x000000008a600000| Untracked 
| 139|0x000000008a700000, 0x000000008a700000, 0x000000008a800000|  0%| F|  |TAMS 0x000000008a700000, 0x000000008a700000| Untracked 
| 140|0x000000008a800000, 0x000000008a800000, 0x000000008a900000|  0%| F|  |TAMS 0x000000008a800000, 0x000000008a800000| Untracked 
| 141|0x000000008a900000, 0x000000008a900000, 0x000000008aa00000|  0%| F|  |TAMS 0x000000008a900000, 0x000000008a900000| Untracked 
| 142|0x000000008aa00000, 0x000000008aa00000, 0x000000008ab00000|  0%| F|  |TAMS 0x000000008aa00000, 0x000000008aa00000| Untracked 

Card table byte_map: [0x000001dd4acc0000,0x000001dd4b0c0000] _byte_map_base: 0x000001dd4a8b2000

Marking Bits (Prev, Next): (CMBitMap*) 0x000001dd384478a0, (CMBitMap*) 0x000001dd38447860
 Prev Bits: [0x000001dd4d450000, 0x000001dd4f3e0000)
 Next Bits: [0x000001dd4b4c0000, 0x000001dd4d450000)

Polling page: 0x000001dd36360000

Metaspace:

Usage:
  Non-class:     71.54 MB used.
      Class:      8.90 MB used.
       Both:     80.44 MB used.

Virtual space:
  Non-class space:       72.00 MB reserved,      71.75 MB (>99%) committed,  9 nodes.
      Class space:        1.00 GB reserved,       9.06 MB ( <1%) committed,  1 nodes.
             Both:        1.07 GB reserved,      80.81 MB (  7%) committed. 

Chunk freelists:
   Non-Class:  224.00 KB
       Class:  2.95 MB
        Both:  3.17 MB

MaxMetaspaceSize: unlimited
CompressedClassSpaceSize: 1.00 GB
Initial GC threshold: 21.00 MB
Current GC threshold: 93.38 MB
CDS: off
MetaspaceReclaimPolicy: balanced
 - commit_granule_bytes: 65536.
 - commit_granule_words: 8192.
 - virtual_space_node_default_size: 1048576.
 - enlarge_chunks_in_place: 1.
 - new_chunks_are_fully_committed: 0.
 - uncommit_free_chunks: 1.
 - use_allocation_guard: 0.
 - handle_deallocations: 1.


Internal statistics:

num_allocs_failed_limit: 6.
num_arena_births: 428.
num_arena_deaths: 0.
num_vsnodes_births: 10.
num_vsnodes_deaths: 0.
num_space_committed: 1291.
num_space_uncommitted: 0.
num_chunks_returned_to_freelist: 6.
num_chunks_taken_from_freelist: 3038.
num_chunk_merges: 6.
num_chunk_splits: 2455.
num_chunks_enlarged: 2125.
num_purges: 0.
num_inconsistent_stats: 0.

CodeHeap 'non-profiled nmethods': size=120000Kb used=5100Kb max_used=5100Kb free=114900Kb
 bounds [0x000001dd43390000, 0x000001dd43890000, 0x000001dd4a8c0000]
CodeHeap 'profiled nmethods': size=120000Kb used=31064Kb max_used=31187Kb free=88935Kb
 bounds [0x000001dd3b8c0000, 0x000001dd3d790000, 0x000001dd42df0000]
CodeHeap 'non-nmethods': size=5760Kb used=1404Kb max_used=1485Kb free=4355Kb
 bounds [0x000001dd42df0000, 0x000001dd43060000, 0x000001dd43390000]
 total_blobs=12048 nmethods=11310 adapters=646
 compilation: enabled
              stopped_count=0, restarted_count=0
 full_count=0

Compilation events (20 events):
Event: 14.617 Thread 0x000001dd52429420 13378       3       org.jetbrains.org.objectweb.asm.tree.MethodInsnNode::accept (30 bytes)
Event: 14.617 Thread 0x000001dd52429420 nmethod 13378 0x000001dd3d329890 code [0x000001dd3d329a40, 0x000001dd3d329c78]
Event: 14.619 Thread 0x000001dd52429420 13379       3       org.jetbrains.org.objectweb.asm.Type::getClassName (173 bytes)
Event: 14.621 Thread 0x000001dd52429420 nmethod 13379 0x000001dd3cea9c10 code [0x000001dd3cea9fa0, 0x000001dd3ceab428]
Event: 14.621 Thread 0x000001dd52429420 13380       3       org.jetbrains.kotlin.codegen.optimization.common.UtilKt::isSize2LoadStoreOperation (42 bytes)
Event: 14.622 Thread 0x000001dd52429420 nmethod 13380 0x000001dd3bdde290 code [0x000001dd3bdde440, 0x000001dd3bdde878]
Event: 14.622 Thread 0x000001dd52429420 13382       3       org.jetbrains.org.objectweb.asm.SymbolTable$Entry::<init> (17 bytes)
Event: 14.622 Thread 0x000001dd52429420 nmethod 13382 0x000001dd3cef2f90 code [0x000001dd3cef3140, 0x000001dd3cef32c8]
Event: 14.622 Thread 0x000001dd52429420 13381       3       org.jetbrains.org.objectweb.asm.MethodVisitor::visitLdcInsn (87 bytes)
Event: 14.622 Thread 0x000001dd52429420 nmethod 13381 0x000001dd3cef2210 code [0x000001dd3cef2420, 0x000001dd3cef2da8]
Event: 14.625 Thread 0x000001dd52429420 13383       3       org.jetbrains.kotlin.codegen.optimization.LabelNormalizationMethodTransformer$TransformerForMethod::getNew (28 bytes)
Event: 14.625 Thread 0x000001dd52429420 nmethod 13383 0x000001dd3cebf610 code [0x000001dd3cebf7e0, 0x000001dd3cebfb18]
Event: 14.625 Thread 0x000001dd52429420 13384       1       org.jetbrains.org.objectweb.asm.tree.LineNumberNode::getType (3 bytes)
Event: 14.625 Thread 0x000001dd52429420 nmethod 13384 0x000001dd4374e490 code [0x000001dd4374e620, 0x000001dd4374e6f8]
Event: 14.625 Thread 0x000001dd52429420 13385       3       org.jetbrains.org.objectweb.asm.tree.VarInsnNode::accept (18 bytes)
Event: 14.626 Thread 0x000001dd52429420 nmethod 13385 0x000001dd3cef1d10 code [0x000001dd3cef1ec0, 0x000001dd3cef20d8]
Event: 14.626 Thread 0x000001dd52429420 13386       3       org.jetbrains.kotlin.backend.jvm.codegen.MaterialValue::discard (25 bytes)
Event: 14.626 Thread 0x000001dd52429420 nmethod 13386 0x000001dd3cebf110 code [0x000001dd3cebf2c0, 0x000001dd3cebf4e8]
Event: 14.626 Thread 0x000001dd52429420 13387       3       org.jetbrains.org.objectweb.asm.Frame::pop (44 bytes)
Event: 14.626 Thread 0x000001dd52429420 nmethod 13387 0x000001dd3cebed10 code [0x000001dd3cebeea0, 0x000001dd3cebf038]

GC Heap History (20 events):
Event: 5.207 GC heap after
{Heap after GC invocations=16 (full 0):
 garbage-first heap   total 81920K, used 40444K [0x0000000081c00000, 0x0000000100000000)
  region size 1024K, 3 young (3072K), 3 survivors (3072K)
 Metaspace       used 53946K, committed 54272K, reserved 1097728K
  class space    used 6457K, committed 6592K, reserved 1048576K
}
Event: 6.044 GC heap before
{Heap before GC invocations=16 (full 0):
 garbage-first heap   total 81920K, used 63996K [0x0000000081c00000, 0x0000000100000000)
  region size 1024K, 26 young (26624K), 3 survivors (3072K)
 Metaspace       used 55223K, committed 55488K, reserved 1105920K
  class space    used 6511K, committed 6656K, reserved 1048576K
}
Event: 6.060 GC heap after
{Heap after GC invocations=17 (full 0):
 garbage-first heap   total 81920K, used 44502K [0x0000000081c00000, 0x0000000100000000)
  region size 1024K, 4 young (4096K), 4 survivors (4096K)
 Metaspace       used 55223K, committed 55488K, reserved 1105920K
  class space    used 6511K, committed 6656K, reserved 1048576K
}
Event: 6.439 GC heap before
{Heap before GC invocations=18 (full 0):
 garbage-first heap   total 81920K, used 63958K [0x0000000081c00000, 0x0000000100000000)
  region size 1024K, 23 young (23552K), 4 survivors (4096K)
 Metaspace       used 55778K, committed 56064K, reserved 1105920K
  class space    used 6556K, committed 6720K, reserved 1048576K
}
Event: 6.459 GC heap after
{Heap after GC invocations=19 (full 0):
 garbage-first heap   total 81920K, used 47473K [0x0000000081c00000, 0x0000000100000000)
  region size 1024K, 3 young (3072K), 3 survivors (3072K)
 Metaspace       used 55778K, committed 56064K, reserved 1105920K
  class space    used 6556K, committed 6720K, reserved 1048576K
}
Event: 6.874 GC heap before
{Heap before GC invocations=19 (full 0):
 garbage-first heap   total 81920K, used 64881K [0x0000000081c00000, 0x0000000100000000)
  region size 1024K, 20 young (20480K), 3 survivors (3072K)
 Metaspace       used 56879K, committed 57152K, reserved 1105920K
  class space    used 6678K, committed 6784K, reserved 1048576K
}
Event: 6.888 GC heap after
{Heap after GC invocations=20 (full 0):
 garbage-first heap   total 81920K, used 49777K [0x0000000081c00000, 0x0000000100000000)
  region size 1024K, 3 young (3072K), 3 survivors (3072K)
 Metaspace       used 56879K, committed 57152K, reserved 1105920K
  class space    used 6678K, committed 6784K, reserved 1048576K
}
Event: 7.489 GC heap before
{Heap before GC invocations=21 (full 0):
 garbage-first heap   total 91136K, used 65137K [0x0000000081c00000, 0x0000000100000000)
  region size 1024K, 18 young (18432K), 3 survivors (3072K)
 Metaspace       used 58116K, committed 58432K, reserved 1105920K
  class space    used 6793K, committed 6912K, reserved 1048576K
}
Event: 7.501 GC heap after
{Heap after GC invocations=22 (full 0):
 garbage-first heap   total 91136K, used 52459K [0x0000000081c00000, 0x0000000100000000)
  region size 1024K, 3 young (3072K), 3 survivors (3072K)
 Metaspace       used 58116K, committed 58432K, reserved 1105920K
  class space    used 6793K, committed 6912K, reserved 1048576K
}
Event: 7.530 GC heap before
{Heap before GC invocations=22 (full 0):
 garbage-first heap   total 91136K, used 53483K [0x0000000081c00000, 0x0000000100000000)
  region size 1024K, 4 young (4096K), 3 survivors (3072K)
 Metaspace       used 58125K, committed 58432K, reserved 1105920K
  class space    used 6793K, committed 6912K, reserved 1048576K
}
Event: 7.554 GC heap after
{Heap after GC invocations=23 (full 0):
 garbage-first heap   total 146432K, used 52556K [0x0000000081c00000, 0x0000000100000000)
  region size 1024K, 1 young (1024K), 1 survivors (1024K)
 Metaspace       used 58125K, committed 58432K, reserved 1105920K
  class space    used 6793K, committed 6912K, reserved 1048576K
}
Event: 9.742 GC heap before
{Heap before GC invocations=23 (full 0):
 garbage-first heap   total 146432K, used 108876K [0x0000000081c00000, 0x0000000100000000)
  region size 1024K, 56 young (57344K), 1 survivors (1024K)
 Metaspace       used 63709K, committed 64000K, reserved 1105920K
  class space    used 7257K, committed 7424K, reserved 1048576K
}
Event: 9.754 GC heap after
{Heap after GC invocations=24 (full 0):
 garbage-first heap   total 146432K, used 57703K [0x0000000081c00000, 0x0000000100000000)
  region size 1024K, 6 young (6144K), 6 survivors (6144K)
 Metaspace       used 63709K, committed 64000K, reserved 1105920K
  class space    used 7257K, committed 7424K, reserved 1048576K
}
Event: 11.273 GC heap before
{Heap before GC invocations=24 (full 0):
 garbage-first heap   total 146432K, used 109927K [0x0000000081c00000, 0x0000000100000000)
  region size 1024K, 57 young (58368K), 6 survivors (6144K)
 Metaspace       used 69627K, committed 69888K, reserved 1114112K
  class space    used 7879K, committed 8000K, reserved 1048576K
}
Event: 11.295 GC heap after
{Heap after GC invocations=25 (full 0):
 garbage-first heap   total 146432K, used 65380K [0x0000000081c00000, 0x0000000100000000)
  region size 1024K, 8 young (8192K), 8 survivors (8192K)
 Metaspace       used 69627K, committed 69888K, reserved 1114112K
  class space    used 7879K, committed 8000K, reserved 1048576K
}
Event: 12.418 GC heap before
{Heap before GC invocations=25 (full 0):
 garbage-first heap   total 146432K, used 111460K [0x0000000081c00000, 0x0000000100000000)
  region size 1024K, 53 young (54272K), 8 survivors (8192K)
 Metaspace       used 73650K, committed 73984K, reserved 1122304K
  class space    used 8275K, committed 8448K, reserved 1048576K
}
Event: 12.446 GC heap after
{Heap after GC invocations=26 (full 0):
 garbage-first heap   total 146432K, used 72109K [0x0000000081c00000, 0x0000000100000000)
  region size 1024K, 7 young (7168K), 7 survivors (7168K)
 Metaspace       used 73650K, committed 73984K, reserved 1122304K
  class space    used 8275K, committed 8448K, reserved 1048576K
}
Event: 13.571 GC heap before
{Heap before GC invocations=26 (full 0):
 garbage-first heap   total 146432K, used 113069K [0x0000000081c00000, 0x0000000100000000)
  region size 1024K, 47 young (48128K), 7 survivors (7168K)
 Metaspace       used 78889K, committed 79296K, reserved 1122304K
  class space    used 8841K, committed 9024K, reserved 1048576K
}
Event: 13.594 GC heap after
{Heap after GC invocations=27 (full 0):
 garbage-first heap   total 146432K, used 76195K [0x0000000081c00000, 0x0000000100000000)
  region size 1024K, 4 young (4096K), 4 survivors (4096K)
 Metaspace       used 78889K, committed 79296K, reserved 1122304K
  class space    used 8841K, committed 9024K, reserved 1048576K
}
Event: 14.627 GC heap before
{Heap before GC invocations=27 (full 0):
 garbage-first heap   total 146432K, used 116131K [0x0000000081c00000, 0x0000000100000000)
  region size 1024K, 43 young (44032K), 4 survivors (4096K)
 Metaspace       used 82373K, committed 82752K, reserved 1122304K
  class space    used 9113K, committed 9280K, reserved 1048576K
}

Dll operation events (2 events):
Event: 0.005 Loaded shared library D:\Android\jbr\bin\java.dll
Event: 1.212 Loaded shared library D:\Android\jbr\bin\verify.dll

Deoptimization events (20 events):
Event: 14.395 Thread 0x000001dd383eced0 Uncommon trap: trap_request=0xffffff45 fr.pc=0x000001dd4366098c relative=0x0000000000002d8c
Event: 14.395 Thread 0x000001dd383eced0 Uncommon trap: reason=unstable_if action=reinterpret pc=0x000001dd4366098c method=org.jetbrains.kotlin.metadata.ProtoBuf$Type.isInitialized()Z @ 7 c2
Event: 14.395 Thread 0x000001dd383eced0 DEOPT PACKING pc=0x000001dd4366098c sp=0x000000d7c0ffddb0
Event: 14.395 Thread 0x000001dd383eced0 DEOPT UNPACKING pc=0x000001dd42e469a3 sp=0x000000d7c0ffdd28 mode 2
Event: 14.397 Thread 0x000001dd383eced0 Uncommon trap: trap_request=0xffffff45 fr.pc=0x000001dd43839a44 relative=0x0000000000003ce4
Event: 14.397 Thread 0x000001dd383eced0 Uncommon trap: reason=unstable_if action=reinterpret pc=0x000001dd43839a44 method=org.jetbrains.kotlin.protobuf.SmallSortedMap.entrySet()Ljava/util/Set; @ 4 c2
Event: 14.397 Thread 0x000001dd383eced0 DEOPT PACKING pc=0x000001dd43839a44 sp=0x000000d7c0ffddd0
Event: 14.397 Thread 0x000001dd383eced0 DEOPT UNPACKING pc=0x000001dd42e469a3 sp=0x000000d7c0ffdbc8 mode 2
Event: 14.397 Thread 0x000001dd383eced0 Uncommon trap: trap_request=0xffffff45 fr.pc=0x000001dd4354a43c relative=0x000000000000063c
Event: 14.397 Thread 0x000001dd383eced0 Uncommon trap: reason=unstable_if action=reinterpret pc=0x000001dd4354a43c method=org.jetbrains.kotlin.protobuf.SmallSortedMap.entrySet()Ljava/util/Set; @ 4 c2
Event: 14.398 Thread 0x000001dd383eced0 DEOPT PACKING pc=0x000001dd4354a43c sp=0x000000d7c0ffdc00
Event: 14.398 Thread 0x000001dd383eced0 DEOPT UNPACKING pc=0x000001dd42e469a3 sp=0x000000d7c0ffda10 mode 2
Event: 14.398 Thread 0x000001dd383eced0 Uncommon trap: trap_request=0xffffff45 fr.pc=0x000001dd4354b6e8 relative=0x00000000000006e8
Event: 14.398 Thread 0x000001dd383eced0 Uncommon trap: reason=unstable_if action=reinterpret pc=0x000001dd4354b6e8 method=org.jetbrains.kotlin.protobuf.SmallSortedMap.entrySet()Ljava/util/Set; @ 4 c2
Event: 14.398 Thread 0x000001dd383eced0 DEOPT PACKING pc=0x000001dd4354b6e8 sp=0x000000d7c0ffdb70
Event: 14.398 Thread 0x000001dd383eced0 DEOPT UNPACKING pc=0x000001dd42e469a3 sp=0x000000d7c0ffda60 mode 2
Event: 14.398 Thread 0x000001dd383eced0 Uncommon trap: trap_request=0xffffff45 fr.pc=0x000001dd4354c154 relative=0x0000000000000234
Event: 14.398 Thread 0x000001dd383eced0 Uncommon trap: reason=unstable_if action=reinterpret pc=0x000001dd4354c154 method=org.jetbrains.kotlin.protobuf.SmallSortedMap.entrySet()Ljava/util/Set; @ 4 c2
Event: 14.398 Thread 0x000001dd383eced0 DEOPT PACKING pc=0x000001dd4354c154 sp=0x000000d7c0ffd9e0
Event: 14.398 Thread 0x000001dd383eced0 DEOPT UNPACKING pc=0x000001dd42e469a3 sp=0x000000d7c0ffd940 mode 2

Classes unloaded (0 events):
No events

Classes redefined (0 events):
No events

Internal exceptions (20 events):
Event: 6.205 Thread 0x000001dd383eced0 Exception <a 'java/lang/NoSuchMethodError'{0x0000000087d38558}: 'java.lang.Object java.lang.invoke.DirectMethodHandle$Holder.newInvokeSpecial(java.lang.Object, int, java.lang.Object)'> (0x0000000087d38558) 
thrown [s\src\hotspot\share\interpreter\linkResolver.cpp, line 771]
Event: 6.206 Thread 0x000001dd383eced0 Exception <a 'java/lang/NoSuchMethodError'{0x0000000087d3e918}: 'int java.lang.invoke.DirectMethodHandle$Holder.invokeInterface(java.lang.Object, java.lang.Object)'> (0x0000000087d3e918) 
thrown [s\src\hotspot\share\interpreter\linkResolver.cpp, line 771]
Event: 6.219 Thread 0x000001dd383eced0 Implicit null exception at 0x000001dd433df6ef to 0x000001dd433df8d4
Event: 6.219 Thread 0x000001dd383eced0 Implicit null exception at 0x000001dd433e8d8f to 0x000001dd433e8e09
Event: 6.501 Thread 0x000001dd383eced0 Exception <a 'java/lang/NoSuchMethodError'{0x0000000087e11350}: 'int java.lang.invoke.DirectMethodHandle$Holder.invokeStaticInit(java.lang.Object, int)'> (0x0000000087e11350) 
thrown [s\src\hotspot\share\interpreter\linkResolver.cpp, line 771]
Event: 6.716 Thread 0x000001dd383eced0 Implicit null exception at 0x000001dd43606291 to 0x000001dd436065ac
Event: 6.723 Thread 0x000001dd383eced0 Implicit null exception at 0x000001dd43607bef to 0x000001dd43607dc4
Event: 7.111 Thread 0x000001dd383eced0 Implicit null exception at 0x000001dd434392a0 to 0x000001dd43439424
Event: 7.111 Thread 0x000001dd383eced0 Implicit null exception at 0x000001dd433f61e0 to 0x000001dd433f627a
Event: 8.526 Thread 0x000001dd383eced0 Implicit null exception at 0x000001dd435f6640 to 0x000001dd435f6f4c
Event: 9.223 Thread 0x000001dd383eced0 Exception <a 'java/lang/NoSuchMethodError'{0x0000000088692e78}: 'java.lang.Object java.lang.invoke.DirectMethodHandle$Holder.newInvokeSpecial(java.lang.Object, java.lang.Object, java.lang.Object, java.lang.Object, java.lang.Object, java.lang.Object, java.lang.Object)'> (0x0000000088692e78) 
thrown [s\src\hotspot\share\interpreter\linkResolver.cpp, line 771]
Event: 9.223 Thread 0x000001dd383eced0 Exception <a 'java/lang/NoSuchMethodError'{0x0000000088697a30}: 'java.lang.Object java.lang.invoke.Invokers$Holder.linkToTargetMethod(java.lang.Object, java.lang.Object, java.lang.Object, java.lang.Object, java.lang.Object, java.lang.Object, java.lang.Object)'> (0x0000000088697a30) 
thrown [s\src\hotspot\share\interpreter\linkResolver.cpp, line 771]
Event: 9.298 Thread 0x000001dd383eced0 Exception <a 'java/lang/NoSuchMethodError'{0x0000000088439ed0}: 'java.lang.Object java.lang.invoke.DirectMethodHandle$Holder.invokeInterface(java.lang.Object, java.lang.Object, java.lang.Object)'> (0x0000000088439ed0) 
thrown [s\src\hotspot\share\interpreter\linkResolver.cpp, line 771]
Event: 9.298 Thread 0x000001dd383eced0 Exception <a 'java/lang/IncompatibleClassChangeError'{0x000000008843e038}: Found class java.lang.Object, but interface was expected> (0x000000008843e038) 
thrown [s\src\hotspot\share\interpreter\linkResolver.cpp, line 838]
Event: 9.405 Thread 0x000001dd383eced0 Implicit null exception at 0x000001dd4342a3ef to 0x000001dd4342a5d4
Event: 9.659 Thread 0x000001dd383eced0 Exception <a 'java/lang/NoSuchMethodError'{0x000000008772dfa8}: 'java.lang.Object java.lang.invoke.DirectMethodHandle$Holder.invokeStaticInit(java.lang.Object, java.lang.Object, java.lang.Object, java.lang.Object)'> (0x000000008772dfa8) 
thrown [s\src\hotspot\share\interpreter\linkResolver.cpp, line 771]
Event: 10.161 Thread 0x000001dd383eced0 Exception <a 'java/lang/NoSuchMethodError'{0x0000000089c382b8}: 'java.lang.Object java.lang.invoke.DirectMethodHandle$Holder.invokeSpecial(java.lang.Object, java.lang.Object, int, int, java.lang.Object, java.lang.Object, java.lang.Object, java.lang.Object, java.lang.Object)'> (0x0000000089c382b8) 
thrown [s\src\hotspot\share\interpreter\linkResolver.cpp, line 771]
Event: 10.573 Thread 0x000001dd383eced0 Exception <a 'java/lang/NoSuchMethodError'{0x00000000892cddb8}: 'java.lang.Object java.lang.invoke.DirectMethodHandle$Holder.invokeStatic(java.lang.Object, int, java.lang.Object)'> (0x00000000892cddb8) 
thrown [s\src\hotspot\share\interpreter\linkResolver.cpp, line 771]
Event: 10.580 Thread 0x000001dd383eced0 Exception <a 'java/lang/NoSuchMethodError'{0x00000000892f5a08}: 'java.lang.Object java.lang.invoke.DirectMethodHandle$Holder.newInvokeSpecial(java.lang.Object, int, java.lang.Object, java.lang.Object)'> (0x00000000892f5a08) 
thrown [s\src\hotspot\share\interpreter\linkResolver.cpp, line 771]
Event: 12.003 Thread 0x000001dd383eced0 Implicit null exception at 0x000001dd433fc66f to 0x000001dd433fc8b0

VM Operations (20 events):
Event: 13.976 Executing VM operation: ICBufferFull done
Event: 14.042 Executing VM operation: HandshakeAllThreads
Event: 14.042 Executing VM operation: HandshakeAllThreads done
Event: 14.042 Executing VM operation: HandshakeAllThreads
Event: 14.042 Executing VM operation: HandshakeAllThreads done
Event: 14.056 Executing VM operation: HandshakeAllThreads
Event: 14.056 Executing VM operation: HandshakeAllThreads done
Event: 14.066 Executing VM operation: HandshakeAllThreads
Event: 14.066 Executing VM operation: HandshakeAllThreads done
Event: 14.068 Executing VM operation: HandshakeAllThreads
Event: 14.068 Executing VM operation: HandshakeAllThreads done
Event: 14.093 Executing VM operation: HandshakeAllThreads
Event: 14.093 Executing VM operation: HandshakeAllThreads done
Event: 14.158 Executing VM operation: HandshakeAllThreads
Event: 14.158 Executing VM operation: HandshakeAllThreads done
Event: 14.369 Executing VM operation: HandshakeAllThreads
Event: 14.369 Executing VM operation: HandshakeAllThreads done
Event: 14.473 Executing VM operation: ICBufferFull
Event: 14.473 Executing VM operation: ICBufferFull done
Event: 14.627 Executing VM operation: G1CollectForAllocation

Events (20 events):
Event: 14.073 Thread 0x000001dd52429d20 flushing nmethod 0x000001dd3d3dea10
Event: 14.073 Thread 0x000001dd52429d20 flushing nmethod 0x000001dd3d3dfd10
Event: 14.073 Thread 0x000001dd52429d20 flushing nmethod 0x000001dd3d3e1410
Event: 14.073 Thread 0x000001dd52429d20 flushing nmethod 0x000001dd3d3e5990
Event: 14.073 Thread 0x000001dd52429d20 flushing nmethod 0x000001dd3d3e5d90
Event: 14.073 Thread 0x000001dd52429d20 flushing nmethod 0x000001dd3d409310
Event: 14.073 Thread 0x000001dd52429d20 flushing nmethod 0x000001dd3d40ac10
Event: 14.073 Thread 0x000001dd52429d20 flushing nmethod 0x000001dd3d422210
Event: 14.073 Thread 0x000001dd52429d20 flushing nmethod 0x000001dd3d422890
Event: 14.073 Thread 0x000001dd52429d20 flushing nmethod 0x000001dd3d423890
Event: 14.073 Thread 0x000001dd52429d20 flushing nmethod 0x000001dd3d426c90
Event: 14.074 Thread 0x000001dd52429d20 flushing nmethod 0x000001dd3d528010
Event: 14.074 Thread 0x000001dd52429d20 flushing nmethod 0x000001dd3d529190
Event: 14.074 Thread 0x000001dd52429d20 flushing nmethod 0x000001dd3d52f510
Event: 14.074 Thread 0x000001dd52429d20 flushing nmethod 0x000001dd3d535a90
Event: 14.074 Thread 0x000001dd52429d20 flushing nmethod 0x000001dd3d536b10
Event: 14.075 Thread 0x000001dd52429d20 flushing nmethod 0x000001dd3d5eea90
Event: 14.075 Thread 0x000001dd52429d20 flushing nmethod 0x000001dd3d601090
Event: 14.418 loading class java/util/Vector$Itr
Event: 14.419 loading class java/util/Vector$Itr done


Dynamic libraries:
0x00007ff6c3510000 - 0x00007ff6c351a000 	D:\Android\jbr\bin\java.exe
0x00007ff95f660000 - 0x00007ff95f869000 	C:\Windows\SYSTEM32\ntdll.dll
0x00007ff95e170000 - 0x00007ff95e22d000 	C:\Windows\System32\KERNEL32.DLL
0x00007ff95cc70000 - 0x00007ff95cfe4000 	C:\Windows\System32\KERNELBASE.dll
0x00007ff95d360000 - 0x00007ff95d471000 	C:\Windows\System32\ucrtbase.dll
0x00007ff938780000 - 0x00007ff93879b000 	D:\Android\jbr\bin\VCRUNTIME140.dll
0x00007ff94f430000 - 0x00007ff94f447000 	D:\Android\jbr\bin\jli.dll
0x00007ff95d5d0000 - 0x00007ff95d77c000 	C:\Windows\System32\USER32.dll
0x00007ff944cb0000 - 0x00007ff944f55000 	C:\Windows\WinSxS\amd64_microsoft.windows.common-controls_6595b64144ccf1df_6.0.22000.120_none_9d947278b86cc467\COMCTL32.dll
0x00007ff95cff0000 - 0x00007ff95d016000 	C:\Windows\System32\win32u.dll
0x00007ff95e360000 - 0x00007ff95e403000 	C:\Windows\System32\msvcrt.dll
0x00007ff95e720000 - 0x00007ff95e749000 	C:\Windows\System32\GDI32.dll
0x00007ff95cb50000 - 0x00007ff95cc62000 	C:\Windows\System32\gdi32full.dll
0x00007ff95d2c0000 - 0x00007ff95d35d000 	C:\Windows\System32\msvcp_win.dll
0x00007ff95e230000 - 0x00007ff95e261000 	C:\Windows\System32\IMM32.DLL
0x00007ff954750000 - 0x00007ff95475c000 	D:\Android\jbr\bin\vcruntime140_1.dll
0x00007ff929ea0000 - 0x00007ff929f2d000 	D:\Android\jbr\bin\msvcp140.dll
0x00007ff926c20000 - 0x00007ff92788e000 	D:\Android\jbr\bin\server\jvm.dll
0x00007ff95d8d0000 - 0x00007ff95d97e000 	C:\Windows\System32\ADVAPI32.dll
0x00007ff95e890000 - 0x00007ff95e92e000 	C:\Windows\System32\sechost.dll
0x00007ff95e750000 - 0x00007ff95e870000 	C:\Windows\System32\RPCRT4.dll
0x00007ff9510e0000 - 0x00007ff9510e9000 	C:\Windows\SYSTEM32\WSOCK32.dll
0x00007ff954690000 - 0x00007ff9546c3000 	C:\Windows\SYSTEM32\WINMM.dll
0x00007ff950900000 - 0x00007ff95090a000 	C:\Windows\SYSTEM32\VERSION.dll
0x00007ff95d560000 - 0x00007ff95d5cf000 	C:\Windows\System32\WS2_32.dll
0x00007ff95ada0000 - 0x00007ff95adb8000 	C:\Windows\SYSTEM32\kernel.appcore.dll
0x00007ff955880000 - 0x00007ff95588a000 	D:\Android\jbr\bin\jimage.dll
0x00007ff95a780000 - 0x00007ff95a9a1000 	C:\Windows\SYSTEM32\DBGHELP.DLL
0x00007ff944120000 - 0x00007ff944151000 	C:\Windows\SYSTEM32\dbgcore.DLL
0x00007ff95d480000 - 0x00007ff95d4ff000 	C:\Windows\System32\bcryptPrimitives.dll
0x00007ff952500000 - 0x00007ff952525000 	D:\Android\jbr\bin\java.dll
0x00007ff954080000 - 0x00007ff954098000 	D:\Android\jbr\bin\zip.dll
0x00007ff95eb40000 - 0x00007ff95f2ee000 	C:\Windows\System32\SHELL32.dll
0x00007ff95adc0000 - 0x00007ff95b627000 	C:\Windows\SYSTEM32\windows.storage.dll
0x00007ff95ddf0000 - 0x00007ff95e168000 	C:\Windows\System32\combase.dll
0x00007ff95ac30000 - 0x00007ff95ad96000 	C:\Windows\SYSTEM32\wintypes.dll
0x00007ff95e270000 - 0x00007ff95e35a000 	C:\Windows\System32\SHCORE.dll
0x00007ff95e6c0000 - 0x00007ff95e71d000 	C:\Windows\System32\shlwapi.dll
0x00007ff95ca80000 - 0x00007ff95caa1000 	C:\Windows\SYSTEM32\profapi.dll
0x00007ff94f470000 - 0x00007ff94f489000 	D:\Android\jbr\bin\net.dll
0x00007ff955100000 - 0x00007ff95520c000 	C:\Windows\SYSTEM32\WINHTTP.dll
0x00007ff95c060000 - 0x00007ff95c0c7000 	C:\Windows\system32\mswsock.dll
0x00007ff94f450000 - 0x00007ff94f466000 	D:\Android\jbr\bin\nio.dll
0x00007ff954790000 - 0x00007ff9547a0000 	D:\Android\jbr\bin\verify.dll

dbghelp: loaded successfully - version: 4.0.5 - missing functions: none
symbol engine: initialized successfully - sym options: 0x614 - pdb path: .;D:\Android\jbr\bin;C:\Windows\SYSTEM32;C:\Windows\WinSxS\amd64_microsoft.windows.common-controls_6595b64144ccf1df_6.0.22000.120_none_9d947278b86cc467;D:\Android\jbr\bin\server

VM Arguments:
java_command: org.jetbrains.kotlin.cli.jvm.K2JVMCompiler @D:\AndroidStudioProject\nemuiin_test\app\build\20231127_12423551375244998040.compiler.options
java_class_path (initial): C:\Users\Admin\.gradle\caches\modules-2\files-2.1\org.jetbrains.kotlin\kotlin-compiler-embeddable\1.8.10\b0757fd774344d54ce93f5ad6c30ba1c1731c8ff\kotlin-compiler-embeddable-1.8.10.jar;C:\Users\Admin\.gradle\caches\modules-2\files-2.1\org.jetbrains.kotlin\kotlin-stdlib\1.8.10\6d5560a229477df9406943d5feda5618e98eb64c\kotlin-stdlib-1.8.10.jar;C:\Users\Admin\.gradle\caches\modules-2\files-2.1\org.jetbrains.kotlin\kotlin-script-runtime\1.8.10\b13ea9c7e46d589139e56086a878763290e20bd5\kotlin-script-runtime-1.8.10.jar;C:\Users\Admin\.gradle\caches\modules-2\files-2.1\org.jetbrains.kotlin\kotlin-reflect\1.6.10\1cbe9c92c12a94eea200d23c2bbaedaf3daf5132\kotlin-reflect-1.6.10.jar;C:\Users\Admin\.gradle\caches\modules-2\files-2.1\org.jetbrains.kotlin\kotlin-daemon-embeddable\1.8.10\ad8541d9bc1cf9e52c3204161247910c2cf601d4\kotlin-daemon-embeddable-1.8.10.jar;C:\Users\Admin\.gradle\caches\modules-2\files-2.1\org.jetbrains.intellij.deps\trove4j\1.0.20200330\3afb14d5f9ceb459d724e907a21145e8ff394f02\trove4j-1.0.20200330.jar;C:\Users\Admin\.gradle\caches\modules-2\files-2.1\net.java.dev.jna\jna\5.6.0\330f2244e9030119ab3030fc3fededc86713d9cc\jna-5.6.0.jar;C:\Users\Admin\.gradle\caches\modules-2\files-2.1\org.jetbrains.kotlin\kotlin-stdlib-common\1.8.10\a61b182458550492c12aee66157d7b524a63a5ec\kotlin-stdlib-common-1.8.10.jar;C:\Users\Admin\.gradle\caches\modules-2\files-2.1\org.jetbrains\annotations\13.0\919f0dfe192fb4e063e7dacadee7f8bb9a2672a9\annotations-13.0.jar
Launcher Type: SUN_STANDARD

[Global flags]
     intx CICompilerCount                          = 3                                         {product} {ergonomic}
     uint ConcGCThreads                            = 1                                         {product} {ergonomic}
     uint G1ConcRefinementThreads                  = 4                                         {product} {ergonomic}
   size_t G1HeapRegionSize                         = 1048576                                   {product} {ergonomic}
    uintx GCDrainStackTargetSize                   = 64                                        {product} {ergonomic}
   size_t InitialHeapSize                          = 134217728                                 {product} {ergonomic}
   size_t MarkStackSize                            = 4194304                                   {product} {ergonomic}
   size_t MaxHeapSize                              = 2118123520                                {product} {ergonomic}
   size_t MaxNewSize                               = 1270874112                                {product} {ergonomic}
   size_t MinHeapDeltaBytes                        = 1048576                                   {product} {ergonomic}
   size_t MinHeapSize                              = 8388608                                   {product} {ergonomic}
    uintx NonNMethodCodeHeapSize                   = 5832780                                {pd product} {ergonomic}
    uintx NonProfiledCodeHeapSize                  = 122912730                              {pd product} {ergonomic}
    uintx ProfiledCodeHeapSize                     = 122912730                              {pd product} {ergonomic}
    uintx ReservedCodeCacheSize                    = 251658240                              {pd product} {ergonomic}
     bool SegmentedCodeCache                       = true                                      {product} {ergonomic}
   size_t SoftMaxHeapSize                          = 2118123520                             {manageable} {ergonomic}
     bool UseCompressedClassPointers               = true                           {product lp64_product} {ergonomic}
     bool UseCompressedOops                        = true                           {product lp64_product} {ergonomic}
     bool UseG1GC                                  = true                                      {product} {ergonomic}
     bool UseLargePagesIndividualAllocation        = false                                  {pd product} {ergonomic}

Logging:
Log output configuration:
 #0: stdout all=warning uptime,level,tags
 #1: stderr all=off uptime,level,tags

Environment Variables:
PATH=C:\Program Files\Common Files\Oracle\Java\javapath;C:\Windows\system32;C:\Windows;C:\Windows\System32\Wbem;C:\Windows\System32\WindowsPowerShell\v1.0\;C:\Windows\System32\OpenSSH\;C:\Program Files (x86)\NVIDIA Corporation\PhysX\Common;C:\Users\Admin\AppData\Local\Microsoft\WindowsApps;;D:\JetBrains\IntelliJ IDEA 2023.2.3\bin;;D:\JetBrains\IntelliJ IDEA Community Edition 2023.2.4\bin;
USERNAME=Admin
OS=Windows_NT
PROCESSOR_IDENTIFIER=Intel64 Family 6 Model 142 Stepping 10, GenuineIntel
TMP=C:\Users\Admin\AppData\Local\Temp
TEMP=C:\Users\Admin\AppData\Local\Temp


JNI global refs:
JNI global refs: 10, weak refs: 6

JNI global refs memory usage: 843, weak refs: 841


---------------  S Y S T E M  ---------------

OS:
 Windows 11 , 64 bit Build 22000 (10.0.22000.434)
OS uptime: 0 days 0:40 hours

CPU: total 4 (initial active 4) (2 cores per cpu, 2 threads per core) family 6 model 142 stepping 10 microcode 0xe0, cx8, cmov, fxsr, ht, mmx, 3dnowpref, sse, sse2, sse3, ssse3, sse4.1, sse4.2, popcnt, lzcnt, tsc, tscinvbit, avx, avx2, aes, erms, clmul, bmi1, bmi2, adx, fma, vzeroupper, clflush, clflushopt

Memory: 4k page, system-wide physical 8076M (944M free)
TotalPageFile size 8076M (AvailPageFile size 136M)
current process WorkingSet (physical memory assigned to process): 363M, peak: 363M
current process commit charge ("private bytes"): 392M, peak: 538M

vm_info: OpenJDK 64-Bit Server VM (17.0.6+0-b2043.56-10027231) for windows-amd64 JRE (17.0.6+0-b2043.56-10027231), built on Apr 28 2023 00:43:19 by "androidbuild" with MS VC++ 16.10 / 16.11 (VS2019)

END.
