#
# There is insufficient memory for the Java Runtime Environment to continue.
# Native memory allocation (malloc) failed to allocate 573072 bytes for Chunk::new
# Possible reasons:
#   The system is out of physical RAM or swap space
#   The process is running with CompressedOops enabled, and the Java Heap may be blocking the growth of the native heap
# Possible solutions:
#   Reduce memory load on the system
#   Increase physical memory or swap space
#   Check if swap backing store is full
#   Decrease Java heap size (-Xmx/-Xms)
#   Decrease number of Java threads
#   Decrease Java thread stack sizes (-Xss)
#   Set larger code cache with -XX:ReservedCodeCacheSize=
#   JVM is running with Unscaled Compressed Oops mode in which the Java heap is
#     placed in the first 4GB address space. The Java Heap base address is the
#     maximum limit for the native heap growth. Please use -XX:HeapBaseMinAddress
#     to set the Java Heap base and to place the Java Heap above 4GB virtual address.
# This output file may be truncated or incomplete.
#
#  Out of Memory Error (arena.cpp:189), pid=8140, tid=2196
#
# JRE version: OpenJDK Runtime Environment (17.0.6) (build 17.0.6+0-b2043.56-10027231)
# Java VM: OpenJDK 64-Bit Server VM (17.0.6+0-b2043.56-10027231, mixed mode, tiered, compressed oops, compressed class ptrs, g1 gc, windows-amd64)
# No core dump will be written. Minidumps are not enabled by default on client versions of Windows
#

---------------  S U M M A R Y ------------

Command Line: --add-opens=java.base/java.util=ALL-UNNAMED --add-opens=java.base/java.lang=ALL-UNNAMED --add-opens=java.base/java.lang.invoke=ALL-UNNAMED --add-opens=java.prefs/java.util.prefs=ALL-UNNAMED --add-opens=java.base/java.nio.charset=ALL-UNNAMED --add-opens=java.base/java.net=ALL-UNNAMED --add-opens=java.base/java.util.concurrent.atomic=ALL-UNNAMED -Xmx2048m -Dfile.encoding=UTF-8 -Duser.country=US -Duser.language=en -Duser.variant org.gradle.launcher.daemon.bootstrap.GradleDaemon 8.0

Host: Intel(R) Core(TM) i3-7020U CPU @ 2.30GHz, 4 cores, 7G,  Windows 11 , 64 bit Build 22000 (10.0.22000.434)
Time: Mon Nov 27 16:14:18 2023 SE Asia Standard Time elapsed time: 52.315269 seconds (0d 0h 0m 52s)

---------------  T H R E A D  ---------------

Current thread (0x0000025d2790d5b0):  JavaThread "C2 CompilerThread0" daemon [_thread_in_native, id=2196, stack(0x0000006d50200000,0x0000006d50300000)]


Current CompileTask:
C2:  52315 15504       4       com.android.tools.r8.utils.u0::e (297 bytes)

Stack: [0x0000006d50200000,0x0000006d50300000]
Native frames: (J=compiled Java code, j=interpreted, Vv=VM code, C=native code)
V  [jvm.dll+0x683c9a]
V  [jvm.dll+0x8427a4]
V  [jvm.dll+0x843f9e]
V  [jvm.dll+0x844603]
V  [jvm.dll+0x249b75]
V  [jvm.dll+0xabcac]
V  [jvm.dll+0xac27c]
V  [jvm.dll+0x368857]
V  [jvm.dll+0x332f31]
V  [jvm.dll+0x3323da]
V  [jvm.dll+0x21c201]
V  [jvm.dll+0x21b621]
V  [jvm.dll+0x1a4fdd]
V  [jvm.dll+0x22b098]
V  [jvm.dll+0x229159]
V  [jvm.dll+0x7f81ec]
V  [jvm.dll+0x7f274a]
V  [jvm.dll+0x682ad5]
C  [ucrtbase.dll+0x26c0c]
C  [KERNEL32.DLL+0x154e0]
C  [ntdll.dll+0x485b]


---------------  P R O C E S S  ---------------

Threads class SMR info:
_java_thread_list=0x0000025d28bc0d60, length=92, elements={
0x0000025d0d94c7b0, 0x0000025d26f1d2e0, 0x0000025d26f1de60, 0x0000025d26f5c6a0,
0x0000025d27908880, 0x0000025d2790a0f0, 0x0000025d2790c9c0, 0x0000025d2790d5b0,
0x0000025d27912a90, 0x0000025d27913b30, 0x0000025d27a8a7c0, 0x0000025d27a8f6d0,
0x0000025d2a3ccc20, 0x0000025d28dd93a0, 0x0000025d288dffa0, 0x0000025d2a086920,
0x0000025d294940c0, 0x0000025d283041a0, 0x0000025d28304b40, 0x0000025d28305010,
0x0000025d28301b20, 0x0000025d28303800, 0x0000025d283024c0, 0x0000025d2a998f00,
0x0000025d2a996880, 0x0000025d2a994200, 0x0000025d2a994ba0, 0x0000025d2a995540,
0x0000025d2a992050, 0x0000025d2a996d50, 0x0000025d2a9963b0, 0x0000025d2a9976f0,
0x0000025d2a997bc0, 0x0000025d2a993860, 0x0000025d2a992520, 0x0000025d2a998090,
0x0000025d2a993d30, 0x0000025d2a998560, 0x0000025d2a992ec0, 0x0000025d2a993390,
0x0000025d28302990, 0x0000025d28302e60, 0x0000025d28303330, 0x0000025d27c346b0,
0x0000025d27c35520, 0x0000025d27c32030, 0x0000025d27c329d0, 0x0000025d27c36d30,
0x0000025d27c31b60, 0x0000025d27c35ec0, 0x0000025d27c376d0, 0x0000025d27c38ee0,
0x0000025d27c359f0, 0x0000025d27c35050, 0x0000025d27c37ba0, 0x0000025d27c36390,
0x0000025d27c33840, 0x0000025d27c36860, 0x0000025d27c37200, 0x0000025d27c38070,
0x0000025d27c33370, 0x0000025d27c31690, 0x0000025d27c38a10, 0x0000025d27c32500,
0x0000025d27c33d10, 0x0000025d27c38540, 0x0000025d27c34b80, 0x0000025d27c341e0,
0x0000025d27c32ea0, 0x0000025d2a0d6e40, 0x0000025d2a0dd350, 0x0000025d2a0d77e0,
0x0000025d2a0dd820, 0x0000025d2a0d9990, 0x0000025d2a0d7310, 0x0000025d2a0d7cb0,
0x0000025d2a0de1c0, 0x0000025d2a0dc010, 0x0000025d2a0ddcf0, 0x0000025d2a0d8180,
0x0000025d2a0dbb40, 0x0000025d2a0db1a0, 0x0000025d2a0dacd0, 0x0000025d28303cd0,
0x0000025d2fa55a00, 0x0000025d2fa5abd0, 0x0000025d2fa59d60, 0x0000025d2fa55060,
0x0000025d2fa56d40, 0x0000025d2fa5bf10, 0x0000025d2fa5c3e0, 0x0000025d2cf5de60
}

Java Threads: ( => current thread )
  0x0000025d0d94c7b0 JavaThread "main" [_thread_blocked, id=2228, stack(0x0000006d4f500000,0x0000006d4f600000)]
  0x0000025d26f1d2e0 JavaThread "Reference Handler" daemon [_thread_blocked, id=2440, stack(0x0000006d4fc00000,0x0000006d4fd00000)]
  0x0000025d26f1de60 JavaThread "Finalizer" daemon [_thread_blocked, id=2636, stack(0x0000006d4fd00000,0x0000006d4fe00000)]
  0x0000025d26f5c6a0 JavaThread "Signal Dispatcher" daemon [_thread_blocked, id=2096, stack(0x0000006d4fe00000,0x0000006d4ff00000)]
  0x0000025d27908880 JavaThread "Attach Listener" daemon [_thread_blocked, id=3584, stack(0x0000006d4ff00000,0x0000006d50000000)]
  0x0000025d2790a0f0 JavaThread "Service Thread" daemon [_thread_blocked, id=2880, stack(0x0000006d50000000,0x0000006d50100000)]
  0x0000025d2790c9c0 JavaThread "Monitor Deflation Thread" daemon [_thread_blocked, id=3304, stack(0x0000006d50100000,0x0000006d50200000)]
=>0x0000025d2790d5b0 JavaThread "C2 CompilerThread0" daemon [_thread_in_native, id=2196, stack(0x0000006d50200000,0x0000006d50300000)]
  0x0000025d27912a90 JavaThread "C1 CompilerThread0" daemon [_thread_in_native, id=1528, stack(0x0000006d50300000,0x0000006d50400000)]
  0x0000025d27913b30 JavaThread "Sweeper thread" daemon [_thread_blocked, id=2436, stack(0x0000006d50400000,0x0000006d50500000)]
  0x0000025d27a8a7c0 JavaThread "Common-Cleaner" daemon [_thread_blocked, id=4120, stack(0x0000006d50500000,0x0000006d50600000)]
  0x0000025d27a8f6d0 JavaThread "Notification Thread" daemon [_thread_blocked, id=6496, stack(0x0000006d50600000,0x0000006d50700000)]
  0x0000025d2a3ccc20 JavaThread "Daemon health stats" [_thread_blocked, id=5604, stack(0x0000006d50c00000,0x0000006d50d00000)]
  0x0000025d28dd93a0 JavaThread "Incoming local TCP Connector on port 49877" [_thread_in_native, id=3860, stack(0x0000006d50d00000,0x0000006d50e00000)]
  0x0000025d288dffa0 JavaThread "Daemon periodic checks" [_thread_blocked, id=7484, stack(0x0000006d50e00000,0x0000006d50f00000)]
  0x0000025d2a086920 JavaThread "Daemon" [_thread_blocked, id=5300, stack(0x0000006d50f00000,0x0000006d51000000)]
  0x0000025d294940c0 JavaThread "Daemon worker" [_thread_blocked, id=5692, stack(0x0000006d51200000,0x0000006d51300000)]
  0x0000025d283041a0 JavaThread "Cache worker for journal cache (C:\Users\Admin\.gradle\caches\journal-1)" [_thread_blocked, id=7240, stack(0x0000006d51600000,0x0000006d51700000)]
  0x0000025d28304b40 JavaThread "File lock request listener" [_thread_in_native, id=5724, stack(0x0000006d51700000,0x0000006d51800000)]
  0x0000025d28305010 JavaThread "Cache worker for file hash cache (C:\Users\Admin\.gradle\caches\8.0\fileHashes)" [_thread_blocked, id=8104, stack(0x0000006d50800000,0x0000006d50900000)]
  0x0000025d28301b20 JavaThread "File watcher server" daemon [_thread_in_native, id=1460, stack(0x0000006d51900000,0x0000006d51a00000)]
  0x0000025d28303800 JavaThread "File watcher consumer" daemon [_thread_blocked, id=8048, stack(0x0000006d51a00000,0x0000006d51b00000)]
  0x0000025d283024c0 JavaThread "Cache worker for file content cache (C:\Users\Admin\.gradle\caches\8.0\fileContent)" [_thread_blocked, id=7144, stack(0x0000006d51d00000,0x0000006d51e00000)]
  0x0000025d2a998f00 JavaThread "Cache worker for execution history cache (C:\Users\Admin\.gradle\caches\8.0\executionHistory)" [_thread_blocked, id=4728, stack(0x0000006d51800000,0x0000006d51900000)]
  0x0000025d2a996880 JavaThread "jar transforms" [_thread_blocked, id=5960, stack(0x0000006d52000000,0x0000006d52100000)]
  0x0000025d2a994200 JavaThread "jar transforms Thread 2" [_thread_blocked, id=2856, stack(0x0000006d52200000,0x0000006d52300000)]
  0x0000025d2a994ba0 JavaThread "Cache worker for kotlin-dsl (C:\Users\Admin\.gradle\caches\8.0\kotlin-dsl)" [_thread_blocked, id=7896, stack(0x0000006d52400000,0x0000006d52500000)]
  0x0000025d2a995540 JavaThread "jar transforms Thread 3" [_thread_blocked, id=5276, stack(0x0000006d52500000,0x0000006d52600000)]
  0x0000025d2a992050 JavaThread "jar transforms Thread 4" [_thread_blocked, id=8144, stack(0x0000006d52600000,0x0000006d52700000)]
  0x0000025d2a996d50 JavaThread "Handler for socket connection from /127.0.0.1:49877 to /127.0.0.1:49891" [_thread_in_native, id=7816, stack(0x0000006d51000000,0x0000006d51100000)]
  0x0000025d2a9963b0 JavaThread "Cancel handler" [_thread_blocked, id=7912, stack(0x0000006d51100000,0x0000006d51200000)]
  0x0000025d2a9976f0 JavaThread "Asynchronous log dispatcher for DefaultDaemonConnection: socket connection from /127.0.0.1:49877 to /127.0.0.1:49891" [_thread_blocked, id=7556, stack(0x0000006d51300000,0x0000006d51400000)]
  0x0000025d2a997bc0 JavaThread "Stdin handler" [_thread_blocked, id=7252, stack(0x0000006d51400000,0x0000006d51500000)]
  0x0000025d2a993860 JavaThread "Daemon client event forwarder" [_thread_blocked, id=8056, stack(0x0000006d51500000,0x0000006d51600000)]
  0x0000025d2a992520 JavaThread "Cache worker for checksums cache (D:\AndroidStudioProject\nemuiin_test\.gradle\8.0\checksums)" [_thread_blocked, id=2256, stack(0x0000006d51b00000,0x0000006d51c00000)]
  0x0000025d2a998090 JavaThread "Cache worker for cache directory md-rule (C:\Users\Admin\.gradle\caches\8.0\md-rule)" [_thread_blocked, id=7944, stack(0x0000006d51c00000,0x0000006d51d00000)]
  0x0000025d2a993d30 JavaThread "Cache worker for file hash cache (D:\AndroidStudioProject\nemuiin_test\.gradle\8.0\fileHashes)" [_thread_blocked, id=4100, stack(0x0000006d51e00000,0x0000006d51f00000)]
  0x0000025d2a998560 JavaThread "Cache worker for cache directory md-supplier (C:\Users\Admin\.gradle\caches\8.0\md-supplier)" [_thread_blocked, id=5076, stack(0x0000006d51f00000,0x0000006d52000000)]
  0x0000025d2a992ec0 JavaThread "Cache worker for dependencies-accessors (D:\AndroidStudioProject\nemuiin_test\.gradle\8.0\dependencies-accessors)" [_thread_blocked, id=3448, stack(0x0000006d52700000,0x0000006d52800000)]
  0x0000025d2a993390 JavaThread "Cache worker for Build Output Cleanup Cache (D:\AndroidStudioProject\nemuiin_test\.gradle\buildOutputCleanup)" [_thread_blocked, id=3416, stack(0x0000006d52800000,0x0000006d52900000)]
  0x0000025d28302990 JavaThread "Unconstrained build operations" [_thread_blocked, id=4768, stack(0x0000006d52100000,0x0000006d52200000)]
  0x0000025d28302e60 JavaThread "Unconstrained build operations Thread 2" [_thread_in_Java, id=4932, stack(0x0000006d52900000,0x0000006d52a00000)]
  0x0000025d28303330 JavaThread "Unconstrained build operations Thread 3" [_thread_blocked, id=2148, stack(0x0000006d52a00000,0x0000006d52b00000)]
  0x0000025d27c346b0 JavaThread "Unconstrained build operations Thread 4" [_thread_blocked, id=4764, stack(0x0000006d52b00000,0x0000006d52c00000)]
  0x0000025d27c35520 JavaThread "Unconstrained build operations Thread 5" [_thread_blocked, id=1812, stack(0x0000006d52c00000,0x0000006d52d00000)]
  0x0000025d27c32030 JavaThread "Unconstrained build operations Thread 6" [_thread_blocked, id=3844, stack(0x0000006d52d00000,0x0000006d52e00000)]
  0x0000025d27c329d0 JavaThread "Unconstrained build operations Thread 7" [_thread_blocked, id=2328, stack(0x0000006d52e00000,0x0000006d52f00000)]
  0x0000025d27c36d30 JavaThread "Unconstrained build operations Thread 8" [_thread_blocked, id=1600, stack(0x0000006d52f00000,0x0000006d53000000)]
  0x0000025d27c31b60 JavaThread "Unconstrained build operations Thread 9" [_thread_blocked, id=3732, stack(0x0000006d53000000,0x0000006d53100000)]
  0x0000025d27c35ec0 JavaThread "Unconstrained build operations Thread 10" [_thread_blocked, id=7620, stack(0x0000006d53100000,0x0000006d53200000)]
  0x0000025d27c376d0 JavaThread "Unconstrained build operations Thread 11" [_thread_blocked, id=7460, stack(0x0000006d53200000,0x0000006d53300000)]
  0x0000025d27c38ee0 JavaThread "Unconstrained build operations Thread 12" [_thread_blocked, id=7544, stack(0x0000006d53300000,0x0000006d53400000)]
  0x0000025d27c359f0 JavaThread "Unconstrained build operations Thread 13" [_thread_blocked, id=7624, stack(0x0000006d53400000,0x0000006d53500000)]
  0x0000025d27c35050 JavaThread "Unconstrained build operations Thread 14" [_thread_blocked, id=5160, stack(0x0000006d53500000,0x0000006d53600000)]
  0x0000025d27c37ba0 JavaThread "Unconstrained build operations Thread 15" [_thread_blocked, id=7628, stack(0x0000006d53600000,0x0000006d53700000)]
  0x0000025d27c36390 JavaThread "Unconstrained build operations Thread 16" [_thread_blocked, id=2272, stack(0x0000006d53700000,0x0000006d53800000)]
  0x0000025d27c33840 JavaThread "Unconstrained build operations Thread 17" [_thread_blocked, id=1688, stack(0x0000006d53800000,0x0000006d53900000)]
  0x0000025d27c36860 JavaThread "Unconstrained build operations Thread 18" [_thread_in_vm, id=7576, stack(0x0000006d53900000,0x0000006d53a00000)]
  0x0000025d27c37200 JavaThread "Unconstrained build operations Thread 19" [_thread_blocked, id=4156, stack(0x0000006d53a00000,0x0000006d53b00000)]
  0x0000025d27c38070 JavaThread "Unconstrained build operations Thread 20" [_thread_blocked, id=3404, stack(0x0000006d53b00000,0x0000006d53c00000)]
  0x0000025d27c33370 JavaThread "Unconstrained build operations Thread 21" [_thread_blocked, id=5708, stack(0x0000006d53c00000,0x0000006d53d00000)]
  0x0000025d27c31690 JavaThread "Unconstrained build operations Thread 22" [_thread_blocked, id=7652, stack(0x0000006d53d00000,0x0000006d53e00000)]
  0x0000025d27c38a10 JavaThread "Unconstrained build operations Thread 23" [_thread_blocked, id=6960, stack(0x0000006d53e00000,0x0000006d53f00000)]
  0x0000025d27c32500 JavaThread "Unconstrained build operations Thread 24" [_thread_blocked, id=2248, stack(0x0000006d53f00000,0x0000006d54000000)]
  0x0000025d27c33d10 JavaThread "Unconstrained build operations Thread 25" [_thread_blocked, id=7940, stack(0x0000006d54000000,0x0000006d54100000)]
  0x0000025d27c38540 JavaThread "Unconstrained build operations Thread 26" [_thread_blocked, id=7712, stack(0x0000006d54100000,0x0000006d54200000)]
  0x0000025d27c34b80 JavaThread "Unconstrained build operations Thread 27" [_thread_blocked, id=7028, stack(0x0000006d54200000,0x0000006d54300000)]
  0x0000025d27c341e0 JavaThread "Unconstrained build operations Thread 28" [_thread_blocked, id=7636, stack(0x0000006d54300000,0x0000006d54400000)]
  0x0000025d27c32ea0 JavaThread "Unconstrained build operations Thread 29" [_thread_blocked, id=984, stack(0x0000006d54400000,0x0000006d54500000)]
  0x0000025d2a0d6e40 JavaThread "Unconstrained build operations Thread 30" [_thread_blocked, id=7108, stack(0x0000006d54500000,0x0000006d54600000)]
  0x0000025d2a0dd350 JavaThread "Unconstrained build operations Thread 31" [_thread_blocked, id=5652, stack(0x0000006d54600000,0x0000006d54700000)]
  0x0000025d2a0d77e0 JavaThread "Unconstrained build operations Thread 32" [_thread_blocked, id=1536, stack(0x0000006d54700000,0x0000006d54800000)]
  0x0000025d2a0dd820 JavaThread "Unconstrained build operations Thread 33" [_thread_blocked, id=2800, stack(0x0000006d54800000,0x0000006d54900000)]
  0x0000025d2a0d9990 JavaThread "Unconstrained build operations Thread 34" [_thread_blocked, id=7956, stack(0x0000006d54900000,0x0000006d54a00000)]
  0x0000025d2a0d7310 JavaThread "Unconstrained build operations Thread 35" [_thread_blocked, id=7412, stack(0x0000006d54a00000,0x0000006d54b00000)]
  0x0000025d2a0d7cb0 JavaThread "Unconstrained build operations Thread 36" [_thread_blocked, id=1064, stack(0x0000006d54b00000,0x0000006d54c00000)]
  0x0000025d2a0de1c0 JavaThread "Unconstrained build operations Thread 37" [_thread_blocked, id=7720, stack(0x0000006d54c00000,0x0000006d54d00000)]
  0x0000025d2a0dc010 JavaThread "Unconstrained build operations Thread 38" [_thread_blocked, id=2356, stack(0x0000006d54d00000,0x0000006d54e00000)]
  0x0000025d2a0ddcf0 JavaThread "Unconstrained build operations Thread 39" [_thread_blocked, id=5984, stack(0x0000006d54e00000,0x0000006d54f00000)]
  0x0000025d2a0d8180 JavaThread "Unconstrained build operations Thread 40" [_thread_blocked, id=1860, stack(0x0000006d54f00000,0x0000006d55000000)]
  0x0000025d2a0dbb40 JavaThread "build event listener" [_thread_blocked, id=3108, stack(0x0000006d55000000,0x0000006d55100000)]
  0x0000025d2a0db1a0 JavaThread "Memory manager" [_thread_blocked, id=1708, stack(0x0000006d55200000,0x0000006d55300000)]
  0x0000025d2a0dacd0 JavaThread "included builds" [_thread_blocked, id=5092, stack(0x0000006d55500000,0x0000006d55600000)]
  0x0000025d28303cd0 JavaThread "Execution worker" [_thread_blocked, id=1768, stack(0x0000006d55600000,0x0000006d55700000)]
  0x0000025d2fa55a00 JavaThread "Execution worker Thread 2" [_thread_blocked, id=5204, stack(0x0000006d55700000,0x0000006d55800000)]
  0x0000025d2fa5abd0 JavaThread "Execution worker Thread 3" [_thread_blocked, id=1476, stack(0x0000006d55800000,0x0000006d55900000)]
  0x0000025d2fa59d60 JavaThread "Cache worker for execution history cache (D:\AndroidStudioProject\nemuiin_test\.gradle\8.0\executionHistory)" [_thread_blocked, id=7468, stack(0x0000006d55900000,0x0000006d55a00000)]
  0x0000025d2fa55060 JavaThread "WorkerExecutor Queue" [_thread_blocked, id=2712, stack(0x0000006d55a00000,0x0000006d55b00000)]
  0x0000025d2fa56d40 JavaThread "WorkerExecutor Queue Thread 2" [_thread_blocked, id=7996, stack(0x0000006d55b00000,0x0000006d55c00000)]
  0x0000025d2fa5bf10 JavaThread "WorkerExecutor Queue Thread 3" [_thread_blocked, id=3420, stack(0x0000006d55c00000,0x0000006d55d00000)]
  0x0000025d2fa5c3e0 JavaThread "WorkerExecutor Queue Thread 4" [_thread_blocked, id=716, stack(0x0000006d55d00000,0x0000006d55e00000)]
  0x0000025d2cf5de60 JavaThread "C2 CompilerThread1" daemon [_thread_in_native, id=6648, stack(0x0000006d55400000,0x0000006d55500000)]

Other Threads:
  0x0000025d26ecc9e0 VMThread "VM Thread" [stack: 0x0000006d4fb00000,0x0000006d4fc00000] [id=6832]
  0x0000025d27a8fba0 WatcherThread [stack: 0x0000006d50700000,0x0000006d50800000] [id=2684]
  0x0000025d0d9a78f0 GCTaskThread "GC Thread#0" [stack: 0x0000006d4f600000,0x0000006d4f700000] [id=6560]
  0x0000025d27d9d8a0 GCTaskThread "GC Thread#1" [stack: 0x0000006d50900000,0x0000006d50a00000] [id=1712]
  0x0000025d28210a80 GCTaskThread "GC Thread#2" [stack: 0x0000006d50a00000,0x0000006d50b00000] [id=3832]
  0x0000025d2865fdf0 GCTaskThread "GC Thread#3" [stack: 0x0000006d50b00000,0x0000006d50c00000] [id=7584]
  0x0000025d0d9b8740 ConcurrentGCThread "G1 Main Marker" [stack: 0x0000006d4f700000,0x0000006d4f800000] [id=2236]
  0x0000025d0d9b9060 ConcurrentGCThread "G1 Conc#0" [stack: 0x0000006d4f800000,0x0000006d4f900000] [id=6968]
  0x0000025d0da1dfe0 ConcurrentGCThread "G1 Refine#0" [stack: 0x0000006d4f900000,0x0000006d4fa00000] [id=3576]
  0x0000025d2d018c40 ConcurrentGCThread "G1 Refine#1" [stack: 0x0000006d52300000,0x0000006d52400000] [id=7208]
  0x0000025d0da1e910 ConcurrentGCThread "G1 Service" [stack: 0x0000006d4fa00000,0x0000006d4fb00000] [id=2416]

Threads with active compile tasks:
C2 CompilerThread0    52380 15504       4       com.android.tools.r8.utils.u0::e (297 bytes)
C1 CompilerThread0    52380 15618       3       com.android.tools.r8.internal.Ia::a (4479 bytes)
C2 CompilerThread1    52380 15508       4       com.android.tools.r8.internal.Ia::a (1093 bytes)

VM state: not at safepoint (normal execution)

VM Mutex/Monitor currently owned by a thread: None

Heap address: 0x0000000080000000, size: 2048 MB, Compressed Oops mode: 32-bit

CDS archive(s) not mapped
Compressed class space mapped at: 0x0000000100000000-0x0000000140000000, reserved size: 1073741824
Narrow klass base: 0x0000000000000000, Narrow klass shift: 3, Narrow klass range: 0x140000000

GC Precious Log:
 CPUs: 4 total, 4 available
 Memory: 8076M
 Large Page Support: Disabled
 NUMA Support: Disabled
 Compressed Oops: Enabled (32-bit)
 Heap Region Size: 1M
 Heap Min Capacity: 8M
 Heap Initial Capacity: 128M
 Heap Max Capacity: 2G
 Pre-touch: Disabled
 Parallel Workers: 4
 Concurrent Workers: 1
 Concurrent Refinement Workers: 4
 Periodic GC: Disabled

Heap:
 garbage-first heap   total 208896K, used 118985K [0x0000000080000000, 0x0000000100000000)
  region size 1024K, 16 young (16384K), 2 survivors (2048K)
 Metaspace       used 113658K, committed 114432K, reserved 1155072K
  class space    used 15105K, committed 15488K, reserved 1048576K

Heap Regions: E=young(eden), S=young(survivor), O=old, HS=humongous(starts), HC=humongous(continues), CS=collection set, F=free, OA=open archive, CA=closed archive, TAMS=top-at-mark-start (previous, next)
|   0|0x0000000080000000, 0x0000000080100000, 0x0000000080100000|100%| O|  |TAMS 0x0000000080100000, 0x0000000080000000| Untracked 
|   1|0x0000000080100000, 0x0000000080200000, 0x0000000080200000|100%| O|  |TAMS 0x0000000080200000, 0x0000000080100000| Untracked 
|   2|0x0000000080200000, 0x0000000080300000, 0x0000000080300000|100%|HS|  |TAMS 0x0000000080300000, 0x0000000080200000| Complete 
|   3|0x0000000080300000, 0x0000000080400000, 0x0000000080400000|100%|HC|  |TAMS 0x0000000080400000, 0x0000000080300000| Complete 
|   4|0x0000000080400000, 0x0000000080500000, 0x0000000080500000|100%|HC|  |TAMS 0x0000000080500000, 0x0000000080400000| Complete 
|   5|0x0000000080500000, 0x0000000080600000, 0x0000000080600000|100%|HC|  |TAMS 0x0000000080600000, 0x0000000080500000| Complete 
|   6|0x0000000080600000, 0x0000000080700000, 0x0000000080700000|100%| O|  |TAMS 0x0000000080700000, 0x0000000080600000| Untracked 
|   7|0x0000000080700000, 0x0000000080800000, 0x0000000080800000|100%| O|  |TAMS 0x0000000080800000, 0x0000000080700000| Untracked 
|   8|0x0000000080800000, 0x0000000080900000, 0x0000000080900000|100%| O|  |TAMS 0x0000000080900000, 0x0000000080800000| Untracked 
|   9|0x0000000080900000, 0x0000000080a00000, 0x0000000080a00000|100%| O|  |TAMS 0x0000000080a00000, 0x0000000080900000| Untracked 
|  10|0x0000000080a00000, 0x0000000080b00000, 0x0000000080b00000|100%| O|  |TAMS 0x0000000080b00000, 0x0000000080a00000| Untracked 
|  11|0x0000000080b00000, 0x0000000080c00000, 0x0000000080c00000|100%| O|  |TAMS 0x0000000080c00000, 0x0000000080b00000| Untracked 
|  12|0x0000000080c00000, 0x0000000080d00000, 0x0000000080d00000|100%| O|  |TAMS 0x0000000080d00000, 0x0000000080c00000| Untracked 
|  13|0x0000000080d00000, 0x0000000080e00000, 0x0000000080e00000|100%| O|  |TAMS 0x0000000080e00000, 0x0000000080d00000| Untracked 
|  14|0x0000000080e00000, 0x0000000080f00000, 0x0000000080f00000|100%| O|  |TAMS 0x0000000080f00000, 0x0000000080e00000| Untracked 
|  15|0x0000000080f00000, 0x0000000081000000, 0x0000000081000000|100%| O|  |TAMS 0x0000000081000000, 0x0000000080f00000| Untracked 
|  16|0x0000000081000000, 0x0000000081100000, 0x0000000081100000|100%| O|  |TAMS 0x0000000081100000, 0x0000000081000000| Untracked 
|  17|0x0000000081100000, 0x0000000081200000, 0x0000000081200000|100%| O|  |TAMS 0x0000000081200000, 0x0000000081100000| Untracked 
|  18|0x0000000081200000, 0x0000000081300000, 0x0000000081300000|100%| O|  |TAMS 0x0000000081300000, 0x0000000081200000| Untracked 
|  19|0x0000000081300000, 0x0000000081400000, 0x0000000081400000|100%| O|  |TAMS 0x0000000081400000, 0x0000000081300000| Untracked 
|  20|0x0000000081400000, 0x0000000081500000, 0x0000000081500000|100%| O|  |TAMS 0x0000000081500000, 0x0000000081400000| Untracked 
|  21|0x0000000081500000, 0x0000000081600000, 0x0000000081600000|100%| O|  |TAMS 0x0000000081600000, 0x0000000081500000| Untracked 
|  22|0x0000000081600000, 0x0000000081700000, 0x0000000081700000|100%| O|  |TAMS 0x0000000081700000, 0x0000000081600000| Untracked 
|  23|0x0000000081700000, 0x0000000081800000, 0x0000000081800000|100%| O|  |TAMS 0x0000000081800000, 0x0000000081700000| Untracked 
|  24|0x0000000081800000, 0x0000000081900000, 0x0000000081900000|100%| O|  |TAMS 0x0000000081900000, 0x0000000081800000| Untracked 
|  25|0x0000000081900000, 0x0000000081a00000, 0x0000000081a00000|100%| O|  |TAMS 0x0000000081a00000, 0x0000000081900000| Untracked 
|  26|0x0000000081a00000, 0x0000000081b00000, 0x0000000081b00000|100%| O|  |TAMS 0x0000000081b00000, 0x0000000081a00000| Untracked 
|  27|0x0000000081b00000, 0x0000000081c00000, 0x0000000081c00000|100%| O|  |TAMS 0x0000000081c00000, 0x0000000081b00000| Untracked 
|  28|0x0000000081c00000, 0x0000000081d00000, 0x0000000081d00000|100%| O|  |TAMS 0x0000000081d00000, 0x0000000081c00000| Untracked 
|  29|0x0000000081d00000, 0x0000000081e00000, 0x0000000081e00000|100%| O|  |TAMS 0x0000000081e00000, 0x0000000081d00000| Untracked 
|  30|0x0000000081e00000, 0x0000000081f00000, 0x0000000081f00000|100%| O|  |TAMS 0x0000000081f00000, 0x0000000081e00000| Untracked 
|  31|0x0000000081f00000, 0x0000000082000000, 0x0000000082000000|100%| O|  |TAMS 0x0000000082000000, 0x0000000081f00000| Untracked 
|  32|0x0000000082000000, 0x0000000082100000, 0x0000000082100000|100%| O|  |TAMS 0x0000000082100000, 0x0000000082000000| Untracked 
|  33|0x0000000082100000, 0x0000000082200000, 0x0000000082200000|100%|HS|  |TAMS 0x0000000082200000, 0x0000000082100000| Complete 
|  34|0x0000000082200000, 0x0000000082300000, 0x0000000082300000|100%|HS|  |TAMS 0x0000000082300000, 0x0000000082200000| Complete 
|  35|0x0000000082300000, 0x0000000082400000, 0x0000000082400000|100%|HS|  |TAMS 0x0000000082400000, 0x0000000082300000| Complete 
|  36|0x0000000082400000, 0x0000000082500000, 0x0000000082500000|100%|HC|  |TAMS 0x0000000082500000, 0x0000000082400000| Complete 
|  37|0x0000000082500000, 0x0000000082600000, 0x0000000082600000|100%| O|  |TAMS 0x0000000082600000, 0x0000000082500000| Untracked 
|  38|0x0000000082600000, 0x0000000082700000, 0x0000000082700000|100%| O|  |TAMS 0x0000000082700000, 0x0000000082600000| Untracked 
|  39|0x0000000082700000, 0x0000000082800000, 0x0000000082800000|100%| O|  |TAMS 0x0000000082800000, 0x0000000082700000| Untracked 
|  40|0x0000000082800000, 0x0000000082900000, 0x0000000082900000|100%|HS|  |TAMS 0x0000000082900000, 0x0000000082800000| Complete 
|  41|0x0000000082900000, 0x0000000082a00000, 0x0000000082a00000|100%|HS|  |TAMS 0x0000000082a00000, 0x0000000082900000| Complete 
|  42|0x0000000082a00000, 0x0000000082b00000, 0x0000000082b00000|100%|HC|  |TAMS 0x0000000082b00000, 0x0000000082a00000| Complete 
|  43|0x0000000082b00000, 0x0000000082c00000, 0x0000000082c00000|100%|HC|  |TAMS 0x0000000082c00000, 0x0000000082b00000| Complete 
|  44|0x0000000082c00000, 0x0000000082d00000, 0x0000000082d00000|100%|HC|  |TAMS 0x0000000082d00000, 0x0000000082c00000| Complete 
|  45|0x0000000082d00000, 0x0000000082e00000, 0x0000000082e00000|100%| O|  |TAMS 0x0000000082e00000, 0x0000000082d00000| Untracked 
|  46|0x0000000082e00000, 0x0000000082f00000, 0x0000000082f00000|100%| O|  |TAMS 0x0000000082f00000, 0x0000000082e00000| Untracked 
|  47|0x0000000082f00000, 0x0000000083000000, 0x0000000083000000|100%| O|  |TAMS 0x0000000083000000, 0x0000000082f00000| Untracked 
|  48|0x0000000083000000, 0x0000000083100000, 0x0000000083100000|100%| O|  |TAMS 0x0000000083100000, 0x0000000083000000| Untracked 
|  49|0x0000000083100000, 0x0000000083200000, 0x0000000083200000|100%| O|  |TAMS 0x0000000083200000, 0x0000000083100000| Untracked 
|  50|0x0000000083200000, 0x0000000083300000, 0x0000000083300000|100%| O|  |TAMS 0x0000000083300000, 0x0000000083200000| Untracked 
|  51|0x0000000083300000, 0x0000000083400000, 0x0000000083400000|100%| O|  |TAMS 0x0000000083400000, 0x0000000083300000| Untracked 
|  52|0x0000000083400000, 0x0000000083500000, 0x0000000083500000|100%| O|  |TAMS 0x0000000083500000, 0x0000000083400000| Untracked 
|  53|0x0000000083500000, 0x0000000083600000, 0x0000000083600000|100%| O|  |TAMS 0x0000000083600000, 0x0000000083500000| Untracked 
|  54|0x0000000083600000, 0x0000000083700000, 0x0000000083700000|100%| O|  |TAMS 0x0000000083700000, 0x0000000083600000| Untracked 
|  55|0x0000000083700000, 0x0000000083800000, 0x0000000083800000|100%| O|  |TAMS 0x0000000083800000, 0x0000000083700000| Untracked 
|  56|0x0000000083800000, 0x0000000083900000, 0x0000000083900000|100%| O|  |TAMS 0x0000000083900000, 0x0000000083800000| Untracked 
|  57|0x0000000083900000, 0x0000000083a00000, 0x0000000083a00000|100%| O|  |TAMS 0x0000000083a00000, 0x0000000083900000| Untracked 
|  58|0x0000000083a00000, 0x0000000083b00000, 0x0000000083b00000|100%| O|  |TAMS 0x0000000083b00000, 0x0000000083a00000| Untracked 
|  59|0x0000000083b00000, 0x0000000083c00000, 0x0000000083c00000|100%| O|  |TAMS 0x0000000083c00000, 0x0000000083b00000| Untracked 
|  60|0x0000000083c00000, 0x0000000083d00000, 0x0000000083d00000|100%| O|  |TAMS 0x0000000083d00000, 0x0000000083c00000| Untracked 
|  61|0x0000000083d00000, 0x0000000083e00000, 0x0000000083e00000|100%| O|  |TAMS 0x0000000083e00000, 0x0000000083d00000| Untracked 
|  62|0x0000000083e00000, 0x0000000083f00000, 0x0000000083f00000|100%| O|  |TAMS 0x0000000083f00000, 0x0000000083e00000| Untracked 
|  63|0x0000000083f00000, 0x0000000084000000, 0x0000000084000000|100%| O|  |TAMS 0x0000000084000000, 0x0000000083f00000| Untracked 
|  64|0x0000000084000000, 0x0000000084100000, 0x0000000084100000|100%| O|  |TAMS 0x0000000084100000, 0x0000000084000000| Untracked 
|  65|0x0000000084100000, 0x0000000084200000, 0x0000000084200000|100%| O|  |TAMS 0x0000000084200000, 0x0000000084100000| Untracked 
|  66|0x0000000084200000, 0x0000000084300000, 0x0000000084300000|100%| O|  |TAMS 0x0000000084300000, 0x0000000084200000| Untracked 
|  67|0x0000000084300000, 0x0000000084400000, 0x0000000084400000|100%| O|  |TAMS 0x0000000084400000, 0x0000000084300000| Untracked 
|  68|0x0000000084400000, 0x0000000084500000, 0x0000000084500000|100%| O|  |TAMS 0x0000000084500000, 0x0000000084400000| Untracked 
|  69|0x0000000084500000, 0x0000000084600000, 0x0000000084600000|100%| O|  |TAMS 0x0000000084600000, 0x0000000084500000| Untracked 
|  70|0x0000000084600000, 0x0000000084700000, 0x0000000084700000|100%| O|  |TAMS 0x0000000084700000, 0x0000000084600000| Untracked 
|  71|0x0000000084700000, 0x0000000084800000, 0x0000000084800000|100%| O|  |TAMS 0x0000000084800000, 0x0000000084700000| Untracked 
|  72|0x0000000084800000, 0x0000000084900000, 0x0000000084900000|100%| O|  |TAMS 0x0000000084900000, 0x0000000084800000| Untracked 
|  73|0x0000000084900000, 0x0000000084a00000, 0x0000000084a00000|100%| O|  |TAMS 0x0000000084a00000, 0x0000000084900000| Untracked 
|  74|0x0000000084a00000, 0x0000000084b00000, 0x0000000084b00000|100%| O|  |TAMS 0x0000000084b00000, 0x0000000084a00000| Untracked 
|  75|0x0000000084b00000, 0x0000000084c00000, 0x0000000084c00000|100%| O|  |TAMS 0x0000000084c00000, 0x0000000084b00000| Untracked 
|  76|0x0000000084c00000, 0x0000000084d00000, 0x0000000084d00000|100%| O|  |TAMS 0x0000000084d00000, 0x0000000084c00000| Untracked 
|  77|0x0000000084d00000, 0x0000000084e00000, 0x0000000084e00000|100%| O|  |TAMS 0x0000000084e00000, 0x0000000084d00000| Untracked 
|  78|0x0000000084e00000, 0x0000000084f00000, 0x0000000084f00000|100%| O|  |TAMS 0x0000000084f00000, 0x0000000084e00000| Untracked 
|  79|0x0000000084f00000, 0x0000000085000000, 0x0000000085000000|100%| O|  |TAMS 0x0000000085000000, 0x0000000084f00000| Untracked 
|  80|0x0000000085000000, 0x0000000085100000, 0x0000000085100000|100%| O|  |TAMS 0x0000000085000000, 0x0000000085000000| Untracked 
|  81|0x0000000085100000, 0x0000000085200000, 0x0000000085200000|100%| O|  |TAMS 0x0000000085200000, 0x0000000085100000| Untracked 
|  82|0x0000000085200000, 0x0000000085300000, 0x0000000085300000|100%| O|  |TAMS 0x0000000085300000, 0x0000000085200000| Untracked 
|  83|0x0000000085300000, 0x0000000085400000, 0x0000000085400000|100%| O|  |TAMS 0x0000000085400000, 0x0000000085300000| Untracked 
|  84|0x0000000085400000, 0x0000000085500000, 0x0000000085500000|100%| O|  |TAMS 0x0000000085500000, 0x0000000085400000| Untracked 
|  85|0x0000000085500000, 0x0000000085500000, 0x0000000085600000|  0%| F|  |TAMS 0x0000000085500000, 0x0000000085500000| Untracked 
|  86|0x0000000085600000, 0x0000000085700000, 0x0000000085700000|100%| O|  |TAMS 0x0000000085600000, 0x0000000085600000| Untracked 
|  87|0x0000000085700000, 0x0000000085800000, 0x0000000085800000|100%| O|  |TAMS 0x0000000085700000, 0x0000000085700000| Untracked 
|  88|0x0000000085800000, 0x0000000085900000, 0x0000000085900000|100%| O|  |TAMS 0x0000000085900000, 0x0000000085800000| Untracked 
|  89|0x0000000085900000, 0x0000000085a00000, 0x0000000085a00000|100%| O|  |TAMS 0x0000000085a00000, 0x0000000085900000| Untracked 
|  90|0x0000000085a00000, 0x0000000085b00000, 0x0000000085b00000|100%| O|  |TAMS 0x0000000085b00000, 0x0000000085a00000| Untracked 
|  91|0x0000000085b00000, 0x0000000085c00000, 0x0000000085c00000|100%| O|  |TAMS 0x0000000085c00000, 0x0000000085b00000| Untracked 
|  92|0x0000000085c00000, 0x0000000085d00000, 0x0000000085d00000|100%| O|  |TAMS 0x0000000085d00000, 0x0000000085c00000| Untracked 
|  93|0x0000000085d00000, 0x0000000085e00000, 0x0000000085e00000|100%| O|  |TAMS 0x0000000085e00000, 0x0000000085d00000| Untracked 
|  94|0x0000000085e00000, 0x0000000085f00000, 0x0000000085f00000|100%| O|  |TAMS 0x0000000085f00000, 0x0000000085e00000| Untracked 
|  95|0x0000000085f00000, 0x0000000085f00000, 0x0000000086000000|  0%| F|  |TAMS 0x0000000085f00000, 0x0000000085f00000| Untracked 
|  96|0x0000000086000000, 0x0000000086100000, 0x0000000086100000|100%| O|  |TAMS 0x0000000086100000, 0x0000000086000000| Untracked 
|  97|0x0000000086100000, 0x0000000086200000, 0x0000000086200000|100%| O|  |TAMS 0x0000000086200000, 0x0000000086100000| Untracked 
|  98|0x0000000086200000, 0x0000000086300000, 0x0000000086300000|100%| O|  |TAMS 0x000000008627e600, 0x0000000086200000| Untracked 
|  99|0x0000000086300000, 0x0000000086400000, 0x0000000086400000|100%| O|  |TAMS 0x0000000086300000, 0x0000000086300000| Untracked 
| 100|0x0000000086400000, 0x0000000086500000, 0x0000000086500000|100%| O|  |TAMS 0x0000000086400000, 0x0000000086400000| Untracked 
| 101|0x0000000086500000, 0x0000000086600000, 0x0000000086600000|100%| O|  |TAMS 0x0000000086500000, 0x0000000086500000| Untracked 
| 102|0x0000000086600000, 0x0000000086700000, 0x0000000086700000|100%| O|  |TAMS 0x0000000086600000, 0x0000000086600000| Untracked 
| 103|0x0000000086700000, 0x00000000867fb200, 0x0000000086800000| 98%| O|  |TAMS 0x0000000086700000, 0x0000000086700000| Untracked 
| 104|0x0000000086800000, 0x0000000086800000, 0x0000000086900000|  0%| F|  |TAMS 0x0000000086800000, 0x0000000086800000| Untracked 
| 105|0x0000000086900000, 0x0000000086900000, 0x0000000086a00000|  0%| F|  |TAMS 0x0000000086900000, 0x0000000086900000| Untracked 
| 106|0x0000000086a00000, 0x0000000086a00000, 0x0000000086b00000|  0%| F|  |TAMS 0x0000000086a00000, 0x0000000086a00000| Untracked 
| 107|0x0000000086b00000, 0x0000000086b00000, 0x0000000086c00000|  0%| F|  |TAMS 0x0000000086b00000, 0x0000000086b00000| Untracked 
| 108|0x0000000086c00000, 0x0000000086c00000, 0x0000000086d00000|  0%| F|  |TAMS 0x0000000086c00000, 0x0000000086c00000| Untracked 
| 109|0x0000000086d00000, 0x0000000086d00000, 0x0000000086e00000|  0%| F|  |TAMS 0x0000000086d00000, 0x0000000086d00000| Untracked 
| 110|0x0000000086e00000, 0x0000000086e00000, 0x0000000086f00000|  0%| F|  |TAMS 0x0000000086e00000, 0x0000000086e00000| Untracked 
| 111|0x0000000086f00000, 0x0000000086f00000, 0x0000000087000000|  0%| F|  |TAMS 0x0000000086f00000, 0x0000000086f00000| Untracked 
| 112|0x0000000087000000, 0x0000000087000000, 0x0000000087100000|  0%| F|  |TAMS 0x0000000087000000, 0x0000000087000000| Untracked 
| 113|0x0000000087100000, 0x0000000087100000, 0x0000000087200000|  0%| F|  |TAMS 0x0000000087100000, 0x0000000087100000| Untracked 
| 114|0x0000000087200000, 0x0000000087200000, 0x0000000087300000|  0%| F|  |TAMS 0x0000000087200000, 0x0000000087200000| Untracked 
| 115|0x0000000087300000, 0x0000000087300000, 0x0000000087400000|  0%| F|  |TAMS 0x0000000087300000, 0x0000000087300000| Untracked 
| 116|0x0000000087400000, 0x0000000087400000, 0x0000000087500000|  0%| F|  |TAMS 0x0000000087400000, 0x0000000087400000| Untracked 
| 117|0x0000000087500000, 0x0000000087500000, 0x0000000087600000|  0%| F|  |TAMS 0x0000000087500000, 0x0000000087500000| Untracked 
| 118|0x0000000087600000, 0x0000000087600000, 0x0000000087700000|  0%| F|  |TAMS 0x0000000087600000, 0x0000000087600000| Untracked 
| 119|0x0000000087700000, 0x0000000087700000, 0x0000000087800000|  0%| F|  |TAMS 0x0000000087700000, 0x0000000087700000| Untracked 
| 120|0x0000000087800000, 0x0000000087800000, 0x0000000087900000|  0%| F|  |TAMS 0x0000000087800000, 0x0000000087800000| Untracked 
| 121|0x0000000087900000, 0x0000000087900000, 0x0000000087a00000|  0%| F|  |TAMS 0x0000000087900000, 0x0000000087900000| Untracked 
| 122|0x0000000087a00000, 0x0000000087a00000, 0x0000000087b00000|  0%| F|  |TAMS 0x0000000087a00000, 0x0000000087a00000| Untracked 
| 123|0x0000000087b00000, 0x0000000087b00000, 0x0000000087c00000|  0%| F|  |TAMS 0x0000000087b00000, 0x0000000087b00000| Untracked 
| 124|0x0000000087c00000, 0x0000000087c00000, 0x0000000087d00000|  0%| F|  |TAMS 0x0000000087c00000, 0x0000000087c00000| Untracked 
| 125|0x0000000087d00000, 0x0000000087d00000, 0x0000000087e00000|  0%| F|  |TAMS 0x0000000087d00000, 0x0000000087d00000| Untracked 
| 126|0x0000000087e00000, 0x0000000087e00000, 0x0000000087f00000|  0%| F|  |TAMS 0x0000000087e00000, 0x0000000087e00000| Untracked 
| 127|0x0000000087f00000, 0x0000000087f00000, 0x0000000088000000|  0%| F|  |TAMS 0x0000000087f00000, 0x0000000087f00000| Untracked 
| 128|0x0000000088000000, 0x0000000088000000, 0x0000000088100000|  0%| F|  |TAMS 0x0000000088000000, 0x0000000088000000| Untracked 
| 129|0x0000000088100000, 0x0000000088100000, 0x0000000088200000|  0%| F|  |TAMS 0x0000000088100000, 0x0000000088100000| Untracked 
| 130|0x0000000088200000, 0x0000000088200000, 0x0000000088300000|  0%| F|  |TAMS 0x0000000088200000, 0x0000000088200000| Untracked 
| 131|0x0000000088300000, 0x0000000088300000, 0x0000000088400000|  0%| F|  |TAMS 0x0000000088300000, 0x0000000088300000| Untracked 
| 132|0x0000000088400000, 0x0000000088400000, 0x0000000088500000|  0%| F|  |TAMS 0x0000000088400000, 0x0000000088400000| Untracked 
| 133|0x0000000088500000, 0x0000000088500000, 0x0000000088600000|  0%| F|  |TAMS 0x0000000088500000, 0x0000000088500000| Untracked 
| 134|0x0000000088600000, 0x0000000088600000, 0x0000000088700000|  0%| F|  |TAMS 0x0000000088600000, 0x0000000088600000| Untracked 
| 135|0x0000000088700000, 0x0000000088700000, 0x0000000088800000|  0%| F|  |TAMS 0x0000000088700000, 0x0000000088700000| Untracked 
| 136|0x0000000088800000, 0x0000000088800000, 0x0000000088900000|  0%| F|  |TAMS 0x0000000088800000, 0x0000000088800000| Untracked 
| 137|0x0000000088900000, 0x0000000088900000, 0x0000000088a00000|  0%| F|  |TAMS 0x0000000088900000, 0x0000000088900000| Untracked 
| 138|0x0000000088a00000, 0x0000000088a00000, 0x0000000088b00000|  0%| F|  |TAMS 0x0000000088a00000, 0x0000000088a00000| Untracked 
| 139|0x0000000088b00000, 0x0000000088b00000, 0x0000000088c00000|  0%| F|  |TAMS 0x0000000088b00000, 0x0000000088b00000| Untracked 
| 140|0x0000000088c00000, 0x0000000088c00000, 0x0000000088d00000|  0%| F|  |TAMS 0x0000000088c00000, 0x0000000088c00000| Untracked 
| 141|0x0000000088d00000, 0x0000000088d00000, 0x0000000088e00000|  0%| F|  |TAMS 0x0000000088d00000, 0x0000000088d00000| Untracked 
| 142|0x0000000088e00000, 0x0000000088e00000, 0x0000000088f00000|  0%| F|  |TAMS 0x0000000088e00000, 0x0000000088e00000| Untracked 
| 143|0x0000000088f00000, 0x0000000088f00000, 0x0000000089000000|  0%| F|  |TAMS 0x0000000088f00000, 0x0000000088f00000| Untracked 
| 144|0x0000000089000000, 0x0000000089000000, 0x0000000089100000|  0%| F|  |TAMS 0x0000000089000000, 0x0000000089000000| Untracked 
| 145|0x0000000089100000, 0x0000000089100000, 0x0000000089200000|  0%| F|  |TAMS 0x0000000089100000, 0x0000000089100000| Untracked 
| 146|0x0000000089200000, 0x0000000089200000, 0x0000000089300000|  0%| F|  |TAMS 0x0000000089200000, 0x0000000089200000| Untracked 
| 147|0x0000000089300000, 0x0000000089300000, 0x0000000089400000|  0%| F|  |TAMS 0x0000000089300000, 0x0000000089300000| Untracked 
| 148|0x0000000089400000, 0x0000000089400000, 0x0000000089500000|  0%| F|  |TAMS 0x0000000089400000, 0x0000000089400000| Untracked 
| 149|0x0000000089500000, 0x0000000089500000, 0x0000000089600000|  0%| F|  |TAMS 0x0000000089500000, 0x0000000089500000| Untracked 
| 150|0x0000000089600000, 0x0000000089600000, 0x0000000089700000|  0%| F|  |TAMS 0x0000000089600000, 0x0000000089600000| Untracked 
| 151|0x0000000089700000, 0x0000000089700000, 0x0000000089800000|  0%| F|  |TAMS 0x0000000089700000, 0x0000000089700000| Untracked 
| 152|0x0000000089800000, 0x0000000089800000, 0x0000000089900000|  0%| F|  |TAMS 0x0000000089800000, 0x0000000089800000| Untracked 
| 153|0x0000000089900000, 0x0000000089900000, 0x0000000089a00000|  0%| F|  |TAMS 0x0000000089900000, 0x0000000089900000| Untracked 
| 154|0x0000000089a00000, 0x0000000089a00000, 0x0000000089b00000|  0%| F|  |TAMS 0x0000000089a00000, 0x0000000089a00000| Untracked 
| 155|0x0000000089b00000, 0x0000000089b00000, 0x0000000089c00000|  0%| F|  |TAMS 0x0000000089b00000, 0x0000000089b00000| Untracked 
| 156|0x0000000089c00000, 0x0000000089c00000, 0x0000000089d00000|  0%| F|  |TAMS 0x0000000089c00000, 0x0000000089c00000| Untracked 
| 157|0x0000000089d00000, 0x0000000089d00000, 0x0000000089e00000|  0%| F|  |TAMS 0x0000000089d00000, 0x0000000089d00000| Untracked 
| 158|0x0000000089e00000, 0x0000000089e00000, 0x0000000089f00000|  0%| F|  |TAMS 0x0000000089e00000, 0x0000000089e00000| Untracked 
| 159|0x0000000089f00000, 0x0000000089f00000, 0x000000008a000000|  0%| F|  |TAMS 0x0000000089f00000, 0x0000000089f00000| Untracked 
| 160|0x000000008a000000, 0x000000008a000000, 0x000000008a100000|  0%| F|  |TAMS 0x000000008a000000, 0x000000008a000000| Untracked 
| 161|0x000000008a100000, 0x000000008a100000, 0x000000008a200000|  0%| F|  |TAMS 0x000000008a100000, 0x000000008a100000| Untracked 
| 162|0x000000008a200000, 0x000000008a200000, 0x000000008a300000|  0%| F|  |TAMS 0x000000008a200000, 0x000000008a200000| Untracked 
| 163|0x000000008a300000, 0x000000008a300000, 0x000000008a400000|  0%| F|  |TAMS 0x000000008a300000, 0x000000008a300000| Untracked 
| 164|0x000000008a400000, 0x000000008a400000, 0x000000008a500000|  0%| F|  |TAMS 0x000000008a400000, 0x000000008a400000| Untracked 
| 165|0x000000008a500000, 0x000000008a500000, 0x000000008a600000|  0%| F|  |TAMS 0x000000008a500000, 0x000000008a500000| Untracked 
| 166|0x000000008a600000, 0x000000008a600000, 0x000000008a700000|  0%| F|  |TAMS 0x000000008a600000, 0x000000008a600000| Untracked 
| 167|0x000000008a700000, 0x000000008a700000, 0x000000008a800000|  0%| F|  |TAMS 0x000000008a700000, 0x000000008a700000| Untracked 
| 168|0x000000008a800000, 0x000000008a800000, 0x000000008a900000|  0%| F|  |TAMS 0x000000008a800000, 0x000000008a800000| Untracked 
| 169|0x000000008a900000, 0x000000008a900000, 0x000000008aa00000|  0%| F|  |TAMS 0x000000008a900000, 0x000000008a900000| Untracked 
| 170|0x000000008aa00000, 0x000000008aa00000, 0x000000008ab00000|  0%| F|  |TAMS 0x000000008aa00000, 0x000000008aa00000| Untracked 
| 171|0x000000008ab00000, 0x000000008ab00000, 0x000000008ac00000|  0%| F|  |TAMS 0x000000008ab00000, 0x000000008ab00000| Untracked 
| 172|0x000000008ac00000, 0x000000008ac00000, 0x000000008ad00000|  0%| F|  |TAMS 0x000000008ac00000, 0x000000008ac00000| Untracked 
| 173|0x000000008ad00000, 0x000000008ad00000, 0x000000008ae00000|  0%| F|  |TAMS 0x000000008ad00000, 0x000000008ad00000| Untracked 
| 174|0x000000008ae00000, 0x000000008ae00000, 0x000000008af00000|  0%| F|  |TAMS 0x000000008ae00000, 0x000000008ae00000| Untracked 
| 175|0x000000008af00000, 0x000000008af00000, 0x000000008b000000|  0%| F|  |TAMS 0x000000008af00000, 0x000000008af00000| Untracked 
| 176|0x000000008b000000, 0x000000008b000000, 0x000000008b100000|  0%| F|  |TAMS 0x000000008b000000, 0x000000008b000000| Untracked 
| 177|0x000000008b100000, 0x000000008b100000, 0x000000008b200000|  0%| F|  |TAMS 0x000000008b100000, 0x000000008b100000| Untracked 
| 178|0x000000008b200000, 0x000000008b200000, 0x000000008b300000|  0%| F|  |TAMS 0x000000008b200000, 0x000000008b200000| Untracked 
| 179|0x000000008b300000, 0x000000008b300000, 0x000000008b400000|  0%| F|  |TAMS 0x000000008b300000, 0x000000008b300000| Untracked 
| 180|0x000000008b400000, 0x000000008b400000, 0x000000008b500000|  0%| F|  |TAMS 0x000000008b400000, 0x000000008b400000| Untracked 
| 181|0x000000008b500000, 0x000000008b500000, 0x000000008b600000|  0%| F|  |TAMS 0x000000008b500000, 0x000000008b500000| Untracked 
| 182|0x000000008b600000, 0x000000008b600000, 0x000000008b700000|  0%| F|  |TAMS 0x000000008b600000, 0x000000008b600000| Untracked 
| 183|0x000000008b700000, 0x000000008b700000, 0x000000008b800000|  0%| F|  |TAMS 0x000000008b700000, 0x000000008b700000| Untracked 
| 184|0x000000008b800000, 0x000000008b800000, 0x000000008b900000|  0%| F|  |TAMS 0x000000008b800000, 0x000000008b800000| Untracked 
| 185|0x000000008b900000, 0x000000008b900000, 0x000000008ba00000|  0%| F|  |TAMS 0x000000008b900000, 0x000000008b900000| Untracked 
| 186|0x000000008ba00000, 0x000000008ba00000, 0x000000008bb00000|  0%| F|  |TAMS 0x000000008ba00000, 0x000000008ba00000| Untracked 
| 187|0x000000008bb00000, 0x000000008bb00000, 0x000000008bc00000|  0%| F|  |TAMS 0x000000008bb00000, 0x000000008bb00000| Untracked 
| 188|0x000000008bc00000, 0x000000008bcf42f8, 0x000000008bd00000| 95%| E|  |TAMS 0x000000008bc00000, 0x000000008bc00000| Complete 
| 189|0x000000008bd00000, 0x000000008be00000, 0x000000008be00000|100%| E|CS|TAMS 0x000000008bd00000, 0x000000008bd00000| Complete 
| 190|0x000000008be00000, 0x000000008bf00000, 0x000000008bf00000|100%| E|CS|TAMS 0x000000008be00000, 0x000000008be00000| Complete 
| 191|0x000000008bf00000, 0x000000008c000000, 0x000000008c000000|100%| E|CS|TAMS 0x000000008bf00000, 0x000000008bf00000| Complete 
| 192|0x000000008c000000, 0x000000008c100000, 0x000000008c100000|100%| E|CS|TAMS 0x000000008c000000, 0x000000008c000000| Complete 
| 193|0x000000008c100000, 0x000000008c200000, 0x000000008c200000|100%| E|CS|TAMS 0x000000008c100000, 0x000000008c100000| Complete 
| 194|0x000000008c200000, 0x000000008c300000, 0x000000008c300000|100%| E|CS|TAMS 0x000000008c200000, 0x000000008c200000| Complete 
| 195|0x000000008c300000, 0x000000008c400000, 0x000000008c400000|100%| E|CS|TAMS 0x000000008c300000, 0x000000008c300000| Complete 
| 196|0x000000008c400000, 0x000000008c500000, 0x000000008c500000|100%| E|CS|TAMS 0x000000008c400000, 0x000000008c400000| Complete 
| 197|0x000000008c500000, 0x000000008c600000, 0x000000008c600000|100%| E|CS|TAMS 0x000000008c500000, 0x000000008c500000| Complete 
| 198|0x000000008c600000, 0x000000008c637230, 0x000000008c700000| 21%| S|CS|TAMS 0x000000008c600000, 0x000000008c600000| Complete 
| 199|0x000000008c700000, 0x000000008c800000, 0x000000008c800000|100%| S|CS|TAMS 0x000000008c700000, 0x000000008c700000| Complete 
| 200|0x000000008c800000, 0x000000008c900000, 0x000000008c900000|100%| E|CS|TAMS 0x000000008c800000, 0x000000008c800000| Complete 
| 201|0x000000008c900000, 0x000000008ca00000, 0x000000008ca00000|100%| E|CS|TAMS 0x000000008c900000, 0x000000008c900000| Complete 
| 202|0x000000008ca00000, 0x000000008cb00000, 0x000000008cb00000|100%| E|CS|TAMS 0x000000008ca00000, 0x000000008ca00000| Complete 
| 203|0x000000008cb00000, 0x000000008cc00000, 0x000000008cc00000|100%| E|CS|TAMS 0x000000008cb00000, 0x000000008cb00000| Complete 

Card table byte_map: [0x0000025d20220000,0x0000025d20620000] _byte_map_base: 0x0000025d1fe20000

Marking Bits (Prev, Next): (CMBitMap*) 0x0000025d0d9a7e10, (CMBitMap*) 0x0000025d0d9a7e50
 Prev Bits: [0x0000025d20a20000, 0x0000025d22a20000)
 Next Bits: [0x0000025d22a20000, 0x0000025d24a20000)

Polling page: 0x0000025d0baf0000

Metaspace:

Usage:
  Non-class:     96.28 MB used.
      Class:     14.76 MB used.
       Both:    111.04 MB used.

Virtual space:
  Non-class space:      104.00 MB reserved,      96.69 MB ( 93%) committed,  13 nodes.
      Class space:        1.00 GB reserved,      15.19 MB (  1%) committed,  1 nodes.
             Both:        1.10 GB reserved,     111.88 MB ( 10%) committed. 

Chunk freelists:
   Non-Class:  2.73 MB
       Class:  688.00 KB
        Both:  3.41 MB

MaxMetaspaceSize: unlimited
CompressedClassSpaceSize: 1.00 GB
Initial GC threshold: 21.00 MB
Current GC threshold: 179.69 MB
CDS: off
MetaspaceReclaimPolicy: balanced
 - commit_granule_bytes: 65536.
 - commit_granule_words: 8192.
 - virtual_space_node_default_size: 1048576.
 - enlarge_chunks_in_place: 1.
 - new_chunks_are_fully_committed: 0.
 - uncommit_free_chunks: 1.
 - use_allocation_guard: 0.
 - handle_deallocations: 1.


Internal statistics:

num_allocs_failed_limit: 21.
num_arena_births: 1266.
num_arena_deaths: 6.
num_vsnodes_births: 14.
num_vsnodes_deaths: 0.
num_space_committed: 1788.
num_space_uncommitted: 0.
num_chunks_returned_to_freelist: 28.
num_chunks_taken_from_freelist: 5584.
num_chunk_merges: 21.
num_chunk_splits: 3726.
num_chunks_enlarged: 2521.
num_purges: 2.
num_inconsistent_stats: 0.

CodeHeap 'non-profiled nmethods': size=120000Kb used=9082Kb max_used=9082Kb free=110917Kb
 bounds [0x0000025d188f0000, 0x0000025d191d0000, 0x0000025d1fe20000]
CodeHeap 'profiled nmethods': size=120000Kb used=26748Kb max_used=26748Kb free=93252Kb
 bounds [0x0000025d10e20000, 0x0000025d12840000, 0x0000025d18350000]
CodeHeap 'non-nmethods': size=5760Kb used=2422Kb max_used=2506Kb free=3337Kb
 bounds [0x0000025d18350000, 0x0000025d185e0000, 0x0000025d188f0000]
 total_blobs=14219 nmethods=13256 adapters=875
 compilation: enabled
              stopped_count=0, restarted_count=0
 full_count=0

Compilation events (20 events):
Event: 52.295 Thread 0x0000025d27912a90 nmethod 15544 0x0000025d12804890 code [0x0000025d12804a60, 0x0000025d12804ee8]
Event: 52.295 Thread 0x0000025d27912a90 15546       3       com.android.tools.r8.graph.T0::a (33 bytes)
Event: 52.295 Thread 0x0000025d27912a90 nmethod 15546 0x0000025d12805090 code [0x0000025d12805220, 0x0000025d12805398]
Event: 52.295 Thread 0x0000025d27912a90 15547       3       com.android.tools.r8.internal.yt::next (32 bytes)
Event: 52.296 Thread 0x0000025d27912a90 nmethod 15547 0x0000025d12805410 code [0x0000025d128055e0, 0x0000025d12805948]
Event: 52.296 Thread 0x0000025d27912a90 15535       3       com.android.tools.r8.graph.O3::a (368 bytes)
Event: 52.300 Thread 0x0000025d27912a90 nmethod 15535 0x0000025d12805a90 code [0x0000025d12806020, 0x0000025d12808ad8]
Event: 52.300 Thread 0x0000025d27912a90 15550       3       com.android.tools.r8.graph.m3$j::a (37 bytes)
Event: 52.300 Thread 0x0000025d27912a90 nmethod 15550 0x0000025d12809c90 code [0x0000025d12809e60, 0x0000025d1280a218]
Event: 52.300 Thread 0x0000025d27912a90 15553       3       com.android.tools.r8.internal.EZ::<init> (25 bytes)
Event: 52.300 Thread 0x0000025d27912a90 nmethod 15553 0x0000025d1280a390 code [0x0000025d1280a520, 0x0000025d1280a6f8]
Event: 52.300 Thread 0x0000025d27912a90 15549       3       com.android.tools.r8.internal.EZ::d (38 bytes)
Event: 52.301 Thread 0x0000025d27912a90 nmethod 15549 0x0000025d1280a810 code [0x0000025d1280aa40, 0x0000025d1280b1e8]
Event: 52.301 Thread 0x0000025d27912a90 15548       3       com.android.tools.r8.internal.u10::<init> (5 bytes)
Event: 52.301 Thread 0x0000025d27912a90 nmethod 15548 0x0000025d1280b590 code [0x0000025d1280b720, 0x0000025d1280b878]
Event: 52.301 Thread 0x0000025d27912a90 15551       3       com.android.tools.r8.internal.t::<init> (20 bytes)
Event: 52.302 Thread 0x0000025d27912a90 nmethod 15551 0x0000025d1280b910 code [0x0000025d1280bac0, 0x0000025d1280bd48]
Event: 52.302 Thread 0x0000025d27912a90 15552       3       com.android.tools.r8.internal.y10::<init> (5 bytes)
Event: 52.302 Thread 0x0000025d27912a90 nmethod 15552 0x0000025d1280be90 code [0x0000025d1280c040, 0x0000025d1280c1f8]
Event: 52.302 Thread 0x0000025d27912a90 15554       3       java.lang.invoke.InnerClassLambdaMetafactory::generateSerializationFriendlyMethods (306 bytes)

GC Heap History (20 events):
Event: 46.352 GC heap before
{Heap before GC invocations=39 (full 0):
 garbage-first heap   total 175104K, used 140205K [0x0000000080000000, 0x0000000100000000)
  region size 1024K, 45 young (46080K), 5 survivors (5120K)
 Metaspace       used 105568K, committed 106304K, reserved 1146880K
  class space    used 14007K, committed 14336K, reserved 1048576K
}
Event: 46.365 GC heap after
{Heap after GC invocations=40 (full 0):
 garbage-first heap   total 175104K, used 97680K [0x0000000080000000, 0x0000000100000000)
  region size 1024K, 1 young (1024K), 1 survivors (1024K)
 Metaspace       used 105568K, committed 106304K, reserved 1146880K
  class space    used 14007K, committed 14336K, reserved 1048576K
}
Event: 48.060 GC heap before
{Heap before GC invocations=40 (full 0):
 garbage-first heap   total 175104K, used 141712K [0x0000000080000000, 0x0000000100000000)
  region size 1024K, 45 young (46080K), 1 survivors (1024K)
 Metaspace       used 107551K, committed 108352K, reserved 1146880K
  class space    used 14245K, committed 14656K, reserved 1048576K
}
Event: 48.070 GC heap after
{Heap after GC invocations=41 (full 0):
 garbage-first heap   total 175104K, used 101070K [0x0000000080000000, 0x0000000100000000)
  region size 1024K, 5 young (5120K), 5 survivors (5120K)
 Metaspace       used 107551K, committed 108352K, reserved 1146880K
  class space    used 14245K, committed 14656K, reserved 1048576K
}
Event: 48.467 GC heap before
{Heap before GC invocations=41 (full 0):
 garbage-first heap   total 175104K, used 142030K [0x0000000080000000, 0x0000000100000000)
  region size 1024K, 46 young (47104K), 5 survivors (5120K)
 Metaspace       used 107627K, committed 108480K, reserved 1146880K
  class space    used 14245K, committed 14656K, reserved 1048576K
}
Event: 48.475 GC heap after
{Heap after GC invocations=42 (full 0):
 garbage-first heap   total 175104K, used 101746K [0x0000000080000000, 0x0000000100000000)
  region size 1024K, 1 young (1024K), 1 survivors (1024K)
 Metaspace       used 107627K, committed 108480K, reserved 1146880K
  class space    used 14245K, committed 14656K, reserved 1048576K
}
Event: 48.682 GC heap before
{Heap before GC invocations=42 (full 0):
 garbage-first heap   total 175104K, used 144754K [0x0000000080000000, 0x0000000100000000)
  region size 1024K, 44 young (45056K), 1 survivors (1024K)
 Metaspace       used 107637K, committed 108480K, reserved 1146880K
  class space    used 14245K, committed 14656K, reserved 1048576K
}
Event: 48.685 GC heap after
{Heap after GC invocations=43 (full 0):
 garbage-first heap   total 175104K, used 101575K [0x0000000080000000, 0x0000000100000000)
  region size 1024K, 1 young (1024K), 1 survivors (1024K)
 Metaspace       used 107637K, committed 108480K, reserved 1146880K
  class space    used 14245K, committed 14656K, reserved 1048576K
}
Event: 49.029 GC heap before
{Heap before GC invocations=43 (full 0):
 garbage-first heap   total 175104K, used 146631K [0x0000000080000000, 0x0000000100000000)
  region size 1024K, 46 young (47104K), 1 survivors (1024K)
 Metaspace       used 107644K, committed 108480K, reserved 1146880K
  class space    used 14246K, committed 14656K, reserved 1048576K
}
Event: 49.031 GC heap after
{Heap after GC invocations=44 (full 0):
 garbage-first heap   total 175104K, used 101361K [0x0000000080000000, 0x0000000100000000)
  region size 1024K, 1 young (1024K), 1 survivors (1024K)
 Metaspace       used 107644K, committed 108480K, reserved 1146880K
  class space    used 14246K, committed 14656K, reserved 1048576K
}
Event: 49.388 GC heap before
{Heap before GC invocations=44 (full 0):
 garbage-first heap   total 175104K, used 147441K [0x0000000080000000, 0x0000000100000000)
  region size 1024K, 47 young (48128K), 1 survivors (1024K)
 Metaspace       used 107677K, committed 108480K, reserved 1146880K
  class space    used 14249K, committed 14656K, reserved 1048576K
}
Event: 49.391 GC heap after
{Heap after GC invocations=45 (full 0):
 garbage-first heap   total 175104K, used 101273K [0x0000000080000000, 0x0000000100000000)
  region size 1024K, 1 young (1024K), 1 survivors (1024K)
 Metaspace       used 107677K, committed 108480K, reserved 1146880K
  class space    used 14249K, committed 14656K, reserved 1048576K
}
Event: 49.849 GC heap before
{Heap before GC invocations=45 (full 0):
 garbage-first heap   total 175104K, used 148377K [0x0000000080000000, 0x0000000100000000)
  region size 1024K, 48 young (49152K), 1 survivors (1024K)
 Metaspace       used 107685K, committed 108480K, reserved 1146880K
  class space    used 14249K, committed 14656K, reserved 1048576K
}
Event: 49.851 GC heap after
{Heap after GC invocations=46 (full 0):
 garbage-first heap   total 175104K, used 101819K [0x0000000080000000, 0x0000000100000000)
  region size 1024K, 1 young (1024K), 1 survivors (1024K)
 Metaspace       used 107685K, committed 108480K, reserved 1146880K
  class space    used 14249K, committed 14656K, reserved 1048576K
}
Event: 51.359 GC heap before
{Heap before GC invocations=46 (full 0):
 garbage-first heap   total 175104K, used 139707K [0x0000000080000000, 0x0000000100000000)
  region size 1024K, 40 young (40960K), 1 survivors (1024K)
 Metaspace       used 108302K, committed 109056K, reserved 1146880K
  class space    used 14331K, committed 14720K, reserved 1048576K
}
Event: 51.365 GC heap after
{Heap after GC invocations=47 (full 0):
 garbage-first heap   total 175104K, used 102792K [0x0000000080000000, 0x0000000100000000)
  region size 1024K, 2 young (2048K), 2 survivors (2048K)
 Metaspace       used 108302K, committed 109056K, reserved 1146880K
  class space    used 14331K, committed 14720K, reserved 1048576K
}
Event: 52.189 GC heap before
{Heap before GC invocations=48 (full 0):
 garbage-first heap   total 208896K, used 143752K [0x0000000080000000, 0x0000000100000000)
  region size 1024K, 46 young (47104K), 2 survivors (2048K)
 Metaspace       used 112671K, committed 113472K, reserved 1155072K
  class space    used 14952K, committed 15360K, reserved 1048576K
}
Event: 52.203 GC heap after
{Heap after GC invocations=49 (full 0):
 garbage-first heap   total 208896K, used 105794K [0x0000000080000000, 0x0000000100000000)
  region size 1024K, 6 young (6144K), 6 survivors (6144K)
 Metaspace       used 112671K, committed 113472K, reserved 1155072K
  class space    used 14952K, committed 15360K, reserved 1048576K
}
Event: 52.252 GC heap before
{Heap before GC invocations=49 (full 0):
 garbage-first heap   total 208896K, used 109890K [0x0000000080000000, 0x0000000100000000)
  region size 1024K, 10 young (10240K), 6 survivors (6144K)
 Metaspace       used 112749K, committed 113536K, reserved 1155072K
  class space    used 14964K, committed 15360K, reserved 1048576K
}
Event: 52.264 GC heap after
{Heap after GC invocations=50 (full 0):
 garbage-first heap   total 208896K, used 105673K [0x0000000080000000, 0x0000000100000000)
  region size 1024K, 2 young (2048K), 2 survivors (2048K)
 Metaspace       used 112749K, committed 113536K, reserved 1155072K
  class space    used 14964K, committed 15360K, reserved 1048576K
}

Dll operation events (2 events):
Event: 0.007 Loaded shared library D:\Android\jbr\bin\java.dll
Event: 0.524 Loaded shared library D:\Android\jbr\bin\verify.dll

Deoptimization events (20 events):
Event: 51.932 Thread 0x0000025d2fa55a00 Uncommon trap: trap_request=0xffffff45 fr.pc=0x0000025d18e10608 relative=0x00000000000008e8
Event: 51.932 Thread 0x0000025d28302e60 Uncommon trap: trap_request=0xffffff45 fr.pc=0x0000025d18e10608 relative=0x00000000000008e8
Event: 51.932 Thread 0x0000025d2fa55a00 Uncommon trap: reason=unstable_if action=reinterpret pc=0x0000025d18e10608 method=com.android.tools.r8.graph.u2.a(Ljava/lang/String;)[B @ 19 c2
Event: 51.932 Thread 0x0000025d28302e60 Uncommon trap: reason=unstable_if action=reinterpret pc=0x0000025d18e10608 method=com.android.tools.r8.graph.u2.a(Ljava/lang/String;)[B @ 19 c2
Event: 51.932 Thread 0x0000025d2fa55a00 DEOPT PACKING pc=0x0000025d18e10608 sp=0x0000006d557f6e60
Event: 51.932 Thread 0x0000025d28302e60 DEOPT PACKING pc=0x0000025d18e10608 sp=0x0000006d529fa180
Event: 51.932 Thread 0x0000025d2fa55a00 DEOPT UNPACKING pc=0x0000025d183a69a3 sp=0x0000006d557f6e10 mode 2
Event: 51.932 Thread 0x0000025d28302e60 DEOPT UNPACKING pc=0x0000025d183a69a3 sp=0x0000006d529fa130 mode 2
Event: 52.044 Thread 0x0000025d28302e60 Uncommon trap: trap_request=0xffffff45 fr.pc=0x0000025d18e0f49c relative=0x000000000000009c
Event: 52.044 Thread 0x0000025d28302e60 Uncommon trap: reason=unstable_if action=reinterpret pc=0x0000025d18e0f49c method=com.android.tools.r8.utils.j1.e(I)Z @ 45 c2
Event: 52.044 Thread 0x0000025d28302e60 DEOPT PACKING pc=0x0000025d18e0f49c sp=0x0000006d529fa070
Event: 52.045 Thread 0x0000025d28302e60 DEOPT UNPACKING pc=0x0000025d183a69a3 sp=0x0000006d529f9fa8 mode 2
Event: 52.045 Thread 0x0000025d28302e60 Uncommon trap: trap_request=0xffffff45 fr.pc=0x0000025d18e0f790 relative=0x0000000000000090
Event: 52.045 Thread 0x0000025d28302e60 Uncommon trap: reason=unstable_if action=reinterpret pc=0x0000025d18e0f790 method=com.android.tools.r8.utils.j1.e(I)Z @ 45 c2
Event: 52.045 Thread 0x0000025d28302e60 DEOPT PACKING pc=0x0000025d18e0f790 sp=0x0000006d529fa010
Event: 52.045 Thread 0x0000025d28302e60 DEOPT UNPACKING pc=0x0000025d183a69a3 sp=0x0000006d529f9fa8 mode 2
Event: 52.045 Thread 0x0000025d27c33370 DEOPT PACKING pc=0x0000025d126c2992 sp=0x0000006d53cfada0
Event: 52.045 Thread 0x0000025d27c33370 DEOPT UNPACKING pc=0x0000025d183a7143 sp=0x0000006d53cfa2b0 mode 0
Event: 52.080 Thread 0x0000025d28302e60 DEOPT PACKING pc=0x0000025d126c2971 sp=0x0000006d529fa270
Event: 52.080 Thread 0x0000025d28302e60 DEOPT UNPACKING pc=0x0000025d183a7143 sp=0x0000006d529f9780 mode 0

Classes unloaded (3 events):
Event: 51.627 Thread 0x0000025d26ecc9e0 Unloading class 0x0000000100d01000 'java/lang/invoke/LambdaForm$DMH+0x0000000100d01000'
Event: 51.627 Thread 0x0000025d26ecc9e0 Unloading class 0x0000000100d00c00 'java/lang/invoke/LambdaForm$DMH+0x0000000100d00c00'
Event: 51.627 Thread 0x0000025d26ecc9e0 Unloading class 0x0000000100d00400 'java/lang/invoke/LambdaForm$DMH+0x0000000100d00400'

Classes redefined (0 events):
No events

Internal exceptions (20 events):
Event: 49.482 Thread 0x0000025d28302e60 Exception <a 'sun/nio/fs/WindowsException'{0x000000008a462300}> (0x000000008a462300) 
thrown [s\src\hotspot\share\prims\jni.cpp, line 517]
Event: 49.482 Thread 0x0000025d28302e60 Exception <a 'sun/nio/fs/WindowsException'{0x000000008a4623a0}> (0x000000008a4623a0) 
thrown [s\src\hotspot\share\prims\jni.cpp, line 517]
Event: 49.482 Thread 0x0000025d28302e60 Exception <a 'sun/nio/fs/WindowsException'{0x000000008a462760}> (0x000000008a462760) 
thrown [s\src\hotspot\share\prims\jni.cpp, line 517]
Event: 49.573 Thread 0x0000025d2a0dd820 Exception <a 'sun/nio/fs/WindowsException'{0x0000000089bfb940}> (0x0000000089bfb940) 
thrown [s\src\hotspot\share\prims\jni.cpp, line 517]
Event: 49.573 Thread 0x0000025d2a0dd820 Exception <a 'sun/nio/fs/WindowsException'{0x0000000089bfb9e0}> (0x0000000089bfb9e0) 
thrown [s\src\hotspot\share\prims\jni.cpp, line 517]
Event: 49.573 Thread 0x0000025d2a0dd820 Exception <a 'sun/nio/fs/WindowsException'{0x0000000089bfbdb8}> (0x0000000089bfbdb8) 
thrown [s\src\hotspot\share\prims\jni.cpp, line 517]
Event: 49.719 Thread 0x0000025d2a0dd820 Exception <a 'sun/nio/fs/WindowsException'{0x0000000088c96f90}> (0x0000000088c96f90) 
thrown [s\src\hotspot\share\prims\jni.cpp, line 517]
Event: 50.028 Thread 0x0000025d28302e60 Exception <a 'sun/nio/fs/WindowsException'{0x0000000089ec6008}> (0x0000000089ec6008) 
thrown [s\src\hotspot\share\prims\jni.cpp, line 517]
Event: 50.277 Thread 0x0000025d2fa55a00 Exception <a 'sun/nio/fs/WindowsException'{0x000000008973d218}> (0x000000008973d218) 
thrown [s\src\hotspot\share\prims\jni.cpp, line 517]
Event: 51.432 Thread 0x0000025d27c33370 Exception <a 'sun/nio/fs/WindowsException'{0x000000008988d368}> (0x000000008988d368) 
thrown [s\src\hotspot\share\prims\jni.cpp, line 517]
Event: 51.432 Thread 0x0000025d28302e60 Exception <a 'sun/nio/fs/WindowsException'{0x0000000089822bf8}> (0x0000000089822bf8) 
thrown [s\src\hotspot\share\prims\jni.cpp, line 517]
Event: 51.432 Thread 0x0000025d27c36860 Exception <a 'sun/nio/fs/WindowsException'{0x0000000089860c10}> (0x0000000089860c10) 
thrown [s\src\hotspot\share\prims\jni.cpp, line 517]
Event: 51.432 Thread 0x0000025d2fa55a00 Exception <a 'sun/nio/fs/WindowsException'{0x0000000089858210}> (0x0000000089858210) 
thrown [s\src\hotspot\share\prims\jni.cpp, line 517]
Event: 51.824 Thread 0x0000025d28302e60 Exception <a 'java/lang/NoSuchMethodError'{0x000000008c7b7960}: 'java.lang.Object java.lang.invoke.DirectMethodHandle$Holder.invokeStaticInit(java.lang.Object, java.lang.Object, java.lang.Object, java.lang.Object, java.lang.Object, java.lang.Object, java.lang.Object, java.lang.Object, java.lang.Object, java.lang.Object, java.lang.Object, java.lang.Object, java.lang.Object, java.lang.Object, java.lang.Object, java.lang.Object, java.lang.Object, java.lang.Object, java.lang.Object, java.lang.Object, int, java
Event: 51.902 Thread 0x0000025d27c33370 Exception <a 'java/lang/IncompatibleClassChangeError'{0x000000008c6525e0}: Found class java.lang.Object, but interface was expected> (0x000000008c6525e0) 
thrown [s\src\hotspot\share\interpreter\linkResolver.cpp, line 838]
Event: 51.902 Thread 0x0000025d27c36860 Exception <a 'java/lang/IncompatibleClassChangeError'{0x000000008c513e18}: Found class java.lang.Object, but interface was expected> (0x000000008c513e18) 
thrown [s\src\hotspot\share\interpreter\linkResolver.cpp, line 838]
Event: 51.902 Thread 0x0000025d2fa55a00 Exception <a 'java/lang/IncompatibleClassChangeError'{0x000000008c6ee110}: Found class java.lang.Object, but interface was expected> (0x000000008c6ee110) 
thrown [s\src\hotspot\share\interpreter\linkResolver.cpp, line 838]
Event: 51.902 Thread 0x0000025d28302e60 Exception <a 'java/lang/IncompatibleClassChangeError'{0x000000008c62e3e0}: Found class java.lang.Object, but interface was expected> (0x000000008c62e3e0) 
thrown [s\src\hotspot\share\interpreter\linkResolver.cpp, line 838]
Event: 51.923 Thread 0x0000025d28302e60 Exception <a 'java/lang/NoSuchMethodError'{0x000000008c5b4f08}: 'void java.lang.invoke.DirectMethodHandle$Holder.invokeStatic(java.lang.Object, java.lang.Object, java.lang.Object, int, java.lang.Object, java.lang.Object, java.lang.Object, java.lang.Object)'> (0x000000008c5b4f08) 
thrown [s\src\hotspot\share\interpreter\linkResolver.cpp, line 771]
Event: 51.968 Thread 0x0000025d2fa55a00 Exception <a 'java/lang/NoSuchMethodError'{0x000000008c2a2b08}: 'java.lang.Object java.lang.invoke.DirectMethodHandle$Holder.newInvokeSpecial(java.lang.Object, long)'> (0x000000008c2a2b08) 
thrown [s\src\hotspot\share\interpreter\linkResolver.cpp, line 771]

VM Operations (20 events):
Event: 51.520 Executing VM operation: HandshakeAllThreads
Event: 51.520 Executing VM operation: HandshakeAllThreads done
Event: 51.520 Executing VM operation: HandshakeAllThreads
Event: 51.521 Executing VM operation: HandshakeAllThreads done
Event: 51.544 Executing VM operation: CollectForMetadataAllocation
Event: 51.545 Executing VM operation: CollectForMetadataAllocation done
Event: 51.622 Executing VM operation: CollectForMetadataAllocation
Event: 51.623 Executing VM operation: CollectForMetadataAllocation done
Event: 51.626 Executing VM operation: G1Concurrent
Event: 51.658 Executing VM operation: G1Concurrent done
Event: 51.797 Executing VM operation: G1Concurrent
Event: 51.804 Executing VM operation: G1Concurrent done
Event: 51.837 Executing VM operation: HandshakeAllThreads
Event: 51.847 Executing VM operation: HandshakeAllThreads done
Event: 51.938 Executing VM operation: HandshakeAllThreads
Event: 51.942 Executing VM operation: HandshakeAllThreads done
Event: 52.188 Executing VM operation: G1CollectForAllocation
Event: 52.205 Executing VM operation: G1CollectForAllocation done
Event: 52.252 Executing VM operation: G1CollectForAllocation
Event: 52.266 Executing VM operation: G1CollectForAllocation done

Events (20 events):
Event: 51.257 loading class sun/nio/fs/WindowsFileSystem$2
Event: 51.257 loading class java/nio/file/PathMatcher
Event: 51.257 loading class java/nio/file/PathMatcher done
Event: 51.257 loading class sun/nio/fs/WindowsFileSystem$2 done
Event: 51.485 loading class java/io/UTFDataFormatException
Event: 51.486 loading class java/io/UTFDataFormatException done
Event: 51.521 Thread 0x0000025d2cf5d950 Thread exited: 0x0000025d2cf5d950
Event: 51.524 Thread 0x0000025d27913b30 flushing nmethod 0x0000025d18e0e290
Event: 51.525 Thread 0x0000025d27913b30 flushing nmethod 0x0000025d18f2f590
Event: 51.525 Thread 0x0000025d27913b30 flushing nmethod 0x0000025d18f35190
Event: 51.525 Thread 0x0000025d27913b30 flushing nmethod 0x0000025d18ff3f10
Event: 51.530 Thread 0x0000025d27913b30 flushing nmethod 0x0000025d11232390
Event: 51.530 Thread 0x0000025d27913b30 flushing nmethod 0x0000025d11246110
Event: 51.544 Thread 0x0000025d27913b30 flushing nmethod 0x0000025d120e9510
Event: 51.545 Thread 0x0000025d27913b30 flushing nmethod 0x0000025d121e8290
Event: 51.684 loading class java/util/concurrent/RejectedExecutionException
Event: 51.684 loading class java/util/concurrent/RejectedExecutionException done
Event: 51.897 loading class java/lang/reflect/GenericSignatureFormatError
Event: 51.897 loading class java/lang/reflect/GenericSignatureFormatError done
Event: 52.001 Thread 0x0000025d2cf5de60 Thread added: 0x0000025d2cf5de60


Dynamic libraries:
0x00007ff622080000 - 0x00007ff62208a000 	D:\Android\jbr\bin\java.exe
0x00007fff1c660000 - 0x00007fff1c869000 	C:\Windows\SYSTEM32\ntdll.dll
0x00007fff1ba30000 - 0x00007fff1baed000 	C:\Windows\System32\KERNEL32.DLL
0x00007fff19bf0000 - 0x00007fff19f64000 	C:\Windows\System32\KERNELBASE.dll
0x00007fff1a0d0000 - 0x00007fff1a1e1000 	C:\Windows\System32\ucrtbase.dll
0x00007ffee2de0000 - 0x00007ffee2df7000 	D:\Android\jbr\bin\jli.dll
0x00007fff1be90000 - 0x00007fff1c03c000 	C:\Windows\System32\USER32.dll
0x00007fff1a0a0000 - 0x00007fff1a0c6000 	C:\Windows\System32\win32u.dll
0x00007fff1c590000 - 0x00007fff1c5b9000 	C:\Windows\System32\GDI32.dll
0x00007fff1a1f0000 - 0x00007fff1a302000 	C:\Windows\System32\gdi32full.dll
0x00007fff19b50000 - 0x00007fff19bed000 	C:\Windows\System32\msvcp_win.dll
0x00007fff01b40000 - 0x00007fff01de5000 	C:\Windows\WinSxS\amd64_microsoft.windows.common-controls_6595b64144ccf1df_6.0.22000.120_none_9d947278b86cc467\COMCTL32.dll
0x00007fff1c060000 - 0x00007fff1c103000 	C:\Windows\System32\msvcrt.dll
0x00007fff0eb20000 - 0x00007fff0eb3b000 	D:\Android\jbr\bin\VCRUNTIME140.dll
0x00007fff1baf0000 - 0x00007fff1bb21000 	C:\Windows\System32\IMM32.DLL
0x00007fff0eb10000 - 0x00007fff0eb1c000 	D:\Android\jbr\bin\vcruntime140_1.dll
0x00007ffee3ec0000 - 0x00007ffee3f4d000 	D:\Android\jbr\bin\msvcp140.dll
0x00007ffee3090000 - 0x00007ffee3cfe000 	D:\Android\jbr\bin\server\jvm.dll
0x00007fff1bb30000 - 0x00007fff1bbde000 	C:\Windows\System32\ADVAPI32.dll
0x00007fff1c470000 - 0x00007fff1c50e000 	C:\Windows\System32\sechost.dll
0x00007fff1c200000 - 0x00007fff1c320000 	C:\Windows\System32\RPCRT4.dll
0x00007fff0db10000 - 0x00007fff0db19000 	C:\Windows\SYSTEM32\WSOCK32.dll
0x00007fff12340000 - 0x00007fff12373000 	C:\Windows\SYSTEM32\WINMM.dll
0x00007fff0d8c0000 - 0x00007fff0d8ca000 	C:\Windows\SYSTEM32\VERSION.dll
0x00007fff1c510000 - 0x00007fff1c57f000 	C:\Windows\System32\WS2_32.dll
0x00007fff18610000 - 0x00007fff18628000 	C:\Windows\SYSTEM32\kernel.appcore.dll
0x00007fff12730000 - 0x00007fff1273a000 	D:\Android\jbr\bin\jimage.dll
0x00007fff17730000 - 0x00007fff17951000 	C:\Windows\SYSTEM32\DBGHELP.DLL
0x00007fff09590000 - 0x00007fff095c1000 	C:\Windows\SYSTEM32\dbgcore.DLL
0x00007fff1a480000 - 0x00007fff1a4ff000 	C:\Windows\System32\bcryptPrimitives.dll
0x00007fff00960000 - 0x00007fff00985000 	D:\Android\jbr\bin\java.dll
0x00007fff00590000 - 0x00007fff005a8000 	D:\Android\jbr\bin\zip.dll
0x00007fff1a640000 - 0x00007fff1adee000 	C:\Windows\System32\SHELL32.dll
0x00007fff17da0000 - 0x00007fff18607000 	C:\Windows\SYSTEM32\windows.storage.dll
0x00007fff1ae60000 - 0x00007fff1b1d8000 	C:\Windows\System32\combase.dll
0x00007fff17c30000 - 0x00007fff17d96000 	C:\Windows\SYSTEM32\wintypes.dll
0x00007fff1c110000 - 0x00007fff1c1fa000 	C:\Windows\System32\SHCORE.dll
0x00007fff1c5c0000 - 0x00007fff1c61d000 	C:\Windows\System32\shlwapi.dll
0x00007fff19a80000 - 0x00007fff19aa1000 	C:\Windows\SYSTEM32\profapi.dll
0x00007fff00220000 - 0x00007fff00239000 	D:\Android\jbr\bin\net.dll
0x00007fff12180000 - 0x00007fff1228c000 	C:\Windows\SYSTEM32\WINHTTP.dll
0x00007fff19060000 - 0x00007fff190c7000 	C:\Windows\system32\mswsock.dll
0x00007ffee3070000 - 0x00007ffee3086000 	D:\Android\jbr\bin\nio.dll
0x00007fff0e830000 - 0x00007fff0e840000 	D:\Android\jbr\bin\verify.dll
0x00007fff033c0000 - 0x00007fff033e7000 	C:\Users\Admin\.gradle\native\68d5fa5c4cc2d200863cafc0d521ce42e7d3e7ee720ec0a83991735586a16f82\windows-amd64\native-platform.dll
0x00007ffedb2b0000 - 0x00007ffedb3f4000 	C:\Users\Admin\.gradle\native\e376f236ea51e6404a007f0833ffe2c6e607c4080706a723a18a27aeea778392\windows-amd64\native-platform-file-events.dll
0x00007fff05690000 - 0x00007fff05699000 	D:\Android\jbr\bin\management.dll
0x00007fff00e40000 - 0x00007fff00e4b000 	D:\Android\jbr\bin\management_ext.dll
0x00007fff1adf0000 - 0x00007fff1adf8000 	C:\Windows\System32\PSAPI.DLL
0x00007fff192b0000 - 0x00007fff192c8000 	C:\Windows\SYSTEM32\CRYPTSP.dll
0x00007fff18cb0000 - 0x00007fff18ce5000 	C:\Windows\system32\rsaenh.dll
0x00007fff19150000 - 0x00007fff19179000 	C:\Windows\SYSTEM32\USERENV.dll
0x00007fff19420000 - 0x00007fff19447000 	C:\Windows\SYSTEM32\bcrypt.dll
0x00007fff192a0000 - 0x00007fff192ac000 	C:\Windows\SYSTEM32\CRYPTBASE.dll
0x00007fff18880000 - 0x00007fff188ad000 	C:\Windows\SYSTEM32\IPHLPAPI.DLL
0x00007fff1bdf0000 - 0x00007fff1bdf9000 	C:\Windows\System32\NSI.dll
0x00007fff11950000 - 0x00007fff11969000 	C:\Windows\SYSTEM32\dhcpcsvc6.DLL
0x00007fff12510000 - 0x00007fff1252e000 	C:\Windows\SYSTEM32\dhcpcsvc.DLL
0x00007fff188f0000 - 0x00007fff189d7000 	C:\Windows\SYSTEM32\DNSAPI.dll
0x00007fff00580000 - 0x00007fff00588000 	C:\Windows\system32\wshunix.dll
0x00007fff08970000 - 0x00007fff08987000 	C:\Windows\system32\napinsp.dll
0x00007fff08950000 - 0x00007fff0896b000 	C:\Windows\system32\pnrpnsp.dll
0x00007fff033f0000 - 0x00007fff03402000 	C:\Windows\System32\winrnr.dll
0x00007ffefc240000 - 0x00007ffefc255000 	C:\Windows\system32\wshbth.dll
0x00007fff16430000 - 0x00007fff1644f000 	C:\Windows\system32\nlansp_c.dll
0x00007fff12500000 - 0x00007fff1250a000 	C:\Windows\System32\rasadhlp.dll
0x00007fff10570000 - 0x00007fff105f1000 	C:\Windows\System32\fwpuclnt.dll

dbghelp: loaded successfully - version: 4.0.5 - missing functions: none
symbol engine: initialized successfully - sym options: 0x614 - pdb path: .;D:\Android\jbr\bin;C:\Windows\SYSTEM32;C:\Windows\WinSxS\amd64_microsoft.windows.common-controls_6595b64144ccf1df_6.0.22000.120_none_9d947278b86cc467;D:\Android\jbr\bin\server;C:\Users\Admin\.gradle\native\68d5fa5c4cc2d200863cafc0d521ce42e7d3e7ee720ec0a83991735586a16f82\windows-amd64;C:\Users\Admin\.gradle\native\e376f236ea51e6404a007f0833ffe2c6e607c4080706a723a18a27aeea778392\windows-amd64

VM Arguments:
jvm_args: --add-opens=java.base/java.util=ALL-UNNAMED --add-opens=java.base/java.lang=ALL-UNNAMED --add-opens=java.base/java.lang.invoke=ALL-UNNAMED --add-opens=java.prefs/java.util.prefs=ALL-UNNAMED --add-opens=java.base/java.nio.charset=ALL-UNNAMED --add-opens=java.base/java.net=ALL-UNNAMED --add-opens=java.base/java.util.concurrent.atomic=ALL-UNNAMED -Xmx2048m -Dfile.encoding=UTF-8 -Duser.country=US -Duser.language=en -Duser.variant 
java_command: org.gradle.launcher.daemon.bootstrap.GradleDaemon 8.0
java_class_path (initial): C:\Users\Admin\.gradle\wrapper\dists\gradle-8.0-bin\ca5e32bp14vu59qr306oxotwh\gradle-8.0\lib\gradle-launcher-8.0.jar
Launcher Type: SUN_STANDARD

[Global flags]
     intx CICompilerCount                          = 3                                         {product} {ergonomic}
     uint ConcGCThreads                            = 1                                         {product} {ergonomic}
     uint G1ConcRefinementThreads                  = 4                                         {product} {ergonomic}
   size_t G1HeapRegionSize                         = 1048576                                   {product} {ergonomic}
    uintx GCDrainStackTargetSize                   = 64                                        {product} {ergonomic}
   size_t InitialHeapSize                          = 134217728                                 {product} {ergonomic}
   size_t MarkStackSize                            = 4194304                                   {product} {ergonomic}
   size_t MaxHeapSize                              = 2147483648                                {product} {command line}
   size_t MaxNewSize                               = 1287651328                                {product} {ergonomic}
   size_t MinHeapDeltaBytes                        = 1048576                                   {product} {ergonomic}
   size_t MinHeapSize                              = 8388608                                   {product} {ergonomic}
    uintx NonNMethodCodeHeapSize                   = 5832780                                {pd product} {ergonomic}
    uintx NonProfiledCodeHeapSize                  = 122912730                              {pd product} {ergonomic}
    uintx ProfiledCodeHeapSize                     = 122912730                              {pd product} {ergonomic}
    uintx ReservedCodeCacheSize                    = 251658240                              {pd product} {ergonomic}
     bool SegmentedCodeCache                       = true                                      {product} {ergonomic}
   size_t SoftMaxHeapSize                          = 2147483648                             {manageable} {ergonomic}
     bool UseCompressedClassPointers               = true                           {product lp64_product} {ergonomic}
     bool UseCompressedOops                        = true                           {product lp64_product} {ergonomic}
     bool UseG1GC                                  = true                                      {product} {ergonomic}
     bool UseLargePagesIndividualAllocation        = false                                  {pd product} {ergonomic}

Logging:
Log output configuration:
 #0: stdout all=warning uptime,level,tags
 #1: stderr all=off uptime,level,tags

Environment Variables:
PATH=C:\Program Files\Common Files\Oracle\Java\javapath;C:\Windows\system32;C:\Windows;C:\Windows\System32\Wbem;C:\Windows\System32\WindowsPowerShell\v1.0\;C:\Windows\System32\OpenSSH\;C:\Program Files (x86)\NVIDIA Corporation\PhysX\Common;C:\Users\Admin\AppData\Local\Microsoft\WindowsApps;;D:\JetBrains\IntelliJ IDEA 2023.2.3\bin;;D:\JetBrains\IntelliJ IDEA Community Edition 2023.2.4\bin;
USERNAME=Admin
OS=Windows_NT
PROCESSOR_IDENTIFIER=Intel64 Family 6 Model 142 Stepping 10, GenuineIntel
TMP=C:\Users\Admin\AppData\Local\Temp
TEMP=C:\Users\Admin\AppData\Local\Temp


JNI global refs:
JNI global refs: 27, weak refs: 18

JNI global refs memory usage: 843, weak refs: 841


---------------  S Y S T E M  ---------------

OS:
 Windows 11 , 64 bit Build 22000 (10.0.22000.434)
OS uptime: 0 days 0:21 hours

CPU: total 4 (initial active 4) (2 cores per cpu, 2 threads per core) family 6 model 142 stepping 10 microcode 0xe0, cx8, cmov, fxsr, ht, mmx, 3dnowpref, sse, sse2, sse3, ssse3, sse4.1, sse4.2, popcnt, lzcnt, tsc, tscinvbit, avx, avx2, aes, erms, clmul, bmi1, bmi2, adx, fma, vzeroupper, clflush, clflushopt

Memory: 4k page, system-wide physical 8076M (1117M free)
TotalPageFile size 8076M (AvailPageFile size 1M)
current process WorkingSet (physical memory assigned to process): 494M, peak: 494M
current process commit charge ("private bytes"): 527M, peak: 527M

vm_info: OpenJDK 64-Bit Server VM (17.0.6+0-b2043.56-10027231) for windows-amd64 JRE (17.0.6+0-b2043.56-10027231), built on Apr 28 2023 00:43:19 by "androidbuild" with MS VC++ 16.10 / 16.11 (VS2019)

END.
