#
# There is insufficient memory for the Java Runtime Environment to continue.
# Native memory allocation (malloc) failed to allocate 911856 bytes for Chunk::new
# Possible reasons:
#   The system is out of physical RAM or swap space
#   The process is running with CompressedOops enabled, and the Java Heap may be blocking the growth of the native heap
# Possible solutions:
#   Reduce memory load on the system
#   Increase physical memory or swap space
#   Check if swap backing store is full
#   Decrease Java heap size (-Xmx/-Xms)
#   Decrease number of Java threads
#   Decrease Java thread stack sizes (-Xss)
#   Set larger code cache with -XX:ReservedCodeCacheSize=
#   JVM is running with Unscaled Compressed Oops mode in which the Java heap is
#     placed in the first 4GB address space. The Java Heap base address is the
#     maximum limit for the native heap growth. Please use -XX:HeapBaseMinAddress
#     to set the Java Heap base and to place the Java Heap above 4GB virtual address.
# This output file may be truncated or incomplete.
#
#  Out of Memory Error (arena.cpp:189), pid=6744, tid=6792
#
# JRE version: OpenJDK Runtime Environment (17.0.6) (build 17.0.6+0-b2043.56-10027231)
# Java VM: OpenJDK 64-Bit Server VM (17.0.6+0-b2043.56-10027231, mixed mode, tiered, compressed oops, compressed class ptrs, g1 gc, windows-amd64)
# No core dump will be written. Minidumps are not enabled by default on client versions of Windows
#

---------------  S U M M A R Y ------------

Command Line: --add-opens=java.base/java.util=ALL-UNNAMED --add-opens=java.base/java.lang=ALL-UNNAMED --add-opens=java.base/java.lang.invoke=ALL-UNNAMED --add-opens=java.prefs/java.util.prefs=ALL-UNNAMED --add-opens=java.base/java.nio.charset=ALL-UNNAMED --add-opens=java.base/java.net=ALL-UNNAMED --add-opens=java.base/java.util.concurrent.atomic=ALL-UNNAMED -Xmx2048m -Dfile.encoding=UTF-8 -Duser.country=US -Duser.language=en -Duser.variant org.gradle.launcher.daemon.bootstrap.GradleDaemon 8.0

Host: Intel(R) Core(TM) i3-7020U CPU @ 2.30GHz, 4 cores, 7G,  Windows 11 , 64 bit Build 22000 (10.0.22000.434)
Time: Tue Nov 28 06:13:50 2023 SE Asia Standard Time elapsed time: 10.837244 seconds (0d 0h 0m 10s)

---------------  T H R E A D  ---------------

Current thread (0x0000025bcca8d190):  JavaThread "C2 CompilerThread1" daemon [_thread_in_native, id=6792, stack(0x000000e642600000,0x000000e642700000)]


Current CompileTask:
C2:  10837 4318       4       org.gradle.internal.service.DefaultServiceRegistry$OwnServices::getService (309 bytes)

Stack: [0x000000e642600000,0x000000e642700000]
Native frames: (J=compiled Java code, j=interpreted, Vv=VM code, C=native code)
V  [jvm.dll+0x683c9a]
V  [jvm.dll+0x8427a4]
V  [jvm.dll+0x843f9e]
V  [jvm.dll+0x844603]
V  [jvm.dll+0x249b75]
V  [jvm.dll+0xabcac]
V  [jvm.dll+0xac27c]
V  [jvm.dll+0x2b0eef]
V  [jvm.dll+0x58a267]
V  [jvm.dll+0x2243b2]
V  [jvm.dll+0x21dd02]
V  [jvm.dll+0x21b51b]
V  [jvm.dll+0x1a4fdd]
V  [jvm.dll+0x22b098]
V  [jvm.dll+0x229159]
V  [jvm.dll+0x7f81ec]
V  [jvm.dll+0x7f274a]
V  [jvm.dll+0x682ad5]
C  [ucrtbase.dll+0x26c0c]
C  [KERNEL32.DLL+0x154e0]
C  [ntdll.dll+0x485b]


---------------  P R O C E S S  ---------------

Threads class SMR info:
_java_thread_list=0x0000025bcc1fc0c0, length=41, elements={
0x0000025baf8bc2f0, 0x0000025bc8e7a850, 0x0000025bc8e7b6c0, 0x0000025bc8e9ea10,
0x0000025bc8e9f5c0, 0x0000025bc8e9ff70, 0x0000025bc8ec7df0, 0x0000025bc8ec9720,
0x0000025bc8ecc030, 0x0000025bc8ece120, 0x0000025bc99b9030, 0x0000025bc99bb920,
0x0000025bcc32a970, 0x0000025bcb3554d0, 0x0000025bcc2e2980, 0x0000025bcbed6e00,
0x0000025bcaaf4880, 0x0000025bcb24dd20, 0x0000025bcc83ce90, 0x0000025bca8a4060,
0x0000025bca8a4530, 0x0000025bca8a2380, 0x0000025bca8a4a00, 0x0000025bca8a19e0,
0x0000025bca8a31f0, 0x0000025bca8a36c0, 0x0000025bca8a1040, 0x0000025bca8a1510,
0x0000025bca8a2850, 0x0000025bca8a2d20, 0x0000025bca4f4bb0, 0x0000025bca4f93e0,
0x0000025bca4f33a0, 0x0000025bca4f4210, 0x0000025bcca8d190, 0x0000025bca4f46e0,
0x0000025bca4f80a0, 0x0000025bca4f8570, 0x0000025bca4f8f10, 0x0000025bca4f7700,
0x0000025bca4f3870
}

Java Threads: ( => current thread )
  0x0000025baf8bc2f0 JavaThread "main" [_thread_blocked, id=2732, stack(0x000000e63fa00000,0x000000e63fb00000)]
  0x0000025bc8e7a850 JavaThread "Reference Handler" daemon [_thread_blocked, id=6484, stack(0x000000e640100000,0x000000e640200000)]
  0x0000025bc8e7b6c0 JavaThread "Finalizer" daemon [_thread_blocked, id=4660, stack(0x000000e640200000,0x000000e640300000)]
  0x0000025bc8e9ea10 JavaThread "Signal Dispatcher" daemon [_thread_blocked, id=1124, stack(0x000000e640300000,0x000000e640400000)]
  0x0000025bc8e9f5c0 JavaThread "Attach Listener" daemon [_thread_blocked, id=7432, stack(0x000000e640400000,0x000000e640500000)]
  0x0000025bc8e9ff70 JavaThread "Service Thread" daemon [_thread_blocked, id=6864, stack(0x000000e640500000,0x000000e640600000)]
  0x0000025bc8ec7df0 JavaThread "Monitor Deflation Thread" daemon [_thread_blocked, id=3956, stack(0x000000e640600000,0x000000e640700000)]
  0x0000025bc8ec9720 JavaThread "C2 CompilerThread0" daemon [_thread_in_native, id=6824, stack(0x000000e640700000,0x000000e640800000)]
  0x0000025bc8ecc030 JavaThread "C1 CompilerThread0" daemon [_thread_blocked, id=2064, stack(0x000000e640800000,0x000000e640900000)]
  0x0000025bc8ece120 JavaThread "Sweeper thread" daemon [_thread_blocked, id=4736, stack(0x000000e640900000,0x000000e640a00000)]
  0x0000025bc99b9030 JavaThread "Common-Cleaner" daemon [_thread_blocked, id=3196, stack(0x000000e640a00000,0x000000e640b00000)]
  0x0000025bc99bb920 JavaThread "Notification Thread" daemon [_thread_blocked, id=2296, stack(0x000000e640b00000,0x000000e640c00000)]
  0x0000025bcc32a970 JavaThread "Daemon health stats" [_thread_blocked, id=7944, stack(0x000000e641100000,0x000000e641200000)]
  0x0000025bcb3554d0 JavaThread "Incoming local TCP Connector on port 50171" [_thread_in_native, id=2304, stack(0x000000e641200000,0x000000e641300000)]
  0x0000025bcc2e2980 JavaThread "Daemon periodic checks" [_thread_blocked, id=7316, stack(0x000000e641300000,0x000000e641400000)]
  0x0000025bcbed6e00 JavaThread "Daemon" [_thread_blocked, id=1568, stack(0x000000e641400000,0x000000e641500000)]
  0x0000025bcaaf4880 JavaThread "Handler for socket connection from /127.0.0.1:50171 to /127.0.0.1:50172" [_thread_in_native, id=7320, stack(0x000000e641500000,0x000000e641600000)]
  0x0000025bcb24dd20 JavaThread "Cancel handler" [_thread_blocked, id=1648, stack(0x000000e641600000,0x000000e641700000)]
  0x0000025bcc83ce90 JavaThread "Daemon worker" [_thread_in_vm, id=4024, stack(0x000000e641700000,0x000000e641800000)]
  0x0000025bca8a4060 JavaThread "Asynchronous log dispatcher for DefaultDaemonConnection: socket connection from /127.0.0.1:50171 to /127.0.0.1:50172" [_thread_blocked, id=3204, stack(0x000000e641800000,0x000000e641900000)]
  0x0000025bca8a4530 JavaThread "Stdin handler" [_thread_blocked, id=3400, stack(0x000000e641900000,0x000000e641a00000)]
  0x0000025bca8a2380 JavaThread "Daemon client event forwarder" [_thread_blocked, id=6584, stack(0x000000e641a00000,0x000000e641b00000)]
  0x0000025bca8a4a00 JavaThread "Cache worker for journal cache (C:\Users\Admin\.gradle\caches\journal-1)" [_thread_blocked, id=2328, stack(0x000000e641b00000,0x000000e641c00000)]
  0x0000025bca8a19e0 JavaThread "File lock request listener" [_thread_in_native, id=4392, stack(0x000000e641c00000,0x000000e641d00000)]
  0x0000025bca8a31f0 JavaThread "Cache worker for file hash cache (C:\Users\Admin\.gradle\caches\8.0\fileHashes)" [_thread_blocked, id=1724, stack(0x000000e641d00000,0x000000e641e00000)]
  0x0000025bca8a36c0 JavaThread "File watcher server" daemon [_thread_in_native, id=3200, stack(0x000000e640d00000,0x000000e640e00000)]
  0x0000025bca8a1040 JavaThread "File watcher consumer" daemon [_thread_blocked, id=3832, stack(0x000000e641e00000,0x000000e641f00000)]
  0x0000025bca8a1510 JavaThread "Cache worker for checksums cache (D:\AndroidStudioProject\nemuiin_test\.gradle\8.0\checksums)" [_thread_blocked, id=5712, stack(0x000000e641f00000,0x000000e642000000)]
  0x0000025bca8a2850 JavaThread "Cache worker for cache directory md-rule (C:\Users\Admin\.gradle\caches\8.0\md-rule)" [_thread_blocked, id=5492, stack(0x000000e642000000,0x000000e642100000)]
  0x0000025bca8a2d20 JavaThread "Cache worker for file content cache (C:\Users\Admin\.gradle\caches\8.0\fileContent)" [_thread_blocked, id=2088, stack(0x000000e642100000,0x000000e642200000)]
  0x0000025bca4f4bb0 JavaThread "Cache worker for file hash cache (D:\AndroidStudioProject\nemuiin_test\.gradle\8.0\fileHashes)" [_thread_blocked, id=3176, stack(0x000000e642200000,0x000000e642300000)]
  0x0000025bca4f93e0 JavaThread "Cache worker for cache directory md-supplier (C:\Users\Admin\.gradle\caches\8.0\md-supplier)" [_thread_blocked, id=7956, stack(0x000000e642300000,0x000000e642400000)]
  0x0000025bca4f33a0 JavaThread "Cache worker for execution history cache (C:\Users\Admin\.gradle\caches\8.0\executionHistory)" [_thread_blocked, id=2436, stack(0x000000e642400000,0x000000e642500000)]
  0x0000025bca4f4210 JavaThread "jar transforms" [_thread_blocked, id=2300, stack(0x000000e642500000,0x000000e642600000)]
=>0x0000025bcca8d190 JavaThread "C2 CompilerThread1" daemon [_thread_in_native, id=6792, stack(0x000000e642600000,0x000000e642700000)]
  0x0000025bca4f46e0 JavaThread "jar transforms Thread 2" [_thread_blocked, id=3664, stack(0x000000e642700000,0x000000e642800000)]
  0x0000025bca4f80a0 JavaThread "Cache worker for kotlin-dsl (C:\Users\Admin\.gradle\caches\8.0\kotlin-dsl)" [_thread_blocked, id=2236, stack(0x000000e642800000,0x000000e642900000)]
  0x0000025bca4f8570 JavaThread "jar transforms Thread 3" [_thread_blocked, id=3360, stack(0x000000e642900000,0x000000e642a00000)]
  0x0000025bca4f8f10 JavaThread "jar transforms Thread 4" [_thread_blocked, id=1760, stack(0x000000e642a00000,0x000000e642b00000)]
  0x0000025bca4f7700 JavaThread "Cache worker for dependencies-accessors (D:\AndroidStudioProject\nemuiin_test\.gradle\8.0\dependencies-accessors)" [_thread_blocked, id=8024, stack(0x000000e642b00000,0x000000e642c00000)]
  0x0000025bca4f3870 JavaThread "Cache worker for Build Output Cleanup Cache (D:\AndroidStudioProject\nemuiin_test\.gradle\buildOutputCleanup)" [_thread_blocked, id=5500, stack(0x000000e642c00000,0x000000e642d00000)]

Other Threads:
  0x0000025bc8e32410 VMThread "VM Thread" [stack: 0x000000e640000000,0x000000e640100000] [id=2416]
  0x0000025bc98acaa0 WatcherThread [stack: 0x000000e640c00000,0x000000e640d00000] [id=1752]
  0x0000025baf916890 GCTaskThread "GC Thread#0" [stack: 0x000000e63fb00000,0x000000e63fc00000] [id=6588]
  0x0000025bc9e307b0 GCTaskThread "GC Thread#1" [stack: 0x000000e640e00000,0x000000e640f00000] [id=2460]
  0x0000025bca26c680 GCTaskThread "GC Thread#2" [stack: 0x000000e640f00000,0x000000e641000000] [id=7388]
  0x0000025bca5f3040 GCTaskThread "GC Thread#3" [stack: 0x000000e641000000,0x000000e641100000] [id=7832]
  0x0000025baf9277d0 ConcurrentGCThread "G1 Main Marker" [stack: 0x000000e63fc00000,0x000000e63fd00000] [id=3112]
  0x0000025baf9281e0 ConcurrentGCThread "G1 Conc#0" [stack: 0x000000e63fd00000,0x000000e63fe00000] [id=1160]
  0x0000025baf98e530 ConcurrentGCThread "G1 Refine#0" [stack: 0x000000e63fe00000,0x000000e63ff00000] [id=3700]
  0x0000025bc8ce40b0 ConcurrentGCThread "G1 Service" [stack: 0x000000e63ff00000,0x000000e640000000] [id=6676]

Threads with active compile tasks:
C2 CompilerThread0    10999 4332       4       java.util.regex.Pattern::compile (500 bytes)
C2 CompilerThread1    10999 4318       4       org.gradle.internal.service.DefaultServiceRegistry$OwnServices::getService (309 bytes)

VM state: not at safepoint (normal execution)

VM Mutex/Monitor currently owned by a thread: None

Heap address: 0x0000000080000000, size: 2048 MB, Compressed Oops mode: 32-bit

CDS archive(s) not mapped
Compressed class space mapped at: 0x0000000100000000-0x0000000140000000, reserved size: 1073741824
Narrow klass base: 0x0000000000000000, Narrow klass shift: 3, Narrow klass range: 0x140000000

GC Precious Log:
 CPUs: 4 total, 4 available
 Memory: 8076M
 Large Page Support: Disabled
 NUMA Support: Disabled
 Compressed Oops: Enabled (32-bit)
 Heap Region Size: 1M
 Heap Min Capacity: 8M
 Heap Initial Capacity: 128M
 Heap Max Capacity: 2G
 Pre-touch: Disabled
 Parallel Workers: 4
 Concurrent Workers: 1
 Concurrent Refinement Workers: 4
 Periodic GC: Disabled

Heap:
 garbage-first heap   total 82944K, used 52986K [0x0000000080000000, 0x0000000100000000)
  region size 1024K, 26 young (26624K), 5 survivors (5120K)
 Metaspace       used 51616K, committed 52032K, reserved 1097728K
  class space    used 6909K, committed 7104K, reserved 1048576K

Heap Regions: E=young(eden), S=young(survivor), O=old, HS=humongous(starts), HC=humongous(continues), CS=collection set, F=free, OA=open archive, CA=closed archive, TAMS=top-at-mark-start (previous, next)
|   0|0x0000000080000000, 0x0000000080100000, 0x0000000080100000|100%| O|  |TAMS 0x0000000080100000, 0x0000000080000000| Untracked 
|   1|0x0000000080100000, 0x0000000080200000, 0x0000000080200000|100%| O|  |TAMS 0x0000000080200000, 0x0000000080100000| Untracked 
|   2|0x0000000080200000, 0x0000000080300000, 0x0000000080300000|100%|HS|  |TAMS 0x0000000080300000, 0x0000000080200000| Complete 
|   3|0x0000000080300000, 0x0000000080400000, 0x0000000080400000|100%|HC|  |TAMS 0x0000000080400000, 0x0000000080300000| Complete 
|   4|0x0000000080400000, 0x0000000080500000, 0x0000000080500000|100%|HC|  |TAMS 0x0000000080500000, 0x0000000080400000| Complete 
|   5|0x0000000080500000, 0x0000000080600000, 0x0000000080600000|100%|HC|  |TAMS 0x0000000080600000, 0x0000000080500000| Complete 
|   6|0x0000000080600000, 0x0000000080700000, 0x0000000080700000|100%| O|  |TAMS 0x0000000080700000, 0x0000000080600000| Untracked 
|   7|0x0000000080700000, 0x0000000080800000, 0x0000000080800000|100%| O|  |TAMS 0x0000000080800000, 0x0000000080700000| Untracked 
|   8|0x0000000080800000, 0x0000000080900000, 0x0000000080900000|100%| O|  |TAMS 0x0000000080900000, 0x0000000080800000| Untracked 
|   9|0x0000000080900000, 0x0000000080a00000, 0x0000000080a00000|100%| O|  |TAMS 0x0000000080a00000, 0x0000000080900000| Untracked 
|  10|0x0000000080a00000, 0x0000000080b00000, 0x0000000080b00000|100%| O|  |TAMS 0x0000000080b00000, 0x0000000080a00000| Untracked 
|  11|0x0000000080b00000, 0x0000000080c00000, 0x0000000080c00000|100%| O|  |TAMS 0x0000000080c00000, 0x0000000080b00000| Untracked 
|  12|0x0000000080c00000, 0x0000000080d00000, 0x0000000080d00000|100%| O|  |TAMS 0x0000000080d00000, 0x0000000080c00000| Untracked 
|  13|0x0000000080d00000, 0x0000000080e00000, 0x0000000080e00000|100%| O|  |TAMS 0x0000000080e00000, 0x0000000080d00000| Untracked 
|  14|0x0000000080e00000, 0x0000000080f00000, 0x0000000080f00000|100%| O|  |TAMS 0x0000000080f00000, 0x0000000080e00000| Untracked 
|  15|0x0000000080f00000, 0x0000000081000000, 0x0000000081000000|100%| O|  |TAMS 0x0000000081000000, 0x0000000080f00000| Untracked 
|  16|0x0000000081000000, 0x0000000081100000, 0x0000000081100000|100%| O|  |TAMS 0x0000000081100000, 0x0000000081000000| Untracked 
|  17|0x0000000081100000, 0x0000000081200000, 0x0000000081200000|100%| O|  |TAMS 0x0000000081200000, 0x0000000081100000| Untracked 
|  18|0x0000000081200000, 0x0000000081300000, 0x0000000081300000|100%| O|  |TAMS 0x0000000081300000, 0x0000000081200000| Untracked 
|  19|0x0000000081300000, 0x0000000081400000, 0x0000000081400000|100%| O|  |TAMS 0x0000000081400000, 0x0000000081300000| Untracked 
|  20|0x0000000081400000, 0x0000000081414e00, 0x0000000081500000|  8%| O|  |TAMS 0x0000000081400000, 0x0000000081400000| Untracked 
|  21|0x0000000081500000, 0x0000000081600000, 0x0000000081600000|100%| O|  |TAMS 0x0000000081600000, 0x0000000081500000| Untracked 
|  22|0x0000000081600000, 0x0000000081700000, 0x0000000081700000|100%| O|  |TAMS 0x0000000081700000, 0x0000000081600000| Untracked 
|  23|0x0000000081700000, 0x0000000081800000, 0x0000000081800000|100%| O|  |TAMS 0x0000000081800000, 0x0000000081700000| Untracked 
|  24|0x0000000081800000, 0x0000000081900000, 0x0000000081900000|100%| O|  |TAMS 0x0000000081900000, 0x0000000081800000| Untracked 
|  25|0x0000000081900000, 0x0000000081a00000, 0x0000000081a00000|100%| O|  |TAMS 0x0000000081a00000, 0x0000000081900000| Untracked 
|  26|0x0000000081a00000, 0x0000000081b00000, 0x0000000081b00000|100%| O|  |TAMS 0x0000000081b00000, 0x0000000081a00000| Untracked 
|  27|0x0000000081b00000, 0x0000000081c00000, 0x0000000081c00000|100%| O|  |TAMS 0x0000000081bd4e00, 0x0000000081b00000| Untracked 
|  28|0x0000000081c00000, 0x0000000081c00000, 0x0000000081d00000|  0%| F|  |TAMS 0x0000000081c00000, 0x0000000081c00000| Untracked 
|  29|0x0000000081d00000, 0x0000000081d00000, 0x0000000081e00000|  0%| F|  |TAMS 0x0000000081d00000, 0x0000000081d00000| Untracked 
|  30|0x0000000081e00000, 0x0000000081e00000, 0x0000000081f00000|  0%| F|  |TAMS 0x0000000081e00000, 0x0000000081e00000| Untracked 
|  31|0x0000000081f00000, 0x0000000081f00000, 0x0000000082000000|  0%| F|  |TAMS 0x0000000081f00000, 0x0000000081f00000| Untracked 
|  32|0x0000000082000000, 0x0000000082000000, 0x0000000082100000|  0%| F|  |TAMS 0x0000000082000000, 0x0000000082000000| Untracked 
|  33|0x0000000082100000, 0x0000000082100000, 0x0000000082200000|  0%| F|  |TAMS 0x0000000082100000, 0x0000000082100000| Untracked 
|  34|0x0000000082200000, 0x0000000082200000, 0x0000000082300000|  0%| F|  |TAMS 0x0000000082200000, 0x0000000082200000| Untracked 
|  35|0x0000000082300000, 0x0000000082300000, 0x0000000082400000|  0%| F|  |TAMS 0x0000000082300000, 0x0000000082300000| Untracked 
|  36|0x0000000082400000, 0x0000000082400000, 0x0000000082500000|  0%| F|  |TAMS 0x0000000082400000, 0x0000000082400000| Untracked 
|  37|0x0000000082500000, 0x0000000082500000, 0x0000000082600000|  0%| F|  |TAMS 0x0000000082500000, 0x0000000082500000| Untracked 
|  38|0x0000000082600000, 0x0000000082600000, 0x0000000082700000|  0%| F|  |TAMS 0x0000000082600000, 0x0000000082600000| Untracked 
|  39|0x0000000082700000, 0x0000000082700000, 0x0000000082800000|  0%| F|  |TAMS 0x0000000082700000, 0x0000000082700000| Untracked 
|  40|0x0000000082800000, 0x0000000082800000, 0x0000000082900000|  0%| F|  |TAMS 0x0000000082800000, 0x0000000082800000| Untracked 
|  41|0x0000000082900000, 0x00000000829a9bf0, 0x0000000082a00000| 66%| S|CS|TAMS 0x0000000082900000, 0x0000000082900000| Complete 
|  42|0x0000000082a00000, 0x0000000082b00000, 0x0000000082b00000|100%| S|CS|TAMS 0x0000000082a00000, 0x0000000082a00000| Complete 
|  43|0x0000000082b00000, 0x0000000082b00000, 0x0000000082c00000|  0%| F|  |TAMS 0x0000000082b00000, 0x0000000082b00000| Untracked 
|  44|0x0000000082c00000, 0x0000000082c00000, 0x0000000082d00000|  0%| F|  |TAMS 0x0000000082c00000, 0x0000000082c00000| Untracked 
|  45|0x0000000082d00000, 0x0000000082d00000, 0x0000000082e00000|  0%| F|  |TAMS 0x0000000082d00000, 0x0000000082d00000| Untracked 
|  46|0x0000000082e00000, 0x0000000082f00000, 0x0000000082f00000|100%| S|CS|TAMS 0x0000000082e00000, 0x0000000082e00000| Complete 
|  47|0x0000000082f00000, 0x0000000083000000, 0x0000000083000000|100%| S|CS|TAMS 0x0000000082f00000, 0x0000000082f00000| Complete 
|  48|0x0000000083000000, 0x0000000083100000, 0x0000000083100000|100%| S|CS|TAMS 0x0000000083000000, 0x0000000083000000| Complete 
|  49|0x0000000083100000, 0x0000000083100000, 0x0000000083200000|  0%| F|  |TAMS 0x0000000083100000, 0x0000000083100000| Untracked 
|  50|0x0000000083200000, 0x0000000083200000, 0x0000000083300000|  0%| F|  |TAMS 0x0000000083200000, 0x0000000083200000| Untracked 
|  51|0x0000000083300000, 0x0000000083300000, 0x0000000083400000|  0%| F|  |TAMS 0x0000000083300000, 0x0000000083300000| Untracked 
|  52|0x0000000083400000, 0x0000000083400000, 0x0000000083500000|  0%| F|  |TAMS 0x0000000083400000, 0x0000000083400000| Untracked 
|  53|0x0000000083500000, 0x0000000083500000, 0x0000000083600000|  0%| F|  |TAMS 0x0000000083500000, 0x0000000083500000| Untracked 
|  54|0x0000000083600000, 0x0000000083600000, 0x0000000083700000|  0%| F|  |TAMS 0x0000000083600000, 0x0000000083600000| Untracked 
|  55|0x0000000083700000, 0x0000000083700000, 0x0000000083800000|  0%| F|  |TAMS 0x0000000083700000, 0x0000000083700000| Untracked 
|  56|0x0000000083800000, 0x0000000083800000, 0x0000000083900000|  0%| F|  |TAMS 0x0000000083800000, 0x0000000083800000| Untracked 
|  57|0x0000000083900000, 0x0000000083900000, 0x0000000083a00000|  0%| F|  |TAMS 0x0000000083900000, 0x0000000083900000| Untracked 
|  58|0x0000000083a00000, 0x0000000083a00000, 0x0000000083b00000|  0%| F|  |TAMS 0x0000000083a00000, 0x0000000083a00000| Untracked 
|  59|0x0000000083b00000, 0x0000000083b00000, 0x0000000083c00000|  0%| F|  |TAMS 0x0000000083b00000, 0x0000000083b00000| Untracked 
|  60|0x0000000083c00000, 0x0000000083d00000, 0x0000000083d00000|100%| E|  |TAMS 0x0000000083c00000, 0x0000000083c00000| Complete 
|  61|0x0000000083d00000, 0x0000000083e00000, 0x0000000083e00000|100%| E|CS|TAMS 0x0000000083d00000, 0x0000000083d00000| Complete 
|  62|0x0000000083e00000, 0x0000000083f00000, 0x0000000083f00000|100%| E|CS|TAMS 0x0000000083e00000, 0x0000000083e00000| Complete 
|  63|0x0000000083f00000, 0x0000000084000000, 0x0000000084000000|100%| E|CS|TAMS 0x0000000083f00000, 0x0000000083f00000| Complete 
|  64|0x0000000084000000, 0x0000000084100000, 0x0000000084100000|100%| E|CS|TAMS 0x0000000084000000, 0x0000000084000000| Complete 
|  65|0x0000000084100000, 0x0000000084200000, 0x0000000084200000|100%| E|CS|TAMS 0x0000000084100000, 0x0000000084100000| Complete 
|  66|0x0000000084200000, 0x0000000084300000, 0x0000000084300000|100%| E|CS|TAMS 0x0000000084200000, 0x0000000084200000| Complete 
|  67|0x0000000084300000, 0x0000000084400000, 0x0000000084400000|100%| E|CS|TAMS 0x0000000084300000, 0x0000000084300000| Complete 
|  68|0x0000000084400000, 0x0000000084500000, 0x0000000084500000|100%| E|CS|TAMS 0x0000000084400000, 0x0000000084400000| Complete 
|  69|0x0000000084500000, 0x0000000084600000, 0x0000000084600000|100%| E|CS|TAMS 0x0000000084500000, 0x0000000084500000| Complete 
|  70|0x0000000084600000, 0x0000000084700000, 0x0000000084700000|100%| E|CS|TAMS 0x0000000084600000, 0x0000000084600000| Complete 
|  71|0x0000000084700000, 0x0000000084800000, 0x0000000084800000|100%| E|CS|TAMS 0x0000000084700000, 0x0000000084700000| Complete 
|  78|0x0000000084e00000, 0x0000000084f00000, 0x0000000084f00000|100%| E|CS|TAMS 0x0000000084e00000, 0x0000000084e00000| Complete 
|  79|0x0000000084f00000, 0x0000000085000000, 0x0000000085000000|100%| E|CS|TAMS 0x0000000084f00000, 0x0000000084f00000| Complete 
|  80|0x0000000085000000, 0x0000000085100000, 0x0000000085100000|100%| E|CS|TAMS 0x0000000085000000, 0x0000000085000000| Complete 
|  81|0x0000000085100000, 0x0000000085200000, 0x0000000085200000|100%| E|CS|TAMS 0x0000000085100000, 0x0000000085100000| Complete 
|  82|0x0000000085200000, 0x0000000085300000, 0x0000000085300000|100%| E|CS|TAMS 0x0000000085200000, 0x0000000085200000| Complete 
|  83|0x0000000085300000, 0x0000000085400000, 0x0000000085400000|100%| E|CS|TAMS 0x0000000085300000, 0x0000000085300000| Complete 
|  84|0x0000000085400000, 0x0000000085500000, 0x0000000085500000|100%| E|CS|TAMS 0x0000000085400000, 0x0000000085400000| Complete 
|  85|0x0000000085500000, 0x0000000085600000, 0x0000000085600000|100%| E|CS|TAMS 0x0000000085500000, 0x0000000085500000| Complete 
| 127|0x0000000087f00000, 0x0000000088000000, 0x0000000088000000|100%| E|CS|TAMS 0x0000000087f00000, 0x0000000087f00000| Complete 

Card table byte_map: [0x0000025bc2190000,0x0000025bc2590000] _byte_map_base: 0x0000025bc1d90000

Marking Bits (Prev, Next): (CMBitMap*) 0x0000025baf916ee0, (CMBitMap*) 0x0000025baf916ea0
 Prev Bits: [0x0000025bc4990000, 0x0000025bc6990000)
 Next Bits: [0x0000025bc2990000, 0x0000025bc4990000)

Polling page: 0x0000025bad700000

Metaspace:

Usage:
  Non-class:     43.66 MB used.
      Class:      6.75 MB used.
       Both:     50.41 MB used.

Virtual space:
  Non-class space:       48.00 MB reserved,      43.88 MB ( 91%) committed,  6 nodes.
      Class space:        1.00 GB reserved,       6.94 MB ( <1%) committed,  1 nodes.
             Both:        1.05 GB reserved,      50.81 MB (  5%) committed. 

Chunk freelists:
   Non-Class:  3.88 MB
       Class:  1.02 MB
        Both:  4.89 MB

MaxMetaspaceSize: unlimited
CompressedClassSpaceSize: 1.00 GB
Initial GC threshold: 21.00 MB
Current GC threshold: 73.38 MB
CDS: off
MetaspaceReclaimPolicy: balanced
 - commit_granule_bytes: 65536.
 - commit_granule_words: 8192.
 - virtual_space_node_default_size: 1048576.
 - enlarge_chunks_in_place: 1.
 - new_chunks_are_fully_committed: 0.
 - uncommit_free_chunks: 1.
 - use_allocation_guard: 0.
 - handle_deallocations: 1.


Internal statistics:

num_allocs_failed_limit: 9.
num_arena_births: 534.
num_arena_deaths: 0.
num_vsnodes_births: 7.
num_vsnodes_deaths: 0.
num_space_committed: 813.
num_space_uncommitted: 0.
num_chunks_returned_to_freelist: 9.
num_chunks_taken_from_freelist: 2147.
num_chunk_merges: 6.
num_chunk_splits: 1436.
num_chunks_enlarged: 1006.
num_purges: 0.
num_inconsistent_stats: 0.

CodeHeap 'non-profiled nmethods': size=120000Kb used=2610Kb max_used=2610Kb free=117390Kb
 bounds [0x0000025bba860000, 0x0000025bbaaf0000, 0x0000025bc1d90000]
CodeHeap 'profiled nmethods': size=120000Kb used=8867Kb max_used=8867Kb free=111132Kb
 bounds [0x0000025bb2d90000, 0x0000025bb3640000, 0x0000025bba2c0000]
CodeHeap 'non-nmethods': size=5760Kb used=2307Kb max_used=2368Kb free=3452Kb
 bounds [0x0000025bba2c0000, 0x0000025bba530000, 0x0000025bba860000]
 total_blobs=5140 nmethods=4318 adapters=734
 compilation: enabled
              stopped_count=0, restarted_count=0
 full_count=0

Compilation events (20 events):
Event: 10.708 Thread 0x0000025bc8ecc030 4312       3       com.google.common.collect.Iterators$9::hasNext (13 bytes)
Event: 10.708 Thread 0x0000025bc8ecc030 nmethod 4312 0x0000025bb362c510 code [0x0000025bb362c6a0, 0x0000025bb362c818]
Event: 10.708 Thread 0x0000025bc8ecc030 4313       1       org.gradle.api.attributes.Attribute::hashCode (5 bytes)
Event: 10.708 Thread 0x0000025bc8ecc030 nmethod 4313 0x0000025bbaada210 code [0x0000025bbaada3a0, 0x0000025bbaada478]
Event: 10.717 Thread 0x0000025bcca8d190 nmethod 4307 0x0000025bbaada510 code [0x0000025bbaada700, 0x0000025bbaadae10]
Event: 10.718 Thread 0x0000025bcca8d190 4308 %     4       jdk.internal.org.objectweb.asm.ClassReader::readUtf @ 18 (161 bytes)
Event: 10.722 Thread 0x0000025bc8ecc030 4315       3       java.lang.invoke.InnerClassLambdaMetafactory::generateConstructor (154 bytes)
Event: 10.723 Thread 0x0000025bc8ecc030 nmethod 4315 0x0000025bb362c890 code [0x0000025bb362cb60, 0x0000025bb362dac8]
Event: 10.723 Thread 0x0000025bc8ecc030 4316       3       java.lang.invoke.InnerClassLambdaMetafactory$ForwardingMethodGenerator::generate (272 bytes)
Event: 10.725 Thread 0x0000025bc8ecc030 nmethod 4316 0x0000025bb362e010 code [0x0000025bb362e3a0, 0x0000025bb362ff28]
Event: 10.725 Thread 0x0000025bc8ecc030 4314       3       java.lang.invoke.InnerClassLambdaMetafactory::spinInnerClass (118 bytes)
Event: 10.725 Thread 0x0000025bc8ecc030 nmethod 4314 0x0000025bb3630790 code [0x0000025bb3630960, 0x0000025bb3630c58]
Event: 10.725 Thread 0x0000025bc8ecc030 4317       3       java.lang.invoke.MethodHandles$Lookup::defineHiddenClass (69 bytes)
Event: 10.726 Thread 0x0000025bc8ecc030 nmethod 4317 0x0000025bb3630d10 code [0x0000025bb3631000, 0x0000025bb3631d98]
Event: 10.731 Thread 0x0000025bc8ecc030 4319       3       java.net.URI::match (56 bytes)
Event: 10.731 Thread 0x0000025bc8ecc030 nmethod 4319 0x0000025bb3632290 code [0x0000025bb3632440, 0x0000025bb3632738]
Event: 10.734 Thread 0x0000025bcca8d190 nmethod 4308% 0x0000025bbaadb410 code [0x0000025bbaadb5c0, 0x0000025bbaadbef8]
Event: 10.734 Thread 0x0000025bcca8d190 4318       4       org.gradle.internal.service.DefaultServiceRegistry$OwnServices::getService (309 bytes)
Event: 10.744 Thread 0x0000025bc8ecc030 4320       3       com.google.common.cache.LocalCache::usesWriteQueue (5 bytes)
Event: 10.745 Thread 0x0000025bc8ecc030 nmethod 4320 0x0000025bb3632810 code [0x0000025bb36329a0, 0x0000025bb3632b98]

GC Heap History (20 events):
Event: 3.340 GC heap before
{Heap before GC invocations=3 (full 0):
 garbage-first heap   total 131072K, used 51859K [0x0000000080000000, 0x0000000100000000)
  region size 1024K, 42 young (43008K), 3 survivors (3072K)
 Metaspace       used 21179K, committed 21504K, reserved 1073152K
  class space    used 2567K, committed 2752K, reserved 1048576K
}
Event: 3.354 GC heap after
{Heap after GC invocations=4 (full 0):
 garbage-first heap   total 131072K, used 18263K [0x0000000080000000, 0x0000000100000000)
  region size 1024K, 8 young (8192K), 8 survivors (8192K)
 Metaspace       used 21179K, committed 21504K, reserved 1073152K
  class space    used 2567K, committed 2752K, reserved 1048576K
}
Event: 4.619 GC heap before
{Heap before GC invocations=5 (full 0):
 garbage-first heap   total 68608K, used 51031K [0x0000000080000000, 0x0000000100000000)
  region size 1024K, 40 young (40960K), 8 survivors (8192K)
 Metaspace       used 26213K, committed 26496K, reserved 1073152K
  class space    used 3443K, committed 3584K, reserved 1048576K
}
Event: 4.645 GC heap after
{Heap after GC invocations=6 (full 0):
 garbage-first heap   total 68608K, used 20298K [0x0000000080000000, 0x0000000100000000)
  region size 1024K, 3 young (3072K), 3 survivors (3072K)
 Metaspace       used 26213K, committed 26496K, reserved 1073152K
  class space    used 3443K, committed 3584K, reserved 1048576K
}
Event: 4.786 GC heap before
{Heap before GC invocations=6 (full 0):
 garbage-first heap   total 68608K, used 20298K [0x0000000080000000, 0x0000000100000000)
  region size 1024K, 4 young (4096K), 3 survivors (3072K)
 Metaspace       used 26404K, committed 26688K, reserved 1073152K
  class space    used 3477K, committed 3584K, reserved 1048576K
}
Event: 4.791 GC heap after
{Heap after GC invocations=7 (full 0):
 garbage-first heap   total 68608K, used 20319K [0x0000000080000000, 0x0000000100000000)
  region size 1024K, 1 young (1024K), 1 survivors (1024K)
 Metaspace       used 26404K, committed 26688K, reserved 1073152K
  class space    used 3477K, committed 3584K, reserved 1048576K
}
Event: 7.017 GC heap before
{Heap before GC invocations=7 (full 0):
 garbage-first heap   total 68608K, used 46943K [0x0000000080000000, 0x0000000100000000)
  region size 1024K, 27 young (27648K), 1 survivors (1024K)
 Metaspace       used 30631K, committed 30976K, reserved 1081344K
  class space    used 4160K, committed 4288K, reserved 1048576K
}
Event: 7.023 GC heap after
{Heap after GC invocations=8 (full 0):
 garbage-first heap   total 68608K, used 21518K [0x0000000080000000, 0x0000000100000000)
  region size 1024K, 2 young (2048K), 2 survivors (2048K)
 Metaspace       used 30631K, committed 30976K, reserved 1081344K
  class space    used 4160K, committed 4288K, reserved 1048576K
}
Event: 7.816 GC heap before
{Heap before GC invocations=8 (full 0):
 garbage-first heap   total 68608K, used 49166K [0x0000000080000000, 0x0000000100000000)
  region size 1024K, 29 young (29696K), 2 survivors (2048K)
 Metaspace       used 35340K, committed 35712K, reserved 1081344K
  class space    used 4870K, committed 5056K, reserved 1048576K
}
Event: 7.823 GC heap after
{Heap after GC invocations=9 (full 0):
 garbage-first heap   total 68608K, used 23775K [0x0000000080000000, 0x0000000100000000)
  region size 1024K, 4 young (4096K), 4 survivors (4096K)
 Metaspace       used 35340K, committed 35712K, reserved 1081344K
  class space    used 4870K, committed 5056K, reserved 1048576K
}
Event: 7.874 GC heap before
{Heap before GC invocations=9 (full 0):
 garbage-first heap   total 68608K, used 23775K [0x0000000080000000, 0x0000000100000000)
  region size 1024K, 5 young (5120K), 4 survivors (4096K)
 Metaspace       used 35644K, committed 35968K, reserved 1081344K
  class space    used 4875K, committed 5056K, reserved 1048576K
}
Event: 7.884 GC heap after
{Heap after GC invocations=10 (full 0):
 garbage-first heap   total 68608K, used 24007K [0x0000000080000000, 0x0000000100000000)
  region size 1024K, 1 young (1024K), 1 survivors (1024K)
 Metaspace       used 35644K, committed 35968K, reserved 1081344K
  class space    used 4875K, committed 5056K, reserved 1048576K
}
Event: 8.587 GC heap before
{Heap before GC invocations=11 (full 0):
 garbage-first heap   total 68608K, used 51655K [0x0000000080000000, 0x0000000100000000)
  region size 1024K, 29 young (29696K), 1 survivors (1024K)
 Metaspace       used 40423K, committed 40768K, reserved 1089536K
  class space    used 5355K, committed 5504K, reserved 1048576K
}
Event: 8.598 GC heap after
{Heap after GC invocations=12 (full 0):
 garbage-first heap   total 68608K, used 28120K [0x0000000080000000, 0x0000000100000000)
  region size 1024K, 4 young (4096K), 4 survivors (4096K)
 Metaspace       used 40423K, committed 40768K, reserved 1089536K
  class space    used 5355K, committed 5504K, reserved 1048576K
}
Event: 8.607 GC heap before
{Heap before GC invocations=12 (full 0):
 garbage-first heap   total 68608K, used 29144K [0x0000000080000000, 0x0000000100000000)
  region size 1024K, 5 young (5120K), 4 survivors (4096K)
 Metaspace       used 40435K, committed 40768K, reserved 1089536K
  class space    used 5355K, committed 5504K, reserved 1048576K
}
Event: 8.615 GC heap after
{Heap after GC invocations=13 (full 0):
 garbage-first heap   total 82944K, used 27988K [0x0000000080000000, 0x0000000100000000)
  region size 1024K, 1 young (1024K), 1 survivors (1024K)
 Metaspace       used 40435K, committed 40768K, reserved 1089536K
  class space    used 5355K, committed 5504K, reserved 1048576K
}
Event: 9.492 GC heap before
{Heap before GC invocations=13 (full 0):
 garbage-first heap   total 82944K, used 65876K [0x0000000080000000, 0x0000000100000000)
  region size 1024K, 35 young (35840K), 1 survivors (1024K)
 Metaspace       used 44433K, committed 44800K, reserved 1089536K
  class space    used 5741K, committed 5888K, reserved 1048576K
}
Event: 9.501 GC heap after
{Heap after GC invocations=14 (full 0):
 garbage-first heap   total 82944K, used 30290K [0x0000000080000000, 0x0000000100000000)
  region size 1024K, 3 young (3072K), 3 survivors (3072K)
 Metaspace       used 44433K, committed 44800K, reserved 1089536K
  class space    used 5741K, committed 5888K, reserved 1048576K
}
Event: 10.382 GC heap before
{Heap before GC invocations=15 (full 0):
 garbage-first heap   total 82944K, used 63058K [0x0000000080000000, 0x0000000100000000)
  region size 1024K, 35 young (35840K), 3 survivors (3072K)
 Metaspace       used 48696K, committed 49152K, reserved 1097728K
  class space    used 6477K, committed 6656K, reserved 1048576K
}
Event: 10.392 GC heap after
{Heap after GC invocations=16 (full 0):
 garbage-first heap   total 82944K, used 32506K [0x0000000080000000, 0x0000000100000000)
  region size 1024K, 5 young (5120K), 5 survivors (5120K)
 Metaspace       used 48696K, committed 49152K, reserved 1097728K
  class space    used 6477K, committed 6656K, reserved 1048576K
}

Dll operation events (2 events):
Event: 0.016 Loaded shared library D:\Android\jbr\bin\java.dll
Event: 0.720 Loaded shared library D:\Android\jbr\bin\verify.dll

Deoptimization events (20 events):
Event: 10.702 Thread 0x0000025bcc83ce90 Uncommon trap: trap_request=0xffffffc6 fr.pc=0x0000025bba9bb178 relative=0x0000000000000238
Event: 10.702 Thread 0x0000025bcc83ce90 Uncommon trap: reason=bimorphic_or_optimized_type_check action=maybe_recompile pc=0x0000025bba9bb178 method=com.google.common.base.CharMatcher.indexIn(Ljava/lang/CharSequence;I)I @ 31 c2
Event: 10.702 Thread 0x0000025bcc83ce90 DEOPT PACKING pc=0x0000025bba9bb178 sp=0x000000e6417f9a10
Event: 10.702 Thread 0x0000025bcc83ce90 DEOPT UNPACKING pc=0x0000025bba3169a3 sp=0x000000e6417f99b8 mode 2
Event: 10.714 Thread 0x0000025bcc83ce90 Uncommon trap: trap_request=0xffffffc6 fr.pc=0x0000025bba9bb178 relative=0x0000000000000238
Event: 10.714 Thread 0x0000025bcc83ce90 Uncommon trap: reason=bimorphic_or_optimized_type_check action=maybe_recompile pc=0x0000025bba9bb178 method=com.google.common.base.CharMatcher.indexIn(Ljava/lang/CharSequence;I)I @ 31 c2
Event: 10.714 Thread 0x0000025bcc83ce90 DEOPT PACKING pc=0x0000025bba9bb178 sp=0x000000e6417f9090
Event: 10.714 Thread 0x0000025bcc83ce90 DEOPT UNPACKING pc=0x0000025bba3169a3 sp=0x000000e6417f9038 mode 2
Event: 10.729 Thread 0x0000025bcc83ce90 Uncommon trap: trap_request=0xffffff45 fr.pc=0x0000025bba8c5284 relative=0x00000000000001e4
Event: 10.729 Thread 0x0000025bcc83ce90 Uncommon trap: reason=unstable_if action=reinterpret pc=0x0000025bba8c5284 method=java.net.URI$Parser.scan(IILjava/lang/String;)I @ 26 c2
Event: 10.729 Thread 0x0000025bcc83ce90 DEOPT PACKING pc=0x0000025bba8c5284 sp=0x000000e6417f8590
Event: 10.729 Thread 0x0000025bcc83ce90 DEOPT UNPACKING pc=0x0000025bba3169a3 sp=0x000000e6417f8520 mode 2
Event: 10.729 Thread 0x0000025bcc83ce90 Uncommon trap: trap_request=0xffffff45 fr.pc=0x0000025bba8bd150 relative=0x0000000000000130
Event: 10.729 Thread 0x0000025bcc83ce90 Uncommon trap: reason=unstable_if action=reinterpret pc=0x0000025bba8bd150 method=java.net.URI.match(CJJ)Z @ 45 c2
Event: 10.729 Thread 0x0000025bcc83ce90 DEOPT PACKING pc=0x0000025bba8bd150 sp=0x000000e6417f8300
Event: 10.729 Thread 0x0000025bcc83ce90 DEOPT UNPACKING pc=0x0000025bba3169a3 sp=0x000000e6417f8238 mode 2
Event: 10.729 Thread 0x0000025bcc83ce90 Uncommon trap: trap_request=0xffffff45 fr.pc=0x0000025bba8848cc relative=0x000000000000004c
Event: 10.729 Thread 0x0000025bcc83ce90 Uncommon trap: reason=unstable_if action=reinterpret pc=0x0000025bba8848cc method=java.net.URI.match(CJJ)Z @ 19 c2
Event: 10.729 Thread 0x0000025bcc83ce90 DEOPT PACKING pc=0x0000025bba8848cc sp=0x000000e6417f8310
Event: 10.729 Thread 0x0000025bcc83ce90 DEOPT UNPACKING pc=0x0000025bba3169a3 sp=0x000000e6417f82c0 mode 2

Classes unloaded (0 events):
No events

Classes redefined (0 events):
No events

Internal exceptions (20 events):
Event: 9.145 Thread 0x0000025bcc83ce90 Exception <a 'java/lang/NoSuchMethodError'{0x0000000083f60188}: 'java.lang.Object java.lang.invoke.DirectMethodHandle$Holder.invokeStatic(java.lang.Object, java.lang.Object, java.lang.Object, java.lang.Object, java.lang.Object, java.lang.Object, java.lang.Object, java.lang.Object, java.lang.Object, java.lang.Object, java.lang.Object, java.lang.Object, java.lang.Object, java.lang.Object, java.lang.Object, java.lang.Object, java.lang.Object)'> (0x0000000083f60188) 
thrown [s\src\hotspot\share\interpreter\lin
Event: 9.148 Thread 0x0000025bcc83ce90 Exception <a 'java/lang/NoSuchMethodError'{0x0000000083f87d50}: 'java.lang.Object java.lang.invoke.DirectMethodHandle$Holder.invokeStatic(java.lang.Object, java.lang.Object, java.lang.Object, java.lang.Object, java.lang.Object, java.lang.Object, java.lang.Object, java.lang.Object, java.lang.Object, java.lang.Object, java.lang.Object, java.lang.Object, java.lang.Object, java.lang.Object, java.lang.Object, java.lang.Object, java.lang.Object, java.lang.Object)'> (0x0000000083f87d50) 
thrown [s\src\hotspot\sha
Event: 9.153 Thread 0x0000025bcc83ce90 Exception <a 'java/lang/NoSuchMethodError'{0x0000000083fb00f0}: 'java.lang.Object java.lang.invoke.DirectMethodHandle$Holder.invokeStatic(java.lang.Object, java.lang.Object, java.lang.Object, java.lang.Object, java.lang.Object, java.lang.Object, java.lang.Object, java.lang.Object, java.lang.Object, java.lang.Object, java.lang.Object, java.lang.Object, java.lang.Object, java.lang.Object, java.lang.Object, java.lang.Object, java.lang.Object, java.lang.Object, java.lang.Object)'> (0x0000000083fb00f0) 
thrown 
Event: 9.160 Thread 0x0000025bcc83ce90 Exception <a 'java/lang/NoSuchMethodError'{0x0000000083fd9750}: 'java.lang.Object java.lang.invoke.DirectMethodHandle$Holder.invokeStatic(java.lang.Object, java.lang.Object, java.lang.Object, java.lang.Object, java.lang.Object, java.lang.Object, java.lang.Object, java.lang.Object, java.lang.Object, java.lang.Object, java.lang.Object, java.lang.Object, java.lang.Object, java.lang.Object, java.lang.Object, java.lang.Object, java.lang.Object, java.lang.Object, java.lang.Object, java.lang.Object)'> (0x00000000
Event: 9.198 Thread 0x0000025bcc83ce90 Exception <a 'java/lang/NoSuchMethodError'{0x0000000083e05990}: 'java.lang.Object java.lang.invoke.DirectMethodHandle$Holder.invokeStatic(java.lang.Object, java.lang.Object, java.lang.Object, java.lang.Object, java.lang.Object, java.lang.Object, java.lang.Object, java.lang.Object, java.lang.Object, java.lang.Object, java.lang.Object, java.lang.Object, java.lang.Object, java.lang.Object, java.lang.Object, java.lang.Object, java.lang.Object, java.lang.Object, java.lang.Object, java.lang.Object, java.lang.Obj
Event: 9.217 Thread 0x0000025bcc83ce90 Exception <a 'java/lang/NoSuchMethodError'{0x0000000083e309f0}: 'java.lang.Object java.lang.invoke.DirectMethodHandle$Holder.invokeStatic(java.lang.Object, java.lang.Object, java.lang.Object, java.lang.Object, java.lang.Object, java.lang.Object, java.lang.Object, java.lang.Object, java.lang.Object, java.lang.Object, java.lang.Object, java.lang.Object, java.lang.Object, java.lang.Object, java.lang.Object, java.lang.Object, java.lang.Object, java.lang.Object, java.lang.Object, java.lang.Object, java.lang.Obj
Event: 9.223 Thread 0x0000025bcc83ce90 Exception <a 'java/lang/NoSuchMethodError'{0x0000000083e5d4e8}: 'java.lang.Object java.lang.invoke.DirectMethodHandle$Holder.invokeStatic(java.lang.Object, java.lang.Object, java.lang.Object, java.lang.Object, java.lang.Object, java.lang.Object, java.lang.Object, java.lang.Object, java.lang.Object, java.lang.Object, java.lang.Object, java.lang.Object, java.lang.Object, java.lang.Object, java.lang.Object, java.lang.Object, java.lang.Object, java.lang.Object, java.lang.Object, java.lang.Object, java.lang.Obj
Event: 9.226 Thread 0x0000025bcc83ce90 Exception <a 'java/lang/NoSuchMethodError'{0x0000000083e8bad8}: 'java.lang.Object java.lang.invoke.DirectMethodHandle$Holder.invokeStatic(java.lang.Object, java.lang.Object, java.lang.Object, java.lang.Object, java.lang.Object, java.lang.Object, java.lang.Object, java.lang.Object, java.lang.Object, java.lang.Object, java.lang.Object, java.lang.Object, java.lang.Object, java.lang.Object, java.lang.Object, java.lang.Object, java.lang.Object, java.lang.Object, java.lang.Object, java.lang.Object, java.lang.Obj
Event: 9.378 Thread 0x0000025bcc83ce90 Exception <a 'java/lang/IncompatibleClassChangeError'{0x00000000832bf390}: Found class java.lang.Object, but interface was expected> (0x00000000832bf390) 
thrown [s\src\hotspot\share\interpreter\linkResolver.cpp, line 838]
Event: 9.530 Thread 0x0000025bcc83ce90 Exception <a 'java/lang/IncompatibleClassChangeError'{0x0000000087f45b88}: Found class java.lang.Object, but interface was expected> (0x0000000087f45b88) 
thrown [s\src\hotspot\share\interpreter\linkResolver.cpp, line 838]
Event: 9.587 Thread 0x0000025bcc83ce90 Exception <a 'java/lang/NoSuchMethodError'{0x00000000855cd238}: 'int java.lang.invoke.DirectMethodHandle$Holder.invokeStaticInit(java.lang.Object, java.lang.Object, java.lang.Object, java.lang.Object, java.lang.Object)'> (0x00000000855cd238) 
thrown [s\src\hotspot\share\interpreter\linkResolver.cpp, line 771]
Event: 9.736 Thread 0x0000025bcc83ce90 Implicit null exception at 0x0000025bba9ee1ec to 0x0000025bba9ee290
Event: 9.912 Thread 0x0000025bcc83ce90 Exception <a 'java/lang/NoSuchMethodError'{0x00000000843469f0}: 'void java.lang.invoke.DirectMethodHandle$Holder.invokeInterface(java.lang.Object, java.lang.Object)'> (0x00000000843469f0) 
thrown [s\src\hotspot\share\interpreter\linkResolver.cpp, line 771]
Event: 9.913 Thread 0x0000025bcc83ce90 Exception <a 'java/lang/IncompatibleClassChangeError'{0x0000000084351d20}: Found class java.lang.Object, but interface was expected> (0x0000000084351d20) 
thrown [s\src\hotspot\share\interpreter\linkResolver.cpp, line 838]
Event: 9.972 Thread 0x0000025bcc83ce90 Exception <a 'java/lang/NoSuchMethodError'{0x000000008414ff28}: 'java.lang.Object java.lang.invoke.DirectMethodHandle$Holder.newInvokeSpecial(java.lang.Object, int, java.lang.Object)'> (0x000000008414ff28) 
thrown [s\src\hotspot\share\interpreter\linkResolver.cpp, line 771]
Event: 10.240 Thread 0x0000025bca8a2380 Exception <a 'java/lang/NoSuchMethodError'{0x00000000836904a8}: static Lorg/gradle/internal/build/event/types/DefaultOperationStartedProgressEvent;.<clinit>()V> (0x00000000836904a8) 
thrown [s\src\hotspot\share\prims\jni.cpp, line 1108]
Event: 10.240 Thread 0x0000025bca8a2380 Exception <a 'java/lang/NoSuchMethodError'{0x0000000083691d70}: static Lorg/gradle/internal/build/event/types/AbstractProgressEvent;.<clinit>()V> (0x0000000083691d70) 
thrown [s\src\hotspot\share\prims\jni.cpp, line 1108]
Event: 10.243 Thread 0x0000025bca8a2380 Exception <a 'java/lang/NoSuchMethodError'{0x00000000836a3570}: static Lorg/gradle/internal/build/event/types/DefaultProjectConfigurationDescriptor;.<clinit>()V> (0x00000000836a3570) 
thrown [s\src\hotspot\share\prims\jni.cpp, line 1108]
Event: 10.243 Thread 0x0000025bca8a2380 Exception <a 'java/lang/NoSuchMethodError'{0x00000000836a5d70}: static Lorg/gradle/internal/build/event/types/DefaultOperationDescriptor;.<clinit>()V> (0x00000000836a5d70) 
thrown [s\src\hotspot\share\prims\jni.cpp, line 1108]
Event: 10.246 Thread 0x0000025bca8a2380 Exception <a 'java/lang/NoSuchMethodError'{0x00000000836bc4c0}: static Lorg/gradle/internal/operations/OperationIdentifier;.<clinit>()V> (0x00000000836bc4c0) 
thrown [s\src\hotspot\share\prims\jni.cpp, line 1108]

VM Operations (20 events):
Event: 9.381 Executing VM operation: HandshakeAllThreads
Event: 9.381 Executing VM operation: HandshakeAllThreads done
Event: 9.443 Executing VM operation: HandshakeAllThreads
Event: 9.443 Executing VM operation: HandshakeAllThreads done
Event: 9.492 Executing VM operation: G1CollectForAllocation
Event: 9.501 Executing VM operation: G1CollectForAllocation done
Event: 9.538 Executing VM operation: HandshakeAllThreads
Event: 9.538 Executing VM operation: HandshakeAllThreads done
Event: 9.561 Executing VM operation: G1Concurrent
Event: 9.565 Executing VM operation: G1Concurrent done
Event: 9.589 Executing VM operation: G1Concurrent
Event: 9.589 Executing VM operation: G1Concurrent done
Event: 9.686 Executing VM operation: HandshakeAllThreads
Event: 9.686 Executing VM operation: HandshakeAllThreads done
Event: 10.173 Executing VM operation: HandshakeAllThreads
Event: 10.173 Executing VM operation: HandshakeAllThreads done
Event: 10.222 Executing VM operation: HandshakeAllThreads
Event: 10.222 Executing VM operation: HandshakeAllThreads done
Event: 10.382 Executing VM operation: G1CollectForAllocation
Event: 10.392 Executing VM operation: G1CollectForAllocation done

Events (20 events):
Event: 10.734 loading class java/io/DeleteOnExitHook$1
Event: 10.734 loading class java/io/DeleteOnExitHook$1 done
Event: 10.775 loading class javax/net/ssl/HostnameVerifier
Event: 10.775 loading class javax/net/ssl/HostnameVerifier done
Event: 10.778 loading class javax/net/ssl/TrustManager
Event: 10.778 loading class javax/net/ssl/TrustManager done
Event: 10.778 loading class javax/net/ssl/X509TrustManager
Event: 10.778 loading class javax/net/ssl/X509TrustManager done
Event: 10.781 loading class javax/net/ssl/SSLException
Event: 10.781 loading class javax/net/ssl/SSLException done
Event: 10.781 loading class java/security/cert/CertificateParsingException
Event: 10.781 loading class java/security/cert/CertificateException
Event: 10.781 loading class java/security/cert/CertificateException done
Event: 10.781 loading class java/security/cert/CertificateParsingException done
Event: 10.781 loading class javax/net/ssl/SSLPeerUnverifiedException
Event: 10.781 loading class javax/net/ssl/SSLPeerUnverifiedException done
Event: 10.781 loading class javax/naming/NamingException
Event: 10.781 loading class javax/naming/NamingException done
Event: 10.781 loading class javax/naming/InvalidNameException
Event: 10.781 loading class javax/naming/InvalidNameException done


Dynamic libraries:
0x00007ff7affe0000 - 0x00007ff7affea000 	D:\Android\jbr\bin\java.exe
0x00007ffad5a40000 - 0x00007ffad5c49000 	C:\Windows\SYSTEM32\ntdll.dll
0x00007ffad4f30000 - 0x00007ffad4fed000 	C:\Windows\System32\KERNEL32.DLL
0x00007ffad3320000 - 0x00007ffad3694000 	C:\Windows\System32\KERNELBASE.dll
0x00007ffad36a0000 - 0x00007ffad37b1000 	C:\Windows\System32\ucrtbase.dll
0x00007ffad0230000 - 0x00007ffad024b000 	D:\Android\jbr\bin\VCRUNTIME140.dll
0x00007ffac3cb0000 - 0x00007ffac3cc7000 	D:\Android\jbr\bin\jli.dll
0x00007ffad51f0000 - 0x00007ffad539c000 	C:\Windows\System32\USER32.dll
0x00007ffad3230000 - 0x00007ffad3256000 	C:\Windows\System32\win32u.dll
0x00007ffad4f00000 - 0x00007ffad4f29000 	C:\Windows\System32\GDI32.dll
0x00007ffad37c0000 - 0x00007ffad38d2000 	C:\Windows\System32\gdi32full.dll
0x00007ffad2fb0000 - 0x00007ffad304d000 	C:\Windows\System32\msvcp_win.dll
0x00007ffabab00000 - 0x00007ffabada5000 	C:\Windows\WinSxS\amd64_microsoft.windows.common-controls_6595b64144ccf1df_6.0.22000.120_none_9d947278b86cc467\COMCTL32.dll
0x00007ffad4ff0000 - 0x00007ffad5093000 	C:\Windows\System32\msvcrt.dll
0x00007ffad51b0000 - 0x00007ffad51e1000 	C:\Windows\System32\IMM32.DLL
0x00007ffad0220000 - 0x00007ffad022c000 	D:\Android\jbr\bin\vcruntime140_1.dll
0x00007ffac8360000 - 0x00007ffac83ed000 	D:\Android\jbr\bin\msvcp140.dll
0x00007ffa9c3e0000 - 0x00007ffa9d04e000 	D:\Android\jbr\bin\server\jvm.dll
0x00007ffad53a0000 - 0x00007ffad544e000 	C:\Windows\System32\ADVAPI32.dll
0x00007ffad45f0000 - 0x00007ffad468e000 	C:\Windows\System32\sechost.dll
0x00007ffad5740000 - 0x00007ffad5860000 	C:\Windows\System32\RPCRT4.dll
0x00007ffac7280000 - 0x00007ffac7289000 	C:\Windows\SYSTEM32\WSOCK32.dll
0x00007ffad3dd0000 - 0x00007ffad3e3f000 	C:\Windows\System32\WS2_32.dll
0x00007ffacb700000 - 0x00007ffacb733000 	C:\Windows\SYSTEM32\WINMM.dll
0x00007ffac6ef0000 - 0x00007ffac6efa000 	C:\Windows\SYSTEM32\VERSION.dll
0x00007ffad1180000 - 0x00007ffad1198000 	C:\Windows\SYSTEM32\kernel.appcore.dll
0x00007ffad00c0000 - 0x00007ffad00ca000 	D:\Android\jbr\bin\jimage.dll
0x00007ffad0b40000 - 0x00007ffad0d61000 	C:\Windows\SYSTEM32\DBGHELP.DLL
0x00007ffac23c0000 - 0x00007ffac23f1000 	C:\Windows\SYSTEM32\dbgcore.DLL
0x00007ffad2f30000 - 0x00007ffad2faf000 	C:\Windows\System32\bcryptPrimitives.dll
0x00007ffac7c70000 - 0x00007ffac7c95000 	D:\Android\jbr\bin\java.dll
0x00007ffac7b00000 - 0x00007ffac7b18000 	D:\Android\jbr\bin\zip.dll
0x00007ffad3e40000 - 0x00007ffad45ee000 	C:\Windows\System32\SHELL32.dll
0x00007ffad11a0000 - 0x00007ffad1a07000 	C:\Windows\SYSTEM32\windows.storage.dll
0x00007ffad3a50000 - 0x00007ffad3dc8000 	C:\Windows\System32\combase.dll
0x00007ffad1010000 - 0x00007ffad1176000 	C:\Windows\SYSTEM32\wintypes.dll
0x00007ffad4c10000 - 0x00007ffad4cfa000 	C:\Windows\System32\SHCORE.dll
0x00007ffad3990000 - 0x00007ffad39ed000 	C:\Windows\System32\shlwapi.dll
0x00007ffad2e60000 - 0x00007ffad2e81000 	C:\Windows\SYSTEM32\profapi.dll
0x00007ffac7ae0000 - 0x00007ffac7af9000 	D:\Android\jbr\bin\net.dll
0x00007ffacaef0000 - 0x00007ffacaffc000 	C:\Windows\SYSTEM32\WINHTTP.dll
0x00007ffad2440000 - 0x00007ffad24a7000 	C:\Windows\system32\mswsock.dll
0x00007ffac7ac0000 - 0x00007ffac7ad6000 	D:\Android\jbr\bin\nio.dll
0x00007ffacd210000 - 0x00007ffacd220000 	D:\Android\jbr\bin\verify.dll
0x00007ffad0250000 - 0x00007ffad0277000 	C:\Users\Admin\.gradle\native\68d5fa5c4cc2d200863cafc0d521ce42e7d3e7ee720ec0a83991735586a16f82\windows-amd64\native-platform.dll
0x00007ffa951f0000 - 0x00007ffa95334000 	C:\Users\Admin\.gradle\native\e376f236ea51e6404a007f0833ffe2c6e607c4080706a723a18a27aeea778392\windows-amd64\native-platform-file-events.dll
0x00007ffacb900000 - 0x00007ffacb909000 	D:\Android\jbr\bin\management.dll
0x00007ffacaa40000 - 0x00007ffacaa4b000 	D:\Android\jbr\bin\management_ext.dll
0x00007ffad4bf0000 - 0x00007ffad4bf8000 	C:\Windows\System32\PSAPI.DLL
0x00007ffad2690000 - 0x00007ffad26a8000 	C:\Windows\SYSTEM32\CRYPTSP.dll
0x00007ffad2090000 - 0x00007ffad20c5000 	C:\Windows\system32\rsaenh.dll
0x00007ffad2530000 - 0x00007ffad2559000 	C:\Windows\SYSTEM32\USERENV.dll
0x00007ffad2800000 - 0x00007ffad2827000 	C:\Windows\SYSTEM32\bcrypt.dll
0x00007ffad2680000 - 0x00007ffad268c000 	C:\Windows\SYSTEM32\CRYPTBASE.dll
0x00007ffad1ca0000 - 0x00007ffad1ccd000 	C:\Windows\SYSTEM32\IPHLPAPI.DLL
0x00007ffad4d10000 - 0x00007ffad4d19000 	C:\Windows\System32\NSI.dll
0x00007ffacb690000 - 0x00007ffacb6a9000 	C:\Windows\SYSTEM32\dhcpcsvc6.DLL
0x00007ffacb850000 - 0x00007ffacb86e000 	C:\Windows\SYSTEM32\dhcpcsvc.DLL
0x00007ffad1cd0000 - 0x00007ffad1db7000 	C:\Windows\SYSTEM32\DNSAPI.dll
0x00007ffac2e30000 - 0x00007ffac2e38000 	C:\Windows\system32\wshunix.dll

dbghelp: loaded successfully - version: 4.0.5 - missing functions: none
symbol engine: initialized successfully - sym options: 0x614 - pdb path: .;D:\Android\jbr\bin;C:\Windows\SYSTEM32;C:\Windows\WinSxS\amd64_microsoft.windows.common-controls_6595b64144ccf1df_6.0.22000.120_none_9d947278b86cc467;D:\Android\jbr\bin\server;C:\Users\Admin\.gradle\native\68d5fa5c4cc2d200863cafc0d521ce42e7d3e7ee720ec0a83991735586a16f82\windows-amd64;C:\Users\Admin\.gradle\native\e376f236ea51e6404a007f0833ffe2c6e607c4080706a723a18a27aeea778392\windows-amd64

VM Arguments:
jvm_args: --add-opens=java.base/java.util=ALL-UNNAMED --add-opens=java.base/java.lang=ALL-UNNAMED --add-opens=java.base/java.lang.invoke=ALL-UNNAMED --add-opens=java.prefs/java.util.prefs=ALL-UNNAMED --add-opens=java.base/java.nio.charset=ALL-UNNAMED --add-opens=java.base/java.net=ALL-UNNAMED --add-opens=java.base/java.util.concurrent.atomic=ALL-UNNAMED -Xmx2048m -Dfile.encoding=UTF-8 -Duser.country=US -Duser.language=en -Duser.variant 
java_command: org.gradle.launcher.daemon.bootstrap.GradleDaemon 8.0
java_class_path (initial): C:\Users\Admin\.gradle\wrapper\dists\gradle-8.0-bin\ca5e32bp14vu59qr306oxotwh\gradle-8.0\lib\gradle-launcher-8.0.jar
Launcher Type: SUN_STANDARD

[Global flags]
     intx CICompilerCount                          = 3                                         {product} {ergonomic}
     uint ConcGCThreads                            = 1                                         {product} {ergonomic}
     uint G1ConcRefinementThreads                  = 4                                         {product} {ergonomic}
   size_t G1HeapRegionSize                         = 1048576                                   {product} {ergonomic}
    uintx GCDrainStackTargetSize                   = 64                                        {product} {ergonomic}
   size_t InitialHeapSize                          = 134217728                                 {product} {ergonomic}
   size_t MarkStackSize                            = 4194304                                   {product} {ergonomic}
   size_t MaxHeapSize                              = 2147483648                                {product} {command line}
   size_t MaxNewSize                               = 1287651328                                {product} {ergonomic}
   size_t MinHeapDeltaBytes                        = 1048576                                   {product} {ergonomic}
   size_t MinHeapSize                              = 8388608                                   {product} {ergonomic}
    uintx NonNMethodCodeHeapSize                   = 5832780                                {pd product} {ergonomic}
    uintx NonProfiledCodeHeapSize                  = 122912730                              {pd product} {ergonomic}
    uintx ProfiledCodeHeapSize                     = 122912730                              {pd product} {ergonomic}
    uintx ReservedCodeCacheSize                    = 251658240                              {pd product} {ergonomic}
     bool SegmentedCodeCache                       = true                                      {product} {ergonomic}
   size_t SoftMaxHeapSize                          = 2147483648                             {manageable} {ergonomic}
     bool UseCompressedClassPointers               = true                           {product lp64_product} {ergonomic}
     bool UseCompressedOops                        = true                           {product lp64_product} {ergonomic}
     bool UseG1GC                                  = true                                      {product} {ergonomic}
     bool UseLargePagesIndividualAllocation        = false                                  {pd product} {ergonomic}

Logging:
Log output configuration:
 #0: stdout all=warning uptime,level,tags
 #1: stderr all=off uptime,level,tags

Environment Variables:
PATH=C:\Program Files\Common Files\Oracle\Java\javapath;C:\Windows\system32;C:\Windows;C:\Windows\System32\Wbem;C:\Windows\System32\WindowsPowerShell\v1.0\;C:\Windows\System32\OpenSSH\;C:\Program Files (x86)\NVIDIA Corporation\PhysX\Common;C:\Users\Admin\AppData\Local\Microsoft\WindowsApps;;D:\JetBrains\IntelliJ IDEA 2023.2.3\bin;;D:\JetBrains\IntelliJ IDEA Community Edition 2023.2.4\bin;
USERNAME=Admin
OS=Windows_NT
PROCESSOR_IDENTIFIER=Intel64 Family 6 Model 142 Stepping 10, GenuineIntel
TMP=C:\Users\Admin\AppData\Local\Temp
TEMP=C:\Users\Admin\AppData\Local\Temp


JNI global refs:
JNI global refs: 25, weak refs: 0

JNI global refs memory usage: 843, weak refs: 841


---------------  S Y S T E M  ---------------

OS:
 Windows 11 , 64 bit Build 22000 (10.0.22000.434)
OS uptime: 0 days 1:32 hours

CPU: total 4 (initial active 4) (2 cores per cpu, 2 threads per core) family 6 model 142 stepping 10 microcode 0xe0, cx8, cmov, fxsr, ht, mmx, 3dnowpref, sse, sse2, sse3, ssse3, sse4.1, sse4.2, popcnt, lzcnt, tsc, tscinvbit, avx, avx2, aes, erms, clmul, bmi1, bmi2, adx, fma, vzeroupper, clflush, clflushopt

Memory: 4k page, system-wide physical 8076M (968M free)
TotalPageFile size 8076M (AvailPageFile size 7M)
current process WorkingSet (physical memory assigned to process): 241M, peak: 242M
current process commit charge ("private bytes"): 266M, peak: 269M

vm_info: OpenJDK 64-Bit Server VM (17.0.6+0-b2043.56-10027231) for windows-amd64 JRE (17.0.6+0-b2043.56-10027231), built on Apr 28 2023 00:43:19 by "androidbuild" with MS VC++ 16.10 / 16.11 (VS2019)

END.
