#
# There is insufficient memory for the Java Runtime Environment to continue.
# Native memory allocation (mmap) failed to map 685768704 bytes for G1 virtual space
# Possible reasons:
#   The system is out of physical RAM or swap space
#   The process is running with CompressedOops enabled, and the Java Heap may be blocking the growth of the native heap
# Possible solutions:
#   Reduce memory load on the system
#   Increase physical memory or swap space
#   Check if swap backing store is full
#   Decrease Java heap size (-Xmx/-Xms)
#   Decrease number of Java threads
#   Decrease Java thread stack sizes (-Xss)
#   Set larger code cache with -XX:ReservedCodeCacheSize=
#   JVM is running with Unscaled Compressed Oops mode in which the Java heap is
#     placed in the first 4GB address space. The Java Heap base address is the
#     maximum limit for the native heap growth. Please use -XX:HeapBaseMinAddress
#     to set the Java Heap base and to place the Java Heap above 4GB virtual address.
# This output file may be truncated or incomplete.
#
#  Out of Memory Error (os_windows.cpp:3769), pid=3356, tid=7024
#
# JRE version: OpenJDK Runtime Environment (17.0.6) (build 17.0.6+0-b2043.56-10027231)
# Java VM: OpenJDK 64-Bit Server VM (17.0.6+0-b2043.56-10027231, mixed mode, tiered, compressed oops, compressed class ptrs, g1 gc, windows-amd64)
# No core dump will be written. Minidumps are not enabled by default on client versions of Windows
#

---------------  S U M M A R Y ------------

Command Line: --add-opens=java.base/java.util=ALL-UNNAMED --add-opens=java.base/java.lang=ALL-UNNAMED --add-opens=java.base/java.lang.invoke=ALL-UNNAMED --add-opens=java.prefs/java.util.prefs=ALL-UNNAMED --add-opens=java.base/java.nio.charset=ALL-UNNAMED --add-opens=java.base/java.net=ALL-UNNAMED --add-opens=java.base/java.util.concurrent.atomic=ALL-UNNAMED -Xmx2048m -Dfile.encoding=UTF-8 -Duser.country=US -Duser.language=en -Duser.variant org.gradle.launcher.daemon.bootstrap.GradleDaemon 8.0

Host: Intel(R) Core(TM) i3-7020U CPU @ 2.30GHz, 4 cores, 7G,  Windows 11 , 64 bit Build 22000 (10.0.22000.434)
Time: Mon Nov 27 16:24:54 2023 SE Asia Standard Time elapsed time: 26.655018 seconds (0d 0h 0m 26s)

---------------  T H R E A D  ---------------

Current thread (0x0000015efdd891a0):  VMThread "VM Thread" [stack: 0x000000280d700000,0x000000280d800000] [id=7024]

Stack: [0x000000280d700000,0x000000280d800000]
Native frames: (J=compiled Java code, j=interpreted, Vv=VM code, C=native code)
V  [jvm.dll+0x683c9a]
V  [jvm.dll+0x8427a4]
V  [jvm.dll+0x843f9e]
V  [jvm.dll+0x844603]
V  [jvm.dll+0x249b75]
V  [jvm.dll+0x680b69]
V  [jvm.dll+0x67505a]
V  [jvm.dll+0x309acb]
V  [jvm.dll+0x310f86]
V  [jvm.dll+0x3608ee]
V  [jvm.dll+0x360b1f]
V  [jvm.dll+0x2dfbf8]
V  [jvm.dll+0x2ddec4]
V  [jvm.dll+0x2dd4cc]
V  [jvm.dll+0x321f3b]
V  [jvm.dll+0x848ccb]
V  [jvm.dll+0x849a04]
V  [jvm.dll+0x849f1d]
V  [jvm.dll+0x84a2f4]
V  [jvm.dll+0x84a3c0]
V  [jvm.dll+0x7f274a]
V  [jvm.dll+0x682ad5]
C  [ucrtbase.dll+0x26c0c]
C  [KERNEL32.DLL+0x154e0]
C  [ntdll.dll+0x485b]

VM_Operation (0x0000002811df9980): G1CollectForAllocation, mode: safepoint, requested by thread 0x0000015e93a91000


---------------  P R O C E S S  ---------------

Threads class SMR info:
_java_thread_list=0x0000015e9808ed90, length=89, elements={
0x0000015ef37dc350, 0x0000015efdd8ccd0, 0x0000015efdd8db40, 0x0000015efe8140d0,
0x0000015efe8169a0, 0x0000015efe817350, 0x0000015efe817d00, 0x0000015efe8189e0,
0x0000015efe8269a0, 0x0000015efe827390, 0x0000015efe995760, 0x0000015efe998050,
0x0000015efea471f0, 0x0000015e8fcc7aa0, 0x0000015e90b50020, 0x0000015e901574c0,
0x0000015e906187d0, 0x0000015e90bec250, 0x0000015e900bef20, 0x0000015e912853e0,
0x0000015e90cb4c10, 0x0000015e90cb2f30, 0x0000015e90cb2590, 0x0000015e90cb4740,
0x0000015e90cb1250, 0x0000015e90cb2a60, 0x0000015e90cb3400, 0x0000015e90cb20c0,
0x0000015e90aba230, 0x0000015e90ab93c0, 0x0000015e90ab8550, 0x0000015e90aba700,
0x0000015e90ab5a00, 0x0000015e90ab9d60, 0x0000015e90ab8ef0, 0x0000015e90ab9890,
0x0000015e90ab6d40, 0x0000015e90ab76e0, 0x0000015e90ab7bb0, 0x0000015e90ab8a20,
0x0000015e90abb570, 0x0000015e90abc8b0, 0x0000015e90ab5060, 0x0000015e90ab5530,
0x0000015e93a96b70, 0x0000015e93a93680, 0x0000015e93a961d0, 0x0000015e93a97510,
0x0000015e93a95d00, 0x0000015e93a95830, 0x0000015e93a966a0, 0x0000015e93a92810,
0x0000015e93a91e70, 0x0000015e93a97040, 0x0000015e93a98380, 0x0000015e93a979e0,
0x0000015e93a92340, 0x0000015e93a93b50, 0x0000015e93a94020, 0x0000015e93a97eb0,
0x0000015e93a90b30, 0x0000015e93a944f0, 0x0000015e93a92ce0, 0x0000015e93a914d0,
0x0000015e93a931b0, 0x0000015e93a91000, 0x0000015e93a949c0, 0x0000015e93a94e90,
0x0000015e93a919a0, 0x0000015e93a95360, 0x0000015e9358f050, 0x0000015e93592a10,
0x0000015e935946f0, 0x0000015e93594bc0, 0x0000015e93590390, 0x0000015e9358f9f0,
0x0000015e93592540, 0x0000015e93595a30, 0x0000015e93592070, 0x0000015e93590860,
0x0000015e9358fec0, 0x0000015e935916d0, 0x0000015e93592ee0, 0x0000015e91c4fa30,
0x0000015e91c4ad30, 0x0000015e91c4cee0, 0x0000015e91c50d70, 0x0000015e91c508a0,
0x0000015e98727250
}

Java Threads: ( => current thread )
  0x0000015ef37dc350 JavaThread "main" [_thread_blocked, id=6412, stack(0x000000280d100000,0x000000280d200000)]
  0x0000015efdd8ccd0 JavaThread "Reference Handler" daemon [_thread_blocked, id=7184, stack(0x000000280d800000,0x000000280d900000)]
  0x0000015efdd8db40 JavaThread "Finalizer" daemon [_thread_blocked, id=5052, stack(0x000000280d900000,0x000000280da00000)]
  0x0000015efe8140d0 JavaThread "Signal Dispatcher" daemon [_thread_blocked, id=3324, stack(0x000000280da00000,0x000000280db00000)]
  0x0000015efe8169a0 JavaThread "Attach Listener" daemon [_thread_blocked, id=2592, stack(0x000000280db00000,0x000000280dc00000)]
  0x0000015efe817350 JavaThread "Service Thread" daemon [_thread_blocked, id=3920, stack(0x000000280dc00000,0x000000280dd00000)]
  0x0000015efe817d00 JavaThread "Monitor Deflation Thread" daemon [_thread_blocked, id=8104, stack(0x000000280dd00000,0x000000280de00000)]
  0x0000015efe8189e0 JavaThread "C2 CompilerThread0" daemon [_thread_in_native, id=4120, stack(0x000000280de00000,0x000000280df00000)]
  0x0000015efe8269a0 JavaThread "C1 CompilerThread0" daemon [_thread_blocked, id=512, stack(0x000000280df00000,0x000000280e000000)]
  0x0000015efe827390 JavaThread "Sweeper thread" daemon [_thread_blocked, id=7980, stack(0x000000280e000000,0x000000280e100000)]
  0x0000015efe995760 JavaThread "Common-Cleaner" daemon [_thread_blocked, id=1928, stack(0x000000280e100000,0x000000280e200000)]
  0x0000015efe998050 JavaThread "Notification Thread" daemon [_thread_blocked, id=1812, stack(0x000000280e200000,0x000000280e300000)]
  0x0000015efea471f0 JavaThread "C2 CompilerThread1" daemon [_thread_in_native, id=6544, stack(0x000000280e400000,0x000000280e500000)]
  0x0000015e8fcc7aa0 JavaThread "Daemon health stats" [_thread_blocked, id=7620, stack(0x000000280e800000,0x000000280e900000)]
  0x0000015e90b50020 JavaThread "Incoming local TCP Connector on port 50051" [_thread_in_native, id=7940, stack(0x000000280e900000,0x000000280ea00000)]
  0x0000015e901574c0 JavaThread "Daemon periodic checks" [_thread_blocked, id=1304, stack(0x000000280ea00000,0x000000280eb00000)]
  0x0000015e906187d0 JavaThread "Daemon" [_thread_blocked, id=7652, stack(0x000000280eb00000,0x000000280ec00000)]
  0x0000015e90bec250 JavaThread "Handler for socket connection from /127.0.0.1:50051 to /127.0.0.1:50052" [_thread_in_native, id=3676, stack(0x000000280ec00000,0x000000280ed00000)]
  0x0000015e900bef20 JavaThread "Cancel handler" [_thread_blocked, id=7312, stack(0x000000280ed00000,0x000000280ee00000)]
  0x0000015e912853e0 JavaThread "Daemon worker" [_thread_blocked, id=1448, stack(0x000000280ee00000,0x000000280ef00000)]
  0x0000015e90cb4c10 JavaThread "Asynchronous log dispatcher for DefaultDaemonConnection: socket connection from /127.0.0.1:50051 to /127.0.0.1:50052" [_thread_blocked, id=4196, stack(0x000000280ef00000,0x000000280f000000)]
  0x0000015e90cb2f30 JavaThread "Stdin handler" [_thread_blocked, id=7784, stack(0x000000280f000000,0x000000280f100000)]
  0x0000015e90cb2590 JavaThread "Daemon client event forwarder" [_thread_blocked, id=8036, stack(0x000000280f100000,0x000000280f200000)]
  0x0000015e90cb4740 JavaThread "Cache worker for journal cache (C:\Users\Admin\.gradle\caches\journal-1)" [_thread_blocked, id=8140, stack(0x000000280f200000,0x000000280f300000)]
  0x0000015e90cb1250 JavaThread "File lock request listener" [_thread_in_native, id=3256, stack(0x000000280f300000,0x000000280f400000)]
  0x0000015e90cb2a60 JavaThread "Cache worker for file hash cache (C:\Users\Admin\.gradle\caches\8.0\fileHashes)" [_thread_blocked, id=6792, stack(0x000000280f400000,0x000000280f500000)]
  0x0000015e90cb3400 JavaThread "File watcher server" daemon [_thread_blocked, id=3860, stack(0x000000280f500000,0x000000280f600000)]
  0x0000015e90cb20c0 JavaThread "File watcher consumer" daemon [_thread_blocked, id=5948, stack(0x000000280f600000,0x000000280f700000)]
  0x0000015e90aba230 JavaThread "Cache worker for checksums cache (D:\AndroidStudioProject\nemuiin_test\.gradle\8.0\checksums)" [_thread_blocked, id=5920, stack(0x000000280f700000,0x000000280f800000)]
  0x0000015e90ab93c0 JavaThread "Cache worker for cache directory md-rule (C:\Users\Admin\.gradle\caches\8.0\md-rule)" [_thread_blocked, id=1932, stack(0x000000280f800000,0x000000280f900000)]
  0x0000015e90ab8550 JavaThread "Cache worker for file content cache (C:\Users\Admin\.gradle\caches\8.0\fileContent)" [_thread_blocked, id=5672, stack(0x000000280f900000,0x000000280fa00000)]
  0x0000015e90aba700 JavaThread "Cache worker for file hash cache (D:\AndroidStudioProject\nemuiin_test\.gradle\8.0\fileHashes)" [_thread_blocked, id=4300, stack(0x000000280fa00000,0x000000280fb00000)]
  0x0000015e90ab5a00 JavaThread "Cache worker for cache directory md-supplier (C:\Users\Admin\.gradle\caches\8.0\md-supplier)" [_thread_blocked, id=1824, stack(0x000000280fb00000,0x000000280fc00000)]
  0x0000015e90ab9d60 JavaThread "Cache worker for execution history cache (C:\Users\Admin\.gradle\caches\8.0\executionHistory)" [_thread_blocked, id=7628, stack(0x000000280fc00000,0x000000280fd00000)]
  0x0000015e90ab8ef0 JavaThread "jar transforms" [_thread_blocked, id=2272, stack(0x000000280fd00000,0x000000280fe00000)]
  0x0000015e90ab9890 JavaThread "jar transforms Thread 2" [_thread_blocked, id=4572, stack(0x000000280fe00000,0x000000280ff00000)]
  0x0000015e90ab6d40 JavaThread "Cache worker for kotlin-dsl (C:\Users\Admin\.gradle\caches\8.0\kotlin-dsl)" [_thread_blocked, id=1768, stack(0x0000002810000000,0x0000002810100000)]
  0x0000015e90ab76e0 JavaThread "jar transforms Thread 3" [_thread_blocked, id=5156, stack(0x0000002810100000,0x0000002810200000)]
  0x0000015e90ab7bb0 JavaThread "jar transforms Thread 4" [_thread_blocked, id=3148, stack(0x0000002810200000,0x0000002810300000)]
  0x0000015e90ab8a20 JavaThread "Cache worker for dependencies-accessors (D:\AndroidStudioProject\nemuiin_test\.gradle\8.0\dependencies-accessors)" [_thread_blocked, id=5452, stack(0x0000002810300000,0x0000002810400000)]
  0x0000015e90abb570 JavaThread "Cache worker for Build Output Cleanup Cache (D:\AndroidStudioProject\nemuiin_test\.gradle\buildOutputCleanup)" [_thread_blocked, id=988, stack(0x0000002810400000,0x0000002810500000)]
  0x0000015e90abc8b0 JavaThread "Unconstrained build operations" [_thread_blocked, id=3052, stack(0x0000002810500000,0x0000002810600000)]
  0x0000015e90ab5060 JavaThread "Unconstrained build operations Thread 2" [_thread_blocked, id=1776, stack(0x0000002810600000,0x0000002810700000)]
  0x0000015e90ab5530 JavaThread "Unconstrained build operations Thread 3" [_thread_blocked, id=3912, stack(0x0000002810700000,0x0000002810800000)]
  0x0000015e93a96b70 JavaThread "Unconstrained build operations Thread 4" [_thread_blocked, id=3708, stack(0x0000002810800000,0x0000002810900000)]
  0x0000015e93a93680 JavaThread "Unconstrained build operations Thread 5" [_thread_blocked, id=5716, stack(0x0000002810900000,0x0000002810a00000)]
  0x0000015e93a961d0 JavaThread "Unconstrained build operations Thread 6" [_thread_blocked, id=5228, stack(0x0000002810a00000,0x0000002810b00000)]
  0x0000015e93a97510 JavaThread "Unconstrained build operations Thread 7" [_thread_blocked, id=4528, stack(0x0000002810b00000,0x0000002810c00000)]
  0x0000015e93a95d00 JavaThread "Unconstrained build operations Thread 8" [_thread_blocked, id=448, stack(0x0000002810c00000,0x0000002810d00000)]
  0x0000015e93a95830 JavaThread "Unconstrained build operations Thread 9" [_thread_blocked, id=1060, stack(0x0000002810d00000,0x0000002810e00000)]
  0x0000015e93a966a0 JavaThread "Unconstrained build operations Thread 10" [_thread_blocked, id=4660, stack(0x0000002810e00000,0x0000002810f00000)]
  0x0000015e93a92810 JavaThread "Unconstrained build operations Thread 11" [_thread_blocked, id=7864, stack(0x0000002810f00000,0x0000002811000000)]
  0x0000015e93a91e70 JavaThread "Unconstrained build operations Thread 12" [_thread_blocked, id=7804, stack(0x0000002811000000,0x0000002811100000)]
  0x0000015e93a97040 JavaThread "Unconstrained build operations Thread 13" [_thread_blocked, id=4556, stack(0x0000002811100000,0x0000002811200000)]
  0x0000015e93a98380 JavaThread "Unconstrained build operations Thread 14" [_thread_blocked, id=6496, stack(0x0000002811200000,0x0000002811300000)]
  0x0000015e93a979e0 JavaThread "Unconstrained build operations Thread 15" [_thread_blocked, id=7828, stack(0x0000002811300000,0x0000002811400000)]
  0x0000015e93a92340 JavaThread "Unconstrained build operations Thread 16" [_thread_blocked, id=5656, stack(0x0000002811400000,0x0000002811500000)]
  0x0000015e93a93b50 JavaThread "Unconstrained build operations Thread 17" [_thread_blocked, id=5388, stack(0x0000002811500000,0x0000002811600000)]
  0x0000015e93a94020 JavaThread "Unconstrained build operations Thread 18" [_thread_blocked, id=3936, stack(0x0000002811600000,0x0000002811700000)]
  0x0000015e93a97eb0 JavaThread "Unconstrained build operations Thread 19" [_thread_blocked, id=2256, stack(0x0000002811700000,0x0000002811800000)]
  0x0000015e93a90b30 JavaThread "Unconstrained build operations Thread 20" [_thread_blocked, id=7796, stack(0x0000002811800000,0x0000002811900000)]
  0x0000015e93a944f0 JavaThread "Unconstrained build operations Thread 21" [_thread_blocked, id=4720, stack(0x0000002811900000,0x0000002811a00000)]
  0x0000015e93a92ce0 JavaThread "Unconstrained build operations Thread 22" [_thread_blocked, id=7484, stack(0x0000002811a00000,0x0000002811b00000)]
  0x0000015e93a914d0 JavaThread "Unconstrained build operations Thread 23" [_thread_blocked, id=2384, stack(0x0000002811b00000,0x0000002811c00000)]
  0x0000015e93a931b0 JavaThread "Unconstrained build operations Thread 24" [_thread_blocked, id=1380, stack(0x0000002811c00000,0x0000002811d00000)]
  0x0000015e93a91000 JavaThread "Unconstrained build operations Thread 25" [_thread_blocked, id=5596, stack(0x0000002811d00000,0x0000002811e00000)]
  0x0000015e93a949c0 JavaThread "Unconstrained build operations Thread 26" [_thread_blocked, id=5352, stack(0x0000002811e00000,0x0000002811f00000)]
  0x0000015e93a94e90 JavaThread "Unconstrained build operations Thread 27" [_thread_blocked, id=2120, stack(0x0000002811f00000,0x0000002812000000)]
  0x0000015e93a919a0 JavaThread "Unconstrained build operations Thread 28" [_thread_blocked, id=6516, stack(0x0000002812000000,0x0000002812100000)]
  0x0000015e93a95360 JavaThread "Unconstrained build operations Thread 29" [_thread_blocked, id=3388, stack(0x0000002812100000,0x0000002812200000)]
  0x0000015e9358f050 JavaThread "Unconstrained build operations Thread 30" [_thread_blocked, id=4520, stack(0x0000002812200000,0x0000002812300000)]
  0x0000015e93592a10 JavaThread "Unconstrained build operations Thread 31" [_thread_blocked, id=3408, stack(0x0000002812300000,0x0000002812400000)]
  0x0000015e935946f0 JavaThread "Unconstrained build operations Thread 32" [_thread_blocked, id=2736, stack(0x0000002812400000,0x0000002812500000)]
  0x0000015e93594bc0 JavaThread "Unconstrained build operations Thread 33" [_thread_blocked, id=7648, stack(0x0000002812500000,0x0000002812600000)]
  0x0000015e93590390 JavaThread "Unconstrained build operations Thread 34" [_thread_blocked, id=4552, stack(0x0000002812600000,0x0000002812700000)]
  0x0000015e9358f9f0 JavaThread "Unconstrained build operations Thread 35" [_thread_blocked, id=5068, stack(0x0000002812700000,0x0000002812800000)]
  0x0000015e93592540 JavaThread "Unconstrained build operations Thread 36" [_thread_blocked, id=7540, stack(0x0000002812800000,0x0000002812900000)]
  0x0000015e93595a30 JavaThread "Unconstrained build operations Thread 37" [_thread_blocked, id=8184, stack(0x0000002812900000,0x0000002812a00000)]
  0x0000015e93592070 JavaThread "Unconstrained build operations Thread 38" [_thread_blocked, id=2212, stack(0x0000002812a00000,0x0000002812b00000)]
  0x0000015e93590860 JavaThread "Unconstrained build operations Thread 39" [_thread_blocked, id=4824, stack(0x0000002812b00000,0x0000002812c00000)]
  0x0000015e9358fec0 JavaThread "Unconstrained build operations Thread 40" [_thread_blocked, id=2696, stack(0x0000002812c00000,0x0000002812d00000)]
  0x0000015e935916d0 JavaThread "build event listener" [_thread_blocked, id=7764, stack(0x0000002812d00000,0x0000002812e00000)]
  0x0000015e93592ee0 JavaThread "Memory manager" [_thread_blocked, id=6548, stack(0x0000002812e00000,0x0000002812f00000)]
  0x0000015e91c4fa30 JavaThread "included builds" [_thread_blocked, id=2156, stack(0x0000002812f00000,0x0000002813000000)]
  0x0000015e91c4ad30 JavaThread "Execution worker" [_thread_blocked, id=1844, stack(0x0000002813000000,0x0000002813100000)]
  0x0000015e91c4cee0 JavaThread "Execution worker Thread 2" [_thread_blocked, id=5304, stack(0x0000002813100000,0x0000002813200000)]
  0x0000015e91c50d70 JavaThread "Execution worker Thread 3" [_thread_blocked, id=1176, stack(0x0000002813200000,0x0000002813300000)]
  0x0000015e91c508a0 JavaThread "Cache worker for execution history cache (D:\AndroidStudioProject\nemuiin_test\.gradle\8.0\executionHistory)" [_thread_blocked, id=4860, stack(0x0000002813300000,0x0000002813400000)]
  0x0000015e98727250 JavaThread "WorkerExecutor Queue" [_thread_blocked, id=5412, stack(0x0000002813400000,0x0000002813500000)]

Other Threads:
=>0x0000015efdd891a0 VMThread "VM Thread" [stack: 0x000000280d700000,0x000000280d800000] [id=7024]
  0x0000015efe993430 WatcherThread [stack: 0x000000280e300000,0x000000280e400000] [id=1876]
  0x0000015ef3836750 GCTaskThread "GC Thread#0" [stack: 0x000000280d200000,0x000000280d300000] [id=5748]
  0x0000015efee814f0 GCTaskThread "GC Thread#1" [stack: 0x000000280e500000,0x000000280e600000] [id=2888]
  0x0000015efee817a0 GCTaskThread "GC Thread#2" [stack: 0x000000280e600000,0x000000280e700000] [id=5300]
  0x0000015e8f5697c0 GCTaskThread "GC Thread#3" [stack: 0x000000280e700000,0x000000280e800000] [id=1888]
  0x0000015ef3847690 ConcurrentGCThread "G1 Main Marker" [stack: 0x000000280d300000,0x000000280d400000] [id=2248]
  0x0000015ef3848840 ConcurrentGCThread "G1 Conc#0" [stack: 0x000000280d400000,0x000000280d500000] [id=2740]
  0x0000015ef38ad4d0 ConcurrentGCThread "G1 Refine#0" [stack: 0x000000280d500000,0x000000280d600000] [id=4952]
  0x0000015e90f90920 ConcurrentGCThread "G1 Refine#1" [stack: 0x000000280ff00000,0x0000002810000000] [id=416]
  0x0000015e986172f0 ConcurrentGCThread "G1 Refine#2" [stack: 0x0000002813500000,0x0000002813600000] [id=6988]
  0x0000015ef38adef0 ConcurrentGCThread "G1 Service" [stack: 0x000000280d600000,0x000000280d700000] [id=2004]

Threads with active compile tasks:
C2 CompilerThread0    26677 16188       4       com.android.tools.r8.internal.Ia::a (4479 bytes)
C2 CompilerThread1    26677 16057 %     4       com.android.tools.r8.internal.Ia::a @ 1784 (6329 bytes)

VM state: at safepoint (normal execution)

VM Mutex/Monitor currently owned by a thread:  ([mutex/lock_event])
[0x0000015ef37d6450] Threads_lock - owner thread: 0x0000015efdd891a0
[0x0000015ef37d67b0] Heap_lock - owner thread: 0x0000015e93a91000

Heap address: 0x0000000080000000, size: 2048 MB, Compressed Oops mode: 32-bit

CDS archive(s) not mapped
Compressed class space mapped at: 0x0000000100000000-0x0000000140000000, reserved size: 1073741824
Narrow klass base: 0x0000000000000000, Narrow klass shift: 3, Narrow klass range: 0x140000000

GC Precious Log:
 CPUs: 4 total, 4 available
 Memory: 8076M
 Large Page Support: Disabled
 NUMA Support: Disabled
 Compressed Oops: Enabled (32-bit)
 Heap Region Size: 1M
 Heap Min Capacity: 8M
 Heap Initial Capacity: 128M
 Heap Max Capacity: 2G
 Pre-touch: Disabled
 Parallel Workers: 4
 Concurrent Workers: 1
 Concurrent Refinement Workers: 4
 Periodic GC: Disabled

Heap:
 garbage-first heap   total 334848K, used 168969K [0x0000000080000000, 0x0000000100000000)
  region size 1024K, 12 young (12288K), 12 survivors (12288K)
 Metaspace       used 115695K, committed 116416K, reserved 1155072K
  class space    used 15727K, committed 16064K, reserved 1048576K

Heap Regions: E=young(eden), S=young(survivor), O=old, HS=humongous(starts), HC=humongous(continues), CS=collection set, F=free, OA=open archive, CA=closed archive, TAMS=top-at-mark-start (previous, next)
|   0|0x0000000080000000, 0x0000000080100000, 0x0000000080100000|100%| O|  |TAMS 0x0000000080100000, 0x0000000080100000| Untracked 
|   1|0x0000000080100000, 0x0000000080200000, 0x0000000080200000|100%| O|  |TAMS 0x0000000080200000, 0x0000000080200000| Untracked 
|   2|0x0000000080200000, 0x0000000080300000, 0x0000000080300000|100%|HS|  |TAMS 0x0000000080300000, 0x0000000080300000| Complete 
|   3|0x0000000080300000, 0x0000000080400000, 0x0000000080400000|100%|HC|  |TAMS 0x0000000080400000, 0x0000000080400000| Complete 
|   4|0x0000000080400000, 0x0000000080500000, 0x0000000080500000|100%|HC|  |TAMS 0x0000000080500000, 0x0000000080500000| Complete 
|   5|0x0000000080500000, 0x0000000080600000, 0x0000000080600000|100%|HC|  |TAMS 0x0000000080600000, 0x0000000080600000| Complete 
|   6|0x0000000080600000, 0x0000000080700000, 0x0000000080700000|100%| O|  |TAMS 0x0000000080700000, 0x0000000080700000| Untracked 
|   7|0x0000000080700000, 0x0000000080800000, 0x0000000080800000|100%| O|  |TAMS 0x0000000080800000, 0x0000000080800000| Untracked 
|   8|0x0000000080800000, 0x0000000080900000, 0x0000000080900000|100%| O|  |TAMS 0x0000000080900000, 0x0000000080900000| Untracked 
|   9|0x0000000080900000, 0x0000000080a00000, 0x0000000080a00000|100%| O|  |TAMS 0x0000000080a00000, 0x0000000080a00000| Untracked 
|  10|0x0000000080a00000, 0x0000000080b00000, 0x0000000080b00000|100%| O|  |TAMS 0x0000000080b00000, 0x0000000080b00000| Untracked 
|  11|0x0000000080b00000, 0x0000000080c00000, 0x0000000080c00000|100%| O|  |TAMS 0x0000000080c00000, 0x0000000080c00000| Untracked 
|  12|0x0000000080c00000, 0x0000000080d00000, 0x0000000080d00000|100%|HS|  |TAMS 0x0000000080d00000, 0x0000000080d00000| Complete 
|  13|0x0000000080d00000, 0x0000000080e00000, 0x0000000080e00000|100%| O|  |TAMS 0x0000000080e00000, 0x0000000080e00000| Untracked 
|  14|0x0000000080e00000, 0x0000000080f00000, 0x0000000080f00000|100%| O|  |TAMS 0x0000000080f00000, 0x0000000080f00000| Untracked 
|  15|0x0000000080f00000, 0x0000000081000000, 0x0000000081000000|100%| O|  |TAMS 0x0000000081000000, 0x0000000081000000| Untracked 
|  16|0x0000000081000000, 0x0000000081100000, 0x0000000081100000|100%| O|  |TAMS 0x0000000081100000, 0x0000000081100000| Untracked 
|  17|0x0000000081100000, 0x0000000081200000, 0x0000000081200000|100%| O|  |TAMS 0x0000000081200000, 0x0000000081200000| Untracked 
|  18|0x0000000081200000, 0x0000000081300000, 0x0000000081300000|100%| O|  |TAMS 0x0000000081300000, 0x0000000081300000| Untracked 
|  19|0x0000000081300000, 0x0000000081400000, 0x0000000081400000|100%| O|  |TAMS 0x0000000081400000, 0x0000000081400000| Untracked 
|  20|0x0000000081400000, 0x0000000081500000, 0x0000000081500000|100%| O|  |TAMS 0x0000000081500000, 0x0000000081500000| Untracked 
|  21|0x0000000081500000, 0x0000000081600000, 0x0000000081600000|100%| O|  |TAMS 0x0000000081600000, 0x0000000081600000| Untracked 
|  22|0x0000000081600000, 0x0000000081600000, 0x0000000081700000|  0%| F|  |TAMS 0x0000000081600000, 0x0000000081600000| Untracked 
|  23|0x0000000081700000, 0x0000000081800000, 0x0000000081800000|100%| O|  |TAMS 0x0000000081800000, 0x0000000081800000| Untracked 
|  24|0x0000000081800000, 0x0000000081900000, 0x0000000081900000|100%| O|  |TAMS 0x0000000081900000, 0x0000000081900000| Untracked 
|  25|0x0000000081900000, 0x0000000081a00000, 0x0000000081a00000|100%| O|  |TAMS 0x0000000081a00000, 0x0000000081a00000| Untracked 
|  26|0x0000000081a00000, 0x0000000081b00000, 0x0000000081b00000|100%| O|  |TAMS 0x0000000081b00000, 0x0000000081b00000| Untracked 
|  27|0x0000000081b00000, 0x0000000081c00000, 0x0000000081c00000|100%| O|  |TAMS 0x0000000081c00000, 0x0000000081c00000| Untracked 
|  28|0x0000000081c00000, 0x0000000081d00000, 0x0000000081d00000|100%| O|  |TAMS 0x0000000081d00000, 0x0000000081d00000| Untracked 
|  29|0x0000000081d00000, 0x0000000081e00000, 0x0000000081e00000|100%|HS|  |TAMS 0x0000000081e00000, 0x0000000081e00000| Complete 
|  30|0x0000000081e00000, 0x0000000081f00000, 0x0000000081f00000|100%|HS|  |TAMS 0x0000000081f00000, 0x0000000081f00000| Complete 
|  31|0x0000000081f00000, 0x0000000082000000, 0x0000000082000000|100%|HC|  |TAMS 0x0000000082000000, 0x0000000082000000| Complete 
|  32|0x0000000082000000, 0x0000000082100000, 0x0000000082100000|100%|HS|  |TAMS 0x0000000082100000, 0x0000000082100000| Complete 
|  33|0x0000000082100000, 0x0000000082200000, 0x0000000082200000|100%|HS|  |TAMS 0x0000000082200000, 0x0000000082200000| Complete 
|  34|0x0000000082200000, 0x0000000082300000, 0x0000000082300000|100%|HC|  |TAMS 0x0000000082300000, 0x0000000082300000| Complete 
|  35|0x0000000082300000, 0x0000000082400000, 0x0000000082400000|100%|HC|  |TAMS 0x0000000082400000, 0x0000000082400000| Complete 
|  36|0x0000000082400000, 0x0000000082500000, 0x0000000082500000|100%|HC|  |TAMS 0x0000000082500000, 0x0000000082500000| Complete 
|  37|0x0000000082500000, 0x0000000082600000, 0x0000000082600000|100%| O|  |TAMS 0x0000000082600000, 0x0000000082600000| Untracked 
|  38|0x0000000082600000, 0x0000000082700000, 0x0000000082700000|100%| O|  |TAMS 0x0000000082700000, 0x0000000082700000| Untracked 
|  39|0x0000000082700000, 0x0000000082800000, 0x0000000082800000|100%| O|  |TAMS 0x0000000082800000, 0x0000000082800000| Untracked 
|  40|0x0000000082800000, 0x0000000082900000, 0x0000000082900000|100%| O|  |TAMS 0x0000000082900000, 0x0000000082900000| Untracked 
|  41|0x0000000082900000, 0x0000000082a00000, 0x0000000082a00000|100%| O|  |TAMS 0x0000000082a00000, 0x0000000082a00000| Untracked 
|  42|0x0000000082a00000, 0x0000000082b00000, 0x0000000082b00000|100%| O|  |TAMS 0x0000000082b00000, 0x0000000082b00000| Untracked 
|  43|0x0000000082b00000, 0x0000000082c00000, 0x0000000082c00000|100%| O|  |TAMS 0x0000000082c00000, 0x0000000082c00000| Untracked 
|  44|0x0000000082c00000, 0x0000000082d00000, 0x0000000082d00000|100%| O|  |TAMS 0x0000000082d00000, 0x0000000082d00000| Untracked 
|  45|0x0000000082d00000, 0x0000000082e00000, 0x0000000082e00000|100%| O|  |TAMS 0x0000000082e00000, 0x0000000082e00000| Untracked 
|  46|0x0000000082e00000, 0x0000000082f00000, 0x0000000082f00000|100%| O|  |TAMS 0x0000000082f00000, 0x0000000082f00000| Untracked 
|  47|0x0000000082f00000, 0x0000000083000000, 0x0000000083000000|100%| O|  |TAMS 0x0000000083000000, 0x0000000083000000| Untracked 
|  48|0x0000000083000000, 0x0000000083100000, 0x0000000083100000|100%| O|  |TAMS 0x0000000083100000, 0x0000000083100000| Untracked 
|  49|0x0000000083100000, 0x0000000083200000, 0x0000000083200000|100%| O|  |TAMS 0x0000000083200000, 0x0000000083200000| Untracked 
|  50|0x0000000083200000, 0x0000000083300000, 0x0000000083300000|100%| O|  |TAMS 0x0000000083300000, 0x0000000083300000| Untracked 
|  51|0x0000000083300000, 0x0000000083400000, 0x0000000083400000|100%| O|  |TAMS 0x0000000083400000, 0x0000000083400000| Untracked 
|  52|0x0000000083400000, 0x0000000083500000, 0x0000000083500000|100%| O|  |TAMS 0x0000000083500000, 0x0000000083500000| Untracked 
|  53|0x0000000083500000, 0x0000000083600000, 0x0000000083600000|100%| O|  |TAMS 0x0000000083600000, 0x0000000083600000| Untracked 
|  54|0x0000000083600000, 0x0000000083700000, 0x0000000083700000|100%| O|  |TAMS 0x0000000083700000, 0x0000000083700000| Untracked 
|  55|0x0000000083700000, 0x0000000083800000, 0x0000000083800000|100%| O|  |TAMS 0x0000000083800000, 0x0000000083800000| Untracked 
|  56|0x0000000083800000, 0x0000000083900000, 0x0000000083900000|100%| O|  |TAMS 0x0000000083900000, 0x0000000083900000| Untracked 
|  57|0x0000000083900000, 0x00000000839f2c00, 0x0000000083a00000| 94%| O|  |TAMS 0x00000000839f2c00, 0x00000000839f2c00| Untracked 
|  58|0x0000000083a00000, 0x0000000083b00000, 0x0000000083b00000|100%| O|  |TAMS 0x0000000083b00000, 0x0000000083b00000| Untracked 
|  59|0x0000000083b00000, 0x0000000083c00000, 0x0000000083c00000|100%| O|  |TAMS 0x0000000083c00000, 0x0000000083c00000| Untracked 
|  60|0x0000000083c00000, 0x0000000083d00000, 0x0000000083d00000|100%| O|  |TAMS 0x0000000083d00000, 0x0000000083d00000| Untracked 
|  61|0x0000000083d00000, 0x0000000083e00000, 0x0000000083e00000|100%| O|  |TAMS 0x0000000083e00000, 0x0000000083e00000| Untracked 
|  62|0x0000000083e00000, 0x0000000083f00000, 0x0000000083f00000|100%| O|  |TAMS 0x0000000083f00000, 0x0000000083f00000| Untracked 
|  63|0x0000000083f00000, 0x0000000084000000, 0x0000000084000000|100%| O|  |TAMS 0x0000000084000000, 0x0000000084000000| Untracked 
|  64|0x0000000084000000, 0x0000000084100000, 0x0000000084100000|100%| O|  |TAMS 0x0000000084100000, 0x0000000084100000| Untracked 
|  65|0x0000000084100000, 0x0000000084200000, 0x0000000084200000|100%| O|  |TAMS 0x0000000084200000, 0x0000000084200000| Untracked 
|  66|0x0000000084200000, 0x0000000084300000, 0x0000000084300000|100%| O|  |TAMS 0x0000000084300000, 0x0000000084300000| Untracked 
|  67|0x0000000084300000, 0x0000000084400000, 0x0000000084400000|100%| O|  |TAMS 0x0000000084400000, 0x0000000084400000| Untracked 
|  68|0x0000000084400000, 0x0000000084500000, 0x0000000084500000|100%| O|  |TAMS 0x0000000084500000, 0x0000000084500000| Untracked 
|  69|0x0000000084500000, 0x0000000084600000, 0x0000000084600000|100%| O|  |TAMS 0x0000000084600000, 0x0000000084600000| Untracked 
|  70|0x0000000084600000, 0x0000000084700000, 0x0000000084700000|100%| O|  |TAMS 0x0000000084700000, 0x0000000084700000| Untracked 
|  71|0x0000000084700000, 0x0000000084800000, 0x0000000084800000|100%| O|  |TAMS 0x0000000084800000, 0x0000000084800000| Untracked 
|  72|0x0000000084800000, 0x0000000084900000, 0x0000000084900000|100%| O|  |TAMS 0x0000000084900000, 0x0000000084900000| Untracked 
|  73|0x0000000084900000, 0x0000000084a00000, 0x0000000084a00000|100%| O|  |TAMS 0x0000000084a00000, 0x0000000084a00000| Untracked 
|  74|0x0000000084a00000, 0x0000000084b00000, 0x0000000084b00000|100%| O|  |TAMS 0x0000000084b00000, 0x0000000084b00000| Untracked 
|  75|0x0000000084b00000, 0x0000000084c00000, 0x0000000084c00000|100%| O|  |TAMS 0x0000000084c00000, 0x0000000084c00000| Untracked 
|  76|0x0000000084c00000, 0x0000000084d00000, 0x0000000084d00000|100%| O|  |TAMS 0x0000000084d00000, 0x0000000084d00000| Untracked 
|  77|0x0000000084d00000, 0x0000000084e00000, 0x0000000084e00000|100%| O|  |TAMS 0x0000000084e00000, 0x0000000084e00000| Untracked 
|  78|0x0000000084e00000, 0x0000000084f00000, 0x0000000084f00000|100%| O|  |TAMS 0x0000000084f00000, 0x0000000084f00000| Untracked 
|  79|0x0000000084f00000, 0x0000000085000000, 0x0000000085000000|100%| O|  |TAMS 0x0000000085000000, 0x0000000085000000| Untracked 
|  80|0x0000000085000000, 0x0000000085100000, 0x0000000085100000|100%| O|  |TAMS 0x0000000085100000, 0x0000000085100000| Untracked 
|  81|0x0000000085100000, 0x0000000085100000, 0x0000000085200000|  0%| F|  |TAMS 0x0000000085100000, 0x0000000085100000| Untracked 
|  82|0x0000000085200000, 0x0000000085300000, 0x0000000085300000|100%| O|  |TAMS 0x0000000085300000, 0x0000000085300000| Untracked 
|  83|0x0000000085300000, 0x0000000085400000, 0x0000000085400000|100%| O|  |TAMS 0x0000000085400000, 0x0000000085400000| Untracked 
|  84|0x0000000085400000, 0x0000000085500000, 0x0000000085500000|100%| O|  |TAMS 0x0000000085500000, 0x0000000085500000| Untracked 
|  85|0x0000000085500000, 0x0000000085600000, 0x0000000085600000|100%| O|  |TAMS 0x0000000085600000, 0x0000000085600000| Untracked 
|  86|0x0000000085600000, 0x0000000085700000, 0x0000000085700000|100%| O|  |TAMS 0x0000000085700000, 0x0000000085700000| Untracked 
|  87|0x0000000085700000, 0x0000000085800000, 0x0000000085800000|100%| O|  |TAMS 0x0000000085800000, 0x0000000085800000| Untracked 
|  88|0x0000000085800000, 0x0000000085900000, 0x0000000085900000|100%| O|  |TAMS 0x0000000085900000, 0x0000000085900000| Untracked 
|  89|0x0000000085900000, 0x0000000085a00000, 0x0000000085a00000|100%| O|  |TAMS 0x0000000085a00000, 0x0000000085a00000| Untracked 
|  90|0x0000000085a00000, 0x0000000085b00000, 0x0000000085b00000|100%| O|  |TAMS 0x0000000085b00000, 0x0000000085b00000| Untracked 
|  91|0x0000000085b00000, 0x0000000085c00000, 0x0000000085c00000|100%| O|  |TAMS 0x0000000085c00000, 0x0000000085c00000| Untracked 
|  92|0x0000000085c00000, 0x0000000085d00000, 0x0000000085d00000|100%| O|  |TAMS 0x0000000085d00000, 0x0000000085d00000| Untracked 
|  93|0x0000000085d00000, 0x0000000085e00000, 0x0000000085e00000|100%| O|  |TAMS 0x0000000085e00000, 0x0000000085e00000| Untracked 
|  94|0x0000000085e00000, 0x0000000085f00000, 0x0000000085f00000|100%| O|  |TAMS 0x0000000085f00000, 0x0000000085f00000| Untracked 
|  95|0x0000000085f00000, 0x0000000086000000, 0x0000000086000000|100%| O|  |TAMS 0x0000000086000000, 0x0000000086000000| Untracked 
|  96|0x0000000086000000, 0x0000000086100000, 0x0000000086100000|100%| O|  |TAMS 0x0000000086100000, 0x0000000086100000| Untracked 
|  97|0x0000000086100000, 0x0000000086200000, 0x0000000086200000|100%| O|  |TAMS 0x0000000086200000, 0x0000000086200000| Untracked 
|  98|0x0000000086200000, 0x0000000086300000, 0x0000000086300000|100%| O|  |TAMS 0x0000000086300000, 0x0000000086300000| Untracked 
|  99|0x0000000086300000, 0x0000000086400000, 0x0000000086400000|100%| O|  |TAMS 0x0000000086400000, 0x0000000086400000| Untracked 
| 100|0x0000000086400000, 0x0000000086500000, 0x0000000086500000|100%| O|  |TAMS 0x0000000086400000, 0x0000000086500000| Untracked 
| 101|0x0000000086500000, 0x0000000086600000, 0x0000000086600000|100%| O|  |TAMS 0x0000000086600000, 0x0000000086600000| Untracked 
| 102|0x0000000086600000, 0x0000000086700000, 0x0000000086700000|100%| O|  |TAMS 0x0000000086700000, 0x0000000086700000| Untracked 
| 103|0x0000000086700000, 0x0000000086800000, 0x0000000086800000|100%| O|  |TAMS 0x0000000086800000, 0x0000000086800000| Untracked 
| 104|0x0000000086800000, 0x0000000086900000, 0x0000000086900000|100%| O|  |TAMS 0x0000000086900000, 0x0000000086900000| Untracked 
| 105|0x0000000086900000, 0x0000000086a00000, 0x0000000086a00000|100%| O|  |TAMS 0x0000000086a00000, 0x0000000086a00000| Untracked 
| 106|0x0000000086a00000, 0x0000000086b00000, 0x0000000086b00000|100%| O|  |TAMS 0x0000000086b00000, 0x0000000086b00000| Untracked 
| 107|0x0000000086b00000, 0x0000000086c00000, 0x0000000086c00000|100%| O|  |TAMS 0x0000000086c00000, 0x0000000086c00000| Untracked 
| 108|0x0000000086c00000, 0x0000000086d00000, 0x0000000086d00000|100%| O|  |TAMS 0x0000000086d00000, 0x0000000086d00000| Untracked 
| 109|0x0000000086d00000, 0x0000000086e00000, 0x0000000086e00000|100%| O|  |TAMS 0x0000000086e00000, 0x0000000086e00000| Untracked 
| 110|0x0000000086e00000, 0x0000000086f00000, 0x0000000086f00000|100%| O|  |TAMS 0x0000000086f00000, 0x0000000086f00000| Untracked 
| 111|0x0000000086f00000, 0x0000000087000000, 0x0000000087000000|100%| O|  |TAMS 0x0000000087000000, 0x0000000087000000| Untracked 
| 112|0x0000000087000000, 0x0000000087100000, 0x0000000087100000|100%| O|  |TAMS 0x0000000087100000, 0x0000000087100000| Untracked 
| 113|0x0000000087100000, 0x0000000087200000, 0x0000000087200000|100%| O|  |TAMS 0x0000000087200000, 0x0000000087200000| Untracked 
| 114|0x0000000087200000, 0x0000000087300000, 0x0000000087300000|100%| O|  |TAMS 0x0000000087300000, 0x0000000087300000| Untracked 
| 115|0x0000000087300000, 0x0000000087400000, 0x0000000087400000|100%| O|  |TAMS 0x0000000087400000, 0x0000000087400000| Untracked 
| 116|0x0000000087400000, 0x0000000087500000, 0x0000000087500000|100%| O|  |TAMS 0x0000000087500000, 0x0000000087500000| Untracked 
| 117|0x0000000087500000, 0x0000000087600000, 0x0000000087600000|100%| O|  |TAMS 0x0000000087600000, 0x0000000087600000| Untracked 
| 118|0x0000000087600000, 0x0000000087700000, 0x0000000087700000|100%| O|  |TAMS 0x0000000087700000, 0x0000000087700000| Untracked 
| 119|0x0000000087700000, 0x0000000087800000, 0x0000000087800000|100%| O|  |TAMS 0x0000000087800000, 0x0000000087800000| Untracked 
| 120|0x0000000087800000, 0x0000000087900000, 0x0000000087900000|100%| O|  |TAMS 0x0000000087900000, 0x0000000087900000| Untracked 
| 121|0x0000000087900000, 0x0000000087a00000, 0x0000000087a00000|100%| O|  |TAMS 0x0000000087a00000, 0x0000000087a00000| Untracked 
| 122|0x0000000087a00000, 0x0000000087b00000, 0x0000000087b00000|100%| O|  |TAMS 0x0000000087b00000, 0x0000000087b00000| Untracked 
| 123|0x0000000087b00000, 0x0000000087c00000, 0x0000000087c00000|100%| O|  |TAMS 0x0000000087c00000, 0x0000000087c00000| Untracked 
| 124|0x0000000087c00000, 0x0000000087d00000, 0x0000000087d00000|100%| O|  |TAMS 0x0000000087d00000, 0x0000000087d00000| Untracked 
| 125|0x0000000087d00000, 0x0000000087e00000, 0x0000000087e00000|100%| O|  |TAMS 0x0000000087e00000, 0x0000000087e00000| Untracked 
| 126|0x0000000087e00000, 0x0000000087f00000, 0x0000000087f00000|100%| O|  |TAMS 0x0000000087f00000, 0x0000000087f00000| Untracked 
| 127|0x0000000087f00000, 0x0000000088000000, 0x0000000088000000|100%| O|  |TAMS 0x0000000088000000, 0x0000000088000000| Untracked 
| 128|0x0000000088000000, 0x0000000088100000, 0x0000000088100000|100%| O|  |TAMS 0x0000000088100000, 0x0000000088100000| Untracked 
| 129|0x0000000088100000, 0x0000000088200000, 0x0000000088200000|100%| O|  |TAMS 0x0000000088120600, 0x0000000088200000| Untracked 
| 130|0x0000000088200000, 0x0000000088300000, 0x0000000088300000|100%| O|  |TAMS 0x0000000088200000, 0x0000000088300000| Untracked 
| 131|0x0000000088300000, 0x0000000088400000, 0x0000000088400000|100%| O|  |TAMS 0x0000000088300000, 0x0000000088400000| Untracked 
| 132|0x0000000088400000, 0x0000000088500000, 0x0000000088500000|100%| O|  |TAMS 0x0000000088400000, 0x0000000088500000| Untracked 
| 133|0x0000000088500000, 0x0000000088600000, 0x0000000088600000|100%| O|  |TAMS 0x0000000088500000, 0x0000000088600000| Untracked 
| 134|0x0000000088600000, 0x0000000088700000, 0x0000000088700000|100%| O|  |TAMS 0x0000000088600000, 0x0000000088700000| Untracked 
| 135|0x0000000088700000, 0x0000000088800000, 0x0000000088800000|100%| O|  |TAMS 0x0000000088700000, 0x0000000088800000| Untracked 
| 136|0x0000000088800000, 0x0000000088900000, 0x0000000088900000|100%| O|  |TAMS 0x0000000088800000, 0x0000000088900000| Untracked 
| 137|0x0000000088900000, 0x0000000088a00000, 0x0000000088a00000|100%| O|  |TAMS 0x0000000088900000, 0x0000000088a00000| Untracked 
| 138|0x0000000088a00000, 0x0000000088b00000, 0x0000000088b00000|100%| O|  |TAMS 0x0000000088a00000, 0x0000000088b00000| Untracked 
| 139|0x0000000088b00000, 0x0000000088c00000, 0x0000000088c00000|100%| O|  |TAMS 0x0000000088b00000, 0x0000000088c00000| Untracked 
| 140|0x0000000088c00000, 0x0000000088d00000, 0x0000000088d00000|100%| O|  |TAMS 0x0000000088c00000, 0x0000000088d00000| Untracked 
| 141|0x0000000088d00000, 0x0000000088e00000, 0x0000000088e00000|100%| O|  |TAMS 0x0000000088d00000, 0x0000000088e00000| Untracked 
| 142|0x0000000088e00000, 0x0000000088f00000, 0x0000000088f00000|100%| O|  |TAMS 0x0000000088e00000, 0x0000000088f00000| Untracked 
| 143|0x0000000088f00000, 0x0000000089000000, 0x0000000089000000|100%| O|  |TAMS 0x0000000088f00000, 0x0000000089000000| Untracked 
| 144|0x0000000089000000, 0x0000000089100000, 0x0000000089100000|100%| O|  |TAMS 0x0000000089000000, 0x0000000089100000| Untracked 
| 145|0x0000000089100000, 0x0000000089200000, 0x0000000089200000|100%| O|  |TAMS 0x0000000089100000, 0x0000000089200000| Untracked 
| 146|0x0000000089200000, 0x0000000089300000, 0x0000000089300000|100%| O|  |TAMS 0x0000000089200000, 0x0000000089300000| Untracked 
| 147|0x0000000089300000, 0x0000000089400000, 0x0000000089400000|100%| O|  |TAMS 0x0000000089300000, 0x0000000089400000| Untracked 
| 148|0x0000000089400000, 0x0000000089500000, 0x0000000089500000|100%| O|  |TAMS 0x0000000089400000, 0x0000000089500000| Untracked 
| 149|0x0000000089500000, 0x0000000089600000, 0x0000000089600000|100%| O|  |TAMS 0x0000000089500000, 0x0000000089600000| Untracked 
| 150|0x0000000089600000, 0x0000000089700000, 0x0000000089700000|100%| O|  |TAMS 0x0000000089600000, 0x0000000089700000| Untracked 
| 151|0x0000000089700000, 0x0000000089800000, 0x0000000089800000|100%| O|  |TAMS 0x0000000089700000, 0x0000000089800000| Untracked 
| 152|0x0000000089800000, 0x0000000089900000, 0x0000000089900000|100%| O|  |TAMS 0x0000000089800000, 0x0000000089900000| Untracked 
| 153|0x0000000089900000, 0x0000000089a00000, 0x0000000089a00000|100%| O|  |TAMS 0x0000000089900000, 0x0000000089a00000| Untracked 
| 154|0x0000000089a00000, 0x0000000089b00000, 0x0000000089b00000|100%| O|  |TAMS 0x0000000089a00000, 0x0000000089b00000| Untracked 
| 155|0x0000000089b00000, 0x0000000089b7ca00, 0x0000000089c00000| 48%| O|  |TAMS 0x0000000089b00000, 0x0000000089b7ca00| Untracked 
| 156|0x0000000089c00000, 0x0000000089c00000, 0x0000000089d00000|  0%| F|  |TAMS 0x0000000089c00000, 0x0000000089c00000| Untracked 
| 157|0x0000000089d00000, 0x0000000089d00000, 0x0000000089e00000|  0%| F|  |TAMS 0x0000000089d00000, 0x0000000089d00000| Untracked 
| 158|0x0000000089e00000, 0x0000000089e00000, 0x0000000089f00000|  0%| F|  |TAMS 0x0000000089e00000, 0x0000000089e00000| Untracked 
| 159|0x0000000089f00000, 0x0000000089f00000, 0x000000008a000000|  0%| F|  |TAMS 0x0000000089f00000, 0x0000000089f00000| Untracked 
| 160|0x000000008a000000, 0x000000008a000000, 0x000000008a100000|  0%| F|  |TAMS 0x000000008a000000, 0x000000008a000000| Untracked 
| 161|0x000000008a100000, 0x000000008a100000, 0x000000008a200000|  0%| F|  |TAMS 0x000000008a100000, 0x000000008a100000| Untracked 
| 162|0x000000008a200000, 0x000000008a200000, 0x000000008a300000|  0%| F|  |TAMS 0x000000008a200000, 0x000000008a200000| Untracked 
| 163|0x000000008a300000, 0x000000008a300000, 0x000000008a400000|  0%| F|  |TAMS 0x000000008a300000, 0x000000008a300000| Untracked 
| 164|0x000000008a400000, 0x000000008a400000, 0x000000008a500000|  0%| F|  |TAMS 0x000000008a400000, 0x000000008a400000| Untracked 
| 165|0x000000008a500000, 0x000000008a500000, 0x000000008a600000|  0%| F|  |TAMS 0x000000008a500000, 0x000000008a500000| Untracked 
| 166|0x000000008a600000, 0x000000008a600000, 0x000000008a700000|  0%| F|  |TAMS 0x000000008a600000, 0x000000008a600000| Untracked 
| 167|0x000000008a700000, 0x000000008a700000, 0x000000008a800000|  0%| F|  |TAMS 0x000000008a700000, 0x000000008a700000| Untracked 
| 168|0x000000008a800000, 0x000000008a800000, 0x000000008a900000|  0%| F|  |TAMS 0x000000008a800000, 0x000000008a800000| Untracked 
| 169|0x000000008a900000, 0x000000008a900000, 0x000000008aa00000|  0%| F|  |TAMS 0x000000008a900000, 0x000000008a900000| Untracked 
| 170|0x000000008aa00000, 0x000000008aa00000, 0x000000008ab00000|  0%| F|  |TAMS 0x000000008aa00000, 0x000000008aa00000| Untracked 
| 171|0x000000008ab00000, 0x000000008ab00000, 0x000000008ac00000|  0%| F|  |TAMS 0x000000008ab00000, 0x000000008ab00000| Untracked 
| 172|0x000000008ac00000, 0x000000008ac00000, 0x000000008ad00000|  0%| F|  |TAMS 0x000000008ac00000, 0x000000008ac00000| Untracked 
| 173|0x000000008ad00000, 0x000000008ad00000, 0x000000008ae00000|  0%| F|  |TAMS 0x000000008ad00000, 0x000000008ad00000| Untracked 
| 174|0x000000008ae00000, 0x000000008ae00000, 0x000000008af00000|  0%| F|  |TAMS 0x000000008ae00000, 0x000000008ae00000| Untracked 
| 175|0x000000008af00000, 0x000000008af00000, 0x000000008b000000|  0%| F|  |TAMS 0x000000008af00000, 0x000000008af00000| Untracked 
| 176|0x000000008b000000, 0x000000008b000000, 0x000000008b100000|  0%| F|  |TAMS 0x000000008b000000, 0x000000008b000000| Untracked 
| 177|0x000000008b100000, 0x000000008b100000, 0x000000008b200000|  0%| F|  |TAMS 0x000000008b100000, 0x000000008b100000| Untracked 
| 178|0x000000008b200000, 0x000000008b200000, 0x000000008b300000|  0%| F|  |TAMS 0x000000008b200000, 0x000000008b200000| Untracked 
| 179|0x000000008b300000, 0x000000008b300000, 0x000000008b400000|  0%| F|  |TAMS 0x000000008b300000, 0x000000008b300000| Untracked 
| 180|0x000000008b400000, 0x000000008b400000, 0x000000008b500000|  0%| F|  |TAMS 0x000000008b400000, 0x000000008b400000| Untracked 
| 181|0x000000008b500000, 0x000000008b500000, 0x000000008b600000|  0%| F|  |TAMS 0x000000008b500000, 0x000000008b500000| Untracked 
| 182|0x000000008b600000, 0x000000008b600000, 0x000000008b700000|  0%| F|  |TAMS 0x000000008b600000, 0x000000008b600000| Untracked 
| 183|0x000000008b700000, 0x000000008b700000, 0x000000008b800000|  0%| F|  |TAMS 0x000000008b700000, 0x000000008b700000| Untracked 
| 184|0x000000008b800000, 0x000000008b800000, 0x000000008b900000|  0%| F|  |TAMS 0x000000008b800000, 0x000000008b800000| Untracked 
| 185|0x000000008b900000, 0x000000008b900000, 0x000000008ba00000|  0%| F|  |TAMS 0x000000008b900000, 0x000000008b900000| Untracked 
| 186|0x000000008ba00000, 0x000000008ba00000, 0x000000008bb00000|  0%| F|  |TAMS 0x000000008ba00000, 0x000000008ba00000| Untracked 
| 187|0x000000008bb00000, 0x000000008bb00000, 0x000000008bc00000|  0%| F|  |TAMS 0x000000008bb00000, 0x000000008bb00000| Untracked 
| 188|0x000000008bc00000, 0x000000008bc00000, 0x000000008bd00000|  0%| F|  |TAMS 0x000000008bc00000, 0x000000008bc00000| Untracked 
| 189|0x000000008bd00000, 0x000000008bd00000, 0x000000008be00000|  0%| F|  |TAMS 0x000000008bd00000, 0x000000008bd00000| Untracked 
| 190|0x000000008be00000, 0x000000008be00000, 0x000000008bf00000|  0%| F|  |TAMS 0x000000008be00000, 0x000000008be00000| Untracked 
| 191|0x000000008bf00000, 0x000000008bf00000, 0x000000008c000000|  0%| F|  |TAMS 0x000000008bf00000, 0x000000008bf00000| Untracked 
| 192|0x000000008c000000, 0x000000008c000000, 0x000000008c100000|  0%| F|  |TAMS 0x000000008c000000, 0x000000008c000000| Untracked 
| 193|0x000000008c100000, 0x000000008c100000, 0x000000008c200000|  0%| F|  |TAMS 0x000000008c100000, 0x000000008c100000| Untracked 
| 194|0x000000008c200000, 0x000000008c200000, 0x000000008c300000|  0%| F|  |TAMS 0x000000008c200000, 0x000000008c200000| Untracked 
| 195|0x000000008c300000, 0x000000008c300000, 0x000000008c400000|  0%| F|  |TAMS 0x000000008c300000, 0x000000008c300000| Untracked 
| 196|0x000000008c400000, 0x000000008c400000, 0x000000008c500000|  0%| F|  |TAMS 0x000000008c400000, 0x000000008c400000| Untracked 
| 197|0x000000008c500000, 0x000000008c500000, 0x000000008c600000|  0%| F|  |TAMS 0x000000008c500000, 0x000000008c500000| Untracked 
| 198|0x000000008c600000, 0x000000008c600000, 0x000000008c700000|  0%| F|  |TAMS 0x000000008c600000, 0x000000008c600000| Untracked 
| 199|0x000000008c700000, 0x000000008c700000, 0x000000008c800000|  0%| F|  |TAMS 0x000000008c700000, 0x000000008c700000| Untracked 
| 200|0x000000008c800000, 0x000000008c800000, 0x000000008c900000|  0%| F|  |TAMS 0x000000008c800000, 0x000000008c800000| Untracked 
| 201|0x000000008c900000, 0x000000008c900000, 0x000000008ca00000|  0%| F|  |TAMS 0x000000008c900000, 0x000000008c900000| Untracked 
| 202|0x000000008ca00000, 0x000000008ca00000, 0x000000008cb00000|  0%| F|  |TAMS 0x000000008ca00000, 0x000000008ca00000| Untracked 
| 203|0x000000008cb00000, 0x000000008cb00000, 0x000000008cc00000|  0%| F|  |TAMS 0x000000008cb00000, 0x000000008cb00000| Untracked 
| 204|0x000000008cc00000, 0x000000008cc00000, 0x000000008cd00000|  0%| F|  |TAMS 0x000000008cc00000, 0x000000008cc00000| Untracked 
| 205|0x000000008cd00000, 0x000000008cd00000, 0x000000008ce00000|  0%| F|  |TAMS 0x000000008cd00000, 0x000000008cd00000| Untracked 
| 206|0x000000008ce00000, 0x000000008ce00000, 0x000000008cf00000|  0%| F|  |TAMS 0x000000008ce00000, 0x000000008ce00000| Untracked 
| 207|0x000000008cf00000, 0x000000008cf00000, 0x000000008d000000|  0%| F|  |TAMS 0x000000008cf00000, 0x000000008cf00000| Untracked 
| 208|0x000000008d000000, 0x000000008d000000, 0x000000008d100000|  0%| F|  |TAMS 0x000000008d000000, 0x000000008d000000| Untracked 
| 209|0x000000008d100000, 0x000000008d100000, 0x000000008d200000|  0%| F|  |TAMS 0x000000008d100000, 0x000000008d100000| Untracked 
| 210|0x000000008d200000, 0x000000008d292f20, 0x000000008d300000| 57%| S|CS|TAMS 0x000000008d200000, 0x000000008d200000| Complete 
| 211|0x000000008d300000, 0x000000008d400000, 0x000000008d400000|100%| S|CS|TAMS 0x000000008d300000, 0x000000008d300000| Complete 
| 212|0x000000008d400000, 0x000000008d500000, 0x000000008d500000|100%| S|CS|TAMS 0x000000008d400000, 0x000000008d400000| Complete 
| 213|0x000000008d500000, 0x000000008d600000, 0x000000008d600000|100%| S|CS|TAMS 0x000000008d500000, 0x000000008d500000| Complete 
| 214|0x000000008d600000, 0x000000008d700000, 0x000000008d700000|100%| S|CS|TAMS 0x000000008d600000, 0x000000008d600000| Complete 
| 215|0x000000008d700000, 0x000000008d800000, 0x000000008d800000|100%| S|CS|TAMS 0x000000008d700000, 0x000000008d700000| Complete 
| 216|0x000000008d800000, 0x000000008d900000, 0x000000008d900000|100%| S|CS|TAMS 0x000000008d800000, 0x000000008d800000| Complete 
| 217|0x000000008d900000, 0x000000008da00000, 0x000000008da00000|100%| S|CS|TAMS 0x000000008d900000, 0x000000008d900000| Complete 
| 218|0x000000008da00000, 0x000000008db00000, 0x000000008db00000|100%| S|CS|TAMS 0x000000008da00000, 0x000000008da00000| Complete 
| 219|0x000000008db00000, 0x000000008dc00000, 0x000000008dc00000|100%| S|CS|TAMS 0x000000008db00000, 0x000000008db00000| Complete 
| 220|0x000000008dc00000, 0x000000008dd00000, 0x000000008dd00000|100%| S|CS|TAMS 0x000000008dc00000, 0x000000008dc00000| Complete 
| 221|0x000000008dd00000, 0x000000008de00000, 0x000000008de00000|100%| S|CS|TAMS 0x000000008dd00000, 0x000000008dd00000| Complete 
| 222|0x000000008de00000, 0x000000008de00000, 0x000000008df00000|  0%| F|  |TAMS 0x000000008de00000, 0x000000008de00000| Untracked 
| 223|0x000000008df00000, 0x000000008df00000, 0x000000008e000000|  0%| F|  |TAMS 0x000000008df00000, 0x000000008df00000| Untracked 
| 224|0x000000008e000000, 0x000000008e000000, 0x000000008e100000|  0%| F|  |TAMS 0x000000008e000000, 0x000000008e000000| Untracked 
| 225|0x000000008e100000, 0x000000008e100000, 0x000000008e200000|  0%| F|  |TAMS 0x000000008e100000, 0x000000008e100000| Untracked 
| 226|0x000000008e200000, 0x000000008e200000, 0x000000008e300000|  0%| F|  |TAMS 0x000000008e200000, 0x000000008e200000| Untracked 
| 227|0x000000008e300000, 0x000000008e300000, 0x000000008e400000|  0%| F|  |TAMS 0x000000008e300000, 0x000000008e300000| Untracked 
| 228|0x000000008e400000, 0x000000008e400000, 0x000000008e500000|  0%| F|  |TAMS 0x000000008e400000, 0x000000008e400000| Untracked 
| 229|0x000000008e500000, 0x000000008e500000, 0x000000008e600000|  0%| F|  |TAMS 0x000000008e500000, 0x000000008e500000| Untracked 
| 230|0x000000008e600000, 0x000000008e600000, 0x000000008e700000|  0%| F|  |TAMS 0x000000008e600000, 0x000000008e600000| Untracked 
| 231|0x000000008e700000, 0x000000008e700000, 0x000000008e800000|  0%| F|  |TAMS 0x000000008e700000, 0x000000008e700000| Untracked 
| 232|0x000000008e800000, 0x000000008e800000, 0x000000008e900000|  0%| F|  |TAMS 0x000000008e800000, 0x000000008e800000| Untracked 
| 233|0x000000008e900000, 0x000000008e900000, 0x000000008ea00000|  0%| F|  |TAMS 0x000000008e900000, 0x000000008e900000| Untracked 
| 234|0x000000008ea00000, 0x000000008ea00000, 0x000000008eb00000|  0%| F|  |TAMS 0x000000008ea00000, 0x000000008ea00000| Untracked 
| 235|0x000000008eb00000, 0x000000008eb00000, 0x000000008ec00000|  0%| F|  |TAMS 0x000000008eb00000, 0x000000008eb00000| Untracked 
| 236|0x000000008ec00000, 0x000000008ec00000, 0x000000008ed00000|  0%| F|  |TAMS 0x000000008ec00000, 0x000000008ec00000| Untracked 
| 237|0x000000008ed00000, 0x000000008ed00000, 0x000000008ee00000|  0%| F|  |TAMS 0x000000008ed00000, 0x000000008ed00000| Untracked 
| 238|0x000000008ee00000, 0x000000008ee00000, 0x000000008ef00000|  0%| F|  |TAMS 0x000000008ee00000, 0x000000008ee00000| Untracked 
| 239|0x000000008ef00000, 0x000000008ef00000, 0x000000008f000000|  0%| F|  |TAMS 0x000000008ef00000, 0x000000008ef00000| Untracked 
| 240|0x000000008f000000, 0x000000008f000000, 0x000000008f100000|  0%| F|  |TAMS 0x000000008f000000, 0x000000008f000000| Untracked 
| 241|0x000000008f100000, 0x000000008f100000, 0x000000008f200000|  0%| F|  |TAMS 0x000000008f100000, 0x000000008f100000| Untracked 
| 242|0x000000008f200000, 0x000000008f200000, 0x000000008f300000|  0%| F|  |TAMS 0x000000008f200000, 0x000000008f200000| Untracked 
| 243|0x000000008f300000, 0x000000008f300000, 0x000000008f400000|  0%| F|  |TAMS 0x000000008f300000, 0x000000008f300000| Untracked 
| 244|0x000000008f400000, 0x000000008f400000, 0x000000008f500000|  0%| F|  |TAMS 0x000000008f400000, 0x000000008f400000| Untracked 
| 245|0x000000008f500000, 0x000000008f500000, 0x000000008f600000|  0%| F|  |TAMS 0x000000008f500000, 0x000000008f500000| Untracked 
| 246|0x000000008f600000, 0x000000008f600000, 0x000000008f700000|  0%| F|  |TAMS 0x000000008f600000, 0x000000008f600000| Untracked 
| 247|0x000000008f700000, 0x000000008f700000, 0x000000008f800000|  0%| F|  |TAMS 0x000000008f700000, 0x000000008f700000| Untracked 
| 248|0x000000008f800000, 0x000000008f800000, 0x000000008f900000|  0%| F|  |TAMS 0x000000008f800000, 0x000000008f800000| Untracked 
| 249|0x000000008f900000, 0x000000008f900000, 0x000000008fa00000|  0%| F|  |TAMS 0x000000008f900000, 0x000000008f900000| Untracked 
| 250|0x000000008fa00000, 0x000000008fa00000, 0x000000008fb00000|  0%| F|  |TAMS 0x000000008fa00000, 0x000000008fa00000| Untracked 
| 251|0x000000008fb00000, 0x000000008fb00000, 0x000000008fc00000|  0%| F|  |TAMS 0x000000008fb00000, 0x000000008fb00000| Untracked 
| 252|0x000000008fc00000, 0x000000008fc00000, 0x000000008fd00000|  0%| F|  |TAMS 0x000000008fc00000, 0x000000008fc00000| Untracked 
| 253|0x000000008fd00000, 0x000000008fd00000, 0x000000008fe00000|  0%| F|  |TAMS 0x000000008fd00000, 0x000000008fd00000| Untracked 
| 254|0x000000008fe00000, 0x000000008fe00000, 0x000000008ff00000|  0%| F|  |TAMS 0x000000008fe00000, 0x000000008fe00000| Untracked 
| 255|0x000000008ff00000, 0x000000008ff00000, 0x0000000090000000|  0%| F|  |TAMS 0x000000008ff00000, 0x000000008ff00000| Untracked 
| 256|0x0000000090000000, 0x0000000090000000, 0x0000000090100000|  0%| F|  |TAMS 0x0000000090000000, 0x0000000090000000| Untracked 
| 257|0x0000000090100000, 0x0000000090100000, 0x0000000090200000|  0%| F|  |TAMS 0x0000000090100000, 0x0000000090100000| Untracked 
| 258|0x0000000090200000, 0x0000000090200000, 0x0000000090300000|  0%| F|  |TAMS 0x0000000090200000, 0x0000000090200000| Untracked 
| 259|0x0000000090300000, 0x0000000090300000, 0x0000000090400000|  0%| F|  |TAMS 0x0000000090300000, 0x0000000090300000| Untracked 
| 260|0x0000000090400000, 0x0000000090400000, 0x0000000090500000|  0%| F|  |TAMS 0x0000000090400000, 0x0000000090400000| Untracked 
| 261|0x0000000090500000, 0x0000000090500000, 0x0000000090600000|  0%| F|  |TAMS 0x0000000090500000, 0x0000000090500000| Untracked 
| 262|0x0000000090600000, 0x0000000090600000, 0x0000000090700000|  0%| F|  |TAMS 0x0000000090600000, 0x0000000090600000| Untracked 
| 263|0x0000000090700000, 0x0000000090700000, 0x0000000090800000|  0%| F|  |TAMS 0x0000000090700000, 0x0000000090700000| Untracked 
| 264|0x0000000090800000, 0x0000000090800000, 0x0000000090900000|  0%| F|  |TAMS 0x0000000090800000, 0x0000000090800000| Untracked 
| 265|0x0000000090900000, 0x0000000090900000, 0x0000000090a00000|  0%| F|  |TAMS 0x0000000090900000, 0x0000000090900000| Untracked 
| 266|0x0000000090a00000, 0x0000000090a00000, 0x0000000090b00000|  0%| F|  |TAMS 0x0000000090a00000, 0x0000000090a00000| Untracked 
| 267|0x0000000090b00000, 0x0000000090b00000, 0x0000000090c00000|  0%| F|  |TAMS 0x0000000090b00000, 0x0000000090b00000| Untracked 
| 268|0x0000000090c00000, 0x0000000090c00000, 0x0000000090d00000|  0%| F|  |TAMS 0x0000000090c00000, 0x0000000090c00000| Untracked 
| 269|0x0000000090d00000, 0x0000000090d00000, 0x0000000090e00000|  0%| F|  |TAMS 0x0000000090d00000, 0x0000000090d00000| Untracked 
| 270|0x0000000090e00000, 0x0000000090e00000, 0x0000000090f00000|  0%| F|  |TAMS 0x0000000090e00000, 0x0000000090e00000| Untracked 
| 271|0x0000000090f00000, 0x0000000090f00000, 0x0000000091000000|  0%| F|  |TAMS 0x0000000090f00000, 0x0000000090f00000| Untracked 
| 272|0x0000000091000000, 0x0000000091000000, 0x0000000091100000|  0%| F|  |TAMS 0x0000000091000000, 0x0000000091000000| Untracked 
| 273|0x0000000091100000, 0x0000000091100000, 0x0000000091200000|  0%| F|  |TAMS 0x0000000091100000, 0x0000000091100000| Untracked 
| 274|0x0000000091200000, 0x0000000091200000, 0x0000000091300000|  0%| F|  |TAMS 0x0000000091200000, 0x0000000091200000| Untracked 
| 275|0x0000000091300000, 0x0000000091300000, 0x0000000091400000|  0%| F|  |TAMS 0x0000000091300000, 0x0000000091300000| Untracked 
| 276|0x0000000091400000, 0x0000000091400000, 0x0000000091500000|  0%| F|  |TAMS 0x0000000091400000, 0x0000000091400000| Untracked 
| 277|0x0000000091500000, 0x0000000091500000, 0x0000000091600000|  0%| F|  |TAMS 0x0000000091500000, 0x0000000091500000| Untracked 
| 278|0x0000000091600000, 0x0000000091600000, 0x0000000091700000|  0%| F|  |TAMS 0x0000000091600000, 0x0000000091600000| Untracked 
| 279|0x0000000091700000, 0x0000000091700000, 0x0000000091800000|  0%| F|  |TAMS 0x0000000091700000, 0x0000000091700000| Untracked 
| 280|0x0000000091800000, 0x0000000091800000, 0x0000000091900000|  0%| F|  |TAMS 0x0000000091800000, 0x0000000091800000| Untracked 
| 281|0x0000000091900000, 0x0000000091900000, 0x0000000091a00000|  0%| F|  |TAMS 0x0000000091900000, 0x0000000091900000| Untracked 
| 282|0x0000000091a00000, 0x0000000091a00000, 0x0000000091b00000|  0%| F|  |TAMS 0x0000000091a00000, 0x0000000091a00000| Untracked 
| 283|0x0000000091b00000, 0x0000000091b00000, 0x0000000091c00000|  0%| F|  |TAMS 0x0000000091b00000, 0x0000000091b00000| Untracked 
| 284|0x0000000091c00000, 0x0000000091c00000, 0x0000000091d00000|  0%| F|  |TAMS 0x0000000091c00000, 0x0000000091c00000| Untracked 
| 285|0x0000000091d00000, 0x0000000091d00000, 0x0000000091e00000|  0%| F|  |TAMS 0x0000000091d00000, 0x0000000091d00000| Untracked 
| 286|0x0000000091e00000, 0x0000000091e00000, 0x0000000091f00000|  0%| F|  |TAMS 0x0000000091e00000, 0x0000000091e00000| Untracked 
| 287|0x0000000091f00000, 0x0000000091f00000, 0x0000000092000000|  0%| F|  |TAMS 0x0000000091f00000, 0x0000000091f00000| Untracked 
| 288|0x0000000092000000, 0x0000000092000000, 0x0000000092100000|  0%| F|  |TAMS 0x0000000092000000, 0x0000000092000000| Untracked 
| 289|0x0000000092100000, 0x0000000092100000, 0x0000000092200000|  0%| F|  |TAMS 0x0000000092100000, 0x0000000092100000| Untracked 
| 290|0x0000000092200000, 0x0000000092200000, 0x0000000092300000|  0%| F|  |TAMS 0x0000000092200000, 0x0000000092200000| Untracked 
| 291|0x0000000092300000, 0x0000000092300000, 0x0000000092400000|  0%| F|  |TAMS 0x0000000092300000, 0x0000000092300000| Untracked 
| 292|0x0000000092400000, 0x0000000092400000, 0x0000000092500000|  0%| F|  |TAMS 0x0000000092400000, 0x0000000092400000| Untracked 
| 293|0x0000000092500000, 0x0000000092500000, 0x0000000092600000|  0%| F|  |TAMS 0x0000000092500000, 0x0000000092500000| Untracked 
| 294|0x0000000092600000, 0x0000000092600000, 0x0000000092700000|  0%| F|  |TAMS 0x0000000092600000, 0x0000000092600000| Untracked 
| 295|0x0000000092700000, 0x0000000092700000, 0x0000000092800000|  0%| F|  |TAMS 0x0000000092700000, 0x0000000092700000| Untracked 
| 296|0x0000000092800000, 0x0000000092800000, 0x0000000092900000|  0%| F|  |TAMS 0x0000000092800000, 0x0000000092800000| Untracked 
| 297|0x0000000092900000, 0x0000000092900000, 0x0000000092a00000|  0%| F|  |TAMS 0x0000000092900000, 0x0000000092900000| Untracked 
| 298|0x0000000092a00000, 0x0000000092a00000, 0x0000000092b00000|  0%| F|  |TAMS 0x0000000092a00000, 0x0000000092a00000| Untracked 
| 299|0x0000000092b00000, 0x0000000092b00000, 0x0000000092c00000|  0%| F|  |TAMS 0x0000000092b00000, 0x0000000092b00000| Untracked 
| 300|0x0000000092c00000, 0x0000000092c00000, 0x0000000092d00000|  0%| F|  |TAMS 0x0000000092c00000, 0x0000000092c00000| Untracked 
| 301|0x0000000092d00000, 0x0000000092d00000, 0x0000000092e00000|  0%| F|  |TAMS 0x0000000092d00000, 0x0000000092d00000| Untracked 
| 302|0x0000000092e00000, 0x0000000092e00000, 0x0000000092f00000|  0%| F|  |TAMS 0x0000000092e00000, 0x0000000092e00000| Untracked 
| 303|0x0000000092f00000, 0x0000000092f00000, 0x0000000093000000|  0%| F|  |TAMS 0x0000000092f00000, 0x0000000092f00000| Untracked 
| 304|0x0000000093000000, 0x0000000093000000, 0x0000000093100000|  0%| F|  |TAMS 0x0000000093000000, 0x0000000093000000| Untracked 
| 305|0x0000000093100000, 0x0000000093100000, 0x0000000093200000|  0%| F|  |TAMS 0x0000000093100000, 0x0000000093100000| Untracked 
| 306|0x0000000093200000, 0x0000000093200000, 0x0000000093300000|  0%| F|  |TAMS 0x0000000093200000, 0x0000000093200000| Untracked 
| 307|0x0000000093300000, 0x0000000093300000, 0x0000000093400000|  0%| F|  |TAMS 0x0000000093300000, 0x0000000093300000| Untracked 
| 308|0x0000000093400000, 0x0000000093400000, 0x0000000093500000|  0%| F|  |TAMS 0x0000000093400000, 0x0000000093400000| Untracked 
| 309|0x0000000093500000, 0x0000000093500000, 0x0000000093600000|  0%| F|  |TAMS 0x0000000093500000, 0x0000000093500000| Untracked 
| 310|0x0000000093600000, 0x0000000093600000, 0x0000000093700000|  0%| F|  |TAMS 0x0000000093600000, 0x0000000093600000| Untracked 
| 311|0x0000000093700000, 0x0000000093700000, 0x0000000093800000|  0%| F|  |TAMS 0x0000000093700000, 0x0000000093700000| Untracked 
| 312|0x0000000093800000, 0x0000000093800000, 0x0000000093900000|  0%| F|  |TAMS 0x0000000093800000, 0x0000000093800000| Untracked 
| 313|0x0000000093900000, 0x0000000093900000, 0x0000000093a00000|  0%| F|  |TAMS 0x0000000093900000, 0x0000000093900000| Untracked 
| 314|0x0000000093a00000, 0x0000000093a00000, 0x0000000093b00000|  0%| F|  |TAMS 0x0000000093a00000, 0x0000000093a00000| Untracked 
| 315|0x0000000093b00000, 0x0000000093b00000, 0x0000000093c00000|  0%| F|  |TAMS 0x0000000093b00000, 0x0000000093b00000| Untracked 
| 316|0x0000000093c00000, 0x0000000093c00000, 0x0000000093d00000|  0%| F|  |TAMS 0x0000000093c00000, 0x0000000093c00000| Untracked 
| 317|0x0000000093d00000, 0x0000000093d00000, 0x0000000093e00000|  0%| F|  |TAMS 0x0000000093d00000, 0x0000000093d00000| Untracked 
| 318|0x0000000093e00000, 0x0000000093e00000, 0x0000000093f00000|  0%| F|  |TAMS 0x0000000093e00000, 0x0000000093e00000| Untracked 
| 319|0x0000000093f00000, 0x0000000093f00000, 0x0000000094000000|  0%| F|  |TAMS 0x0000000093f00000, 0x0000000093f00000| Untracked 
| 320|0x0000000094000000, 0x0000000094000000, 0x0000000094100000|  0%| F|  |TAMS 0x0000000094000000, 0x0000000094000000| Untracked 
| 321|0x0000000094100000, 0x0000000094100000, 0x0000000094200000|  0%| F|  |TAMS 0x0000000094100000, 0x0000000094100000| Untracked 
| 322|0x0000000094200000, 0x0000000094200000, 0x0000000094300000|  0%| F|  |TAMS 0x0000000094200000, 0x0000000094200000| Untracked 
| 323|0x0000000094300000, 0x0000000094300000, 0x0000000094400000|  0%| F|  |TAMS 0x0000000094300000, 0x0000000094300000| Untracked 
| 324|0x0000000094400000, 0x0000000094400000, 0x0000000094500000|  0%| F|  |TAMS 0x0000000094400000, 0x0000000094400000| Untracked 
| 325|0x0000000094500000, 0x0000000094500000, 0x0000000094600000|  0%| F|  |TAMS 0x0000000094500000, 0x0000000094500000| Untracked 
| 326|0x0000000094600000, 0x0000000094600000, 0x0000000094700000|  0%| F|  |TAMS 0x0000000094600000, 0x0000000094600000| Untracked 

Card table byte_map: [0x0000015ef70b0000,0x0000015ef74b0000] _byte_map_base: 0x0000015ef6cb0000

Marking Bits (Prev, Next): (CMBitMap*) 0x0000015ef3836da0, (CMBitMap*) 0x0000015ef3836d60
 Prev Bits: [0x0000015ef98b0000, 0x0000015efb8b0000)
 Next Bits: [0x0000015ef78b0000, 0x0000015ef98b0000)

Polling page: 0x0000015ef1760000

Metaspace:

Usage:
  Non-class:     97.62 MB used.
      Class:     15.36 MB used.
       Both:    112.98 MB used.

Virtual space:
  Non-class space:      104.00 MB reserved,      98.00 MB ( 94%) committed,  13 nodes.
      Class space:        1.00 GB reserved,      15.69 MB (  2%) committed,  1 nodes.
             Both:        1.10 GB reserved,     113.69 MB ( 10%) committed. 

Chunk freelists:
   Non-Class:  1.83 MB
       Class:  338.00 KB
        Both:  2.16 MB

MaxMetaspaceSize: unlimited
CompressedClassSpaceSize: 1.00 GB
Initial GC threshold: 21.00 MB
Current GC threshold: 189.38 MB
CDS: off
MetaspaceReclaimPolicy: balanced
 - commit_granule_bytes: 65536.
 - commit_granule_words: 8192.
 - virtual_space_node_default_size: 1048576.
 - enlarge_chunks_in_place: 1.
 - new_chunks_are_fully_committed: 0.
 - uncommit_free_chunks: 1.
 - use_allocation_guard: 0.
 - handle_deallocations: 1.


Internal statistics:

num_allocs_failed_limit: 9.
num_arena_births: 1056.
num_arena_deaths: 14.
num_vsnodes_births: 14.
num_vsnodes_deaths: 0.
num_space_committed: 1818.
num_space_uncommitted: 0.
num_chunks_returned_to_freelist: 25.
num_chunks_taken_from_freelist: 5381.
num_chunk_merges: 13.
num_chunk_splits: 3633.
num_chunks_enlarged: 2578.
num_purges: 2.
num_inconsistent_stats: 0.

CodeHeap 'non-profiled nmethods': size=120000Kb used=6510Kb max_used=6510Kb free=113489Kb
 bounds [0x0000015e87ad0000, 0x0000015e88140000, 0x0000015e8f000000]
CodeHeap 'profiled nmethods': size=120000Kb used=30449Kb max_used=30449Kb free=89550Kb
 bounds [0x0000015e80000000, 0x0000015e81dc0000, 0x0000015e87530000]
CodeHeap 'non-nmethods': size=5760Kb used=2417Kb max_used=2525Kb free=3342Kb
 bounds [0x0000015e87530000, 0x0000015e877d0000, 0x0000015e87ad0000]
 total_blobs=14862 nmethods=13914 adapters=859
 compilation: enabled
              stopped_count=0, restarted_count=0
 full_count=0

Compilation events (20 events):
Event: 26.592 Thread 0x0000015efe8269a0 16348       2       com.android.tools.r8.internal.EG::<init> (37 bytes)
Event: 26.592 Thread 0x0000015efe8269a0 nmethod 16348 0x0000015e81dac610 code [0x0000015e81dac7a0, 0x0000015e81dac928]
Event: 26.592 Thread 0x0000015efe8269a0 16349       2       com.android.tools.r8.internal.EG::a (12 bytes)
Event: 26.592 Thread 0x0000015efe8269a0 nmethod 16349 0x0000015e81daca10 code [0x0000015e81dacba0, 0x0000015e81daccc8]
Event: 26.597 Thread 0x0000015efe8269a0 16352       2       com.android.tools.r8.internal.c10::v (2 bytes)
Event: 26.597 Thread 0x0000015efe8269a0 nmethod 16352 0x0000015e81dacd90 code [0x0000015e81dacf20, 0x0000015e81dad038]
Event: 26.602 Thread 0x0000015efe8269a0 16353       2       com.android.tools.r8.internal.M6::w (2 bytes)
Event: 26.602 Thread 0x0000015efe8269a0 nmethod 16353 0x0000015e81dad110 code [0x0000015e81dad2a0, 0x0000015e81dad3b8]
Event: 26.607 Thread 0x0000015efe8269a0 16355 %     3       com.android.tools.r8.ir.optimize.F::r @ 205 (827 bytes)
Event: 26.620 Thread 0x0000015efe8269a0 nmethod 16355% 0x0000015e81dad490 code [0x0000015e81dae240, 0x0000015e81db8188]
Event: 26.620 Thread 0x0000015efe8269a0 16357       2       com.android.tools.r8.internal.Pa::a (17 bytes)
Event: 26.620 Thread 0x0000015efe8269a0 nmethod 16357 0x0000015e81dbb390 code [0x0000015e81dbb540, 0x0000015e81dbb6c8]
Event: 26.620 Thread 0x0000015efe8269a0 16356       2       com.android.tools.r8.internal.V7::w (2 bytes)
Event: 26.620 Thread 0x0000015efe8269a0 nmethod 16356 0x0000015e81dbb790 code [0x0000015e81dbb920, 0x0000015e81dbba38]
Event: 26.620 Thread 0x0000015efe8269a0 16358       2       com.android.tools.r8.internal.M6::a (22 bytes)
Event: 26.621 Thread 0x0000015efe8269a0 nmethod 16358 0x0000015e81dbbb10 code [0x0000015e81dbbcc0, 0x0000015e81dbbe58]
Event: 26.621 Thread 0x0000015efe8269a0 16359       2       com.android.tools.r8.internal.M6::a (19 bytes)
Event: 26.621 Thread 0x0000015efe8269a0 nmethod 16359 0x0000015e81dbc010 code [0x0000015e81dbc1c0, 0x0000015e81dbc368]
Event: 26.621 Thread 0x0000015efe8269a0 16360       2       com.android.tools.r8.internal.M6::a (16 bytes)
Event: 26.621 Thread 0x0000015efe8269a0 nmethod 16360 0x0000015e81dbc510 code [0x0000015e81dbc6a0, 0x0000015e81dbc7e8]

GC Heap History (20 events):
Event: 18.939 GC heap after
{Heap after GC invocations=26 (full 0):
 garbage-first heap   total 232448K, used 93600K [0x0000000080000000, 0x0000000100000000)
  region size 1024K, 11 young (11264K), 11 survivors (11264K)
 Metaspace       used 97175K, committed 97856K, reserved 1138688K
  class space    used 13195K, committed 13504K, reserved 1048576K
}
Event: 20.384 GC heap before
{Heap before GC invocations=26 (full 0):
 garbage-first heap   total 232448K, used 184736K [0x0000000080000000, 0x0000000100000000)
  region size 1024K, 101 young (103424K), 11 survivors (11264K)
 Metaspace       used 105438K, committed 106112K, reserved 1146880K
  class space    used 14335K, committed 14656K, reserved 1048576K
}
Event: 20.415 GC heap after
{Heap after GC invocations=27 (full 0):
 garbage-first heap   total 232448K, used 103364K [0x0000000080000000, 0x0000000100000000)
  region size 1024K, 10 young (10240K), 10 survivors (10240K)
 Metaspace       used 105438K, committed 106112K, reserved 1146880K
  class space    used 14335K, committed 14656K, reserved 1048576K
}
Event: 21.512 GC heap before
{Heap before GC invocations=27 (full 0):
 garbage-first heap   total 232448K, used 185284K [0x0000000080000000, 0x0000000100000000)
  region size 1024K, 91 young (93184K), 10 survivors (10240K)
 Metaspace       used 111464K, committed 112192K, reserved 1146880K
  class space    used 15291K, committed 15616K, reserved 1048576K
}
Event: 21.545 GC heap after
{Heap after GC invocations=28 (full 0):
 garbage-first heap   total 232448K, used 115519K [0x0000000080000000, 0x0000000100000000)
  region size 1024K, 12 young (12288K), 12 survivors (12288K)
 Metaspace       used 111464K, committed 112192K, reserved 1146880K
  class space    used 15291K, committed 15616K, reserved 1048576K
}
Event: 22.554 GC heap before
{Heap before GC invocations=28 (full 0):
 garbage-first heap   total 232448K, used 186175K [0x0000000080000000, 0x0000000100000000)
  region size 1024K, 82 young (83968K), 12 survivors (12288K)
 Metaspace       used 114146K, committed 114816K, reserved 1155072K
  class space    used 15618K, committed 15936K, reserved 1048576K
}
Event: 22.585 GC heap after
{Heap after GC invocations=29 (full 0):
 garbage-first heap   total 232448K, used 120779K [0x0000000080000000, 0x0000000100000000)
  region size 1024K, 6 young (6144K), 6 survivors (6144K)
 Metaspace       used 114146K, committed 114816K, reserved 1155072K
  class space    used 15618K, committed 15936K, reserved 1048576K
}
Event: 23.586 GC heap before
{Heap before GC invocations=29 (full 0):
 garbage-first heap   total 232448K, used 189387K [0x0000000080000000, 0x0000000100000000)
  region size 1024K, 73 young (74752K), 6 survivors (6144K)
 Metaspace       used 114911K, committed 115648K, reserved 1155072K
  class space    used 15713K, committed 16064K, reserved 1048576K
}
Event: 23.613 GC heap after
{Heap after GC invocations=30 (full 0):
 garbage-first heap   total 279552K, used 120717K [0x0000000080000000, 0x0000000100000000)
  region size 1024K, 6 young (6144K), 6 survivors (6144K)
 Metaspace       used 114911K, committed 115648K, reserved 1155072K
  class space    used 15713K, committed 16064K, reserved 1048576K
}
Event: 24.905 GC heap before
{Heap before GC invocations=31 (full 0):
 garbage-first heap   total 279552K, used 225165K [0x0000000080000000, 0x0000000100000000)
  region size 1024K, 109 young (111616K), 6 survivors (6144K)
 Metaspace       used 115457K, committed 116224K, reserved 1155072K
  class space    used 15717K, committed 16064K, reserved 1048576K
}
Event: 24.931 GC heap after
{Heap after GC invocations=32 (full 0):
 garbage-first heap   total 279552K, used 131786K [0x0000000080000000, 0x0000000100000000)
  region size 1024K, 14 young (14336K), 14 survivors (14336K)
 Metaspace       used 115457K, committed 116224K, reserved 1155072K
  class space    used 15717K, committed 16064K, reserved 1048576K
}
Event: 24.945 GC heap before
{Heap before GC invocations=32 (full 0):
 garbage-first heap   total 279552K, used 132810K [0x0000000080000000, 0x0000000100000000)
  region size 1024K, 15 young (15360K), 14 survivors (14336K)
 Metaspace       used 115460K, committed 116224K, reserved 1155072K
  class space    used 15717K, committed 16064K, reserved 1048576K
}
Event: 24.971 GC heap after
{Heap after GC invocations=33 (full 0):
 garbage-first heap   total 279552K, used 133196K [0x0000000080000000, 0x0000000100000000)
  region size 1024K, 2 young (2048K), 2 survivors (2048K)
 Metaspace       used 115460K, committed 116224K, reserved 1155072K
  class space    used 15717K, committed 16064K, reserved 1048576K
}
Event: 25.392 GC heap before
{Heap before GC invocations=33 (full 0):
 garbage-first heap   total 279552K, used 224332K [0x0000000080000000, 0x0000000100000000)
  region size 1024K, 92 young (94208K), 2 survivors (2048K)
 Metaspace       used 115581K, committed 116352K, reserved 1155072K
  class space    used 15722K, committed 16064K, reserved 1048576K
}
Event: 25.413 GC heap after
{Heap after GC invocations=34 (full 0):
 garbage-first heap   total 279552K, used 146379K [0x0000000080000000, 0x0000000100000000)
  region size 1024K, 12 young (12288K), 12 survivors (12288K)
 Metaspace       used 115581K, committed 116352K, reserved 1155072K
  class space    used 15722K, committed 16064K, reserved 1048576K
}
Event: 26.065 GC heap before
{Heap before GC invocations=35 (full 0):
 garbage-first heap   total 334848K, used 221131K [0x0000000080000000, 0x0000000100000000)
  region size 1024K, 86 young (88064K), 12 survivors (12288K)
 Metaspace       used 115635K, committed 116352K, reserved 1155072K
  class space    used 15722K, committed 16064K, reserved 1048576K
}
Event: 26.095 GC heap after
{Heap after GC invocations=36 (full 0):
 garbage-first heap   total 334848K, used 157867K [0x0000000080000000, 0x0000000100000000)
  region size 1024K, 11 young (11264K), 11 survivors (11264K)
 Metaspace       used 115635K, committed 116352K, reserved 1155072K
  class space    used 15722K, committed 16064K, reserved 1048576K
}
Event: 26.121 GC heap before
{Heap before GC invocations=36 (full 0):
 garbage-first heap   total 334848K, used 162987K [0x0000000080000000, 0x0000000100000000)
  region size 1024K, 16 young (16384K), 11 survivors (11264K)
 Metaspace       used 115637K, committed 116352K, reserved 1155072K
  class space    used 15722K, committed 16064K, reserved 1048576K
}
Event: 26.143 GC heap after
{Heap after GC invocations=37 (full 0):
 garbage-first heap   total 334848K, used 159165K [0x0000000080000000, 0x0000000100000000)
  region size 1024K, 2 young (2048K), 2 survivors (2048K)
 Metaspace       used 115637K, committed 116352K, reserved 1155072K
  class space    used 15722K, committed 16064K, reserved 1048576K
}
Event: 26.625 GC heap before
{Heap before GC invocations=37 (full 0):
 garbage-first heap   total 334848K, used 264637K [0x0000000080000000, 0x0000000100000000)
  region size 1024K, 105 young (107520K), 2 survivors (2048K)
 Metaspace       used 115695K, committed 116416K, reserved 1155072K
  class space    used 15727K, committed 16064K, reserved 1048576K
}

Dll operation events (2 events):
Event: 0.008 Loaded shared library D:\Android\jbr\bin\java.dll
Event: 0.479 Loaded shared library D:\Android\jbr\bin\verify.dll

Deoptimization events (20 events):
Event: 26.320 Thread 0x0000015e93a92340 DEOPT PACKING pc=0x0000015e81d13e44 sp=0x00000028114fa290
Event: 26.320 Thread 0x0000015e93a92340 DEOPT UNPACKING pc=0x0000015e87587143 sp=0x00000028114f9780 mode 0
Event: 26.349 Thread 0x0000015e93a92340 DEOPT PACKING pc=0x0000015e81524bcd sp=0x00000028114f9a00
Event: 26.349 Thread 0x0000015e93a92340 DEOPT UNPACKING pc=0x0000015e87587143 sp=0x00000028114f9188 mode 0
Event: 26.358 Thread 0x0000015e93a92340 DEOPT PACKING pc=0x0000015e81525d8c sp=0x00000028114f9a00
Event: 26.358 Thread 0x0000015e93a92340 DEOPT UNPACKING pc=0x0000015e87587143 sp=0x00000028114f9188 mode 0
Event: 26.403 Thread 0x0000015e93a91000 DEOPT PACKING pc=0x0000015e81683130 sp=0x0000002811df9a70
Event: 26.403 Thread 0x0000015e93a91000 DEOPT UNPACKING pc=0x0000015e87587143 sp=0x0000002811df8f88 mode 0
Event: 26.418 Thread 0x0000015e93a92340 DEOPT PACKING pc=0x0000015e81d13e44 sp=0x00000028114fa290
Event: 26.418 Thread 0x0000015e93a92340 DEOPT UNPACKING pc=0x0000015e87587143 sp=0x00000028114f9780 mode 0
Event: 26.482 Thread 0x0000015e93a92340 DEOPT PACKING pc=0x0000015e81525d8c sp=0x00000028114f9a00
Event: 26.482 Thread 0x0000015e93a92340 DEOPT UNPACKING pc=0x0000015e87587143 sp=0x00000028114f9188 mode 0
Event: 26.498 Thread 0x0000015e93a92340 DEOPT PACKING pc=0x0000015e81d13e44 sp=0x00000028114fa290
Event: 26.498 Thread 0x0000015e93a92340 DEOPT UNPACKING pc=0x0000015e87587143 sp=0x00000028114f9780 mode 0
Event: 26.498 Thread 0x0000015e93a92340 DEOPT PACKING pc=0x0000015e81525d8c sp=0x00000028114f9a00
Event: 26.499 Thread 0x0000015e93a92340 DEOPT UNPACKING pc=0x0000015e87587143 sp=0x00000028114f9188 mode 0
Event: 26.564 Thread 0x0000015e93a92340 DEOPT PACKING pc=0x0000015e81525d8c sp=0x00000028114f9a00
Event: 26.564 Thread 0x0000015e93a92340 DEOPT UNPACKING pc=0x0000015e87587143 sp=0x00000028114f9188 mode 0
Event: 26.571 Thread 0x0000015e93a92340 DEOPT PACKING pc=0x0000015e81524c0f sp=0x00000028114f9a00
Event: 26.571 Thread 0x0000015e93a92340 DEOPT UNPACKING pc=0x0000015e87587143 sp=0x00000028114f9188 mode 0

Classes unloaded (7 events):
Event: 23.989 Thread 0x0000015efdd891a0 Unloading class 0x0000000100e28800 'java/lang/invoke/LambdaForm$DMH+0x0000000100e28800'
Event: 23.989 Thread 0x0000015efdd891a0 Unloading class 0x0000000100df0c00 'java/lang/invoke/LambdaForm$DMH+0x0000000100df0c00'
Event: 23.989 Thread 0x0000015efdd891a0 Unloading class 0x0000000100df0800 'java/lang/invoke/LambdaForm$DMH+0x0000000100df0800'
Event: 23.989 Thread 0x0000015efdd891a0 Unloading class 0x0000000100df0400 'java/lang/invoke/LambdaForm$DMH+0x0000000100df0400'
Event: 23.989 Thread 0x0000015efdd891a0 Unloading class 0x0000000100cfcc00 'java/lang/invoke/LambdaForm$DMH+0x0000000100cfcc00'
Event: 23.989 Thread 0x0000015efdd891a0 Unloading class 0x0000000100cfc800 'java/lang/invoke/LambdaForm$DMH+0x0000000100cfc800'
Event: 23.989 Thread 0x0000015efdd891a0 Unloading class 0x0000000100cfc000 'java/lang/invoke/LambdaForm$DMH+0x0000000100cfc000'

Classes redefined (0 events):
No events

Internal exceptions (20 events):
Event: 21.129 Thread 0x0000015e93a914d0 Exception <a 'java/lang/NoSuchMethodError'{0x000000008aadaff8}: 'int java.lang.invoke.DirectMethodHandle$Holder.invokeSpecial(java.lang.Object, java.lang.Object, java.lang.Object, int)'> (0x000000008aadaff8) 
thrown [s\src\hotspot\share\interpreter\linkResolver.cpp, line 771]
Event: 21.141 Thread 0x0000015e93a94020 Exception <a 'java/lang/NoSuchMethodError'{0x000000008a97a7b8}: 'int java.lang.invoke.DirectMethodHandle$Holder.invokeSpecial(java.lang.Object, java.lang.Object, java.lang.Object, int, java.lang.Object)'> (0x000000008a97a7b8) 
thrown [s\src\hotspot\share\interpreter\linkResolver.cpp, line 771]
Event: 21.774 Thread 0x0000015e90ab5060 Exception <a 'java/lang/NoSuchMethodError'{0x000000008d576280}: 'java.lang.Object java.lang.invoke.DirectMethodHandle$Holder.invokeInterface(java.lang.Object, java.lang.Object, int)'> (0x000000008d576280) 
thrown [s\src\hotspot\share\interpreter\linkResolver.cpp, line 771]
Event: 21.979 Thread 0x0000015e90ab5060 Exception <a 'java/lang/NoSuchMethodError'{0x000000008c637798}: 'java.lang.Object java.lang.invoke.DirectMethodHandle$Holder.newInvokeSpecial(java.lang.Object, java.lang.Object, int, java.lang.Object, java.lang.Object, java.lang.Object)'> (0x000000008c637798) 
thrown [s\src\hotspot\share\interpreter\linkResolver.cpp, line 771]
Event: 21.980 Thread 0x0000015e90ab5060 Exception <a 'java/lang/NoSuchMethodError'{0x000000008c63f760}: 'java.lang.Object java.lang.invoke.Invokers$Holder.linkToTargetMethod(java.lang.Object, int, java.lang.Object, java.lang.Object, java.lang.Object, java.lang.Object)'> (0x000000008c63f760) 
thrown [s\src\hotspot\share\interpreter\linkResolver.cpp, line 771]
Event: 21.981 Thread 0x0000015e90ab5060 Exception <a 'java/lang/NoSuchMethodError'{0x000000008c4aee20}: 'void java.lang.invoke.DirectMethodHandle$Holder.invokeSpecial(java.lang.Object, java.lang.Object, java.lang.Object, int, java.lang.Object, java.lang.Object, java.lang.Object, java.lang.Object)'> (0x000000008c4aee20) 
thrown [s\src\hotspot\share\interpreter\linkResolver.cpp, line 771]
Event: 22.014 Thread 0x0000015e90ab5060 Exception <a 'java/lang/NoSuchMethodError'{0x000000008c2df238}: 'void java.lang.invoke.DirectMethodHandle$Holder.invokeStatic(java.lang.Object, java.lang.Object, java.lang.Object, java.lang.Object, java.lang.Object, java.lang.Object, java.lang.Object, java.lang.Object)'> (0x000000008c2df238) 
thrown [s\src\hotspot\share\interpreter\linkResolver.cpp, line 771]
Event: 22.417 Thread 0x0000015e93a91000 Exception <a 'java/lang/NoSuchMethodError'{0x000000008a8121c0}: 'java.lang.Object java.lang.invoke.DirectMethodHandle$Holder.newInvokeSpecial(java.lang.Object, java.lang.Object, java.lang.Object, java.lang.Object, java.lang.Object, java.lang.Object, java.lang.Object, java.lang.Object, java.lang.Object, java.lang.Object)'> (0x000000008a8121c0) 
thrown [s\src\hotspot\share\interpreter\linkResolver.cpp, line 771]
Event: 22.418 Thread 0x0000015e93a91000 Exception <a 'java/lang/NoSuchMethodError'{0x000000008a816e00}: 'java.lang.Object java.lang.invoke.Invokers$Holder.linkToTargetMethod(java.lang.Object, java.lang.Object, java.lang.Object, java.lang.Object, java.lang.Object, java.lang.Object, java.lang.Object, java.lang.Object, java.lang.Object, java.lang.Object)'> (0x000000008a816e00) 
thrown [s\src\hotspot\share\interpreter\linkResolver.cpp, line 771]
Event: 22.419 Thread 0x0000015e93a91000 Exception <a 'java/lang/NoSuchMethodError'{0x000000008a81b810}: 'int java.lang.invoke.DirectMethodHandle$Holder.invokeSpecial(java.lang.Object, java.lang.Object, int)'> (0x000000008a81b810) 
thrown [s\src\hotspot\share\interpreter\linkResolver.cpp, line 771]
Event: 22.481 Thread 0x0000015e93a91000 Exception <a 'java/lang/IncompatibleClassChangeError'{0x000000008a2592b8}: Found class java.lang.Object, but interface was expected> (0x000000008a2592b8) 
thrown [s\src\hotspot\share\interpreter\linkResolver.cpp, line 838]
Event: 22.504 Thread 0x0000015e90ab5060 Exception <a 'java/lang/IncompatibleClassChangeError'{0x000000008a2fb0b8}: Found class java.lang.Object, but interface was expected> (0x000000008a2fb0b8) 
thrown [s\src\hotspot\share\interpreter\linkResolver.cpp, line 838]
Event: 22.867 Thread 0x0000015e90ab5060 Exception <a 'java/lang/NoSuchMethodError'{0x000000008cc608e0}: 'void java.lang.invoke.DirectMethodHandle$Holder.invokeSpecial(java.lang.Object, java.lang.Object, int)'> (0x000000008cc608e0) 
thrown [s\src\hotspot\share\interpreter\linkResolver.cpp, line 771]
Event: 22.985 Thread 0x0000015e90ab5060 Exception <a 'sun/nio/fs/WindowsException'{0x000000008c5e4948}> (0x000000008c5e4948) 
thrown [s\src\hotspot\share\prims\jni.cpp, line 517]
Event: 24.334 Thread 0x0000015e93a92340 Exception <a 'sun/nio/fs/WindowsException'{0x000000008e28a3c0}> (0x000000008e28a3c0) 
thrown [s\src\hotspot\share\prims\jni.cpp, line 517]
Event: 24.357 Thread 0x0000015e93a94020 Exception <a 'sun/nio/fs/WindowsException'{0x000000008faf9800}> (0x000000008faf9800) 
thrown [s\src\hotspot\share\prims\jni.cpp, line 517]
Event: 24.978 Thread 0x0000015e93a91000 Exception <a 'java/lang/NoSuchMethodError'{0x00000000910696a8}: 'int java.lang.invoke.DirectMethodHandle$Holder.invokeStatic(java.lang.Object, java.lang.Object, int, java.lang.Object)'> (0x00000000910696a8) 
thrown [s\src\hotspot\share\interpreter\linkResolver.cpp, line 771]
Event: 24.985 Thread 0x0000015e93a944f0 Exception <a 'sun/nio/fs/WindowsException'{0x0000000090736668}> (0x0000000090736668) 
thrown [s\src\hotspot\share\prims\jni.cpp, line 517]
Event: 25.090 Thread 0x0000015e93a914d0 Exception <a 'sun/nio/fs/WindowsException'{0x000000008fa33d90}> (0x000000008fa33d90) 
thrown [s\src\hotspot\share\prims\jni.cpp, line 517]
Event: 25.464 Thread 0x0000015e93a93b50 Exception <a 'sun/nio/fs/WindowsException'{0x000000008feef540}> (0x000000008feef540) 
thrown [s\src\hotspot\share\prims\jni.cpp, line 517]

VM Operations (20 events):
Event: 24.864 Executing VM operation: ICBufferFull done
Event: 24.905 Executing VM operation: G1CollectForAllocation
Event: 24.934 Executing VM operation: G1CollectForAllocation done
Event: 24.945 Executing VM operation: G1CollectForAllocation
Event: 24.971 Executing VM operation: G1CollectForAllocation done
Event: 25.391 Executing VM operation: G1CollectForAllocation
Event: 25.419 Executing VM operation: G1CollectForAllocation done
Event: 25.777 Executing VM operation: HandshakeAllThreads
Event: 25.833 Executing VM operation: HandshakeAllThreads done
Event: 25.834 Executing VM operation: G1Concurrent
Event: 25.847 Executing VM operation: G1Concurrent done
Event: 26.041 Executing VM operation: G1Concurrent
Event: 26.045 Executing VM operation: G1Concurrent done
Event: 26.065 Executing VM operation: G1CollectForAllocation
Event: 26.104 Executing VM operation: G1CollectForAllocation done
Event: 26.121 Executing VM operation: G1CollectForAllocation
Event: 26.143 Executing VM operation: G1CollectForAllocation done
Event: 26.236 Executing VM operation: HandshakeAllThreads
Event: 26.244 Executing VM operation: HandshakeAllThreads done
Event: 26.624 Executing VM operation: G1CollectForAllocation

Events (20 events):
Event: 25.871 Thread 0x0000015efe827390 flushing nmethod 0x0000015e81651c90
Event: 25.871 Thread 0x0000015efe827390 flushing nmethod 0x0000015e81657f10
Event: 25.871 Thread 0x0000015efe827390 flushing nmethod 0x0000015e81660890
Event: 25.871 Thread 0x0000015efe827390 flushing nmethod 0x0000015e81663290
Event: 25.871 Thread 0x0000015efe827390 flushing nmethod 0x0000015e81663910
Event: 25.872 Thread 0x0000015efe827390 flushing nmethod 0x0000015e8166a110
Event: 25.872 Thread 0x0000015efe827390 flushing nmethod 0x0000015e8166a890
Event: 25.872 Thread 0x0000015efe827390 flushing nmethod 0x0000015e8166f890
Event: 25.872 Thread 0x0000015efe827390 flushing nmethod 0x0000015e8167d010
Event: 25.872 Thread 0x0000015efe827390 flushing nmethod 0x0000015e81694390
Event: 25.872 Thread 0x0000015efe827390 flushing nmethod 0x0000015e8169f290
Event: 25.872 Thread 0x0000015efe827390 flushing nmethod 0x0000015e816ad190
Event: 25.872 Thread 0x0000015efe827390 flushing nmethod 0x0000015e816b8190
Event: 25.872 Thread 0x0000015efe827390 flushing nmethod 0x0000015e816b9310
Event: 25.872 Thread 0x0000015efe827390 flushing nmethod 0x0000015e816b9710
Event: 25.872 Thread 0x0000015efe827390 flushing nmethod 0x0000015e816ba210
Event: 25.872 Thread 0x0000015efe827390 flushing nmethod 0x0000015e816e7210
Event: 25.873 Thread 0x0000015efe827390 flushing nmethod 0x0000015e81734d10
Event: 25.873 Thread 0x0000015efe827390 flushing nmethod 0x0000015e8175cf90
Event: 25.874 Thread 0x0000015efe827390 flushing nmethod 0x0000015e81839410


Dynamic libraries:
0x00007ff622080000 - 0x00007ff62208a000 	D:\Android\jbr\bin\java.exe
0x00007fff1c660000 - 0x00007fff1c869000 	C:\Windows\SYSTEM32\ntdll.dll
0x00007fff1ba30000 - 0x00007fff1baed000 	C:\Windows\System32\KERNEL32.DLL
0x00007fff19bf0000 - 0x00007fff19f64000 	C:\Windows\System32\KERNELBASE.dll
0x00007fff1a0d0000 - 0x00007fff1a1e1000 	C:\Windows\System32\ucrtbase.dll
0x00007fff05690000 - 0x00007fff056a7000 	D:\Android\jbr\bin\jli.dll
0x00007fff11d20000 - 0x00007fff11d3b000 	D:\Android\jbr\bin\VCRUNTIME140.dll
0x00007fff1be90000 - 0x00007fff1c03c000 	C:\Windows\System32\USER32.dll
0x00007fff1a0a0000 - 0x00007fff1a0c6000 	C:\Windows\System32\win32u.dll
0x00007fff01b40000 - 0x00007fff01de5000 	C:\Windows\WinSxS\amd64_microsoft.windows.common-controls_6595b64144ccf1df_6.0.22000.120_none_9d947278b86cc467\COMCTL32.dll
0x00007fff1c590000 - 0x00007fff1c5b9000 	C:\Windows\System32\GDI32.dll
0x00007fff1c060000 - 0x00007fff1c103000 	C:\Windows\System32\msvcrt.dll
0x00007fff1a1f0000 - 0x00007fff1a302000 	C:\Windows\System32\gdi32full.dll
0x00007fff19b50000 - 0x00007fff19bed000 	C:\Windows\System32\msvcp_win.dll
0x00007fff1baf0000 - 0x00007fff1bb21000 	C:\Windows\System32\IMM32.DLL
0x00007fff0eb30000 - 0x00007fff0eb3c000 	D:\Android\jbr\bin\vcruntime140_1.dll
0x00007ffef4cf0000 - 0x00007ffef4d7d000 	D:\Android\jbr\bin\msvcp140.dll
0x00007ffee3090000 - 0x00007ffee3cfe000 	D:\Android\jbr\bin\server\jvm.dll
0x00007fff1bb30000 - 0x00007fff1bbde000 	C:\Windows\System32\ADVAPI32.dll
0x00007fff1c470000 - 0x00007fff1c50e000 	C:\Windows\System32\sechost.dll
0x00007fff1c200000 - 0x00007fff1c320000 	C:\Windows\System32\RPCRT4.dll
0x00007fff0db10000 - 0x00007fff0db19000 	C:\Windows\SYSTEM32\WSOCK32.dll
0x00007fff12340000 - 0x00007fff12373000 	C:\Windows\SYSTEM32\WINMM.dll
0x00007fff1c510000 - 0x00007fff1c57f000 	C:\Windows\System32\WS2_32.dll
0x00007fff0d8c0000 - 0x00007fff0d8ca000 	C:\Windows\SYSTEM32\VERSION.dll
0x00007fff18610000 - 0x00007fff18628000 	C:\Windows\SYSTEM32\kernel.appcore.dll
0x00007fff16d80000 - 0x00007fff16d8a000 	D:\Android\jbr\bin\jimage.dll
0x00007fff17730000 - 0x00007fff17951000 	C:\Windows\SYSTEM32\DBGHELP.DLL
0x00007fff09590000 - 0x00007fff095c1000 	C:\Windows\SYSTEM32\dbgcore.DLL
0x00007fff1a480000 - 0x00007fff1a4ff000 	C:\Windows\System32\bcryptPrimitives.dll
0x00007fff12580000 - 0x00007fff125a5000 	D:\Android\jbr\bin\java.dll
0x00007fff11c50000 - 0x00007fff11c68000 	D:\Android\jbr\bin\zip.dll
0x00007fff1a640000 - 0x00007fff1adee000 	C:\Windows\System32\SHELL32.dll
0x00007fff17da0000 - 0x00007fff18607000 	C:\Windows\SYSTEM32\windows.storage.dll
0x00007fff1ae60000 - 0x00007fff1b1d8000 	C:\Windows\System32\combase.dll
0x00007fff17c30000 - 0x00007fff17d96000 	C:\Windows\SYSTEM32\wintypes.dll
0x00007fff1c110000 - 0x00007fff1c1fa000 	C:\Windows\System32\SHCORE.dll
0x00007fff1c5c0000 - 0x00007fff1c61d000 	C:\Windows\System32\shlwapi.dll
0x00007fff19a80000 - 0x00007fff19aa1000 	C:\Windows\SYSTEM32\profapi.dll
0x00007fff08970000 - 0x00007fff08989000 	D:\Android\jbr\bin\net.dll
0x00007fff12180000 - 0x00007fff1228c000 	C:\Windows\SYSTEM32\WINHTTP.dll
0x00007fff19060000 - 0x00007fff190c7000 	C:\Windows\system32\mswsock.dll
0x00007fff08950000 - 0x00007fff08966000 	D:\Android\jbr\bin\nio.dll
0x00007fff11d40000 - 0x00007fff11d50000 	D:\Android\jbr\bin\verify.dll
0x00007fff09370000 - 0x00007fff09397000 	C:\Users\Admin\.gradle\native\68d5fa5c4cc2d200863cafc0d521ce42e7d3e7ee720ec0a83991735586a16f82\windows-amd64\native-platform.dll
0x00007ffee7c30000 - 0x00007ffee7d74000 	C:\Users\Admin\.gradle\native\e376f236ea51e6404a007f0833ffe2c6e607c4080706a723a18a27aeea778392\windows-amd64\native-platform-file-events.dll
0x00007fff12730000 - 0x00007fff12739000 	D:\Android\jbr\bin\management.dll
0x00007fff12570000 - 0x00007fff1257b000 	D:\Android\jbr\bin\management_ext.dll
0x00007fff1adf0000 - 0x00007fff1adf8000 	C:\Windows\System32\PSAPI.DLL
0x00007fff192b0000 - 0x00007fff192c8000 	C:\Windows\SYSTEM32\CRYPTSP.dll
0x00007fff18cb0000 - 0x00007fff18ce5000 	C:\Windows\system32\rsaenh.dll
0x00007fff19150000 - 0x00007fff19179000 	C:\Windows\SYSTEM32\USERENV.dll
0x00007fff19420000 - 0x00007fff19447000 	C:\Windows\SYSTEM32\bcrypt.dll
0x00007fff192a0000 - 0x00007fff192ac000 	C:\Windows\SYSTEM32\CRYPTBASE.dll
0x00007fff18880000 - 0x00007fff188ad000 	C:\Windows\SYSTEM32\IPHLPAPI.DLL
0x00007fff1bdf0000 - 0x00007fff1bdf9000 	C:\Windows\System32\NSI.dll
0x00007fff11950000 - 0x00007fff11969000 	C:\Windows\SYSTEM32\dhcpcsvc6.DLL
0x00007fff12510000 - 0x00007fff1252e000 	C:\Windows\SYSTEM32\dhcpcsvc.DLL
0x00007fff188f0000 - 0x00007fff189d7000 	C:\Windows\SYSTEM32\DNSAPI.dll
0x00007fff0e830000 - 0x00007fff0e838000 	C:\Windows\system32\wshunix.dll
0x00007fff09b20000 - 0x00007fff09b37000 	C:\Windows\system32\napinsp.dll
0x00007fff09860000 - 0x00007fff0987b000 	C:\Windows\system32\pnrpnsp.dll
0x00007fff05710000 - 0x00007fff05722000 	C:\Windows\System32\winrnr.dll
0x00007ffefc240000 - 0x00007ffefc255000 	C:\Windows\system32\wshbth.dll
0x00007fff16430000 - 0x00007fff1644f000 	C:\Windows\system32\nlansp_c.dll
0x00007fff12500000 - 0x00007fff1250a000 	C:\Windows\System32\rasadhlp.dll
0x00007fff10570000 - 0x00007fff105f1000 	C:\Windows\System32\fwpuclnt.dll

dbghelp: loaded successfully - version: 4.0.5 - missing functions: none
symbol engine: initialized successfully - sym options: 0x614 - pdb path: .;D:\Android\jbr\bin;C:\Windows\SYSTEM32;C:\Windows\WinSxS\amd64_microsoft.windows.common-controls_6595b64144ccf1df_6.0.22000.120_none_9d947278b86cc467;D:\Android\jbr\bin\server;C:\Users\Admin\.gradle\native\68d5fa5c4cc2d200863cafc0d521ce42e7d3e7ee720ec0a83991735586a16f82\windows-amd64;C:\Users\Admin\.gradle\native\e376f236ea51e6404a007f0833ffe2c6e607c4080706a723a18a27aeea778392\windows-amd64

VM Arguments:
jvm_args: --add-opens=java.base/java.util=ALL-UNNAMED --add-opens=java.base/java.lang=ALL-UNNAMED --add-opens=java.base/java.lang.invoke=ALL-UNNAMED --add-opens=java.prefs/java.util.prefs=ALL-UNNAMED --add-opens=java.base/java.nio.charset=ALL-UNNAMED --add-opens=java.base/java.net=ALL-UNNAMED --add-opens=java.base/java.util.concurrent.atomic=ALL-UNNAMED -Xmx2048m -Dfile.encoding=UTF-8 -Duser.country=US -Duser.language=en -Duser.variant 
java_command: org.gradle.launcher.daemon.bootstrap.GradleDaemon 8.0
java_class_path (initial): C:\Users\Admin\.gradle\wrapper\dists\gradle-8.0-bin\ca5e32bp14vu59qr306oxotwh\gradle-8.0\lib\gradle-launcher-8.0.jar
Launcher Type: SUN_STANDARD

[Global flags]
     intx CICompilerCount                          = 3                                         {product} {ergonomic}
     uint ConcGCThreads                            = 1                                         {product} {ergonomic}
     uint G1ConcRefinementThreads                  = 4                                         {product} {ergonomic}
   size_t G1HeapRegionSize                         = 1048576                                   {product} {ergonomic}
    uintx GCDrainStackTargetSize                   = 64                                        {product} {ergonomic}
   size_t InitialHeapSize                          = 134217728                                 {product} {ergonomic}
   size_t MarkStackSize                            = 4194304                                   {product} {ergonomic}
   size_t MaxHeapSize                              = 2147483648                                {product} {command line}
   size_t MaxNewSize                               = 1287651328                                {product} {ergonomic}
   size_t MinHeapDeltaBytes                        = 1048576                                   {product} {ergonomic}
   size_t MinHeapSize                              = 8388608                                   {product} {ergonomic}
    uintx NonNMethodCodeHeapSize                   = 5832780                                {pd product} {ergonomic}
    uintx NonProfiledCodeHeapSize                  = 122912730                              {pd product} {ergonomic}
    uintx ProfiledCodeHeapSize                     = 122912730                              {pd product} {ergonomic}
    uintx ReservedCodeCacheSize                    = 251658240                              {pd product} {ergonomic}
     bool SegmentedCodeCache                       = true                                      {product} {ergonomic}
   size_t SoftMaxHeapSize                          = 2147483648                             {manageable} {ergonomic}
     bool UseCompressedClassPointers               = true                           {product lp64_product} {ergonomic}
     bool UseCompressedOops                        = true                           {product lp64_product} {ergonomic}
     bool UseG1GC                                  = true                                      {product} {ergonomic}
     bool UseLargePagesIndividualAllocation        = false                                  {pd product} {ergonomic}

Logging:
Log output configuration:
 #0: stdout all=warning uptime,level,tags
 #1: stderr all=off uptime,level,tags

Environment Variables:
PATH=C:\Program Files\Common Files\Oracle\Java\javapath;C:\Windows\system32;C:\Windows;C:\Windows\System32\Wbem;C:\Windows\System32\WindowsPowerShell\v1.0\;C:\Windows\System32\OpenSSH\;C:\Program Files (x86)\NVIDIA Corporation\PhysX\Common;C:\Users\Admin\AppData\Local\Microsoft\WindowsApps;;D:\JetBrains\IntelliJ IDEA 2023.2.3\bin;;D:\JetBrains\IntelliJ IDEA Community Edition 2023.2.4\bin;
USERNAME=Admin
OS=Windows_NT
PROCESSOR_IDENTIFIER=Intel64 Family 6 Model 142 Stepping 10, GenuineIntel
TMP=C:\Users\Admin\AppData\Local\Temp
TEMP=C:\Users\Admin\AppData\Local\Temp


JNI global refs:
JNI global refs: 27, weak refs: 40

JNI global refs memory usage: 843, weak refs: 841


---------------  S Y S T E M  ---------------

OS:
 Windows 11 , 64 bit Build 22000 (10.0.22000.434)
OS uptime: 0 days 0:31 hours

CPU: total 4 (initial active 4) (2 cores per cpu, 2 threads per core) family 6 model 142 stepping 10 microcode 0xe0, cx8, cmov, fxsr, ht, mmx, 3dnowpref, sse, sse2, sse3, ssse3, sse4.1, sse4.2, popcnt, lzcnt, tsc, tscinvbit, avx, avx2, aes, erms, clmul, bmi1, bmi2, adx, fma, vzeroupper, clflush, clflushopt

Memory: 4k page, system-wide physical 8076M (833M free)
TotalPageFile size 8076M (AvailPageFile size 179M)
current process WorkingSet (physical memory assigned to process): 651M, peak: 651M
current process commit charge ("private bytes"): 678M, peak: 1332M

vm_info: OpenJDK 64-Bit Server VM (17.0.6+0-b2043.56-10027231) for windows-amd64 JRE (17.0.6+0-b2043.56-10027231), built on Apr 28 2023 00:43:19 by "androidbuild" with MS VC++ 16.10 / 16.11 (VS2019)

END.
