#
# There is insufficient memory for the Java Runtime Environment to continue.
# Native memory allocation (mmap) failed to map 534773760 bytes for G1 virtual space
# Possible reasons:
#   The system is out of physical RAM or swap space
#   The process is running with CompressedOops enabled, and the Java Heap may be blocking the growth of the native heap
# Possible solutions:
#   Reduce memory load on the system
#   Increase physical memory or swap space
#   Check if swap backing store is full
#   Decrease Java heap size (-Xmx/-Xms)
#   Decrease number of Java threads
#   Decrease Java thread stack sizes (-Xss)
#   Set larger code cache with -XX:ReservedCodeCacheSize=
#   JVM is running with Unscaled Compressed Oops mode in which the Java heap is
#     placed in the first 4GB address space. The Java Heap base address is the
#     maximum limit for the native heap growth. Please use -XX:HeapBaseMinAddress
#     to set the Java Heap base and to place the Java Heap above 4GB virtual address.
# This output file may be truncated or incomplete.
#
#  Out of Memory Error (os_windows.cpp:3769), pid=5540, tid=3292
#
# JRE version: OpenJDK Runtime Environment (17.0.6) (build 17.0.6+0-b2043.56-10027231)
# Java VM: OpenJDK 64-Bit Server VM (17.0.6+0-b2043.56-10027231, mixed mode, tiered, compressed oops, compressed class ptrs, g1 gc, windows-amd64)
# No core dump will be written. Minidumps are not enabled by default on client versions of Windows
#

---------------  S U M M A R Y ------------

Command Line: --add-opens=java.base/java.util=ALL-UNNAMED --add-opens=java.base/java.lang=ALL-UNNAMED --add-opens=java.base/java.lang.invoke=ALL-UNNAMED --add-opens=java.prefs/java.util.prefs=ALL-UNNAMED --add-opens=java.base/java.nio.charset=ALL-UNNAMED --add-opens=java.base/java.net=ALL-UNNAMED --add-opens=java.base/java.util.concurrent.atomic=ALL-UNNAMED -Xmx2048m -Dfile.encoding=UTF-8 -Duser.country=US -Duser.language=en -Duser.variant org.gradle.launcher.daemon.bootstrap.GradleDaemon 8.0

Host: Intel(R) Core(TM) i3-7020U CPU @ 2.30GHz, 4 cores, 7G,  Windows 11 , 64 bit Build 22000 (10.0.22000.434)
Time: Tue Nov 28 06:10:43 2023 SE Asia Standard Time elapsed time: 24.968416 seconds (0d 0h 0m 24s)

---------------  T H R E A D  ---------------

Current thread (0x000001c34980e990):  VMThread "VM Thread" [stack: 0x0000003e46400000,0x0000003e46500000] [id=3292]

Stack: [0x0000003e46400000,0x0000003e46500000]
Native frames: (J=compiled Java code, j=interpreted, Vv=VM code, C=native code)
V  [jvm.dll+0x683c9a]
V  [jvm.dll+0x8427a4]
V  [jvm.dll+0x843f9e]
V  [jvm.dll+0x844603]
V  [jvm.dll+0x249b75]
V  [jvm.dll+0x680b69]
V  [jvm.dll+0x67505a]
V  [jvm.dll+0x309acb]
V  [jvm.dll+0x310f86]
V  [jvm.dll+0x3608ee]
V  [jvm.dll+0x360b1f]
V  [jvm.dll+0x2dfbf8]
V  [jvm.dll+0x2ddec4]
V  [jvm.dll+0x2dd4cc]
V  [jvm.dll+0x321f3b]
V  [jvm.dll+0x848ccb]
V  [jvm.dll+0x849a04]
V  [jvm.dll+0x849f1d]
V  [jvm.dll+0x84a2f4]
V  [jvm.dll+0x84a3c0]
V  [jvm.dll+0x7f274a]
V  [jvm.dll+0x682ad5]
C  [ucrtbase.dll+0x26c0c]
C  [KERNEL32.DLL+0x154e0]
C  [ntdll.dll+0x485b]

VM_Operation (0x0000003e4cafc350): G1CollectForAllocation, mode: safepoint, requested by thread 0x000001c34fa22890


---------------  P R O C E S S  ---------------

Threads class SMR info:
_java_thread_list=0x000001c34ff959e0, length=97, elements={
0x000001c33020ce00, 0x000001c3497fa1b0, 0x000001c3497faf30, 0x000001c34a446290,
0x000001c34a448b60, 0x000001c34a449420, 0x000001c34a449dd0, 0x000001c34a44dfb0,
0x000001c34a450a60, 0x000001c34a451450, 0x000001c34a5c88b0, 0x000001c34a5cb1a0,
0x000001c34cb1feb0, 0x000001c34d192050, 0x000001c34baedec0, 0x000001c34d525b40,
0x000001c34c97ff20, 0x000001c34cc46440, 0x000001c34bbcd800, 0x000001c34bccac80,
0x000001c34bbcdcd0, 0x000001c34cc277a0, 0x000001c34caaf2e0, 0x000001c34d085780,
0x000001c34d081800, 0x000001c34d083010, 0x000001c34d081330, 0x000001c34d082670,
0x000001c34d0821a0, 0x000001c34d0839b0, 0x000001c34d083e80, 0x000001c34d081cd0,
0x000001c34d082b40, 0x000001c34d0834e0, 0x000001c34d0804c0, 0x000001c34d0abe40,
0x000001c34d0ac310, 0x000001c34d0ab970, 0x000001c34d0aab00, 0x000001c34d0a8480,
0x000001c34d0ab4a0, 0x000001c34d0a92f0, 0x000001c34d0a5e00, 0x000001c34d0a6c70,
0x000001c34d0accb0, 0x000001c34d0a97c0, 0x000001c34d0a8e20, 0x000001c34d0ac7e0,
0x000001c34d0aa630, 0x000001c34d0a9c90, 0x000001c34d0a7610, 0x000001c34d0ad180,
0x000001c34d0aa160, 0x000001c34d0ad650, 0x000001c34d0a67a0, 0x000001c34d0aafd0,
0x000001c34d0a62d0, 0x000001c34d0a7140, 0x000001c34d0a7ae0, 0x000001c34d0a7fb0,
0x000001c34fb5ca20, 0x000001c34fb59a00, 0x000001c34fb5a3a0, 0x000001c34fb5e230,
0x000001c34fb5dd60, 0x000001c34fb5f570, 0x000001c34fb59060, 0x000001c34fb5bbb0,
0x000001c34fb5ff10, 0x000001c34fb5a870, 0x000001c34fb5e700, 0x000001c34fb5cef0,
0x000001c34fb5fa40, 0x000001c34fb5d3c0, 0x000001c34fb5d890, 0x000001c34fb5ebd0,
0x000001c34fb5f0a0, 0x000001c34fb5c550, 0x000001c34fb603e0, 0x000001c34fb59ed0,
0x000001c34fb608b0, 0x000001c34fb59530, 0x000001c35053f4c0, 0x000001c350545030,
0x000001c350544b60, 0x000001c350542010, 0x000001c350541670, 0x000001c35053e650,
0x000001c34fa21a20, 0x000001c34fa21ef0, 0x000001c34fa24a40, 0x000001c34fa23700,
0x000001c34fa23bd0, 0x000001c34fa240a0, 0x000001c34fa223c0, 0x000001c34fa22890,
0x000001c34fa24570
}

Java Threads: ( => current thread )
  0x000001c33020ce00 JavaThread "main" [_thread_blocked, id=3400, stack(0x0000003e45e00000,0x0000003e45f00000)]
  0x000001c3497fa1b0 JavaThread "Reference Handler" daemon [_thread_blocked, id=4812, stack(0x0000003e46500000,0x0000003e46600000)]
  0x000001c3497faf30 JavaThread "Finalizer" daemon [_thread_blocked, id=7924, stack(0x0000003e46600000,0x0000003e46700000)]
  0x000001c34a446290 JavaThread "Signal Dispatcher" daemon [_thread_blocked, id=3632, stack(0x0000003e46700000,0x0000003e46800000)]
  0x000001c34a448b60 JavaThread "Attach Listener" daemon [_thread_blocked, id=7092, stack(0x0000003e46800000,0x0000003e46900000)]
  0x000001c34a449420 JavaThread "Service Thread" daemon [_thread_blocked, id=2752, stack(0x0000003e46900000,0x0000003e46a00000)]
  0x000001c34a449dd0 JavaThread "Monitor Deflation Thread" daemon [_thread_blocked, id=5532, stack(0x0000003e46a00000,0x0000003e46b00000)]
  0x000001c34a44dfb0 JavaThread "C2 CompilerThread0" daemon [_thread_blocked, id=7832, stack(0x0000003e46b00000,0x0000003e46c00000)]
  0x000001c34a450a60 JavaThread "C1 CompilerThread0" daemon [_thread_blocked, id=3652, stack(0x0000003e46c00000,0x0000003e46d00000)]
  0x000001c34a451450 JavaThread "Sweeper thread" daemon [_thread_blocked, id=3060, stack(0x0000003e46d00000,0x0000003e46e00000)]
  0x000001c34a5c88b0 JavaThread "Common-Cleaner" daemon [_thread_blocked, id=3592, stack(0x0000003e46e00000,0x0000003e46f00000)]
  0x000001c34a5cb1a0 JavaThread "Notification Thread" daemon [_thread_blocked, id=4024, stack(0x0000003e46f00000,0x0000003e47000000)]
  0x000001c34cb1feb0 JavaThread "Daemon health stats" [_thread_blocked, id=4576, stack(0x0000003e47500000,0x0000003e47600000)]
  0x000001c34d192050 JavaThread "Incoming local TCP Connector on port 50110" [_thread_in_native, id=3204, stack(0x0000003e47600000,0x0000003e47700000)]
  0x000001c34baedec0 JavaThread "Daemon periodic checks" [_thread_blocked, id=2848, stack(0x0000003e47700000,0x0000003e47800000)]
  0x000001c34d525b40 JavaThread "Daemon" [_thread_blocked, id=3044, stack(0x0000003e47800000,0x0000003e47900000)]
  0x000001c34c97ff20 JavaThread "Handler for socket connection from /127.0.0.1:50110 to /127.0.0.1:50111" [_thread_in_native, id=4492, stack(0x0000003e47900000,0x0000003e47a00000)]
  0x000001c34cc46440 JavaThread "Cancel handler" [_thread_blocked, id=2424, stack(0x0000003e47a00000,0x0000003e47b00000)]
  0x000001c34bbcd800 JavaThread "Daemon worker" [_thread_blocked, id=2492, stack(0x0000003e47b00000,0x0000003e47c00000)]
  0x000001c34bccac80 JavaThread "Asynchronous log dispatcher for DefaultDaemonConnection: socket connection from /127.0.0.1:50110 to /127.0.0.1:50111" [_thread_blocked, id=7200, stack(0x0000003e47c00000,0x0000003e47d00000)]
  0x000001c34bbcdcd0 JavaThread "Stdin handler" [_thread_blocked, id=1176, stack(0x0000003e47d00000,0x0000003e47e00000)]
  0x000001c34cc277a0 JavaThread "Daemon client event forwarder" [_thread_blocked, id=7960, stack(0x0000003e47e00000,0x0000003e47f00000)]
  0x000001c34caaf2e0 JavaThread "Cache worker for journal cache (C:\Users\Admin\.gradle\caches\journal-1)" [_thread_blocked, id=3288, stack(0x0000003e47f00000,0x0000003e48000000)]
  0x000001c34d085780 JavaThread "File lock request listener" [_thread_in_native, id=7472, stack(0x0000003e48000000,0x0000003e48100000)]
  0x000001c34d081800 JavaThread "Cache worker for file hash cache (C:\Users\Admin\.gradle\caches\8.0\fileHashes)" [_thread_blocked, id=1008, stack(0x0000003e48100000,0x0000003e48200000)]
  0x000001c34d083010 JavaThread "File watcher server" daemon [_thread_blocked, id=2200, stack(0x0000003e48200000,0x0000003e48300000)]
  0x000001c34d081330 JavaThread "File watcher consumer" daemon [_thread_blocked, id=7236, stack(0x0000003e48300000,0x0000003e48400000)]
  0x000001c34d082670 JavaThread "Cache worker for checksums cache (D:\AndroidStudioProject\nemuiin_test\.gradle\8.0\checksums)" [_thread_blocked, id=7060, stack(0x0000003e48400000,0x0000003e48500000)]
  0x000001c34d0821a0 JavaThread "Cache worker for cache directory md-rule (C:\Users\Admin\.gradle\caches\8.0\md-rule)" [_thread_blocked, id=5404, stack(0x0000003e48500000,0x0000003e48600000)]
  0x000001c34d0839b0 JavaThread "Cache worker for file content cache (C:\Users\Admin\.gradle\caches\8.0\fileContent)" [_thread_blocked, id=3736, stack(0x0000003e48600000,0x0000003e48700000)]
  0x000001c34d083e80 JavaThread "Cache worker for file hash cache (D:\AndroidStudioProject\nemuiin_test\.gradle\8.0\fileHashes)" [_thread_blocked, id=2868, stack(0x0000003e48700000,0x0000003e48800000)]
  0x000001c34d081cd0 JavaThread "Cache worker for cache directory md-supplier (C:\Users\Admin\.gradle\caches\8.0\md-supplier)" [_thread_blocked, id=2964, stack(0x0000003e48800000,0x0000003e48900000)]
  0x000001c34d082b40 JavaThread "Cache worker for execution history cache (C:\Users\Admin\.gradle\caches\8.0\executionHistory)" [_thread_blocked, id=4392, stack(0x0000003e48900000,0x0000003e48a00000)]
  0x000001c34d0834e0 JavaThread "jar transforms" [_thread_blocked, id=1724, stack(0x0000003e48a00000,0x0000003e48b00000)]
  0x000001c34d0804c0 JavaThread "jar transforms Thread 2" [_thread_blocked, id=7136, stack(0x0000003e48b00000,0x0000003e48c00000)]
  0x000001c34d0abe40 JavaThread "Cache worker for kotlin-dsl (C:\Users\Admin\.gradle\caches\8.0\kotlin-dsl)" [_thread_blocked, id=1460, stack(0x0000003e48d00000,0x0000003e48e00000)]
  0x000001c34d0ac310 JavaThread "jar transforms Thread 3" [_thread_blocked, id=1364, stack(0x0000003e48e00000,0x0000003e48f00000)]
  0x000001c34d0ab970 JavaThread "jar transforms Thread 4" [_thread_blocked, id=4876, stack(0x0000003e48f00000,0x0000003e49000000)]
  0x000001c34d0aab00 JavaThread "Cache worker for dependencies-accessors (D:\AndroidStudioProject\nemuiin_test\.gradle\8.0\dependencies-accessors)" [_thread_blocked, id=4868, stack(0x0000003e49000000,0x0000003e49100000)]
  0x000001c34d0a8480 JavaThread "Cache worker for Build Output Cleanup Cache (D:\AndroidStudioProject\nemuiin_test\.gradle\buildOutputCleanup)" [_thread_blocked, id=8144, stack(0x0000003e49100000,0x0000003e49200000)]
  0x000001c34d0ab4a0 JavaThread "Unconstrained build operations" [_thread_blocked, id=6688, stack(0x0000003e49200000,0x0000003e49300000)]
  0x000001c34d0a92f0 JavaThread "Unconstrained build operations Thread 2" [_thread_blocked, id=7348, stack(0x0000003e49300000,0x0000003e49400000)]
  0x000001c34d0a5e00 JavaThread "Unconstrained build operations Thread 3" [_thread_blocked, id=2920, stack(0x0000003e49400000,0x0000003e49500000)]
  0x000001c34d0a6c70 JavaThread "Unconstrained build operations Thread 4" [_thread_blocked, id=7448, stack(0x0000003e49500000,0x0000003e49600000)]
  0x000001c34d0accb0 JavaThread "Unconstrained build operations Thread 5" [_thread_blocked, id=3688, stack(0x0000003e49600000,0x0000003e49700000)]
  0x000001c34d0a97c0 JavaThread "Unconstrained build operations Thread 6" [_thread_blocked, id=7712, stack(0x0000003e49700000,0x0000003e49800000)]
  0x000001c34d0a8e20 JavaThread "Unconstrained build operations Thread 7" [_thread_blocked, id=6452, stack(0x0000003e49800000,0x0000003e49900000)]
  0x000001c34d0ac7e0 JavaThread "Unconstrained build operations Thread 8" [_thread_blocked, id=6972, stack(0x0000003e49900000,0x0000003e49a00000)]
  0x000001c34d0aa630 JavaThread "Unconstrained build operations Thread 9" [_thread_blocked, id=2900, stack(0x0000003e49a00000,0x0000003e49b00000)]
  0x000001c34d0a9c90 JavaThread "Unconstrained build operations Thread 10" [_thread_blocked, id=7408, stack(0x0000003e49b00000,0x0000003e49c00000)]
  0x000001c34d0a7610 JavaThread "Unconstrained build operations Thread 11" [_thread_blocked, id=4012, stack(0x0000003e49c00000,0x0000003e49d00000)]
  0x000001c34d0ad180 JavaThread "Unconstrained build operations Thread 12" [_thread_blocked, id=6788, stack(0x0000003e49d00000,0x0000003e49e00000)]
  0x000001c34d0aa160 JavaThread "Unconstrained build operations Thread 13" [_thread_blocked, id=3848, stack(0x0000003e49e00000,0x0000003e49f00000)]
  0x000001c34d0ad650 JavaThread "Unconstrained build operations Thread 14" [_thread_blocked, id=2816, stack(0x0000003e49f00000,0x0000003e4a000000)]
  0x000001c34d0a67a0 JavaThread "Unconstrained build operations Thread 15" [_thread_blocked, id=236, stack(0x0000003e4a000000,0x0000003e4a100000)]
  0x000001c34d0aafd0 JavaThread "Unconstrained build operations Thread 16" [_thread_blocked, id=3388, stack(0x0000003e4a100000,0x0000003e4a200000)]
  0x000001c34d0a62d0 JavaThread "Unconstrained build operations Thread 17" [_thread_blocked, id=1768, stack(0x0000003e4a200000,0x0000003e4a300000)]
  0x000001c34d0a7140 JavaThread "Unconstrained build operations Thread 18" [_thread_blocked, id=5668, stack(0x0000003e4a300000,0x0000003e4a400000)]
  0x000001c34d0a7ae0 JavaThread "Unconstrained build operations Thread 19" [_thread_blocked, id=1732, stack(0x0000003e4a400000,0x0000003e4a500000)]
  0x000001c34d0a7fb0 JavaThread "Unconstrained build operations Thread 20" [_thread_blocked, id=2576, stack(0x0000003e4a500000,0x0000003e4a600000)]
  0x000001c34fb5ca20 JavaThread "Unconstrained build operations Thread 21" [_thread_blocked, id=5472, stack(0x0000003e4a600000,0x0000003e4a700000)]
  0x000001c34fb59a00 JavaThread "Unconstrained build operations Thread 22" [_thread_blocked, id=3200, stack(0x0000003e4a700000,0x0000003e4a800000)]
  0x000001c34fb5a3a0 JavaThread "Unconstrained build operations Thread 23" [_thread_blocked, id=3832, stack(0x0000003e4a800000,0x0000003e4a900000)]
  0x000001c34fb5e230 JavaThread "Unconstrained build operations Thread 24" [_thread_blocked, id=5712, stack(0x0000003e4a900000,0x0000003e4aa00000)]
  0x000001c34fb5dd60 JavaThread "Unconstrained build operations Thread 25" [_thread_blocked, id=5492, stack(0x0000003e4aa00000,0x0000003e4ab00000)]
  0x000001c34fb5f570 JavaThread "Unconstrained build operations Thread 26" [_thread_blocked, id=2088, stack(0x0000003e4ab00000,0x0000003e4ac00000)]
  0x000001c34fb59060 JavaThread "Unconstrained build operations Thread 27" [_thread_blocked, id=3176, stack(0x0000003e4ac00000,0x0000003e4ad00000)]
  0x000001c34fb5bbb0 JavaThread "Unconstrained build operations Thread 28" [_thread_blocked, id=7956, stack(0x0000003e4ad00000,0x0000003e4ae00000)]
  0x000001c34fb5ff10 JavaThread "Unconstrained build operations Thread 29" [_thread_blocked, id=2436, stack(0x0000003e4ae00000,0x0000003e4af00000)]
  0x000001c34fb5a870 JavaThread "Unconstrained build operations Thread 30" [_thread_blocked, id=2300, stack(0x0000003e4af00000,0x0000003e4b000000)]
  0x000001c34fb5e700 JavaThread "Unconstrained build operations Thread 31" [_thread_blocked, id=6792, stack(0x0000003e4b000000,0x0000003e4b100000)]
  0x000001c34fb5cef0 JavaThread "Unconstrained build operations Thread 32" [_thread_blocked, id=3664, stack(0x0000003e4b100000,0x0000003e4b200000)]
  0x000001c34fb5fa40 JavaThread "Unconstrained build operations Thread 33" [_thread_blocked, id=2236, stack(0x0000003e4b200000,0x0000003e4b300000)]
  0x000001c34fb5d3c0 JavaThread "Unconstrained build operations Thread 34" [_thread_blocked, id=3360, stack(0x0000003e4b300000,0x0000003e4b400000)]
  0x000001c34fb5d890 JavaThread "Unconstrained build operations Thread 35" [_thread_blocked, id=1760, stack(0x0000003e4b400000,0x0000003e4b500000)]
  0x000001c34fb5ebd0 JavaThread "Unconstrained build operations Thread 36" [_thread_blocked, id=8024, stack(0x0000003e4b500000,0x0000003e4b600000)]
  0x000001c34fb5f0a0 JavaThread "Unconstrained build operations Thread 37" [_thread_blocked, id=5500, stack(0x0000003e4b600000,0x0000003e4b700000)]
  0x000001c34fb5c550 JavaThread "Unconstrained build operations Thread 38" [_thread_blocked, id=5620, stack(0x0000003e4b700000,0x0000003e4b800000)]
  0x000001c34fb603e0 JavaThread "Unconstrained build operations Thread 39" [_thread_blocked, id=364, stack(0x0000003e4b800000,0x0000003e4b900000)]
  0x000001c34fb59ed0 JavaThread "Unconstrained build operations Thread 40" [_thread_blocked, id=3284, stack(0x0000003e4b900000,0x0000003e4ba00000)]
  0x000001c34fb608b0 JavaThread "build event listener" [_thread_blocked, id=7012, stack(0x0000003e4ba00000,0x0000003e4bb00000)]
  0x000001c34fb59530 JavaThread "Memory manager" [_thread_blocked, id=1876, stack(0x0000003e4bb00000,0x0000003e4bc00000)]
  0x000001c35053f4c0 JavaThread "included builds" [_thread_blocked, id=7900, stack(0x0000003e4bc00000,0x0000003e4bd00000)]
  0x000001c350545030 JavaThread "Execution worker" [_thread_blocked, id=5228, stack(0x0000003e4bd00000,0x0000003e4be00000)]
  0x000001c350544b60 JavaThread "Execution worker Thread 2" [_thread_blocked, id=6272, stack(0x0000003e4be00000,0x0000003e4bf00000)]
  0x000001c350542010 JavaThread "Execution worker Thread 3" [_thread_blocked, id=852, stack(0x0000003e4bf00000,0x0000003e4c000000)]
  0x000001c350541670 JavaThread "Cache worker for execution history cache (D:\AndroidStudioProject\nemuiin_test\.gradle\8.0\executionHistory)" [_thread_blocked, id=5488, stack(0x0000003e4c000000,0x0000003e4c100000)]
  0x000001c35053e650 JavaThread "WorkerExecutor Queue" [_thread_in_native, id=2152, stack(0x0000003e4c200000,0x0000003e4c300000)]
  0x000001c34fa21a20 JavaThread "RMI Scheduler(0)" daemon [_thread_blocked, id=4100, stack(0x0000003e4c300000,0x0000003e4c400000)]
  0x000001c34fa21ef0 JavaThread "RMI RenewClean-[127.0.0.1:17580,org.jetbrains.kotlin.daemon.common.LoopbackNetworkInterface$ClientLoopbackSocketFactory@6a2699a8]" daemon [_thread_blocked, id=7468, stack(0x0000003e4c400000,0x0000003e4c500000)]
  0x000001c34fa24a40 JavaThread "RMI GC Daemon" daemon [_thread_blocked, id=6236, stack(0x0000003e4c500000,0x0000003e4c600000)]
  0x000001c34fa23700 JavaThread "RMI TCP Accept-0" daemon [_thread_in_native, id=4764, stack(0x0000003e4c600000,0x0000003e4c700000)]
  0x000001c34fa23bd0 JavaThread "RMI Reaper" [_thread_blocked, id=8152, stack(0x0000003e4c700000,0x0000003e4c800000)]
  0x000001c34fa240a0 JavaThread "RMI TCP Connection(1)-127.0.0.1" daemon [_thread_in_native, id=3568, stack(0x0000003e4c800000,0x0000003e4c900000)]
  0x000001c34fa223c0 JavaThread "WorkerExecutor Queue Thread 2" [_thread_blocked, id=7416, stack(0x0000003e4c900000,0x0000003e4ca00000)]
  0x000001c34fa22890 JavaThread "WorkerExecutor Queue Thread 3" [_thread_blocked, id=5324, stack(0x0000003e4ca00000,0x0000003e4cb00000)]
  0x000001c34fa24570 JavaThread "WorkerExecutor Queue Thread 4" [_thread_blocked, id=8, stack(0x0000003e4cb00000,0x0000003e4cc00000)]

Other Threads:
=>0x000001c34980e990 VMThread "VM Thread" [stack: 0x0000003e46400000,0x0000003e46500000] [id=3292]
  0x000001c34a5cb670 WatcherThread [stack: 0x0000003e47000000,0x0000003e47100000] [id=2356]
  0x000001c3302670a0 GCTaskThread "GC Thread#0" [stack: 0x0000003e45f00000,0x0000003e46000000] [id=4996]
  0x000001c34a6dd020 GCTaskThread "GC Thread#1" [stack: 0x0000003e47200000,0x0000003e47300000] [id=3424]
  0x000001c34afa1ec0 GCTaskThread "GC Thread#2" [stack: 0x0000003e47300000,0x0000003e47400000] [id=8184]
  0x000001c34b6030b0 GCTaskThread "GC Thread#3" [stack: 0x0000003e47400000,0x0000003e47500000] [id=2164]
  0x000001c330277fe0 ConcurrentGCThread "G1 Main Marker" [stack: 0x0000003e46000000,0x0000003e46100000] [id=7396]
  0x000001c330279190 ConcurrentGCThread "G1 Conc#0" [stack: 0x0000003e46100000,0x0000003e46200000] [id=1104]
  0x000001c3302de520 ConcurrentGCThread "G1 Refine#0" [stack: 0x0000003e46200000,0x0000003e46300000] [id=4144]
  0x000001c34d376630 ConcurrentGCThread "G1 Refine#1" [stack: 0x0000003e48c00000,0x0000003e48d00000] [id=3448]
  0x000001c3533d0a80 ConcurrentGCThread "G1 Refine#2" [stack: 0x0000003e4c100000,0x0000003e4c200000] [id=1656]
  0x000001c34965e130 ConcurrentGCThread "G1 Service" [stack: 0x0000003e46300000,0x0000003e46400000] [id=4908]

Threads with active compile tasks:

VM state: at safepoint (normal execution)

VM Mutex/Monitor currently owned by a thread:  ([mutex/lock_event])
[0x000001c330205cb0] Threads_lock - owner thread: 0x000001c34980e990
[0x000001c330206250] Heap_lock - owner thread: 0x000001c34fa22890

Heap address: 0x0000000080000000, size: 2048 MB, Compressed Oops mode: 32-bit

CDS archive(s) not mapped
Compressed class space mapped at: 0x0000000100000000-0x0000000140000000, reserved size: 1073741824
Narrow klass base: 0x0000000000000000, Narrow klass shift: 3, Narrow klass range: 0x140000000

GC Precious Log:
 CPUs: 4 total, 4 available
 Memory: 8076M
 Large Page Support: Disabled
 NUMA Support: Disabled
 Compressed Oops: Enabled (32-bit)
 Heap Region Size: 1M
 Heap Min Capacity: 8M
 Heap Initial Capacity: 128M
 Heap Max Capacity: 2G
 Pre-touch: Disabled
 Parallel Workers: 4
 Concurrent Workers: 1
 Concurrent Refinement Workers: 4
 Periodic GC: Disabled

Heap:
 garbage-first heap   total 314368K, used 207872K [0x0000000080000000, 0x0000000100000000)
  region size 1024K, 7 young (7168K), 7 survivors (7168K)
 Metaspace       used 104714K, committed 105408K, reserved 1146880K
  class space    used 14203K, committed 14528K, reserved 1048576K

Heap Regions: E=young(eden), S=young(survivor), O=old, HS=humongous(starts), HC=humongous(continues), CS=collection set, F=free, OA=open archive, CA=closed archive, TAMS=top-at-mark-start (previous, next)
|   0|0x0000000080000000, 0x0000000080100000, 0x0000000080100000|100%| O|  |TAMS 0x0000000080100000, 0x0000000080100000| Untracked 
|   1|0x0000000080100000, 0x0000000080200000, 0x0000000080200000|100%| O|  |TAMS 0x0000000080200000, 0x0000000080200000| Untracked 
|   2|0x0000000080200000, 0x0000000080300000, 0x0000000080300000|100%|HS|  |TAMS 0x0000000080300000, 0x0000000080300000| Complete 
|   3|0x0000000080300000, 0x0000000080400000, 0x0000000080400000|100%|HC|  |TAMS 0x0000000080400000, 0x0000000080400000| Complete 
|   4|0x0000000080400000, 0x0000000080500000, 0x0000000080500000|100%|HC|  |TAMS 0x0000000080500000, 0x0000000080500000| Complete 
|   5|0x0000000080500000, 0x0000000080600000, 0x0000000080600000|100%|HC|  |TAMS 0x0000000080600000, 0x0000000080600000| Complete 
|   6|0x0000000080600000, 0x0000000080700000, 0x0000000080700000|100%| O|  |TAMS 0x0000000080700000, 0x0000000080700000| Untracked 
|   7|0x0000000080700000, 0x0000000080800000, 0x0000000080800000|100%| O|  |TAMS 0x0000000080800000, 0x0000000080800000| Untracked 
|   8|0x0000000080800000, 0x0000000080900000, 0x0000000080900000|100%| O|  |TAMS 0x0000000080900000, 0x0000000080900000| Untracked 
|   9|0x0000000080900000, 0x0000000080a00000, 0x0000000080a00000|100%| O|  |TAMS 0x0000000080a00000, 0x0000000080a00000| Untracked 
|  10|0x0000000080a00000, 0x0000000080b00000, 0x0000000080b00000|100%| O|  |TAMS 0x0000000080b00000, 0x0000000080b00000| Untracked 
|  11|0x0000000080b00000, 0x0000000080c00000, 0x0000000080c00000|100%|HS|  |TAMS 0x0000000080b00000, 0x0000000080c00000| Complete 
|  12|0x0000000080c00000, 0x0000000080d00000, 0x0000000080d00000|100%| O|  |TAMS 0x0000000080d00000, 0x0000000080d00000| Untracked 
|  13|0x0000000080d00000, 0x0000000080e00000, 0x0000000080e00000|100%| O|  |TAMS 0x0000000080e00000, 0x0000000080e00000| Untracked 
|  14|0x0000000080e00000, 0x0000000080f00000, 0x0000000080f00000|100%| O|  |TAMS 0x0000000080f00000, 0x0000000080f00000| Untracked 
|  15|0x0000000080f00000, 0x0000000081000000, 0x0000000081000000|100%| O|  |TAMS 0x0000000081000000, 0x0000000081000000| Untracked 
|  16|0x0000000081000000, 0x0000000081100000, 0x0000000081100000|100%| O|  |TAMS 0x0000000081100000, 0x0000000081100000| Untracked 
|  17|0x0000000081100000, 0x0000000081200000, 0x0000000081200000|100%| O|  |TAMS 0x0000000081200000, 0x0000000081200000| Untracked 
|  18|0x0000000081200000, 0x0000000081300000, 0x0000000081300000|100%| O|  |TAMS 0x0000000081300000, 0x0000000081300000| Untracked 
|  19|0x0000000081300000, 0x0000000081400000, 0x0000000081400000|100%| O|  |TAMS 0x0000000081400000, 0x0000000081400000| Untracked 
|  20|0x0000000081400000, 0x0000000081500000, 0x0000000081500000|100%| O|  |TAMS 0x0000000081500000, 0x0000000081500000| Untracked 
|  21|0x0000000081500000, 0x0000000081600000, 0x0000000081600000|100%| O|  |TAMS 0x0000000081600000, 0x0000000081600000| Untracked 
|  22|0x0000000081600000, 0x0000000081700000, 0x0000000081700000|100%| O|  |TAMS 0x0000000081700000, 0x0000000081700000| Untracked 
|  23|0x0000000081700000, 0x0000000081800000, 0x0000000081800000|100%|HS|  |TAMS 0x0000000081800000, 0x0000000081800000| Complete 
|  24|0x0000000081800000, 0x0000000081900000, 0x0000000081900000|100%| O|  |TAMS 0x0000000081900000, 0x0000000081900000| Untracked 
|  25|0x0000000081900000, 0x0000000081a00000, 0x0000000081a00000|100%| O|  |TAMS 0x0000000081a00000, 0x0000000081a00000| Untracked 
|  26|0x0000000081a00000, 0x0000000081b00000, 0x0000000081b00000|100%| O|  |TAMS 0x0000000081b00000, 0x0000000081b00000| Untracked 
|  27|0x0000000081b00000, 0x0000000081c00000, 0x0000000081c00000|100%| O|  |TAMS 0x0000000081c00000, 0x0000000081c00000| Untracked 
|  28|0x0000000081c00000, 0x0000000081d00000, 0x0000000081d00000|100%| O|  |TAMS 0x0000000081d00000, 0x0000000081d00000| Untracked 
|  29|0x0000000081d00000, 0x0000000081e00000, 0x0000000081e00000|100%| O|  |TAMS 0x0000000081e00000, 0x0000000081e00000| Untracked 
|  30|0x0000000081e00000, 0x0000000081f00000, 0x0000000081f00000|100%| O|  |TAMS 0x0000000081f00000, 0x0000000081f00000| Untracked 
|  31|0x0000000081f00000, 0x0000000082000000, 0x0000000082000000|100%|HS|  |TAMS 0x0000000082000000, 0x0000000082000000| Complete 
|  32|0x0000000082000000, 0x0000000082100000, 0x0000000082100000|100%|HS|  |TAMS 0x0000000082100000, 0x0000000082100000| Complete 
|  33|0x0000000082100000, 0x0000000082200000, 0x0000000082200000|100%|HC|  |TAMS 0x0000000082200000, 0x0000000082200000| Complete 
|  34|0x0000000082200000, 0x0000000082300000, 0x0000000082300000|100%|HS|  |TAMS 0x0000000082300000, 0x0000000082300000| Complete 
|  35|0x0000000082300000, 0x0000000082400000, 0x0000000082400000|100%|HS|  |TAMS 0x0000000082400000, 0x0000000082400000| Complete 
|  36|0x0000000082400000, 0x0000000082500000, 0x0000000082500000|100%|HC|  |TAMS 0x0000000082500000, 0x0000000082500000| Complete 
|  37|0x0000000082500000, 0x0000000082600000, 0x0000000082600000|100%|HC|  |TAMS 0x0000000082600000, 0x0000000082600000| Complete 
|  38|0x0000000082600000, 0x0000000082700000, 0x0000000082700000|100%|HC|  |TAMS 0x0000000082700000, 0x0000000082700000| Complete 
|  39|0x0000000082700000, 0x0000000082800000, 0x0000000082800000|100%| O|  |TAMS 0x0000000082800000, 0x0000000082800000| Untracked 
|  40|0x0000000082800000, 0x0000000082900000, 0x0000000082900000|100%| O|  |TAMS 0x0000000082900000, 0x0000000082900000| Untracked 
|  41|0x0000000082900000, 0x0000000082a00000, 0x0000000082a00000|100%| O|  |TAMS 0x0000000082a00000, 0x0000000082a00000| Untracked 
|  42|0x0000000082a00000, 0x0000000082b00000, 0x0000000082b00000|100%| O|  |TAMS 0x0000000082b00000, 0x0000000082b00000| Untracked 
|  43|0x0000000082b00000, 0x0000000082c00000, 0x0000000082c00000|100%| O|  |TAMS 0x0000000082c00000, 0x0000000082c00000| Untracked 
|  44|0x0000000082c00000, 0x0000000082d00000, 0x0000000082d00000|100%| O|  |TAMS 0x0000000082d00000, 0x0000000082d00000| Untracked 
|  45|0x0000000082d00000, 0x0000000082e00000, 0x0000000082e00000|100%| O|  |TAMS 0x0000000082e00000, 0x0000000082e00000| Untracked 
|  46|0x0000000082e00000, 0x0000000082f00000, 0x0000000082f00000|100%| O|  |TAMS 0x0000000082f00000, 0x0000000082f00000| Untracked 
|  47|0x0000000082f00000, 0x0000000083000000, 0x0000000083000000|100%| O|  |TAMS 0x0000000083000000, 0x0000000083000000| Untracked 
|  48|0x0000000083000000, 0x0000000083100000, 0x0000000083100000|100%| O|  |TAMS 0x0000000083100000, 0x0000000083100000| Untracked 
|  49|0x0000000083100000, 0x0000000083200000, 0x0000000083200000|100%| O|  |TAMS 0x0000000083200000, 0x0000000083200000| Untracked 
|  50|0x0000000083200000, 0x0000000083300000, 0x0000000083300000|100%| O|  |TAMS 0x0000000083300000, 0x0000000083300000| Untracked 
|  51|0x0000000083300000, 0x0000000083400000, 0x0000000083400000|100%| O|  |TAMS 0x0000000083400000, 0x0000000083400000| Untracked 
|  52|0x0000000083400000, 0x0000000083500000, 0x0000000083500000|100%| O|  |TAMS 0x0000000083500000, 0x0000000083500000| Untracked 
|  53|0x0000000083500000, 0x0000000083600000, 0x0000000083600000|100%| O|  |TAMS 0x0000000083600000, 0x0000000083600000| Untracked 
|  54|0x0000000083600000, 0x0000000083700000, 0x0000000083700000|100%| O|  |TAMS 0x0000000083700000, 0x0000000083700000| Untracked 
|  55|0x0000000083700000, 0x0000000083800000, 0x0000000083800000|100%| O|  |TAMS 0x0000000083800000, 0x0000000083800000| Untracked 
|  56|0x0000000083800000, 0x0000000083900000, 0x0000000083900000|100%| O|  |TAMS 0x0000000083900000, 0x0000000083900000| Untracked 
|  57|0x0000000083900000, 0x0000000083a00000, 0x0000000083a00000|100%| O|  |TAMS 0x0000000083a00000, 0x0000000083a00000| Untracked 
|  58|0x0000000083a00000, 0x0000000083b00000, 0x0000000083b00000|100%| O|  |TAMS 0x0000000083b00000, 0x0000000083b00000| Untracked 
|  59|0x0000000083b00000, 0x0000000083c00000, 0x0000000083c00000|100%| O|  |TAMS 0x0000000083c00000, 0x0000000083c00000| Untracked 
|  60|0x0000000083c00000, 0x0000000083d00000, 0x0000000083d00000|100%| O|  |TAMS 0x0000000083d00000, 0x0000000083d00000| Untracked 
|  61|0x0000000083d00000, 0x0000000083e00000, 0x0000000083e00000|100%| O|  |TAMS 0x0000000083e00000, 0x0000000083e00000| Untracked 
|  62|0x0000000083e00000, 0x0000000083f00000, 0x0000000083f00000|100%| O|  |TAMS 0x0000000083f00000, 0x0000000083f00000| Untracked 
|  63|0x0000000083f00000, 0x0000000084000000, 0x0000000084000000|100%| O|  |TAMS 0x0000000084000000, 0x0000000084000000| Untracked 
|  64|0x0000000084000000, 0x0000000084100000, 0x0000000084100000|100%| O|  |TAMS 0x0000000084100000, 0x0000000084100000| Untracked 
|  65|0x0000000084100000, 0x0000000084200000, 0x0000000084200000|100%| O|  |TAMS 0x0000000084200000, 0x0000000084200000| Untracked 
|  66|0x0000000084200000, 0x0000000084300000, 0x0000000084300000|100%| O|  |TAMS 0x0000000084300000, 0x0000000084300000| Untracked 
|  67|0x0000000084300000, 0x0000000084400000, 0x0000000084400000|100%| O|  |TAMS 0x0000000084400000, 0x0000000084400000| Untracked 
|  68|0x0000000084400000, 0x0000000084500000, 0x0000000084500000|100%| O|  |TAMS 0x0000000084500000, 0x0000000084500000| Untracked 
|  69|0x0000000084500000, 0x0000000084600000, 0x0000000084600000|100%| O|  |TAMS 0x0000000084600000, 0x0000000084600000| Untracked 
|  70|0x0000000084600000, 0x0000000084700000, 0x0000000084700000|100%| O|  |TAMS 0x0000000084700000, 0x0000000084700000| Untracked 
|  71|0x0000000084700000, 0x0000000084800000, 0x0000000084800000|100%| O|  |TAMS 0x0000000084800000, 0x0000000084800000| Untracked 
|  72|0x0000000084800000, 0x0000000084900000, 0x0000000084900000|100%| O|  |TAMS 0x0000000084900000, 0x0000000084900000| Untracked 
|  73|0x0000000084900000, 0x0000000084a00000, 0x0000000084a00000|100%| O|  |TAMS 0x0000000084a00000, 0x0000000084a00000| Untracked 
|  74|0x0000000084a00000, 0x0000000084b00000, 0x0000000084b00000|100%| O|  |TAMS 0x0000000084b00000, 0x0000000084b00000| Untracked 
|  75|0x0000000084b00000, 0x0000000084c00000, 0x0000000084c00000|100%| O|  |TAMS 0x0000000084c00000, 0x0000000084c00000| Untracked 
|  76|0x0000000084c00000, 0x0000000084d00000, 0x0000000084d00000|100%| O|  |TAMS 0x0000000084d00000, 0x0000000084d00000| Untracked 
|  77|0x0000000084d00000, 0x0000000084e00000, 0x0000000084e00000|100%| O|  |TAMS 0x0000000084e00000, 0x0000000084e00000| Untracked 
|  78|0x0000000084e00000, 0x0000000084f00000, 0x0000000084f00000|100%| O|  |TAMS 0x0000000084f00000, 0x0000000084f00000| Untracked 
|  79|0x0000000084f00000, 0x0000000085000000, 0x0000000085000000|100%| O|  |TAMS 0x0000000085000000, 0x0000000085000000| Untracked 
|  80|0x0000000085000000, 0x0000000085100000, 0x0000000085100000|100%| O|  |TAMS 0x0000000085100000, 0x0000000085100000| Untracked 
|  81|0x0000000085100000, 0x0000000085200000, 0x0000000085200000|100%| O|  |TAMS 0x0000000085200000, 0x0000000085200000| Untracked 
|  82|0x0000000085200000, 0x0000000085300000, 0x0000000085300000|100%| O|  |TAMS 0x0000000085300000, 0x0000000085300000| Untracked 
|  83|0x0000000085300000, 0x0000000085400000, 0x0000000085400000|100%| O|  |TAMS 0x0000000085400000, 0x0000000085400000| Untracked 
|  84|0x0000000085400000, 0x0000000085500000, 0x0000000085500000|100%| O|  |TAMS 0x0000000085500000, 0x0000000085500000| Untracked 
|  85|0x0000000085500000, 0x0000000085600000, 0x0000000085600000|100%| O|  |TAMS 0x0000000085600000, 0x0000000085600000| Untracked 
|  86|0x0000000085600000, 0x0000000085700000, 0x0000000085700000|100%| O|  |TAMS 0x0000000085700000, 0x0000000085700000| Untracked 
|  87|0x0000000085700000, 0x0000000085800000, 0x0000000085800000|100%| O|  |TAMS 0x0000000085800000, 0x0000000085800000| Untracked 
|  88|0x0000000085800000, 0x0000000085900000, 0x0000000085900000|100%| O|  |TAMS 0x0000000085900000, 0x0000000085900000| Untracked 
|  89|0x0000000085900000, 0x0000000085a00000, 0x0000000085a00000|100%| O|  |TAMS 0x0000000085a00000, 0x0000000085a00000| Untracked 
|  90|0x0000000085a00000, 0x0000000085b00000, 0x0000000085b00000|100%|HS|  |TAMS 0x0000000085a00000, 0x0000000085b00000| Complete 
|  91|0x0000000085b00000, 0x0000000085c00000, 0x0000000085c00000|100%| O|  |TAMS 0x0000000085c00000, 0x0000000085c00000| Untracked 
|  92|0x0000000085c00000, 0x0000000085d00000, 0x0000000085d00000|100%|HS|  |TAMS 0x0000000085d00000, 0x0000000085d00000| Complete 
|  93|0x0000000085d00000, 0x0000000085e00000, 0x0000000085e00000|100%|HS|  |TAMS 0x0000000085e00000, 0x0000000085e00000| Complete 
|  94|0x0000000085e00000, 0x0000000085f00000, 0x0000000085f00000|100%|HC|  |TAMS 0x0000000085f00000, 0x0000000085f00000| Complete 
|  95|0x0000000085f00000, 0x0000000086000000, 0x0000000086000000|100%|HS|  |TAMS 0x0000000086000000, 0x0000000086000000| Complete 
|  96|0x0000000086000000, 0x0000000086100000, 0x0000000086100000|100%|HS|  |TAMS 0x0000000086100000, 0x0000000086100000| Complete 
|  97|0x0000000086100000, 0x0000000086200000, 0x0000000086200000|100%|HC|  |TAMS 0x0000000086200000, 0x0000000086200000| Complete 
|  98|0x0000000086200000, 0x0000000086300000, 0x0000000086300000|100%|HS|  |TAMS 0x0000000086300000, 0x0000000086300000| Complete 
|  99|0x0000000086300000, 0x0000000086400000, 0x0000000086400000|100%|HC|  |TAMS 0x0000000086400000, 0x0000000086400000| Complete 
| 100|0x0000000086400000, 0x0000000086500000, 0x0000000086500000|100%|HS|  |TAMS 0x0000000086500000, 0x0000000086500000| Complete 
| 101|0x0000000086500000, 0x0000000086600000, 0x0000000086600000|100%|HS|  |TAMS 0x0000000086600000, 0x0000000086600000| Complete 
| 102|0x0000000086600000, 0x0000000086700000, 0x0000000086700000|100%|HC|  |TAMS 0x0000000086700000, 0x0000000086700000| Complete 
| 103|0x0000000086700000, 0x0000000086800000, 0x0000000086800000|100%|HC|  |TAMS 0x0000000086800000, 0x0000000086800000| Complete 
| 104|0x0000000086800000, 0x0000000086900000, 0x0000000086900000|100%| O|  |TAMS 0x0000000086900000, 0x0000000086900000| Untracked 
| 105|0x0000000086900000, 0x0000000086a00000, 0x0000000086a00000|100%| O|  |TAMS 0x0000000086a00000, 0x0000000086a00000| Untracked 
| 106|0x0000000086a00000, 0x0000000086b00000, 0x0000000086b00000|100%| O|  |TAMS 0x0000000086b00000, 0x0000000086b00000| Untracked 
| 107|0x0000000086b00000, 0x0000000086c00000, 0x0000000086c00000|100%| O|  |TAMS 0x0000000086c00000, 0x0000000086c00000| Untracked 
| 108|0x0000000086c00000, 0x0000000086d00000, 0x0000000086d00000|100%| O|  |TAMS 0x0000000086d00000, 0x0000000086d00000| Untracked 
| 109|0x0000000086d00000, 0x0000000086e00000, 0x0000000086e00000|100%| O|  |TAMS 0x0000000086e00000, 0x0000000086e00000| Untracked 
| 110|0x0000000086e00000, 0x0000000086f00000, 0x0000000086f00000|100%| O|  |TAMS 0x0000000086f00000, 0x0000000086f00000| Untracked 
| 111|0x0000000086f00000, 0x0000000087000000, 0x0000000087000000|100%| O|  |TAMS 0x0000000087000000, 0x0000000087000000| Untracked 
| 112|0x0000000087000000, 0x0000000087100000, 0x0000000087100000|100%|HS|  |TAMS 0x0000000087100000, 0x0000000087100000| Complete 
| 113|0x0000000087100000, 0x0000000087200000, 0x0000000087200000|100%|HC|  |TAMS 0x0000000087200000, 0x0000000087200000| Complete 
| 114|0x0000000087200000, 0x0000000087300000, 0x0000000087300000|100%|HC|  |TAMS 0x0000000087300000, 0x0000000087300000| Complete 
| 115|0x0000000087300000, 0x0000000087400000, 0x0000000087400000|100%|HS|  |TAMS 0x0000000087400000, 0x0000000087400000| Complete 
| 116|0x0000000087400000, 0x0000000087500000, 0x0000000087500000|100%|HC|  |TAMS 0x0000000087500000, 0x0000000087500000| Complete 
| 117|0x0000000087500000, 0x0000000087600000, 0x0000000087600000|100%|HS|  |TAMS 0x0000000087600000, 0x0000000087600000| Complete 
| 118|0x0000000087600000, 0x0000000087700000, 0x0000000087700000|100%|HC|  |TAMS 0x0000000087700000, 0x0000000087700000| Complete 
| 119|0x0000000087700000, 0x0000000087800000, 0x0000000087800000|100%|HS|  |TAMS 0x0000000087800000, 0x0000000087800000| Complete 
| 120|0x0000000087800000, 0x0000000087900000, 0x0000000087900000|100%|HC|  |TAMS 0x0000000087900000, 0x0000000087900000| Complete 
| 121|0x0000000087900000, 0x0000000087a00000, 0x0000000087a00000|100%|HS|  |TAMS 0x0000000087a00000, 0x0000000087a00000| Complete 
| 122|0x0000000087a00000, 0x0000000087b00000, 0x0000000087b00000|100%|HC|  |TAMS 0x0000000087b00000, 0x0000000087b00000| Complete 
| 123|0x0000000087b00000, 0x0000000087c00000, 0x0000000087c00000|100%|HC|  |TAMS 0x0000000087c00000, 0x0000000087c00000| Complete 
| 124|0x0000000087c00000, 0x0000000087d00000, 0x0000000087d00000|100%| O|  |TAMS 0x0000000087c00000, 0x0000000087d00000| Untracked 
| 125|0x0000000087d00000, 0x0000000087e00000, 0x0000000087e00000|100%| O|  |TAMS 0x0000000087d00000, 0x0000000087e00000| Untracked 
| 126|0x0000000087e00000, 0x0000000087f00000, 0x0000000087f00000|100%| O|  |TAMS 0x0000000087f00000, 0x0000000087f00000| Untracked 
| 127|0x0000000087f00000, 0x0000000088000000, 0x0000000088000000|100%|HS|  |TAMS 0x0000000088000000, 0x0000000088000000| Complete 
| 128|0x0000000088000000, 0x0000000088100000, 0x0000000088100000|100%|HC|  |TAMS 0x0000000088100000, 0x0000000088100000| Complete 
| 129|0x0000000088100000, 0x0000000088200000, 0x0000000088200000|100%| O|  |TAMS 0x0000000088200000, 0x0000000088200000| Untracked 
| 130|0x0000000088200000, 0x0000000088300000, 0x0000000088300000|100%|HS|  |TAMS 0x0000000088300000, 0x0000000088300000| Complete 
| 131|0x0000000088300000, 0x0000000088400000, 0x0000000088400000|100%|HS|  |TAMS 0x0000000088400000, 0x0000000088400000| Complete 
| 132|0x0000000088400000, 0x0000000088500000, 0x0000000088500000|100%|HC|  |TAMS 0x0000000088500000, 0x0000000088500000| Complete 
| 133|0x0000000088500000, 0x0000000088600000, 0x0000000088600000|100%| O|  |TAMS 0x0000000088600000, 0x0000000088600000| Untracked 
| 134|0x0000000088600000, 0x0000000088700000, 0x0000000088700000|100%|HS|  |TAMS 0x0000000088700000, 0x0000000088700000| Complete 
| 135|0x0000000088700000, 0x0000000088800000, 0x0000000088800000|100%|HC|  |TAMS 0x0000000088800000, 0x0000000088800000| Complete 
| 136|0x0000000088800000, 0x0000000088900000, 0x0000000088900000|100%| O|  |TAMS 0x0000000088900000, 0x0000000088900000| Untracked 
| 137|0x0000000088900000, 0x0000000088a00000, 0x0000000088a00000|100%| O|  |TAMS 0x0000000088a00000, 0x0000000088a00000| Untracked 
| 138|0x0000000088a00000, 0x0000000088b00000, 0x0000000088b00000|100%| O|  |TAMS 0x0000000088b00000, 0x0000000088b00000| Untracked 
| 139|0x0000000088b00000, 0x0000000088c00000, 0x0000000088c00000|100%|HS|  |TAMS 0x0000000088c00000, 0x0000000088c00000| Complete 
| 140|0x0000000088c00000, 0x0000000088d00000, 0x0000000088d00000|100%|HC|  |TAMS 0x0000000088d00000, 0x0000000088d00000| Complete 
| 141|0x0000000088d00000, 0x0000000088e00000, 0x0000000088e00000|100%| O|  |TAMS 0x0000000088e00000, 0x0000000088e00000| Untracked 
| 142|0x0000000088e00000, 0x0000000088f00000, 0x0000000088f00000|100%|HS|  |TAMS 0x0000000088f00000, 0x0000000088f00000| Complete 
| 143|0x0000000088f00000, 0x0000000089000000, 0x0000000089000000|100%| O|  |TAMS 0x0000000089000000, 0x0000000089000000| Untracked 
| 144|0x0000000089000000, 0x0000000089100000, 0x0000000089100000|100%| O|  |TAMS 0x0000000089000000, 0x0000000089000000| Untracked 
| 145|0x0000000089100000, 0x0000000089200000, 0x0000000089200000|100%| O|  |TAMS 0x0000000089200000, 0x0000000089200000| Untracked 
| 146|0x0000000089200000, 0x0000000089300000, 0x0000000089300000|100%| O|  |TAMS 0x0000000089300000, 0x0000000089300000| Untracked 
| 147|0x0000000089300000, 0x0000000089400000, 0x0000000089400000|100%| O|  |TAMS 0x0000000089300000, 0x0000000089400000| Untracked 
| 148|0x0000000089400000, 0x0000000089500000, 0x0000000089500000|100%| O|  |TAMS 0x0000000089400000, 0x0000000089500000| Untracked 
| 149|0x0000000089500000, 0x0000000089600000, 0x0000000089600000|100%|HS|  |TAMS 0x0000000089600000, 0x0000000089600000| Complete 
| 150|0x0000000089600000, 0x0000000089700000, 0x0000000089700000|100%|HC|  |TAMS 0x0000000089700000, 0x0000000089700000| Complete 
| 151|0x0000000089700000, 0x0000000089800000, 0x0000000089800000|100%|HC|  |TAMS 0x0000000089800000, 0x0000000089800000| Complete 
| 152|0x0000000089800000, 0x0000000089900000, 0x0000000089900000|100%| O|  |TAMS 0x0000000089800000, 0x0000000089900000| Untracked 
| 153|0x0000000089900000, 0x0000000089a00000, 0x0000000089a00000|100%|HS|  |TAMS 0x0000000089a00000, 0x0000000089a00000| Complete 
| 154|0x0000000089a00000, 0x0000000089b00000, 0x0000000089b00000|100%| O|  |TAMS 0x0000000089a00000, 0x0000000089b00000| Untracked 
| 155|0x0000000089b00000, 0x0000000089c00000, 0x0000000089c00000|100%| O|  |TAMS 0x0000000089b00000, 0x0000000089c00000| Untracked 
| 156|0x0000000089c00000, 0x0000000089d00000, 0x0000000089d00000|100%| O|  |TAMS 0x0000000089c00000, 0x0000000089d00000| Untracked 
| 157|0x0000000089d00000, 0x0000000089e00000, 0x0000000089e00000|100%|HS|  |TAMS 0x0000000089d00000, 0x0000000089e00000| Complete 
| 158|0x0000000089e00000, 0x0000000089f00000, 0x0000000089f00000|100%|HC|  |TAMS 0x0000000089e00000, 0x0000000089f00000| Complete 
| 159|0x0000000089f00000, 0x000000008a000000, 0x000000008a000000|100%|HC|  |TAMS 0x0000000089f00000, 0x000000008a000000| Complete 
| 160|0x000000008a000000, 0x000000008a100000, 0x000000008a100000|100%| O|  |TAMS 0x000000008a000000, 0x000000008a100000| Untracked 
| 161|0x000000008a100000, 0x000000008a200000, 0x000000008a200000|100%| O|  |TAMS 0x000000008a100000, 0x000000008a200000| Untracked 
| 162|0x000000008a200000, 0x000000008a300000, 0x000000008a300000|100%| O|  |TAMS 0x000000008a200000, 0x000000008a300000| Untracked 
| 163|0x000000008a300000, 0x000000008a400000, 0x000000008a400000|100%| O|  |TAMS 0x000000008a300000, 0x000000008a400000| Untracked 
| 164|0x000000008a400000, 0x000000008a500000, 0x000000008a500000|100%| O|  |TAMS 0x000000008a400000, 0x000000008a500000| Untracked 
| 165|0x000000008a500000, 0x000000008a600000, 0x000000008a600000|100%| O|  |TAMS 0x000000008a500000, 0x000000008a5ecc00| Untracked 
| 166|0x000000008a600000, 0x000000008a700000, 0x000000008a700000|100%|HS|  |TAMS 0x000000008a600000, 0x000000008a700000| Complete 
| 167|0x000000008a700000, 0x000000008a800000, 0x000000008a800000|100%|HC|  |TAMS 0x000000008a700000, 0x000000008a800000| Complete 
| 168|0x000000008a800000, 0x000000008a900000, 0x000000008a900000|100%|HS|  |TAMS 0x000000008a900000, 0x000000008a900000| Complete 
| 169|0x000000008a900000, 0x000000008aa00000, 0x000000008aa00000|100%|HC|  |TAMS 0x000000008aa00000, 0x000000008aa00000| Complete 
| 170|0x000000008aa00000, 0x000000008ab00000, 0x000000008ab00000|100%|HC|  |TAMS 0x000000008ab00000, 0x000000008ab00000| Complete 
| 171|0x000000008ab00000, 0x000000008ac00000, 0x000000008ac00000|100%| O|  |TAMS 0x000000008ab00000, 0x000000008ab00000| Untracked 
| 172|0x000000008ac00000, 0x000000008ad00000, 0x000000008ad00000|100%| O|  |TAMS 0x000000008ac00000, 0x000000008ac00000| Untracked 
| 173|0x000000008ad00000, 0x000000008ae00000, 0x000000008ae00000|100%|HS|  |TAMS 0x000000008ae00000, 0x000000008ae00000| Complete 
| 174|0x000000008ae00000, 0x000000008af00000, 0x000000008af00000|100%|HC|  |TAMS 0x000000008af00000, 0x000000008af00000| Complete 
| 175|0x000000008af00000, 0x000000008b000000, 0x000000008b000000|100%| O|  |TAMS 0x000000008af00000, 0x000000008af00000| Untracked 
| 176|0x000000008b000000, 0x000000008b100000, 0x000000008b100000|100%| O|  |TAMS 0x000000008b000000, 0x000000008b000000| Untracked 
| 177|0x000000008b100000, 0x000000008b200000, 0x000000008b200000|100%| O|  |TAMS 0x000000008b100000, 0x000000008b100000| Untracked 
| 178|0x000000008b200000, 0x000000008b300000, 0x000000008b300000|100%|HS|  |TAMS 0x000000008b300000, 0x000000008b300000| Complete 
| 179|0x000000008b300000, 0x000000008b400000, 0x000000008b400000|100%|HC|  |TAMS 0x000000008b400000, 0x000000008b400000| Complete 
| 180|0x000000008b400000, 0x000000008b500000, 0x000000008b500000|100%| O|  |TAMS 0x000000008b400000, 0x000000008b400000| Untracked 
| 181|0x000000008b500000, 0x000000008b600000, 0x000000008b600000|100%| O|  |TAMS 0x000000008b600000, 0x000000008b600000| Untracked 
| 182|0x000000008b600000, 0x000000008b700000, 0x000000008b700000|100%| O|  |TAMS 0x000000008b700000, 0x000000008b700000| Untracked 
| 183|0x000000008b700000, 0x000000008b800000, 0x000000008b800000|100%| O|  |TAMS 0x000000008b800000, 0x000000008b800000| Untracked 
| 184|0x000000008b800000, 0x000000008b900000, 0x000000008b900000|100%| O|  |TAMS 0x000000008b900000, 0x000000008b900000| Untracked 
| 185|0x000000008b900000, 0x000000008ba00000, 0x000000008ba00000|100%| O|  |TAMS 0x000000008b900000, 0x000000008b900000| Untracked 
| 186|0x000000008ba00000, 0x000000008bb00000, 0x000000008bb00000|100%| O|  |TAMS 0x000000008ba00000, 0x000000008ba00000| Untracked 
| 187|0x000000008bb00000, 0x000000008bc00000, 0x000000008bc00000|100%| O|  |TAMS 0x000000008bb00000, 0x000000008bb00000| Untracked 
| 188|0x000000008bc00000, 0x000000008bd00000, 0x000000008bd00000|100%| O|  |TAMS 0x000000008bc00000, 0x000000008bc00000| Untracked 
| 189|0x000000008bd00000, 0x000000008be00000, 0x000000008be00000|100%| O|  |TAMS 0x000000008bd00000, 0x000000008bd00000| Untracked 
| 190|0x000000008be00000, 0x000000008bf00000, 0x000000008bf00000|100%| O|  |TAMS 0x000000008be00000, 0x000000008be00000| Untracked 
| 191|0x000000008bf00000, 0x000000008bf00000, 0x000000008c000000|  0%| F|  |TAMS 0x000000008bf00000, 0x000000008bf00000| Untracked 
| 192|0x000000008c000000, 0x000000008c000000, 0x000000008c100000|  0%| F|  |TAMS 0x000000008c000000, 0x000000008c000000| Untracked 
| 193|0x000000008c100000, 0x000000008c100000, 0x000000008c200000|  0%| F|  |TAMS 0x000000008c100000, 0x000000008c100000| Untracked 
| 194|0x000000008c200000, 0x000000008c200000, 0x000000008c300000|  0%| F|  |TAMS 0x000000008c200000, 0x000000008c200000| Untracked 
| 195|0x000000008c300000, 0x000000008c300000, 0x000000008c400000|  0%| F|  |TAMS 0x000000008c300000, 0x000000008c300000| Untracked 
| 196|0x000000008c400000, 0x000000008c400000, 0x000000008c500000|  0%| F|  |TAMS 0x000000008c400000, 0x000000008c400000| Untracked 
| 197|0x000000008c500000, 0x000000008c500000, 0x000000008c600000|  0%| F|  |TAMS 0x000000008c500000, 0x000000008c500000| Untracked 
| 198|0x000000008c600000, 0x000000008c600000, 0x000000008c700000|  0%| F|  |TAMS 0x000000008c600000, 0x000000008c600000| Untracked 
| 199|0x000000008c700000, 0x000000008c700000, 0x000000008c800000|  0%| F|  |TAMS 0x000000008c700000, 0x000000008c700000| Untracked 
| 200|0x000000008c800000, 0x000000008c800000, 0x000000008c900000|  0%| F|  |TAMS 0x000000008c800000, 0x000000008c800000| Untracked 
| 201|0x000000008c900000, 0x000000008c900000, 0x000000008ca00000|  0%| F|  |TAMS 0x000000008c900000, 0x000000008c900000| Untracked 
| 202|0x000000008ca00000, 0x000000008ca00000, 0x000000008cb00000|  0%| F|  |TAMS 0x000000008ca00000, 0x000000008ca00000| Untracked 
| 203|0x000000008cb00000, 0x000000008cb00000, 0x000000008cc00000|  0%| F|  |TAMS 0x000000008cb00000, 0x000000008cb00000| Untracked 
| 204|0x000000008cc00000, 0x000000008cc00000, 0x000000008cd00000|  0%| F|  |TAMS 0x000000008cc00000, 0x000000008cc00000| Untracked 
| 205|0x000000008cd00000, 0x000000008cd00000, 0x000000008ce00000|  0%| F|  |TAMS 0x000000008cd00000, 0x000000008cd00000| Untracked 
| 206|0x000000008ce00000, 0x000000008ce00000, 0x000000008cf00000|  0%| F|  |TAMS 0x000000008ce00000, 0x000000008ce00000| Untracked 
| 207|0x000000008cf00000, 0x000000008cf00000, 0x000000008d000000|  0%| F|  |TAMS 0x000000008cf00000, 0x000000008cf00000| Untracked 
| 208|0x000000008d000000, 0x000000008d000000, 0x000000008d100000|  0%| F|  |TAMS 0x000000008d000000, 0x000000008d000000| Untracked 
| 209|0x000000008d100000, 0x000000008d100000, 0x000000008d200000|  0%| F|  |TAMS 0x000000008d100000, 0x000000008d100000| Untracked 
| 210|0x000000008d200000, 0x000000008d200000, 0x000000008d300000|  0%| F|  |TAMS 0x000000008d200000, 0x000000008d200000| Untracked 
| 211|0x000000008d300000, 0x000000008d300000, 0x000000008d400000|  0%| F|  |TAMS 0x000000008d300000, 0x000000008d300000| Untracked 
| 212|0x000000008d400000, 0x000000008d400000, 0x000000008d500000|  0%| F|  |TAMS 0x000000008d400000, 0x000000008d400000| Untracked 
| 213|0x000000008d500000, 0x000000008d500000, 0x000000008d600000|  0%| F|  |TAMS 0x000000008d500000, 0x000000008d500000| Untracked 
| 214|0x000000008d600000, 0x000000008d600000, 0x000000008d700000|  0%| F|  |TAMS 0x000000008d600000, 0x000000008d600000| Untracked 
| 215|0x000000008d700000, 0x000000008d700000, 0x000000008d800000|  0%| F|  |TAMS 0x000000008d700000, 0x000000008d700000| Untracked 
| 216|0x000000008d800000, 0x000000008d800000, 0x000000008d900000|  0%| F|  |TAMS 0x000000008d800000, 0x000000008d800000| Untracked 
| 217|0x000000008d900000, 0x000000008d900000, 0x000000008da00000|  0%| F|  |TAMS 0x000000008d900000, 0x000000008d900000| Untracked 
| 218|0x000000008da00000, 0x000000008da00000, 0x000000008db00000|  0%| F|  |TAMS 0x000000008da00000, 0x000000008da00000| Untracked 
| 219|0x000000008db00000, 0x000000008db00000, 0x000000008dc00000|  0%| F|  |TAMS 0x000000008db00000, 0x000000008db00000| Untracked 
| 220|0x000000008dc00000, 0x000000008dc00000, 0x000000008dd00000|  0%| F|  |TAMS 0x000000008dc00000, 0x000000008dc00000| Untracked 
| 221|0x000000008dd00000, 0x000000008dd00000, 0x000000008de00000|  0%| F|  |TAMS 0x000000008dd00000, 0x000000008dd00000| Untracked 
| 222|0x000000008de00000, 0x000000008de00000, 0x000000008df00000|  0%| F|  |TAMS 0x000000008de00000, 0x000000008de00000| Untracked 
| 223|0x000000008df00000, 0x000000008df00000, 0x000000008e000000|  0%| F|  |TAMS 0x000000008df00000, 0x000000008df00000| Untracked 
| 224|0x000000008e000000, 0x000000008e000000, 0x000000008e100000|  0%| F|  |TAMS 0x000000008e000000, 0x000000008e000000| Untracked 
| 225|0x000000008e100000, 0x000000008e100000, 0x000000008e200000|  0%| F|  |TAMS 0x000000008e100000, 0x000000008e100000| Untracked 
| 226|0x000000008e200000, 0x000000008e200000, 0x000000008e300000|  0%| F|  |TAMS 0x000000008e200000, 0x000000008e200000| Untracked 
| 227|0x000000008e300000, 0x000000008e300000, 0x000000008e400000|  0%| F|  |TAMS 0x000000008e300000, 0x000000008e300000| Untracked 
| 228|0x000000008e400000, 0x000000008e400000, 0x000000008e500000|  0%| F|  |TAMS 0x000000008e400000, 0x000000008e400000| Untracked 
| 229|0x000000008e500000, 0x000000008e500000, 0x000000008e600000|  0%| F|  |TAMS 0x000000008e500000, 0x000000008e500000| Untracked 
| 230|0x000000008e600000, 0x000000008e600000, 0x000000008e700000|  0%| F|  |TAMS 0x000000008e600000, 0x000000008e600000| Untracked 
| 231|0x000000008e700000, 0x000000008e700000, 0x000000008e800000|  0%| F|  |TAMS 0x000000008e700000, 0x000000008e700000| Untracked 
| 232|0x000000008e800000, 0x000000008e800000, 0x000000008e900000|  0%| F|  |TAMS 0x000000008e800000, 0x000000008e800000| Untracked 
| 233|0x000000008e900000, 0x000000008e900000, 0x000000008ea00000|  0%| F|  |TAMS 0x000000008e900000, 0x000000008e900000| Untracked 
| 234|0x000000008ea00000, 0x000000008ea00000, 0x000000008eb00000|  0%| F|  |TAMS 0x000000008ea00000, 0x000000008ea00000| Untracked 
| 235|0x000000008eb00000, 0x000000008eb00000, 0x000000008ec00000|  0%| F|  |TAMS 0x000000008eb00000, 0x000000008eb00000| Untracked 
| 236|0x000000008ec00000, 0x000000008ec00000, 0x000000008ed00000|  0%| F|  |TAMS 0x000000008ec00000, 0x000000008ec00000| Untracked 
| 237|0x000000008ed00000, 0x000000008ed00000, 0x000000008ee00000|  0%| F|  |TAMS 0x000000008ed00000, 0x000000008ed00000| Untracked 
| 238|0x000000008ee00000, 0x000000008ee00000, 0x000000008ef00000|  0%| F|  |TAMS 0x000000008ee00000, 0x000000008ee00000| Untracked 
| 239|0x000000008ef00000, 0x000000008ef00000, 0x000000008f000000|  0%| F|  |TAMS 0x000000008ef00000, 0x000000008ef00000| Untracked 
| 240|0x000000008f000000, 0x000000008f000000, 0x000000008f100000|  0%| F|  |TAMS 0x000000008f000000, 0x000000008f000000| Untracked 
| 241|0x000000008f100000, 0x000000008f100000, 0x000000008f200000|  0%| F|  |TAMS 0x000000008f100000, 0x000000008f100000| Untracked 
| 242|0x000000008f200000, 0x000000008f200000, 0x000000008f300000|  0%| F|  |TAMS 0x000000008f200000, 0x000000008f200000| Untracked 
| 243|0x000000008f300000, 0x000000008f300000, 0x000000008f400000|  0%| F|  |TAMS 0x000000008f300000, 0x000000008f300000| Untracked 
| 244|0x000000008f400000, 0x000000008f400000, 0x000000008f500000|  0%| F|  |TAMS 0x000000008f400000, 0x000000008f400000| Untracked 
| 245|0x000000008f500000, 0x000000008f500000, 0x000000008f600000|  0%| F|  |TAMS 0x000000008f500000, 0x000000008f500000| Untracked 
| 246|0x000000008f600000, 0x000000008f700000, 0x000000008f700000|100%| S|CS|TAMS 0x000000008f600000, 0x000000008f600000| Complete 
| 247|0x000000008f700000, 0x000000008f800000, 0x000000008f800000|100%| S|CS|TAMS 0x000000008f700000, 0x000000008f700000| Complete 
| 248|0x000000008f800000, 0x000000008f900000, 0x000000008f900000|100%| S|CS|TAMS 0x000000008f800000, 0x000000008f800000| Complete 
| 249|0x000000008f900000, 0x000000008fa00000, 0x000000008fa00000|100%| S|CS|TAMS 0x000000008f900000, 0x000000008f900000| Complete 
| 250|0x000000008fa00000, 0x000000008fb00000, 0x000000008fb00000|100%| S|CS|TAMS 0x000000008fa00000, 0x000000008fa00000| Complete 
| 251|0x000000008fb00000, 0x000000008fc00000, 0x000000008fc00000|100%| S|CS|TAMS 0x000000008fb00000, 0x000000008fb00000| Complete 
| 252|0x000000008fc00000, 0x000000008fd00000, 0x000000008fd00000|100%| S|CS|TAMS 0x000000008fc00000, 0x000000008fc00000| Complete 
| 253|0x000000008fd00000, 0x000000008fd00000, 0x000000008fe00000|  0%| F|  |TAMS 0x000000008fd00000, 0x000000008fd00000| Untracked 
| 254|0x000000008fe00000, 0x000000008fe00000, 0x000000008ff00000|  0%| F|  |TAMS 0x000000008fe00000, 0x000000008fe00000| Untracked 
| 255|0x000000008ff00000, 0x000000008ff00000, 0x0000000090000000|  0%| F|  |TAMS 0x000000008ff00000, 0x000000008ff00000| Untracked 
| 256|0x0000000090000000, 0x0000000090000000, 0x0000000090100000|  0%| F|  |TAMS 0x0000000090000000, 0x0000000090000000| Untracked 
| 257|0x0000000090100000, 0x0000000090100000, 0x0000000090200000|  0%| F|  |TAMS 0x0000000090100000, 0x0000000090100000| Untracked 
| 258|0x0000000090200000, 0x0000000090200000, 0x0000000090300000|  0%| F|  |TAMS 0x0000000090200000, 0x0000000090200000| Untracked 
| 259|0x0000000090300000, 0x0000000090300000, 0x0000000090400000|  0%| F|  |TAMS 0x0000000090300000, 0x0000000090300000| Untracked 
| 260|0x0000000090400000, 0x0000000090400000, 0x0000000090500000|  0%| F|  |TAMS 0x0000000090400000, 0x0000000090400000| Untracked 
| 261|0x0000000090500000, 0x0000000090500000, 0x0000000090600000|  0%| F|  |TAMS 0x0000000090500000, 0x0000000090500000| Untracked 
| 262|0x0000000090600000, 0x0000000090600000, 0x0000000090700000|  0%| F|  |TAMS 0x0000000090600000, 0x0000000090600000| Untracked 
| 263|0x0000000090700000, 0x0000000090700000, 0x0000000090800000|  0%| F|  |TAMS 0x0000000090700000, 0x0000000090700000| Untracked 
| 264|0x0000000090800000, 0x0000000090800000, 0x0000000090900000|  0%| F|  |TAMS 0x0000000090800000, 0x0000000090800000| Untracked 
| 265|0x0000000090900000, 0x0000000090900000, 0x0000000090a00000|  0%| F|  |TAMS 0x0000000090900000, 0x0000000090900000| Untracked 
| 266|0x0000000090a00000, 0x0000000090a00000, 0x0000000090b00000|  0%| F|  |TAMS 0x0000000090a00000, 0x0000000090a00000| Untracked 
| 267|0x0000000090b00000, 0x0000000090b00000, 0x0000000090c00000|  0%| F|  |TAMS 0x0000000090b00000, 0x0000000090b00000| Untracked 
| 268|0x0000000090c00000, 0x0000000090c00000, 0x0000000090d00000|  0%| F|  |TAMS 0x0000000090c00000, 0x0000000090c00000| Untracked 
| 269|0x0000000090d00000, 0x0000000090d00000, 0x0000000090e00000|  0%| F|  |TAMS 0x0000000090d00000, 0x0000000090d00000| Untracked 
| 270|0x0000000090e00000, 0x0000000090e00000, 0x0000000090f00000|  0%| F|  |TAMS 0x0000000090e00000, 0x0000000090e00000| Untracked 
| 271|0x0000000090f00000, 0x0000000090f00000, 0x0000000091000000|  0%| F|  |TAMS 0x0000000090f00000, 0x0000000090f00000| Untracked 
| 272|0x0000000091000000, 0x0000000091000000, 0x0000000091100000|  0%| F|  |TAMS 0x0000000091000000, 0x0000000091000000| Untracked 
| 273|0x0000000091100000, 0x0000000091100000, 0x0000000091200000|  0%| F|  |TAMS 0x0000000091100000, 0x0000000091100000| Untracked 
| 274|0x0000000091200000, 0x0000000091200000, 0x0000000091300000|  0%| F|  |TAMS 0x0000000091200000, 0x0000000091200000| Untracked 
| 275|0x0000000091300000, 0x0000000091300000, 0x0000000091400000|  0%| F|  |TAMS 0x0000000091300000, 0x0000000091300000| Untracked 
| 276|0x0000000091400000, 0x0000000091400000, 0x0000000091500000|  0%| F|  |TAMS 0x0000000091400000, 0x0000000091400000| Untracked 
| 277|0x0000000091500000, 0x0000000091500000, 0x0000000091600000|  0%| F|  |TAMS 0x0000000091500000, 0x0000000091500000| Untracked 
| 278|0x0000000091600000, 0x0000000091600000, 0x0000000091700000|  0%| F|  |TAMS 0x0000000091600000, 0x0000000091600000| Untracked 
| 279|0x0000000091700000, 0x0000000091700000, 0x0000000091800000|  0%| F|  |TAMS 0x0000000091700000, 0x0000000091700000| Untracked 
| 280|0x0000000091800000, 0x0000000091800000, 0x0000000091900000|  0%| F|  |TAMS 0x0000000091800000, 0x0000000091800000| Untracked 
| 281|0x0000000091900000, 0x0000000091900000, 0x0000000091a00000|  0%| F|  |TAMS 0x0000000091900000, 0x0000000091900000| Untracked 
| 282|0x0000000091a00000, 0x0000000091a00000, 0x0000000091b00000|  0%| F|  |TAMS 0x0000000091a00000, 0x0000000091a00000| Untracked 
| 283|0x0000000091b00000, 0x0000000091b00000, 0x0000000091c00000|  0%| F|  |TAMS 0x0000000091b00000, 0x0000000091b00000| Untracked 
| 284|0x0000000091c00000, 0x0000000091c00000, 0x0000000091d00000|  0%| F|  |TAMS 0x0000000091c00000, 0x0000000091c00000| Untracked 
| 285|0x0000000091d00000, 0x0000000091d00000, 0x0000000091e00000|  0%| F|  |TAMS 0x0000000091d00000, 0x0000000091d00000| Untracked 
| 286|0x0000000091e00000, 0x0000000091e00000, 0x0000000091f00000|  0%| F|  |TAMS 0x0000000091e00000, 0x0000000091e00000| Untracked 
| 287|0x0000000091f00000, 0x0000000091f00000, 0x0000000092000000|  0%| F|  |TAMS 0x0000000091f00000, 0x0000000091f00000| Untracked 
| 288|0x0000000092000000, 0x0000000092000000, 0x0000000092100000|  0%| F|  |TAMS 0x0000000092000000, 0x0000000092000000| Untracked 
| 289|0x0000000092100000, 0x0000000092100000, 0x0000000092200000|  0%| F|  |TAMS 0x0000000092100000, 0x0000000092100000| Untracked 
| 290|0x0000000092200000, 0x0000000092200000, 0x0000000092300000|  0%| F|  |TAMS 0x0000000092200000, 0x0000000092200000| Untracked 
| 291|0x0000000092300000, 0x0000000092300000, 0x0000000092400000|  0%| F|  |TAMS 0x0000000092300000, 0x0000000092300000| Untracked 
| 292|0x0000000092400000, 0x0000000092400000, 0x0000000092500000|  0%| F|  |TAMS 0x0000000092400000, 0x0000000092400000| Untracked 
| 293|0x0000000092500000, 0x0000000092500000, 0x0000000092600000|  0%| F|  |TAMS 0x0000000092500000, 0x0000000092500000| Untracked 
| 294|0x0000000092600000, 0x0000000092600000, 0x0000000092700000|  0%| F|  |TAMS 0x0000000092600000, 0x0000000092600000| Untracked 
| 295|0x0000000092700000, 0x0000000092700000, 0x0000000092800000|  0%| F|  |TAMS 0x0000000092700000, 0x0000000092700000| Untracked 
| 296|0x0000000092800000, 0x0000000092800000, 0x0000000092900000|  0%| F|  |TAMS 0x0000000092800000, 0x0000000092800000| Untracked 
| 297|0x0000000092900000, 0x0000000092900000, 0x0000000092a00000|  0%| F|  |TAMS 0x0000000092900000, 0x0000000092900000| Untracked 
| 298|0x0000000092a00000, 0x0000000092a00000, 0x0000000092b00000|  0%| F|  |TAMS 0x0000000092a00000, 0x0000000092a00000| Untracked 
| 299|0x0000000092b00000, 0x0000000092b00000, 0x0000000092c00000|  0%| F|  |TAMS 0x0000000092b00000, 0x0000000092b00000| Untracked 
| 300|0x0000000092c00000, 0x0000000092c00000, 0x0000000092d00000|  0%| F|  |TAMS 0x0000000092c00000, 0x0000000092c00000| Untracked 
|2042|0x00000000ffa00000, 0x00000000ffa00000, 0x00000000ffb00000|  0%| F|  |TAMS 0x00000000ffa00000, 0x00000000ffa00000| Untracked 
|2043|0x00000000ffb00000, 0x00000000ffc00000, 0x00000000ffc00000|100%| O|  |TAMS 0x00000000ffc00000, 0x00000000ffc00000| Untracked 
|2044|0x00000000ffc00000, 0x00000000ffd00000, 0x00000000ffd00000|100%| O|  |TAMS 0x00000000ffd00000, 0x00000000ffd00000| Untracked 
|2045|0x00000000ffd00000, 0x00000000ffe00000, 0x00000000ffe00000|100%| O|  |TAMS 0x00000000ffe00000, 0x00000000ffe00000| Untracked 
|2046|0x00000000ffe00000, 0x00000000fff00000, 0x00000000fff00000|100%| O|  |TAMS 0x00000000fff00000, 0x00000000fff00000| Untracked 
|2047|0x00000000fff00000, 0x0000000100000000, 0x0000000100000000|100%| O|  |TAMS 0x0000000100000000, 0x0000000100000000| Untracked 

Card table byte_map: [0x000001c342ae0000,0x000001c342ee0000] _byte_map_base: 0x000001c3426e0000

Marking Bits (Prev, Next): (CMBitMap*) 0x000001c3302676b0, (CMBitMap*) 0x000001c3302676f0
 Prev Bits: [0x000001c3432e0000, 0x000001c3452e0000)
 Next Bits: [0x000001c3452e0000, 0x000001c3472e0000)

Polling page: 0x000001c32e1b0000

Metaspace:

Usage:
  Non-class:     88.39 MB used.
      Class:     13.87 MB used.
       Both:    102.26 MB used.

Virtual space:
  Non-class space:       96.00 MB reserved,      88.75 MB ( 92%) committed,  12 nodes.
      Class space:        1.00 GB reserved,      14.19 MB (  1%) committed,  1 nodes.
             Both:        1.09 GB reserved,     102.94 MB (  9%) committed. 

Chunk freelists:
   Non-Class:  2.78 MB
       Class:  1.62 MB
        Both:  4.41 MB

MaxMetaspaceSize: unlimited
CompressedClassSpaceSize: 1.00 GB
Initial GC threshold: 21.00 MB
Current GC threshold: 171.56 MB
CDS: off
MetaspaceReclaimPolicy: balanced
 - commit_granule_bytes: 65536.
 - commit_granule_words: 8192.
 - virtual_space_node_default_size: 1048576.
 - enlarge_chunks_in_place: 1.
 - new_chunks_are_fully_committed: 0.
 - uncommit_free_chunks: 1.
 - use_allocation_guard: 0.
 - handle_deallocations: 1.


Internal statistics:

num_allocs_failed_limit: 9.
num_arena_births: 1190.
num_arena_deaths: 6.
num_vsnodes_births: 13.
num_vsnodes_deaths: 0.
num_space_committed: 1646.
num_space_uncommitted: 0.
num_chunks_returned_to_freelist: 16.
num_chunks_taken_from_freelist: 5135.
num_chunk_merges: 11.
num_chunk_splits: 3370.
num_chunks_enlarged: 2239.
num_purges: 2.
num_inconsistent_stats: 0.

CodeHeap 'non-profiled nmethods': size=120000Kb used=6322Kb max_used=6322Kb free=113677Kb
 bounds [0x000001c33b1b0000, 0x000001c33b7e0000, 0x000001c3426e0000]
CodeHeap 'profiled nmethods': size=120000Kb used=21955Kb max_used=21955Kb free=98044Kb
 bounds [0x000001c3336e0000, 0x000001c334c60000, 0x000001c33ac10000]
CodeHeap 'non-nmethods': size=5760Kb used=2420Kb max_used=2492Kb free=3339Kb
 bounds [0x000001c33ac10000, 0x000001c33aea0000, 0x000001c33b1b0000]
 total_blobs=12202 nmethods=11240 adapters=874
 compilation: enabled
              stopped_count=0, restarted_count=0
 full_count=0

Compilation events (20 events):
Event: 24.609 Thread 0x000001c34a44dfb0 nmethod 12966 0x000001c33b7d3f90 code [0x000001c33b7d4120, 0x000001c33b7d4368]
Event: 24.609 Thread 0x000001c34a44dfb0 12969       4       com.android.tools.r8.dex.n$$Lambda$1295/0x0000000100e5cbe0::accept (12 bytes)
Event: 24.619 Thread 0x000001c34de2d810 nmethod 12962 0x000001c33b7d4510 code [0x000001c33b7d4800, 0x000001c33b7d5ff8]
Event: 24.620 Thread 0x000001c34de2d810 12970       4       com.android.tools.r8.internal.Vt::f (40 bytes)
Event: 24.621 Thread 0x000001c34de2d810 nmethod 12970 0x000001c33b7d6e90 code [0x000001c33b7d7020, 0x000001c33b7d7118]
Event: 24.632 Thread 0x000001c34a450a60 12971       3       com.android.tools.r8.internal.Rq::d (191 bytes)
Event: 24.633 Thread 0x000001c34a450a60 nmethod 12971 0x000001c334c4e390 code [0x000001c334c4e5c0, 0x000001c334c4f208]
Event: 24.664 Thread 0x000001c34a44dfb0 nmethod 12969 0x000001c33b7d7210 code [0x000001c33b7d7460, 0x000001c33b7d8828]
Event: 24.666 Thread 0x000001c34a44dfb0 12972       4       com.android.tools.r8.dex.U::a (28 bytes)
Event: 24.667 Thread 0x000001c34a44dfb0 nmethod 12972 0x000001c33b7d9390 code [0x000001c33b7d9500, 0x000001c33b7d95d8]
Event: 24.709 Thread 0x000001c34a44dfb0 12973       4       com.android.tools.r8.graph.r2::c (62 bytes)
Event: 24.719 Thread 0x000001c34a44dfb0 nmethod 12973 0x000001c33b7d9710 code [0x000001c33b7d98a0, 0x000001c33b7d9f18]
Event: 24.801 Thread 0x000001c34a450a60 12974       3       com.android.tools.r8.internal.cJ::d (195 bytes)
Event: 24.802 Thread 0x000001c34a450a60 nmethod 12974 0x000001c334c4f690 code [0x000001c334c4f900, 0x000001c334c50518]
Event: 24.840 Thread 0x000001c34a450a60 12975   !   3       java.util.concurrent.ConcurrentHashMap::putVal (432 bytes)
Event: 24.842 Thread 0x000001c34a450a60 nmethod 12975 0x000001c334c50a10 code [0x000001c334c50d60, 0x000001c334c52828]
Event: 24.845 Thread 0x000001c34a44dfb0 12976   !   4       java.util.concurrent.ConcurrentHashMap::putVal (432 bytes)
Event: 24.893 Thread 0x000001c34a44dfb0 nmethod 12976 0x000001c33b7da310 code [0x000001c33b7da520, 0x000001c33b7dba30]
Event: 24.904 Thread 0x000001c34a450a60 12977       1       com.android.tools.r8.internal.Xt::b (6 bytes)
Event: 24.904 Thread 0x000001c34a450a60 nmethod 12977 0x000001c33b7dc590 code [0x000001c33b7dc720, 0x000001c33b7dc7f8]

GC Heap History (20 events):
Event: 14.913 GC heap after
{Heap after GC invocations=26 (full 0):
 garbage-first heap   total 239616K, used 72451K [0x0000000080000000, 0x0000000100000000)
  region size 1024K, 9 young (9216K), 9 survivors (9216K)
 Metaspace       used 88199K, committed 88832K, reserved 1130496K
  class space    used 12045K, committed 12352K, reserved 1048576K
}
Event: 16.769 GC heap before
{Heap before GC invocations=26 (full 0):
 garbage-first heap   total 239616K, used 184067K [0x0000000080000000, 0x0000000100000000)
  region size 1024K, 119 young (121856K), 9 survivors (9216K)
 Metaspace       used 94448K, committed 95040K, reserved 1138688K
  class space    used 12895K, committed 13184K, reserved 1048576K
}
Event: 16.809 GC heap after
{Heap after GC invocations=27 (full 0):
 garbage-first heap   total 239616K, used 86289K [0x0000000080000000, 0x0000000100000000)
  region size 1024K, 15 young (15360K), 15 survivors (15360K)
 Metaspace       used 94448K, committed 95040K, reserved 1138688K
  class space    used 12895K, committed 13184K, reserved 1048576K
}
Event: 18.838 GC heap before
{Heap before GC invocations=27 (full 0):
 garbage-first heap   total 239616K, used 182545K [0x0000000080000000, 0x0000000100000000)
  region size 1024K, 110 young (112640K), 15 survivors (15360K)
 Metaspace       used 95547K, committed 96256K, reserved 1138688K
  class space    used 12995K, committed 13312K, reserved 1048576K
}
Event: 18.870 GC heap after
{Heap after GC invocations=28 (full 0):
 garbage-first heap   total 239616K, used 95017K [0x0000000080000000, 0x0000000100000000)
  region size 1024K, 8 young (8192K), 8 survivors (8192K)
 Metaspace       used 95547K, committed 96256K, reserved 1138688K
  class space    used 12995K, committed 13312K, reserved 1048576K
}
Event: 20.315 GC heap before
{Heap before GC invocations=28 (full 0):
 garbage-first heap   total 239616K, used 187177K [0x0000000080000000, 0x0000000100000000)
  region size 1024K, 99 young (101376K), 8 survivors (8192K)
 Metaspace       used 99078K, committed 99712K, reserved 1138688K
  class space    used 13464K, committed 13760K, reserved 1048576K
}
Event: 20.340 GC heap after
{Heap after GC invocations=29 (full 0):
 garbage-first heap   total 239616K, used 103173K [0x0000000080000000, 0x0000000100000000)
  region size 1024K, 8 young (8192K), 8 survivors (8192K)
 Metaspace       used 99078K, committed 99712K, reserved 1138688K
  class space    used 13464K, committed 13760K, reserved 1048576K
}
Event: 21.464 GC heap before
{Heap before GC invocations=29 (full 0):
 garbage-first heap   total 239616K, used 182021K [0x0000000080000000, 0x0000000100000000)
  region size 1024K, 75 young (76800K), 8 survivors (8192K)
 Metaspace       used 101325K, committed 102080K, reserved 1138688K
  class space    used 13711K, committed 14080K, reserved 1048576K
}
Event: 21.494 GC heap after
{Heap after GC invocations=30 (full 0):
 garbage-first heap   total 239616K, used 120865K [0x0000000080000000, 0x0000000100000000)
  region size 1024K, 7 young (7168K), 7 survivors (7168K)
 Metaspace       used 101325K, committed 102080K, reserved 1138688K
  class space    used 13711K, committed 14080K, reserved 1048576K
}
Event: 23.015 GC heap before
{Heap before GC invocations=31 (full 0):
 garbage-first heap   total 239616K, used 222241K [0x0000000080000000, 0x0000000100000000)
  region size 1024K, 45 young (46080K), 7 survivors (7168K)
 Metaspace       used 104383K, committed 105152K, reserved 1146880K
  class space    used 14155K, committed 14528K, reserved 1048576K
}
Event: 23.029 GC heap after
{Heap after GC invocations=32 (full 0):
 garbage-first heap   total 244736K, used 166907K [0x0000000080000000, 0x0000000100000000)
  region size 1024K, 10 young (10240K), 10 survivors (10240K)
 Metaspace       used 104383K, committed 105152K, reserved 1146880K
  class space    used 14155K, committed 14528K, reserved 1048576K
}
Event: 23.031 GC heap before
{Heap before GC invocations=32 (full 0):
 garbage-first heap   total 244736K, used 171003K [0x0000000080000000, 0x0000000100000000)
  region size 1024K, 11 young (11264K), 10 survivors (10240K)
 Metaspace       used 104383K, committed 105152K, reserved 1146880K
  class space    used 14155K, committed 14528K, reserved 1048576K
}
Event: 23.041 GC heap after
{Heap after GC invocations=33 (full 0):
 garbage-first heap   total 244736K, used 168749K [0x0000000080000000, 0x0000000100000000)
  region size 1024K, 1 young (1024K), 1 survivors (1024K)
 Metaspace       used 104383K, committed 105152K, reserved 1146880K
  class space    used 14155K, committed 14528K, reserved 1048576K
}
Event: 23.041 GC heap before
{Heap before GC invocations=33 (full 0):
 garbage-first heap   total 244736K, used 168749K [0x0000000080000000, 0x0000000100000000)
  region size 1024K, 2 young (2048K), 1 survivors (1024K)
 Metaspace       used 104383K, committed 105152K, reserved 1146880K
  class space    used 14155K, committed 14528K, reserved 1048576K
}
Event: 23.044 GC heap after
{Heap after GC invocations=34 (full 0):
 garbage-first heap   total 244736K, used 169163K [0x0000000080000000, 0x0000000100000000)
  region size 1024K, 1 young (1024K), 1 survivors (1024K)
 Metaspace       used 104383K, committed 105152K, reserved 1146880K
  class space    used 14155K, committed 14528K, reserved 1048576K
}
Event: 24.112 GC heap before
{Heap before GC invocations=35 (full 0):
 garbage-first heap   total 314368K, used 205003K [0x0000000080000000, 0x0000000100000000)
  region size 1024K, 28 young (28672K), 1 survivors (1024K)
 Metaspace       used 104697K, committed 105408K, reserved 1146880K
  class space    used 14202K, committed 14528K, reserved 1048576K
}
Event: 24.134 GC heap after
{Heap after GC invocations=36 (full 0):
 garbage-first heap   total 314368K, used 182904K [0x0000000080000000, 0x0000000100000000)
  region size 1024K, 4 young (4096K), 4 survivors (4096K)
 Metaspace       used 104697K, committed 105408K, reserved 1146880K
  class space    used 14202K, committed 14528K, reserved 1048576K
}
Event: 24.340 GC heap before
{Heap before GC invocations=36 (full 0):
 garbage-first heap   total 314368K, used 194168K [0x0000000080000000, 0x0000000100000000)
  region size 1024K, 15 young (15360K), 4 survivors (4096K)
 Metaspace       used 104697K, committed 105408K, reserved 1146880K
  class space    used 14202K, committed 14528K, reserved 1048576K
}
Event: 24.362 GC heap after
{Heap after GC invocations=37 (full 0):
 garbage-first heap   total 314368K, used 186291K [0x0000000080000000, 0x0000000100000000)
  region size 1024K, 2 young (2048K), 2 survivors (2048K)
 Metaspace       used 104697K, committed 105408K, reserved 1146880K
  class space    used 14202K, committed 14528K, reserved 1048576K
}
Event: 24.917 GC heap before
{Heap before GC invocations=37 (full 0):
 garbage-first heap   total 314368K, used 237491K [0x0000000080000000, 0x0000000100000000)
  region size 1024K, 49 young (50176K), 2 survivors (2048K)
 Metaspace       used 104714K, committed 105408K, reserved 1146880K
  class space    used 14203K, committed 14528K, reserved 1048576K
}

Dll operation events (2 events):
Event: 0.005 Loaded shared library D:\Android\jbr\bin\java.dll
Event: 0.726 Loaded shared library D:\Android\jbr\bin\verify.dll

Deoptimization events (20 events):
Event: 24.212 Thread 0x000001c34fa22890 DEOPT PACKING pc=0x000001c334c16d1d sp=0x0000003e4cafd750
Event: 24.212 Thread 0x000001c34fa22890 DEOPT UNPACKING pc=0x000001c33ac67143 sp=0x0000003e4cafcd90 mode 0
Event: 24.215 Thread 0x000001c34fa22890 DEOPT PACKING pc=0x000001c334c16d1d sp=0x0000003e4cafd750
Event: 24.215 Thread 0x000001c34fa22890 DEOPT UNPACKING pc=0x000001c33ac67143 sp=0x0000003e4cafcd90 mode 0
Event: 24.225 Thread 0x000001c34fa22890 DEOPT PACKING pc=0x000001c334c16d1d sp=0x0000003e4cafd750
Event: 24.225 Thread 0x000001c34fa22890 DEOPT UNPACKING pc=0x000001c33ac67143 sp=0x0000003e4cafcd90 mode 0
Event: 24.232 Thread 0x000001c34fa22890 DEOPT PACKING pc=0x000001c334c16d1d sp=0x0000003e4cafd750
Event: 24.232 Thread 0x000001c34fa22890 DEOPT UNPACKING pc=0x000001c33ac67143 sp=0x0000003e4cafcd90 mode 0
Event: 24.323 Thread 0x000001c34fa22890 DEOPT PACKING pc=0x000001c334c16d1d sp=0x0000003e4cafd750
Event: 24.323 Thread 0x000001c34fa22890 DEOPT UNPACKING pc=0x000001c33ac67143 sp=0x0000003e4cafcd90 mode 0
Event: 24.481 Thread 0x000001c34fa22890 DEOPT PACKING pc=0x000001c334c16d1d sp=0x0000003e4cafd750
Event: 24.481 Thread 0x000001c34fa22890 DEOPT UNPACKING pc=0x000001c33ac67143 sp=0x0000003e4cafcd90 mode 0
Event: 24.483 Thread 0x000001c34fa22890 DEOPT PACKING pc=0x000001c334c16d1d sp=0x0000003e4cafd750
Event: 24.483 Thread 0x000001c34fa22890 DEOPT UNPACKING pc=0x000001c33ac67143 sp=0x0000003e4cafcd90 mode 0
Event: 24.488 Thread 0x000001c34fa22890 DEOPT PACKING pc=0x000001c334c16d1d sp=0x0000003e4cafd750
Event: 24.488 Thread 0x000001c34fa22890 DEOPT UNPACKING pc=0x000001c33ac67143 sp=0x0000003e4cafcd90 mode 0
Event: 24.838 Thread 0x000001c34fa22890 Uncommon trap: trap_request=0xffffff45 fr.pc=0x000001c33b79b514 relative=0x00000000000011f4
Event: 24.838 Thread 0x000001c34fa22890 Uncommon trap: reason=unstable_if action=reinterpret pc=0x000001c33b79b514 method=java.util.concurrent.ConcurrentHashMap.putVal(Ljava/lang/Object;Ljava/lang/Object;Z)Ljava/lang/Object; @ 401 c2
Event: 24.838 Thread 0x000001c34fa22890 DEOPT PACKING pc=0x000001c33b79b514 sp=0x0000003e4cafd800
Event: 24.838 Thread 0x000001c34fa22890 DEOPT UNPACKING pc=0x000001c33ac669a3 sp=0x0000003e4cafd790 mode 2

Classes unloaded (3 events):
Event: 21.819 Thread 0x000001c34980e990 Unloading class 0x0000000100cf4c00 'java/lang/invoke/LambdaForm$DMH+0x0000000100cf4c00'
Event: 21.819 Thread 0x000001c34980e990 Unloading class 0x0000000100cf4800 'java/lang/invoke/LambdaForm$DMH+0x0000000100cf4800'
Event: 21.819 Thread 0x000001c34980e990 Unloading class 0x0000000100cf4400 'java/lang/invoke/LambdaForm$DMH+0x0000000100cf4400'

Classes redefined (0 events):
No events

Internal exceptions (20 events):
Event: 20.166 Thread 0x000001c350544b60 Exception <a 'sun/nio/fs/WindowsException'{0x00000000899e9538}> (0x00000000899e9538) 
thrown [s\src\hotspot\share\prims\jni.cpp, line 517]
Event: 20.391 Thread 0x000001c35053e650 Exception <a 'java/net/ConnectException'{0x000000008e54ac98}: Connection refused: connect> (0x000000008e54ac98) 
thrown [s\src\hotspot\share\prims\jni.cpp, line 536]
Event: 20.391 Thread 0x000001c35053e650 Exception <a 'java/net/SocketException'{0x000000008e54b628}: Socket is not connected: shutdown> (0x000000008e54b628) 
thrown [s\src\hotspot\share\prims\jni.cpp, line 536]
Event: 20.409 Thread 0x000001c35053e650 Exception <a 'java/net/ConnectException'{0x000000008e54c478}: Connection refused: connect> (0x000000008e54c478) 
thrown [s\src\hotspot\share\prims\jni.cpp, line 536]
Event: 20.409 Thread 0x000001c35053e650 Exception <a 'java/net/SocketException'{0x000000008e54cd00}: Socket is not connected: shutdown> (0x000000008e54cd00) 
thrown [s\src\hotspot\share\prims\jni.cpp, line 536]
Event: 20.441 Thread 0x000001c35053e650 Exception <a 'java/net/ConnectException'{0x000000008e05df90}: Connection refused: connect> (0x000000008e05df90) 
thrown [s\src\hotspot\share\prims\jni.cpp, line 536]
Event: 20.441 Thread 0x000001c35053e650 Exception <a 'java/net/SocketException'{0x000000008e05e818}: Socket is not connected: shutdown> (0x000000008e05e818) 
thrown [s\src\hotspot\share\prims\jni.cpp, line 536]
Event: 20.562 Thread 0x000001c35053e650 Exception <a 'java/lang/NoSuchMethodError'{0x000000008ceda970}: static Lorg/jetbrains/kotlin/daemon/common/LoopbackNetworkInterface$AbstractClientLoopbackSocketFactory;.<clinit>()V> (0x000000008ceda970) 
thrown [s\src\hotspot\share\prims\jni.cpp, line 1108]
Event: 20.578 Thread 0x000001c35053e650 Exception <a 'java/lang/NoSuchMethodError'{0x000000008cc33980}: static Lorg/jetbrains/kotlin/daemon/common/LoopbackNetworkInterface$ClientLoopbackSocketFactory;.<clinit>()V> (0x000000008cc33980) 
thrown [s\src\hotspot\share\prims\jni.cpp, line 1108]
Event: 20.599 Thread 0x000001c35053e650 Exception <a 'java/lang/NoSuchMethodError'{0x000000008cba8f08}: static [Ljava/rmi/server/ObjID;.<clinit>()V> (0x000000008cba8f08) 
thrown [s\src\hotspot\share\prims\jni.cpp, line 1108]
Event: 20.604 Thread 0x000001c35053e650 Exception <a 'java/lang/NoSuchMethodError'{0x000000008cbcb3f8}: static [B.<clinit>()V> (0x000000008cbcb3f8) 
thrown [s\src\hotspot\share\prims\jni.cpp, line 1108]
Event: 20.653 Thread 0x000001c35053e650 Exception <a 'java/lang/NoSuchMethodError'{0x000000008c73ee88}: static Lorg/jetbrains/kotlin/daemon/common/CompileService$CallResult;.<clinit>()V> (0x000000008c73ee88) 
thrown [s\src\hotspot\share\prims\jni.cpp, line 1108]
Event: 20.654 Thread 0x000001c35053e650 Exception <a 'java/lang/NoSuchMethodError'{0x000000008c766a00}: static Lorg/jetbrains/kotlin/daemon/common/CompileService$CallResult$Good;.<clinit>()V> (0x000000008c766a00) 
thrown [s\src\hotspot\share\prims\jni.cpp, line 1108]
Event: 20.656 Thread 0x000001c35053e650 Exception <a 'java/lang/NoSuchMethodError'{0x000000008c7bb8d0}: static Lorg/jetbrains/kotlin/daemon/common/DaemonJVMOptions;.<clinit>()V> (0x000000008c7bb8d0) 
thrown [s\src\hotspot\share\prims\jni.cpp, line 1108]
Event: 20.704 Thread 0x000001c35053e650 Exception <a 'java/lang/NoSuchMethodError'{0x000000008c1093f0}: static Lorg/jetbrains/kotlin/daemon/common/CompileService$CallResult$Ok;.<clinit>()V> (0x000000008c1093f0) 
thrown [s\src\hotspot\share\prims\jni.cpp, line 1108]
Event: 20.801 Thread 0x000001c35053e650 Exception <a 'java/lang/NoSuchMethodError'{0x000000008b70bb90}: static [Ljava/lang/Integer;.<clinit>()V> (0x000000008b70bb90) 
thrown [s\src\hotspot\share\prims\jni.cpp, line 1108]
Event: 21.005 Thread 0x000001c350542010 Exception <a 'sun/nio/fs/WindowsException'{0x000000008b212a18}> (0x000000008b212a18) 
thrown [s\src\hotspot\share\prims\jni.cpp, line 517]
Event: 22.018 Thread 0x000001c34fa22890 Exception <a 'sun/nio/fs/WindowsException'{0x000000008e08dea8}> (0x000000008e08dea8) 
thrown [s\src\hotspot\share\prims\jni.cpp, line 517]
Event: 22.100 Thread 0x000001c350542010 Exception <a 'sun/nio/fs/WindowsException'{0x000000008e3a2c78}> (0x000000008e3a2c78) 
thrown [s\src\hotspot\share\prims\jni.cpp, line 517]
Event: 22.982 Thread 0x000001c34fa22890 Exception <a 'java/lang/NoSuchMethodError'{0x000000008d419560}: 'java.lang.Object java.lang.invoke.DirectMethodHandle$Holder.invokeStaticInit(java.lang.Object, java.lang.Object, java.lang.Object, java.lang.Object, java.lang.Object, java.lang.Object, java.lang.Object, java.lang.Object, java.lang.Object, java.lang.Object, java.lang.Object, java.lang.Object, java.lang.Object, java.lang.Object, java.lang.Object, java.lang.Object, java.lang.Object, java.lang.Object, java.lang.Object, java.lang.Object, int, java

VM Operations (20 events):
Event: 22.041 Executing VM operation: HandshakeAllThreads done
Event: 22.226 Executing VM operation: HandshakeAllThreads
Event: 22.293 Executing VM operation: HandshakeAllThreads done
Event: 22.315 Executing VM operation: HandshakeAllThreads
Event: 22.354 Executing VM operation: HandshakeAllThreads done
Event: 23.015 Executing VM operation: G1CollectForAllocation
Event: 23.029 Executing VM operation: G1CollectForAllocation done
Event: 23.031 Executing VM operation: G1CollectForAllocation
Event: 23.041 Executing VM operation: G1CollectForAllocation done
Event: 23.041 Executing VM operation: G1TryInitiateConcMark
Event: 23.044 Executing VM operation: G1TryInitiateConcMark done
Event: 23.370 Executing VM operation: G1Concurrent
Event: 23.379 Executing VM operation: G1Concurrent done
Event: 23.547 Executing VM operation: G1Concurrent
Event: 23.555 Executing VM operation: G1Concurrent done
Event: 24.112 Executing VM operation: G1CollectForAllocation
Event: 24.141 Executing VM operation: G1CollectForAllocation done
Event: 24.340 Executing VM operation: G1CollectForAllocation
Event: 24.367 Executing VM operation: G1CollectForAllocation done
Event: 24.917 Executing VM operation: G1CollectForAllocation

Events (20 events):
Event: 22.163 loading class java/io/UTFDataFormatException
Event: 22.163 loading class java/io/UTFDataFormatException done
Event: 22.298 Thread 0x000001c34a451450 flushing nmethod 0x000001c33387e590
Event: 22.302 Thread 0x000001c34a451450 flushing nmethod 0x000001c333d78010
Event: 22.304 Thread 0x000001c34a451450 flushing nmethod 0x000001c333fdba10
Event: 22.305 Thread 0x000001c34a451450 flushing nmethod 0x000001c334054610
Event: 22.305 Thread 0x000001c34a451450 flushing nmethod 0x000001c3340f4190
Event: 22.309 Thread 0x000001c34a451450 flushing nmethod 0x000001c3344fa290
Event: 22.311 Thread 0x000001c34a451450 flushing nmethod 0x000001c334798e90
Event: 22.355 Thread 0x000001c34b189fc0 Thread exited: 0x000001c34b189fc0
Event: 22.955 loading class java/nio/BufferUnderflowException
Event: 22.956 loading class java/nio/BufferUnderflowException done
Event: 23.181 Thread 0x000001c34de2aa80 Thread added: 0x000001c34de2aa80
Event: 24.400 Thread 0x000001c34de2aa80 Thread exited: 0x000001c34de2aa80
Event: 24.544 Thread 0x000001c34de2d810 Thread added: 0x000001c34de2d810
Event: 24.801 Thread 0x000001c34de2d810 Thread exited: 0x000001c34de2d810
Event: 24.838 loading class java/util/concurrent/ConcurrentHashMap$TreeNode
Event: 24.838 loading class java/util/concurrent/ConcurrentHashMap$TreeNode done
Event: 24.838 loading class java/util/concurrent/ConcurrentHashMap$TreeBin
Event: 24.839 loading class java/util/concurrent/ConcurrentHashMap$TreeBin done


Dynamic libraries:
0x00007ff7affe0000 - 0x00007ff7affea000 	D:\Android\jbr\bin\java.exe
0x00007ffad5a40000 - 0x00007ffad5c49000 	C:\Windows\SYSTEM32\ntdll.dll
0x00007ffad4f30000 - 0x00007ffad4fed000 	C:\Windows\System32\KERNEL32.DLL
0x00007ffad3320000 - 0x00007ffad3694000 	C:\Windows\System32\KERNELBASE.dll
0x00007ffad36a0000 - 0x00007ffad37b1000 	C:\Windows\System32\ucrtbase.dll
0x00007ffac3cb0000 - 0x00007ffac3cc7000 	D:\Android\jbr\bin\jli.dll
0x00007ffad51f0000 - 0x00007ffad539c000 	C:\Windows\System32\USER32.dll
0x00007ffad3230000 - 0x00007ffad3256000 	C:\Windows\System32\win32u.dll
0x00007ffad4f00000 - 0x00007ffad4f29000 	C:\Windows\System32\GDI32.dll
0x00007ffad37c0000 - 0x00007ffad38d2000 	C:\Windows\System32\gdi32full.dll
0x00007ffad2fb0000 - 0x00007ffad304d000 	C:\Windows\System32\msvcp_win.dll
0x00007ffad0230000 - 0x00007ffad024b000 	D:\Android\jbr\bin\VCRUNTIME140.dll
0x00007ffabab00000 - 0x00007ffabada5000 	C:\Windows\WinSxS\amd64_microsoft.windows.common-controls_6595b64144ccf1df_6.0.22000.120_none_9d947278b86cc467\COMCTL32.dll
0x00007ffad4ff0000 - 0x00007ffad5093000 	C:\Windows\System32\msvcrt.dll
0x00007ffad51b0000 - 0x00007ffad51e1000 	C:\Windows\System32\IMM32.DLL
0x00007ffad0220000 - 0x00007ffad022c000 	D:\Android\jbr\bin\vcruntime140_1.dll
0x00007ffac8360000 - 0x00007ffac83ed000 	D:\Android\jbr\bin\msvcp140.dll
0x00007ffa9c3e0000 - 0x00007ffa9d04e000 	D:\Android\jbr\bin\server\jvm.dll
0x00007ffad53a0000 - 0x00007ffad544e000 	C:\Windows\System32\ADVAPI32.dll
0x00007ffad45f0000 - 0x00007ffad468e000 	C:\Windows\System32\sechost.dll
0x00007ffad5740000 - 0x00007ffad5860000 	C:\Windows\System32\RPCRT4.dll
0x00007ffac7280000 - 0x00007ffac7289000 	C:\Windows\SYSTEM32\WSOCK32.dll
0x00007ffad3dd0000 - 0x00007ffad3e3f000 	C:\Windows\System32\WS2_32.dll
0x00007ffacb700000 - 0x00007ffacb733000 	C:\Windows\SYSTEM32\WINMM.dll
0x00007ffac6ef0000 - 0x00007ffac6efa000 	C:\Windows\SYSTEM32\VERSION.dll
0x00007ffad1180000 - 0x00007ffad1198000 	C:\Windows\SYSTEM32\kernel.appcore.dll
0x00007ffad00c0000 - 0x00007ffad00ca000 	D:\Android\jbr\bin\jimage.dll
0x00007ffad0b40000 - 0x00007ffad0d61000 	C:\Windows\SYSTEM32\DBGHELP.DLL
0x00007ffac23c0000 - 0x00007ffac23f1000 	C:\Windows\SYSTEM32\dbgcore.DLL
0x00007ffad2f30000 - 0x00007ffad2faf000 	C:\Windows\System32\bcryptPrimitives.dll
0x00007ffac7c70000 - 0x00007ffac7c95000 	D:\Android\jbr\bin\java.dll
0x00007ffac7b00000 - 0x00007ffac7b18000 	D:\Android\jbr\bin\zip.dll
0x00007ffad3e40000 - 0x00007ffad45ee000 	C:\Windows\System32\SHELL32.dll
0x00007ffad11a0000 - 0x00007ffad1a07000 	C:\Windows\SYSTEM32\windows.storage.dll
0x00007ffad3a50000 - 0x00007ffad3dc8000 	C:\Windows\System32\combase.dll
0x00007ffad1010000 - 0x00007ffad1176000 	C:\Windows\SYSTEM32\wintypes.dll
0x00007ffad4c10000 - 0x00007ffad4cfa000 	C:\Windows\System32\SHCORE.dll
0x00007ffad3990000 - 0x00007ffad39ed000 	C:\Windows\System32\shlwapi.dll
0x00007ffad2e60000 - 0x00007ffad2e81000 	C:\Windows\SYSTEM32\profapi.dll
0x00007ffac7ae0000 - 0x00007ffac7af9000 	D:\Android\jbr\bin\net.dll
0x00007ffacaef0000 - 0x00007ffacaffc000 	C:\Windows\SYSTEM32\WINHTTP.dll
0x00007ffad2440000 - 0x00007ffad24a7000 	C:\Windows\system32\mswsock.dll
0x00007ffac7ac0000 - 0x00007ffac7ad6000 	D:\Android\jbr\bin\nio.dll
0x00007ffacd210000 - 0x00007ffacd220000 	D:\Android\jbr\bin\verify.dll
0x00007ffad0250000 - 0x00007ffad0277000 	C:\Users\Admin\.gradle\native\68d5fa5c4cc2d200863cafc0d521ce42e7d3e7ee720ec0a83991735586a16f82\windows-amd64\native-platform.dll
0x00007ffa9f4c0000 - 0x00007ffa9f604000 	C:\Users\Admin\.gradle\native\e376f236ea51e6404a007f0833ffe2c6e607c4080706a723a18a27aeea778392\windows-amd64\native-platform-file-events.dll
0x00007ffacb900000 - 0x00007ffacb909000 	D:\Android\jbr\bin\management.dll
0x00007ffacaa40000 - 0x00007ffacaa4b000 	D:\Android\jbr\bin\management_ext.dll
0x00007ffad4bf0000 - 0x00007ffad4bf8000 	C:\Windows\System32\PSAPI.DLL
0x00007ffad2690000 - 0x00007ffad26a8000 	C:\Windows\SYSTEM32\CRYPTSP.dll
0x00007ffad2090000 - 0x00007ffad20c5000 	C:\Windows\system32\rsaenh.dll
0x00007ffad2530000 - 0x00007ffad2559000 	C:\Windows\SYSTEM32\USERENV.dll
0x00007ffad2800000 - 0x00007ffad2827000 	C:\Windows\SYSTEM32\bcrypt.dll
0x00007ffad2680000 - 0x00007ffad268c000 	C:\Windows\SYSTEM32\CRYPTBASE.dll
0x00007ffad1ca0000 - 0x00007ffad1ccd000 	C:\Windows\SYSTEM32\IPHLPAPI.DLL
0x00007ffad4d10000 - 0x00007ffad4d19000 	C:\Windows\System32\NSI.dll
0x00007ffacb690000 - 0x00007ffacb6a9000 	C:\Windows\SYSTEM32\dhcpcsvc6.DLL
0x00007ffacb850000 - 0x00007ffacb86e000 	C:\Windows\SYSTEM32\dhcpcsvc.DLL
0x00007ffad1cd0000 - 0x00007ffad1db7000 	C:\Windows\SYSTEM32\DNSAPI.dll
0x00007ffac2e30000 - 0x00007ffac2e38000 	C:\Windows\system32\wshunix.dll
0x00007ffad0200000 - 0x00007ffad0217000 	C:\Windows\system32\napinsp.dll
0x00007ffac8b00000 - 0x00007ffac8b1b000 	C:\Windows\system32\pnrpnsp.dll
0x00007ffac8340000 - 0x00007ffac8352000 	C:\Windows\System32\winrnr.dll
0x00007ffab56c0000 - 0x00007ffab56d5000 	C:\Windows\system32\wshbth.dll
0x00007ffad0190000 - 0x00007ffad01af000 	C:\Windows\system32\nlansp_c.dll
0x00007ffacb680000 - 0x00007ffacb68a000 	C:\Windows\System32\rasadhlp.dll
0x00007ffac9a10000 - 0x00007ffac9a91000 	C:\Windows\System32\fwpuclnt.dll
0x00007ffacab70000 - 0x00007ffacab77000 	D:\Android\jbr\bin\rmi.dll

dbghelp: loaded successfully - version: 4.0.5 - missing functions: none
symbol engine: initialized successfully - sym options: 0x614 - pdb path: .;D:\Android\jbr\bin;C:\Windows\SYSTEM32;C:\Windows\WinSxS\amd64_microsoft.windows.common-controls_6595b64144ccf1df_6.0.22000.120_none_9d947278b86cc467;D:\Android\jbr\bin\server;C:\Users\Admin\.gradle\native\68d5fa5c4cc2d200863cafc0d521ce42e7d3e7ee720ec0a83991735586a16f82\windows-amd64;C:\Users\Admin\.gradle\native\e376f236ea51e6404a007f0833ffe2c6e607c4080706a723a18a27aeea778392\windows-amd64

VM Arguments:
jvm_args: --add-opens=java.base/java.util=ALL-UNNAMED --add-opens=java.base/java.lang=ALL-UNNAMED --add-opens=java.base/java.lang.invoke=ALL-UNNAMED --add-opens=java.prefs/java.util.prefs=ALL-UNNAMED --add-opens=java.base/java.nio.charset=ALL-UNNAMED --add-opens=java.base/java.net=ALL-UNNAMED --add-opens=java.base/java.util.concurrent.atomic=ALL-UNNAMED -Xmx2048m -Dfile.encoding=UTF-8 -Duser.country=US -Duser.language=en -Duser.variant 
java_command: org.gradle.launcher.daemon.bootstrap.GradleDaemon 8.0
java_class_path (initial): C:\Users\Admin\.gradle\wrapper\dists\gradle-8.0-bin\ca5e32bp14vu59qr306oxotwh\gradle-8.0\lib\gradle-launcher-8.0.jar
Launcher Type: SUN_STANDARD

[Global flags]
     intx CICompilerCount                          = 3                                         {product} {ergonomic}
     uint ConcGCThreads                            = 1                                         {product} {ergonomic}
     uint G1ConcRefinementThreads                  = 4                                         {product} {ergonomic}
   size_t G1HeapRegionSize                         = 1048576                                   {product} {ergonomic}
    uintx GCDrainStackTargetSize                   = 64                                        {product} {ergonomic}
   size_t InitialHeapSize                          = 134217728                                 {product} {ergonomic}
   size_t MarkStackSize                            = 4194304                                   {product} {ergonomic}
   size_t MaxHeapSize                              = 2147483648                                {product} {command line}
   size_t MaxNewSize                               = 1287651328                                {product} {ergonomic}
   size_t MinHeapDeltaBytes                        = 1048576                                   {product} {ergonomic}
   size_t MinHeapSize                              = 8388608                                   {product} {ergonomic}
    uintx NonNMethodCodeHeapSize                   = 5832780                                {pd product} {ergonomic}
    uintx NonProfiledCodeHeapSize                  = 122912730                              {pd product} {ergonomic}
    uintx ProfiledCodeHeapSize                     = 122912730                              {pd product} {ergonomic}
    uintx ReservedCodeCacheSize                    = 251658240                              {pd product} {ergonomic}
     bool SegmentedCodeCache                       = true                                      {product} {ergonomic}
   size_t SoftMaxHeapSize                          = 2147483648                             {manageable} {ergonomic}
     bool UseCompressedClassPointers               = true                           {product lp64_product} {ergonomic}
     bool UseCompressedOops                        = true                           {product lp64_product} {ergonomic}
     bool UseG1GC                                  = true                                      {product} {ergonomic}
     bool UseLargePagesIndividualAllocation        = false                                  {pd product} {ergonomic}

Logging:
Log output configuration:
 #0: stdout all=warning uptime,level,tags
 #1: stderr all=off uptime,level,tags

Environment Variables:
PATH=C:\Program Files\Common Files\Oracle\Java\javapath;C:\Windows\system32;C:\Windows;C:\Windows\System32\Wbem;C:\Windows\System32\WindowsPowerShell\v1.0\;C:\Windows\System32\OpenSSH\;C:\Program Files (x86)\NVIDIA Corporation\PhysX\Common;C:\Users\Admin\AppData\Local\Microsoft\WindowsApps;;D:\JetBrains\IntelliJ IDEA 2023.2.3\bin;;D:\JetBrains\IntelliJ IDEA Community Edition 2023.2.4\bin;
USERNAME=Admin
OS=Windows_NT
PROCESSOR_IDENTIFIER=Intel64 Family 6 Model 142 Stepping 10, GenuineIntel
TMP=C:\Users\Admin\AppData\Local\Temp
TEMP=C:\Users\Admin\AppData\Local\Temp


JNI global refs:
JNI global refs: 24, weak refs: 0

JNI global refs memory usage: 843, weak refs: 841


---------------  S Y S T E M  ---------------

OS:
 Windows 11 , 64 bit Build 22000 (10.0.22000.434)
OS uptime: 0 days 1:29 hours

CPU: total 4 (initial active 4) (2 cores per cpu, 2 threads per core) family 6 model 142 stepping 10 microcode 0xe0, cx8, cmov, fxsr, ht, mmx, 3dnowpref, sse, sse2, sse3, ssse3, sse4.1, sse4.2, popcnt, lzcnt, tsc, tscinvbit, avx, avx2, aes, erms, clmul, bmi1, bmi2, adx, fma, vzeroupper, clflush, clflushopt

Memory: 4k page, system-wide physical 8076M (1083M free)
TotalPageFile size 8076M (AvailPageFile size 284M)
current process WorkingSet (physical memory assigned to process): 571M, peak: 571M
current process commit charge ("private bytes"): 611M, peak: 1121M

vm_info: OpenJDK 64-Bit Server VM (17.0.6+0-b2043.56-10027231) for windows-amd64 JRE (17.0.6+0-b2043.56-10027231), built on Apr 28 2023 00:43:19 by "androidbuild" with MS VC++ 16.10 / 16.11 (VS2019)

END.
